Started by user [8mha:////4P61i72et9Ld8yCurPLeJzAjIQwc1SqjB1dZDPC3bBYdAAAAlx+LCAAAAAAAAP9b85aBtbiIQTGjNKU4P08vOT+vOD8nVc83PyU1x6OyILUoJzMv2y+/JJUBAhiZGBgqihhk0NSjKDWzXb3RdlLBUSYGJk8GtpzUvPSSDB8G5tKinBIGIZ+sxLJE/ZzEvHT94JKizLx0a6BxUmjGOUNodHsLgAzWEgZu/dLi1CL9xJTczDwAj6GcLcAAAAA=[0madmin
Lightweight checkout support not available, falling back to full checkout.
Checking out git https://github.com/nghiattr/flask-docker.git into /var/jenkins_home/workspace/CICD-pipeline@script to read Jenkinsfile
The recommended git tool is: NONE
using credential cc06d1e1-44a5-4361-9e9c-eadedc84103a
 > git rev-parse --resolve-git-dir /var/jenkins_home/workspace/CICD-pipeline@script/.git # timeout=10
Fetching changes from the remote Git repository
 > git config remote.origin.url https://github.com/nghiattr/flask-docker.git # timeout=10
Fetching upstream changes from https://github.com/nghiattr/flask-docker.git
 > git --version # timeout=10
 > git --version # 'git version 2.30.2'
using GIT_ASKPASS to set credentials github-acc-nghiattr
 > git fetch --tags --force --progress -- https://github.com/nghiattr/flask-docker.git +refs/heads/*:refs/remotes/origin/* # timeout=10
Seen branch in repository origin/develop
Seen branch in repository origin/feature/testpullrq
Seen branch in repository origin/master
Seen 3 remote branches
 > git show-ref --tags -d # timeout=10
Checking out Revision de416a4f317d211fc9afbfaca66bffd2664d62c4 (origin/develop)
 > git config core.sparsecheckout # timeout=10
 > git checkout -f de416a4f317d211fc9afbfaca66bffd2664d62c4 # timeout=10
Commit message: "asdas"
 > git rev-list --no-walk de416a4f317d211fc9afbfaca66bffd2664d62c4 # timeout=10
[8mha:////4HOQyhtRN6BYPCfZoaC4t6X005cLacOr/i0de2nNLleuAAAAoh+LCAAAAAAAAP9tjTEOwjAQBM8BClpKHuFItIiK1krDC0x8GCfWnbEdkooX8TX+gCESFVvtrLSa5wtWKcKBo5UdUu8otU4GP9jS5Mixv3geZcdn2TIl9igbHBs2eJyx4YwwR1SwULBGaj0nRzbDRnX6rmuvydanHMu2V1A5c4MHCFXMWcf8hSnC9jqYxPTz/BXAFEIGsfuclm8zQVqFvQAAAA==[0m[Pipeline] Start of Pipeline
[8mha:////4F/s7/NoWvjr0vCN9EAZthd1TuZQPg4JazwCDGuITzfqAAAApR+LCAAAAAAAAP9tjTEOwjAUQ3+KOrAycohUghExsUZZOEFIQkgb/d8mKe3EibgadyBQiQlLlmxL1nu+oE4RjhQdby12HpP2vA+jK4lPFLtroIm3dOGaMFGwXNpJkrGnpUrKFhaxClYC1hZ1oOTRZdiIVt1VExS65pxj2Q4CKm8GeAAThZxVzN8yR9jeRpMIf5y/AJj7DGxXvP/86jduZBmjwAAAAA==[0m[Pipeline] withEnv
[8mha:////4HEYXE9y1eFYyQUomacZgNwvs7xXyqhM+vSjcPSLvMgSAAAApR+LCAAAAAAAAP9tjTEOwjAUQ3+KOrAycoh0gA0xsUZZOEFIQkgb/d8mKe3EibgadyBQiQlLlmxL1nu+oE4RjhQdby12HpP2vA+jK4lPFLtroIm3dOGaMFGwXNpJkrGnpUrKFhaxClYC1hZ1oOTRZdiIVt1VExS65pxj2Q4CKm8GeAAThZxVzN8yR9jeRpMIf5y/AJj7DGxXvP/86jfoP95RwAAAAA==[0m[Pipeline] {
[8mha:////4CMUgZyjsrY4/QPwaLH9GgYOA9JZEyYm4bY/MOAiEMeIAAAApR+LCAAAAAAAAP9tjTEOwjAUQ3+KOrAycoh0gQkxsUZZOEFIQkgb/d8mKe3EibgadyBQiQlLlmxL1nu+oE4RjhQdby12HpP2vA+jK4lPFLtroIm3dOGaMFGwXNpJkrGnpUrKFhaxClYC1hZ1oOTRZdiIVt1VExS65pxj2Q4CKm8GeAAThZxVzN8yR9jeRpMIf5y/AJj7DGxXvP/86jc09154wAAAAA==[0m[Pipeline] stage
[8mha:////4HZiYjbHQ+7KG26siAhOg2dIUqwTviAqmxWiEmcL7l1GAAAApR+LCAAAAAAAAP9tjTEOwjAUQ3+KOrAycoh0ggUxsUZZOEFIQkgb/d8mKe3EibgadyBQiQlLlmxL1nu+oE4RjhQdby12HpP2vA+jK4lPFLtroIm3dOGaMFGwXNpJkrGnpUrKFhaxClYC1hZ1oOTRZdiIVt1VExS65pxj2Q4CKm8GeAAThZxVzN8yR9jeRpMIf5y/AJj7DGxXvP/86jek7ggRwAAAAA==[0m[Pipeline] { (SonarScanner)
[8mha:////4M9wuEAldvnHQTYqV8LrjvdXugEYYhEpBJ9rrbC4YlyVAAAApR+LCAAAAAAAAP9tjTEOwjAUQ3+KOrAycoh0gwExsUZZOEFIQkgb/d8mKe3EibgadyBQiQlLlmxL1nu+oE4RjhQdby12HpP2vA+jK4lPFLtroIm3dOGaMFGwXNpJkrGnpUrKFhaxClYC1hZ1oOTRZdiIVt1VExS65pxj2Q4CKm8GeAAThZxVzN8yR9jeRpMIf5y/AJj7DGxXvP/86jcChmMxwAAAAA==[0m[Pipeline] node
Running on [8mha:////4GcGUJYILzcXDUILh5IX5PSxj+2hDQ3DlKcvAXQn/vDZAAAAph+LCAAAAAAAAP9b85aBtbiIQTGjNKU4P08vOT+vOD8nVc83PyU1x6OyILUoJzMv2y+/JJUBAhiZGBgqihhk0NSjKDWzXb3RdlLBUSYGJk8GtpzUvPSSDB8G5tKinBIGIZ+sxLJE/ZzEvHT94JKizLx0a6BxUmjGOUNodHsLgAzeEgYp/eT83ILSktQi/azUvOzMvGJVI5fE9NS8En0A4Zrl388AAAA=[0mjenkins-agent in /jenkins-agent/workspace/CICD-pipeline
[8mha:////4B2Rt5yE6SJ+uuoI+Rf5/m3KFGpfQXwtYdNJC+o0ryBSAAAApR+LCAAAAAAAAP9tjTEOwjAUQ3+KOrAycoh0BAkxsUZZOEFIQkgb/d8mKe3EibgadyBQiQlLlmxL1nu+oE4RjhQdby12HpP2vA+jK4lPFLtroIm3dOGaMFGwXNpJkrGnpUrKFhaxClYC1hZ1oOTRZdiIVt1VExS65pxj2Q4CKm8GeAAThZxVzN8yR9jeRpMIf5y/AJj7DGxXvP/86jfpX/cvwAAAAA==[0m[Pipeline] {
[8mha:////4G93A90MnnohGMLPCKemxnPXnlqxfI0/NYYy6t7SLiHmAAAAoh+LCAAAAAAAAP9tjTEOAiEURD9rLGwtPQTbaoyVLaHxBMgiwpL/WWDdrTyRV/MOEjexcpJJ5k3zXm9Y5wQnSpZ7g73DrB2PYbR18YlSfws0cU9XrgkzBcOlmSR15rygpGJgCWtgJWBjUAfKDm2BrfDqodqg0LaXkup3FNC4boAnMFHNRaXyhTnB7j52mfDn+SuAORZg+9pD/AAeoCAqvAAAAA==[0m[Pipeline] checkout
The recommended git tool is: NONE
using credential cc06d1e1-44a5-4361-9e9c-eadedc84103a
Fetching changes from the remote Git repository
Checking out Revision de416a4f317d211fc9afbfaca66bffd2664d62c4 (origin/develop)
Commit message: "asdas"
[8mha:////4IYUMR+AvW5OQYcIn0nLzon5D0VHYk+kHO9O28O17TjmAAAAph+LCAAAAAAAAP9tjTEOwjAQBM9BKWgpeYQDHRKiorXc8AITG+PEugv2haTiRXyNPxCIRMVWOyut5vmCMic4UPKycdgGzHWQXez91ORAqb1EGmRDZ1kTZopOajdosu44oyZ2MEcUsFCwdFhHygE9w0o15m6qaNBXJ07TtldQBHuDBwg1mdkk/sKYYH3tbSb8ef4KYOwYxI6h2G4+x/INcXYwW8EAAAA=[0m[Pipeline] withEnv
[8mha:////4GCXLqx/wb5vhYgCosonXXJTNRlHNZyj9c8Z1zYsi6mjAAAApR+LCAAAAAAAAP9tjTEOwjAUQ3+DOrAycoiUzoiJNerCCUITQtLo/zZJSSdOxNW4Ay2VmPBg2Zas93pDGQOcKBjuNHYWY2t570czJ54pdDdPmTu68pYwkte80bkhpc9rbShpWFUw2AjYamw9RYsmwU44+ZCVl2iqSwrzdhTArBrgCYWYyUmG9C1TgP19VJHwx/kLgKlPwOrDYvXyLD8BobDcwgAAAA==[0m[Pipeline] {
[8mha:////4HvxyKWAMllCGes4B9xahu9kJ2SdeGwNk54bfssvwD0uAAAAox+LCAAAAAAAAP9tjTESwiAURH/iWNhaeggysXWsbBkaT4AJIoT5nwCRVJ7Iq3kH0cxYucXOvm3e8wXrGOBIQTOrcDAYO8O8m3RZLFMYro4ys3RhHWEkp5hQWVCvTgsKSgqWVDWsOGwUdo6iQZ1gy628y8ZJ1M05hfIdONSmH+EBFS/mJEP6whxgd5v6SPjz/BXA7BPUbfupvX8DpQJrNb4AAAA=[0m[Pipeline] sh
+ pwd
/jenkins-agent/workspace/CICD-pipeline
[8mha:////4BSxGPh393zK7KiE4G5Fb4tg7tbKDVyDY/Hz0Id2vDA9AAAAox+LCAAAAAAAAP9tjTESwiAURH/iWNhaeggyGUvHypah8QSYIEKY/wkQSeWJvJp3EM2MlVvs7NvmPV+wjgGOFDSzCgeDsTPMu0mXxTKF4eooM0sX1hFGcooJlQX16rSgoKRgSVXDisNGYecoGtQJttzKu2ycRN2cUyjfgUNt+hEeUPFiTjKkL8wBdrepj4Q/z18BzD5B3baf2vs35DNwLL4AAAA=[0m[Pipeline] sh
 > git rev-parse --resolve-git-dir /jenkins-agent/workspace/CICD-pipeline/.git # timeout=10
 > git config remote.origin.url https://github.com/nghiattr/flask-docker.git # timeout=10
Fetching upstream changes from https://github.com/nghiattr/flask-docker.git
 > git --version # timeout=10
 > git --version # 'git version 2.25.1'
using GIT_ASKPASS to set credentials github-acc-nghiattr
 > git fetch --tags --force --progress -- https://github.com/nghiattr/flask-docker.git +refs/heads/*:refs/remotes/origin/* # timeout=10
Seen branch in repository origin/develop
Seen branch in repository origin/feature/testpullrq
Seen branch in repository origin/master
Seen 3 remote branches
 > git show-ref --tags -d # timeout=10
 > git config core.sparsecheckout # timeout=10
 > git checkout -f de416a4f317d211fc9afbfaca66bffd2664d62c4 # timeout=10
+ docker run --rm --net host -e SONAR_HOST_URL=http://35.247.164.137:9000 -v /jenkins-agent/workspace/CICD-pipeline:/usr/src sonarsource/sonar-scanner-cli -Dsonar.verbose=true -Dsonar.host.url=http://35.247.164.137:9000 -Dsonar.projectName=sonarqube-test -Dsonar.projectKey=sonarqube-test -Dsonar.login=2aaca7485ae9a1b0eeec77e6a3a71c87cee7cfe8 -Dsonar.sources=.
INFO: Scanner configuration file: /opt/sonar-scanner/conf/sonar-scanner.properties
INFO: Project root configuration file: NONE
19:21:31.019 INFO: SonarScanner 4.6.2.2472
19:21:31.021 INFO: Java 11.0.12 Alpine (64-bit)
19:21:31.021 INFO: Linux 5.11.0-1023-gcp amd64
19:21:31.708 DEBUG: keyStore is : 
19:21:31.709 DEBUG: keyStore type is : pkcs12
19:21:31.709 DEBUG: keyStore provider is : 
19:21:31.709 DEBUG: init keystore
19:21:31.710 DEBUG: init keymanager of type SunX509
19:21:32.042 DEBUG: Create: /opt/sonar-scanner/.sonar/cache
19:21:32.044 INFO: User cache: /opt/sonar-scanner/.sonar/cache
19:21:32.044 DEBUG: Create: /opt/sonar-scanner/.sonar/cache/_tmp
19:21:32.049 DEBUG: Extract sonar-scanner-api-batch in temp...
19:21:32.057 DEBUG: Get bootstrap index...
19:21:32.058 DEBUG: Download: http://35.247.164.137:9000/batch/index
19:21:32.150 DEBUG: Get bootstrap completed
19:21:32.157 DEBUG: Download http://35.247.164.137:9000/batch/file?name=sonar-scanner-engine-shaded-9.2.4.50792-all.jar to /opt/sonar-scanner/.sonar/cache/_tmp/fileCache16152188397066528542.tmp
19:21:32.746 DEBUG: Create isolated classloader...
19:21:32.760 DEBUG: Start temp cleaning...
19:21:32.765 DEBUG: Temp cleaning done
19:21:32.766 INFO: Scanner configuration file: /opt/sonar-scanner/conf/sonar-scanner.properties
19:21:32.767 INFO: Project root configuration file: NONE
19:21:32.768 DEBUG: Execution getVersion
19:21:32.803 INFO: Analyzing on SonarQube server 9.2.4
19:21:32.805 INFO: Default locale: "en_US", source code encoding: "UTF-8" (analysis is platform dependent)
19:21:32.806 DEBUG: Work directory: /usr/src/.scannerwork
19:21:32.809 DEBUG: Execution execute
19:21:33.217 DEBUG: Community 9.2.4.50792
19:21:33.520 INFO: Load global settings
19:21:33.608 DEBUG: GET 200 http://35.247.164.137:9000/api/settings/values.protobuf | time=86ms
19:21:33.650 INFO: Load global settings (done) | time=131ms
19:21:33.653 INFO: Server id: BF41A1F2-AX4rm8QDNcwuSSX-5F4V
19:21:33.675 DEBUG: Create : /opt/sonar-scanner/.sonar/_tmp
19:21:33.675 INFO: User cache: /opt/sonar-scanner/.sonar/cache
19:21:33.680 INFO: Load/download plugins
19:21:33.680 INFO: Load plugins index
19:21:33.694 DEBUG: GET 200 http://35.247.164.137:9000/api/plugins/installed | time=14ms
19:21:33.757 INFO: Load plugins index (done) | time=77ms
19:21:33.759 DEBUG: Download plugin 'csharp' to '/opt/sonar-scanner/.sonar/_tmp/fileCache14218303448120343702.tmp'
19:21:33.783 DEBUG: GET 200 http://35.247.164.137:9000/api/plugins/download?plugin=csharp&acceptCompressions=pack200 | time=24ms
19:21:33.994 DEBUG: Download plugin 'config' to '/opt/sonar-scanner/.sonar/_tmp/fileCache11449820349240040870.tmp'
19:21:34.018 DEBUG: GET 200 http://35.247.164.137:9000/api/plugins/download?plugin=config&acceptCompressions=pack200 | time=24ms
19:21:34.026 DEBUG: Download plugin 'flex' to '/opt/sonar-scanner/.sonar/_tmp/fileCache494225366756759809.tmp'
19:21:34.034 DEBUG: GET 200 http://35.247.164.137:9000/api/plugins/download?plugin=flex&acceptCompressions=pack200 | time=7ms
19:21:34.104 DEBUG: Download plugin 'go' to '/opt/sonar-scanner/.sonar/_tmp/fileCache7324361561532002568.tmp'
19:21:34.127 DEBUG: GET 200 http://35.247.164.137:9000/api/plugins/download?plugin=go&acceptCompressions=pack200 | time=22ms
19:21:34.292 DEBUG: Download plugin 'web' to '/opt/sonar-scanner/.sonar/_tmp/fileCache15783556838449456512.tmp'
19:21:34.300 DEBUG: GET 200 http://35.247.164.137:9000/api/plugins/download?plugin=web&acceptCompressions=pack200 | time=8ms
19:21:34.316 DEBUG: Download plugin 'iac' to '/opt/sonar-scanner/.sonar/_tmp/fileCache17773012618135784204.tmp'
19:21:34.328 DEBUG: GET 200 http://35.247.164.137:9000/api/plugins/download?plugin=iac&acceptCompressions=pack200 | time=11ms
19:21:34.348 DEBUG: Download plugin 'jacoco' to '/opt/sonar-scanner/.sonar/_tmp/fileCache7996760383593618987.tmp'
19:21:34.359 DEBUG: GET 200 http://35.247.164.137:9000/api/plugins/download?plugin=jacoco&acceptCompressions=pack200 | time=11ms
19:21:34.363 DEBUG: Download plugin 'java' to '/opt/sonar-scanner/.sonar/_tmp/fileCache708630566814259289.tmp'
19:21:34.372 DEBUG: GET 200 http://35.247.164.137:9000/api/plugins/download?plugin=java&acceptCompressions=pack200 | time=9ms
19:21:34.921 DEBUG: Download plugin 'javascript' to '/opt/sonar-scanner/.sonar/_tmp/fileCache13013037578665736889.tmp'
19:21:34.929 DEBUG: GET 200 http://35.247.164.137:9000/api/plugins/download?plugin=javascript&acceptCompressions=pack200 | time=8ms
19:21:35.514 DEBUG: Download plugin 'kotlin' to '/opt/sonar-scanner/.sonar/_tmp/fileCache16343301510458035277.tmp'
19:21:35.538 DEBUG: GET 200 http://35.247.164.137:9000/api/plugins/download?plugin=kotlin&acceptCompressions=pack200 | time=24ms
19:21:36.731 DEBUG: Download plugin 'php' to '/opt/sonar-scanner/.sonar/_tmp/fileCache1146352496689811739.tmp'
19:21:36.744 DEBUG: GET 200 http://35.247.164.137:9000/api/plugins/download?plugin=php&acceptCompressions=pack200 | time=13ms
19:21:36.911 DEBUG: Download plugin 'python' to '/opt/sonar-scanner/.sonar/_tmp/fileCache11584011322251913658.tmp'
19:21:36.939 DEBUG: GET 200 http://35.247.164.137:9000/api/plugins/download?plugin=python&acceptCompressions=pack200 | time=28ms
19:21:37.066 DEBUG: Download plugin 'ruby' to '/opt/sonar-scanner/.sonar/_tmp/fileCache16885979265331939060.tmp'
19:21:37.077 DEBUG: GET 200 http://35.247.164.137:9000/api/plugins/download?plugin=ruby&acceptCompressions=pack200 | time=10ms
19:21:37.323 DEBUG: Download plugin 'sonarscala' to '/opt/sonar-scanner/.sonar/_tmp/fileCache1667414240498276325.tmp'
19:21:37.334 DEBUG: GET 200 http://35.247.164.137:9000/api/plugins/download?plugin=sonarscala&acceptCompressions=pack200 | time=10ms
19:21:37.560 DEBUG: Download plugin 'vbnet' to '/opt/sonar-scanner/.sonar/_tmp/fileCache3824297496556064206.tmp'
19:21:37.570 DEBUG: GET 200 http://35.247.164.137:9000/api/plugins/download?plugin=vbnet&acceptCompressions=pack200 | time=9ms
19:21:37.646 DEBUG: Download plugin 'xml' to '/opt/sonar-scanner/.sonar/_tmp/fileCache12421409315524528026.tmp'
19:21:37.654 DEBUG: GET 200 http://35.247.164.137:9000/api/plugins/download?plugin=xml&acceptCompressions=pack200 | time=7ms
19:21:37.683 INFO: Load/download plugins (done) | time=4002ms
19:21:37.904 DEBUG: Plugins:
19:21:37.906 DEBUG:   * Python Code Quality and Security 3.8.0.8883 (python)
19:21:37.910 DEBUG:   * Go Code Quality and Security 1.8.3.2219 (go)
19:21:37.911 DEBUG:   * JaCoCo 1.1.1.1157 (jacoco)
19:21:37.912 DEBUG:   * Kotlin Code Quality and Security 2.7.0.948 (kotlin)
19:21:37.913 DEBUG:   * IaC Code Quality and Security 1.4.0.1294 (iac)
19:21:37.914 DEBUG:   * JavaScript/TypeScript Code Quality and Security 8.6.0.16913 (javascript)
19:21:37.915 DEBUG:   * Ruby Code Quality and Security 1.8.3.2219 (ruby)
19:21:37.915 DEBUG:   * Scala Code Quality and Security 1.8.3.2219 (sonarscala)
19:21:37.915 DEBUG:   * C# Code Quality and Security 8.32.0.39516 (csharp)
19:21:37.916 DEBUG:   * Java Code Quality and Security 7.5.0.28054 (java)
19:21:37.917 DEBUG:   * HTML Code Quality and Security 3.4.0.2754 (web)
19:21:37.917 DEBUG:   * Flex Code Quality and Security 2.6.2.2641 (flex)
19:21:37.917 DEBUG:   * XML Code Quality and Security 2.4.0.3273 (xml)
19:21:37.918 DEBUG:   * PHP Code Quality and Security 3.21.2.8292 (php)
19:21:37.918 DEBUG:   * VB.NET Code Quality and Security 8.32.0.39516 (vbnet)
19:21:37.918 DEBUG:   * Configuration detection fot Code Quality and Security 1.1.0.185 (config)
19:21:38.692 INFO: Process project properties
19:21:38.705 INFO: Process project properties (done) | time=13ms
19:21:38.706 INFO: Execute project builders
19:21:38.707 DEBUG: Execute project builder: org.sonar.plugins.csharp.CSharpGlobalProtobufFileProcessor
19:21:38.708 DEBUG: Execute project builder: org.sonar.plugins.vbnet.VbNetGlobalProtobufFileProcessor
19:21:38.709 INFO: Execute project builders (done) | time=3ms
19:21:38.714 INFO: Project key: sonarqube-test
19:21:38.715 INFO: Base dir: /usr/src
19:21:38.715 INFO: Working dir: /usr/src/.scannerwork
19:21:38.715 DEBUG: Project global encoding: UTF-8, default locale: en_US
19:21:38.716 DEBUG: Creating module hierarchy
19:21:38.717 DEBUG:   Init module 'sonarqube-test'
19:21:38.717 DEBUG:     Base dir: /usr/src
19:21:38.717 DEBUG:     Working dir: /usr/src/.scannerwork
19:21:38.718 DEBUG:     Module global encoding: UTF-8, default locale: en_US
19:21:38.841 INFO: Load project settings for component key: 'sonarqube-test'
19:21:38.862 DEBUG: GET 200 http://35.247.164.137:9000/api/settings/values.protobuf?component=sonarqube-test | time=19ms
19:21:38.866 INFO: Load project settings for component key: 'sonarqube-test' (done) | time=25ms
19:21:38.946 DEBUG: Available languages:
19:21:38.947 DEBUG:   * Python => "py"
19:21:38.948 DEBUG:   * Go => "go"
19:21:38.949 DEBUG:   * Kotlin => "kotlin"
19:21:38.949 DEBUG:   * Terraform => "terraform"
19:21:38.950 DEBUG:   * CloudFormation => "cloudformation"
19:21:38.950 DEBUG:   * JavaScript => "js"
19:21:38.951 DEBUG:   * TypeScript => "ts"
19:21:38.952 DEBUG:   * CSS => "css"
19:21:38.952 DEBUG:   * Ruby => "ruby"
19:21:38.953 DEBUG:   * Scala => "scala"
19:21:38.953 DEBUG:   * C# => "cs"
19:21:38.954 DEBUG:   * Java => "java"
19:21:38.955 DEBUG:   * HTML => "web"
19:21:38.955 DEBUG:   * JSP => "jsp"
19:21:38.956 DEBUG:   * Flex => "flex"
19:21:38.956 DEBUG:   * XML => "xml"
19:21:38.957 DEBUG:   * PHP => "php"
19:21:38.958 DEBUG:   * VB.NET => "vbnet"
19:21:38.959 DEBUG:   * YAML => "yaml"
19:21:38.960 DEBUG:   * JSON => "json"
19:21:38.983 INFO: Load quality profiles
19:21:39.114 DEBUG: GET 200 http://35.247.164.137:9000/api/qualityprofiles/search.protobuf?project=sonarqube-test | time=130ms
19:21:39.154 INFO: Load quality profiles (done) | time=171ms
19:21:39.175 INFO: Load active rules
19:21:39.255 DEBUG: GET 200 http://35.247.164.137:9000/api/rules/search.protobuf?f=repo,name,severity,lang,internalKey,templateKey,params,actives,createdAt,updatedAt,deprecatedKeys&activation=true&qprofile=AX4rnR8CNcwuSSX-5Jx2&ps=500&p=1 | time=79ms
19:21:39.487 DEBUG: GET 200 http://35.247.164.137:9000/api/rules/search.protobuf?f=repo,name,severity,lang,internalKey,templateKey,params,actives,createdAt,updatedAt,deprecatedKeys&activation=true&qprofile=AX4rnSMMNcwuSSX-5JzT&ps=500&p=1 | time=72ms
19:21:39.518 DEBUG: GET 200 http://35.247.164.137:9000/api/rules/search.protobuf?f=repo,name,severity,lang,internalKey,templateKey,params,actives,createdAt,updatedAt,deprecatedKeys&activation=true&qprofile=AX4rnSb9NcwuSSX-5Jzz&ps=500&p=1 | time=21ms
19:21:39.581 DEBUG: GET 200 http://35.247.164.137:9000/api/rules/search.protobuf?f=repo,name,severity,lang,internalKey,templateKey,params,actives,createdAt,updatedAt,deprecatedKeys&activation=true&qprofile=AX4rnSfRNcwuSSX-5J0u&ps=500&p=1 | time=62ms
19:21:39.708 DEBUG: GET 200 http://35.247.164.137:9000/api/rules/search.protobuf?f=repo,name,severity,lang,internalKey,templateKey,params,actives,createdAt,updatedAt,deprecatedKeys&activation=true&qprofile=AX4rnSu8NcwuSSX-5J36&ps=500&p=1 | time=120ms
19:21:39.951 DEBUG: GET 200 http://35.247.164.137:9000/api/rules/search.protobuf?f=repo,name,severity,lang,internalKey,templateKey,params,actives,createdAt,updatedAt,deprecatedKeys&activation=true&qprofile=AX4rnTKSNcwuSSX-5J_W&ps=500&p=1 | time=224ms
19:21:40.213 DEBUG: GET 200 http://35.247.164.137:9000/api/rules/search.protobuf?f=repo,name,severity,lang,internalKey,templateKey,params,actives,createdAt,updatedAt,deprecatedKeys&activation=true&qprofile=AX4rnTqGNcwuSSX-5KHN&ps=500&p=1 | time=211ms
19:21:40.321 DEBUG: GET 200 http://35.247.164.137:9000/api/rules/search.protobuf?f=repo,name,severity,lang,internalKey,templateKey,params,actives,createdAt,updatedAt,deprecatedKeys&activation=true&qprofile=AX4rnT5yNcwuSSX-5KKn&ps=500&p=1 | time=77ms
19:21:40.581 DEBUG: GET 200 http://35.247.164.137:9000/api/rules/search.protobuf?f=repo,name,severity,lang,internalKey,templateKey,params,actives,createdAt,updatedAt,deprecatedKeys&activation=true&qprofile=AX4rnUFaNcwuSSX-5KTQ&ps=500&p=1 | time=246ms
19:21:41.040 DEBUG: GET 200 http://35.247.164.137:9000/api/rules/search.protobuf?f=repo,name,severity,lang,internalKey,templateKey,params,actives,createdAt,updatedAt,deprecatedKeys&activation=true&qprofile=AX4rnUgNNcwuSSX-5KmS&ps=500&p=1 | time=435ms
19:21:41.133 DEBUG: GET 200 http://35.247.164.137:9000/api/rules/search.protobuf?f=repo,name,severity,lang,internalKey,templateKey,params,actives,createdAt,updatedAt,deprecatedKeys&activation=true&qprofile=AX4rnU3jNcwuSSX-5Kui&ps=500&p=1 | time=56ms
19:21:41.204 DEBUG: GET 200 http://35.247.164.137:9000/api/rules/search.protobuf?f=repo,name,severity,lang,internalKey,templateKey,params,actives,createdAt,updatedAt,deprecatedKeys&activation=true&qprofile=AX4rnU_wNcwuSSX-5Kwm&ps=500&p=1 | time=68ms
19:21:41.254 DEBUG: GET 200 http://35.247.164.137:9000/api/rules/search.protobuf?f=repo,name,severity,lang,internalKey,templateKey,params,actives,createdAt,updatedAt,deprecatedKeys&activation=true&qprofile=AX4rnVPSNcwuSSX-5Kx4&ps=500&p=1 | time=47ms
19:21:41.277 DEBUG: GET 200 http://35.247.164.137:9000/api/rules/search.protobuf?f=repo,name,severity,lang,internalKey,templateKey,params,actives,createdAt,updatedAt,deprecatedKeys&activation=true&qprofile=AX4rnVTbNcwuSSX-5KyK&ps=500&p=1 | time=22ms
19:21:41.510 DEBUG: GET 200 http://35.247.164.137:9000/api/rules/search.protobuf?f=repo,name,severity,lang,internalKey,templateKey,params,actives,createdAt,updatedAt,deprecatedKeys&activation=true&qprofile=AX4rnVXVNcwuSSX-5K3Q&ps=500&p=1 | time=232ms
19:21:41.593 DEBUG: GET 200 http://35.247.164.137:9000/api/rules/search.protobuf?f=repo,name,severity,lang,internalKey,templateKey,params,actives,createdAt,updatedAt,deprecatedKeys&activation=true&qprofile=AX4rnV6MNcwuSSX-5K9L&ps=500&p=1 | time=75ms
19:21:41.735 DEBUG: GET 200 http://35.247.164.137:9000/api/rules/search.protobuf?f=repo,name,severity,lang,internalKey,templateKey,params,actives,createdAt,updatedAt,deprecatedKeys&activation=true&qprofile=AX4rnWJwNcwuSSX-5LBW&ps=500&p=1 | time=139ms
19:21:41.800 DEBUG: GET 200 http://35.247.164.137:9000/api/rules/search.protobuf?f=repo,name,severity,lang,internalKey,templateKey,params,actives,createdAt,updatedAt,deprecatedKeys&activation=true&qprofile=AX4rnWZoNcwuSSX-5LD-&ps=500&p=1 | time=60ms
19:21:41.970 DEBUG: GET 200 http://35.247.164.137:9000/api/rules/search.protobuf?f=repo,name,severity,lang,internalKey,templateKey,params,actives,createdAt,updatedAt,deprecatedKeys&activation=true&qprofile=AX4rnWlYNcwuSSX-5LKO&ps=500&p=1 | time=168ms
19:21:42.001 DEBUG: GET 200 http://35.247.164.137:9000/api/rules/search.protobuf?f=repo,name,severity,lang,internalKey,templateKey,params,actives,createdAt,updatedAt,deprecatedKeys&activation=true&qprofile=AX4rnWhLNcwuSSX-5LEa&ps=500&p=1 | time=23ms
19:21:42.040 INFO: Load active rules (done) | time=2865ms
19:21:42.158 DEBUG: Declared extensions of language Python were converted to sonar.lang.patterns.py : **/*.py
19:21:42.159 DEBUG: Declared extensions of language Go were converted to sonar.lang.patterns.go : **/*.go
19:21:42.160 DEBUG: Declared extensions of language Kotlin were converted to sonar.lang.patterns.kotlin : **/*.kt
19:21:42.161 DEBUG: Declared extensions of language Terraform were converted to sonar.lang.patterns.terraform : **/*.tf
19:21:42.162 DEBUG: Declared extensions of language CloudFormation were converted to sonar.lang.patterns.cloudformation : 
19:21:42.163 DEBUG: Declared extensions of language JavaScript were converted to sonar.lang.patterns.js : **/*.js,**/*.jsx,**/*.mjs,**/*.vue
19:21:42.164 DEBUG: Declared extensions of language TypeScript were converted to sonar.lang.patterns.ts : **/*.ts,**/*.tsx
19:21:42.165 DEBUG: Declared extensions of language CSS were converted to sonar.lang.patterns.css : **/*.css,**/*.less,**/*.scss
19:21:42.166 DEBUG: Declared extensions of language Ruby were converted to sonar.lang.patterns.ruby : **/*.rb
19:21:42.166 DEBUG: Declared extensions of language Scala were converted to sonar.lang.patterns.scala : **/*.scala
19:21:42.167 DEBUG: Declared extensions of language C# were converted to sonar.lang.patterns.cs : **/*.cs
19:21:42.168 DEBUG: Declared extensions of language Java were converted to sonar.lang.patterns.java : **/*.java,**/*.jav
19:21:42.170 DEBUG: Declared extensions of language HTML were converted to sonar.lang.patterns.web : **/*.html,**/*.xhtml,**/*.cshtml,**/*.vbhtml,**/*.aspx,**/*.ascx,**/*.rhtml,**/*.erb,**/*.shtm,**/*.shtml
19:21:42.171 DEBUG: Declared extensions of language JSP were converted to sonar.lang.patterns.jsp : **/*.jsp,**/*.jspf,**/*.jspx
19:21:42.172 DEBUG: Declared extensions of language Flex were converted to sonar.lang.patterns.flex : **/*.as
19:21:42.173 DEBUG: Declared extensions of language XML were converted to sonar.lang.patterns.xml : **/*.xml,**/*.xsd,**/*.xsl
19:21:42.174 DEBUG: Declared extensions of language PHP were converted to sonar.lang.patterns.php : **/*.php,**/*.php3,**/*.php4,**/*.php5,**/*.phtml,**/*.inc
19:21:42.175 DEBUG: Declared extensions of language VB.NET were converted to sonar.lang.patterns.vbnet : **/*.vb
19:21:42.176 DEBUG: Declared extensions of language YAML were converted to sonar.lang.patterns.yaml : **/*.yaml,**/*.yml
19:21:42.176 DEBUG: Declared extensions of language JSON were converted to sonar.lang.patterns.json : **/*.json
19:21:42.183 DEBUG: Will ignore generated code
19:21:42.186 DEBUG: Will ignore generated code
19:21:42.187 INFO: Indexing files...
19:21:42.188 INFO: Project configuration:
19:21:42.210 DEBUG: loading config FileBasedConfig[/tmp/jgit/config]
19:21:42.211 DEBUG: readpipe [/usr/bin/git, --version],/usr/bin
19:21:42.234 DEBUG: readpipe may return 'git version 2.32.0'
19:21:42.235 DEBUG: remaining output:

19:21:42.240 DEBUG: readpipe [/usr/bin/git, config, --system, --edit],/usr/bin
19:21:42.249 DEBUG: readpipe may return '/etc/gitconfig'
19:21:42.250 DEBUG: remaining output:

19:21:42.252 DEBUG: loading config FileBasedConfig[/etc/gitconfig]
19:21:42.254 DEBUG: loading config FileBasedConfig[/root/.gitconfig]
19:21:42.289 DEBUG: Thread[JGit-FileStoreAttributeReader-1,5,main]: start measure timestamp resolution /usr/src (/dev/root) in /usr/src/.git
19:21:42.292 DEBUG: Thread[JGit-FileStoreAttributeReader-1,5,main]: end measure timestamp resolution /usr/src (/dev/root) in /usr/src/.git; got PT0.000017S
19:21:42.294 DEBUG: Thread[JGit-FileStoreAttributeReader-1,5,main]: start measure minimal racy interval in /usr/src/.git
19:21:42.388 DEBUG: Thread[main,5,main]: use fallback timestamp resolution for directory /usr/src/.git
19:21:42.460 DEBUG: 50 non excluded files in this Git repository
19:21:42.483 DEBUG: 'Flask-docker-service.yaml' indexed with language 'yaml'
19:21:42.589 DEBUG: 'Dockerfile' indexed with no language
19:21:42.595 DEBUG: 'LICENSE' indexed with no language
19:21:42.602 DEBUG: 'terraform/provider.tf' indexed with language 'terraform'
19:21:42.606 DEBUG: 'terraform/main.tf' indexed with language 'terraform'
19:21:42.611 DEBUG: 'pyproject.toml' indexed with no language
19:21:42.627 DEBUG: Average line length for server/templates/style.css is 12
19:21:42.629 DEBUG: 'server/templates/style.css' indexed with language 'css'
19:21:42.635 DEBUG: 'server/templates/nghia.html' indexed with language 'web'
19:21:42.641 DEBUG: 'server/templates/images/people/2.jpeg' indexed with no language
19:21:42.644 DEBUG: 'server/templates/images/people/3.jpeg' indexed with no language
19:21:42.648 DEBUG: 'server/templates/images/people/1.jpeg' indexed with no language
19:21:42.651 DEBUG: 'server/templates/images/2.jpeg' indexed with no language
19:21:42.655 DEBUG: 'server/templates/images/3.jpeg' indexed with no language
19:21:42.657 DEBUG: 'server/templates/images/cup/5.jpeg' indexed with no language
19:21:42.661 DEBUG: 'server/templates/images/cup/2.jpeg' indexed with no language
19:21:42.664 DEBUG: 'server/templates/images/cup/3.jpeg' indexed with no language
19:21:42.665 DEBUG: 'server/templates/images/cup/6.jpeg' indexed with no language
19:21:42.670 DEBUG: 'server/templates/images/cup/7.jpeg' indexed with no language
19:21:42.672 DEBUG: 'server/templates/images/cup/1.jpeg' indexed with no language
19:21:42.676 DEBUG: 'server/templates/images/cup/8.jpeg' indexed with no language
19:21:42.679 DEBUG: 'server/templates/images/cup/4.jpeg' indexed with no language
19:21:42.680 DEBUG: 'server/templates/images/1.jpeg' indexed with no language
19:21:42.681 DEBUG: 'server/templates/images/four.jpeg' indexed with no language
19:21:42.682 DEBUG: 'server/templates/images/letter.jpeg' indexed with no language
19:21:42.692 DEBUG: 'server/templates/images/main.jpg' indexed with no language
19:21:42.694 DEBUG: 'server/templates/haha.html' indexed with language 'web'
19:21:42.696 DEBUG: 'server/templates/index.html' indexed with language 'web'
19:21:42.697 DEBUG: 'server/__init__.py' indexed with language 'py'
19:21:42.699 DEBUG: 'server/app.py' indexed with language 'py'
19:21:42.701 DEBUG: 'helm-chart/templates/deployment.yaml' indexed with language 'yaml'
19:21:42.703 DEBUG: 'helm-chart/templates/_helpers.tpl' indexed with no language
19:21:42.705 DEBUG: 'helm-chart/templates/service.yaml' indexed with language 'yaml'
19:21:42.707 DEBUG: 'helm-chart/values.yaml' indexed with language 'yaml'
19:21:42.708 DEBUG: 'helm-chart/Chart.yaml' indexed with language 'yaml'
19:21:42.710 DEBUG: 'Flask-docker-deployment.yaml' indexed with language 'yaml'
19:21:42.711 DEBUG: 'Jenkinsfile2' indexed with no language
19:21:42.713 DEBUG: 'Jenkinsfile' indexed with no language
19:21:42.715 DEBUG: 'tests/test_server.py' indexed with language 'py'
19:21:42.716 DEBUG: 'tests/test_dummy2.py' indexed with language 'py'
19:21:42.718 DEBUG: 'tests/__init__.py' indexed with language 'py'
19:21:42.719 DEBUG: 'README.md' indexed with no language
19:21:42.721 DEBUG: 'poetry.lock' indexed with no language
19:21:42.722 DEBUG: 'docker-compose.yaml' indexed with language 'yaml'
19:21:42.724 DEBUG: 'Test-jenkinsfile' indexed with no language
19:21:42.725 DEBUG: 'deploy.sh' indexed with no language
19:21:42.727 DEBUG: 'Jenkinsfile_first' indexed with no language
19:21:42.728 DEBUG: 'kubeconfig.yaml' indexed with language 'yaml'
19:21:42.769 INFO: 47 files indexed
19:21:42.771 INFO: 0 files ignored because of scm ignore settings
19:21:42.772 INFO: Quality profile for css: Sonar way
19:21:42.773 INFO: Quality profile for py: Sonar way
19:21:42.774 INFO: Quality profile for terraform: Sonar way
19:21:42.774 INFO: Quality profile for web: Sonar way
19:21:42.775 INFO: Quality profile for yaml: Sonar way
19:21:42.776 INFO: ------------- Run sensors on module sonarqube-test
19:21:42.989 INFO: Load metrics repository
19:21:43.010 DEBUG: GET 200 http://35.247.164.137:9000/api/metrics/search?ps=500&p=1 | time=15ms
19:21:43.050 INFO: Load metrics repository (done) | time=61ms
19:21:45.300 DEBUG: delta [ns] since modification FileSnapshot failed to detect
count, failures, racy limit [ns], delta min [ns], delta max [ns], delta avg [ns], delta stddev [ns]
1631, 33, 42500, 3016000.0, 6098000.0, 4561696.96969697, 805533.1109290482
19:21:45.302 DEBUG: FileStoreAttributes[fsTimestampResolution=17 Âµs, minimalRacyInterval=6,098 Âµs]
19:21:45.344 DEBUG: Thread[JGit-FileStoreAttributeReader-1,5,main]: start measure timestamp resolution / (overlay) in /tmp/jgit
19:21:45.345 DEBUG: Thread[JGit-FileStoreAttributeReader-1,5,main]: end measure timestamp resolution / (overlay) in /tmp/jgit; got PT0.000016S
19:21:45.346 DEBUG: Thread[JGit-FileStoreAttributeReader-1,5,main]: start measure minimal racy interval in /tmp/jgit
19:21:45.448 DEBUG: Thread[JGit-FileStoreAttributeWriter-2,5,main]: use fallback timestamp resolution for directory /tmp/jgit
19:21:45.525 DEBUG: 'JavaSensor' skipped because there is no related file in current project
19:21:45.528 DEBUG: 'Import external issues report' skipped because one of the required properties is missing
19:21:45.538 DEBUG: 'Import of Pylint issues' skipped because one of the required properties is missing
19:21:45.539 DEBUG: 'Import of Bandit issues' skipped because one of the required properties is missing
19:21:45.539 DEBUG: 'Import of Flake8 issues' skipped because one of the required properties is missing
19:21:45.540 DEBUG: 'Code Quality and Security for Go' skipped because there is no related file in current project
19:21:45.542 DEBUG: 'Go Unit Test Report' skipped because there is no related file in current project
19:21:45.544 DEBUG: 'Go Cover sensor for Go coverage' skipped because one of the required properties is missing
19:21:45.546 DEBUG: 'Import of go vet issues' skipped because there is no related file in current project
19:21:45.550 DEBUG: 'Import of Golint issues' skipped because there is no related file in current project
19:21:45.551 DEBUG: 'Import of GoMetaLinter issues' skipped because there is no related file in current project
19:21:45.551 DEBUG: 'Import of GolangCI-Lint issues' skipped because there is no related file in current project
19:21:45.553 DEBUG: 'Kotlin Sensor' skipped because there is no related file in current project
19:21:45.553 DEBUG: 'KotlinSurefireSensor' skipped because there is no related file in current project
19:21:45.555 DEBUG: 'Import of detekt issues' skipped because there is no related file in current project
19:21:45.556 DEBUG: 'Import of Android Lint issues' skipped because one of the required properties is missing
19:21:45.556 DEBUG: 'Import of ktlint issues' skipped because there is no related file in current project
19:21:45.572 DEBUG: 'JavaScript analysis' skipped because there is no related file in current project
19:21:45.572 DEBUG: 'TypeScript analysis' skipped because there is no related file in current project
19:21:45.574 DEBUG: 'JavaScript/TypeScript Coverage' skipped because there is no related file in current project
19:21:45.575 DEBUG: 'Import of ESLint issues' skipped because one of the required properties is missing
19:21:45.575 DEBUG: 'Import of TSLint issues' skipped because one of the required properties is missing
19:21:45.576 DEBUG: 'Import of stylelint issues' skipped because one of the required properties is missing
19:21:45.577 DEBUG: 'Ruby Sensor' skipped because there is no related file in current project
19:21:45.579 DEBUG: 'Import of RuboCop issues' skipped because there is no related file in current project
19:21:45.580 DEBUG: 'SimpleCov Sensor for Ruby coverage' skipped because there is no related file in current project
19:21:45.580 DEBUG: 'Scala Sensor' skipped because there is no related file in current project
19:21:45.587 DEBUG: 'Scoverage sensor for Scala coverage' skipped because there is no related file in current project
19:21:45.591 DEBUG: 'Import of Scalastyle issues' skipped because there is no related file in current project
19:21:45.595 DEBUG: 'Import of Scapegoat issues' skipped because there is no related file in current project
19:21:45.598 DEBUG: 'Import of Checkstyle issues' skipped because there is no related file in current project
19:21:45.599 DEBUG: 'Import of PMD issues' skipped because one of the required properties is missing
19:21:45.600 DEBUG: 'Import of SpotBugs issues' skipped because there is no related file in current project
19:21:45.600 DEBUG: 'SurefireSensor' skipped because there is no related file in current project
19:21:45.601 DEBUG: 'Removed properties sensor' skipped because there is no related file in current project
19:21:45.602 DEBUG: 'Flex' skipped because there is no related file in current project
19:21:45.602 DEBUG: 'Flex Cobertura' skipped because there is no related file in current project
19:21:45.603 DEBUG: 'XML Sensor' skipped because there is no related file in current project
19:21:45.603 DEBUG: 'PHP sensor' skipped because there is no related file in current project
19:21:45.603 DEBUG: 'Analyzer for "php.ini" files' skipped because there is no related file in current project
19:21:45.604 DEBUG: 'Import of PHPStan issues' skipped because there is no related file in current project
19:21:45.605 DEBUG: 'Import of Psalm issues' skipped because there is no related file in current project
19:21:45.612 DEBUG: 'Generic Test Executions Report' skipped because one of the required properties is missing
19:21:45.614 DEBUG: Sensors : Python Sensor -> Cobertura Sensor for Python coverage -> PythonXUnitSensor -> JaCoCo XML Report Importer -> IaC Terraform Sensor -> IaC CloudFormation Sensor -> CSS Metrics -> CSS Rules -> C# Project Type Information -> C# Analysis Log -> C# Properties -> JavaXmlSensor -> HTML -> VB.NET Project Type Information -> VB.NET Analysis Log -> VB.NET Properties
19:21:45.632 INFO: Sensor Python Sensor [python]
19:21:45.644 WARN: Your code is analyzed as compatible with python 2 and 3 by default. This will prevent the detection of issues specific to python 2 or python 3. You can get a more precise analysis by setting a python version in your configuration via the parameter "sonar.python.version"
19:21:45.659 DEBUG: Input files for indexing: [tests/test_dummy2.py, server/__init__.py, server/app.py, tests/test_server.py, tests/__init__.py]
19:21:45.662 INFO: Starting global symbols computation
19:21:45.672 INFO: 5 source files to be analyzed
19:21:45.681 INFO: Load project repositories
19:21:45.697 DEBUG: GET 200 http://35.247.164.137:9000/batch/project.protobuf?key=sonarqube-test | time=16ms
19:21:45.714 INFO: Load project repositories (done) | time=32ms
19:21:45.715 DEBUG: 'tests/test_dummy2.py' generated metadata with charset 'UTF-8'
19:21:46.367 DEBUG: 'server/__init__.py' generated metadata with charset 'UTF-8'
19:21:46.429 DEBUG: 'server/app.py' generated metadata with charset 'UTF-8'
19:21:48.349 DEBUG: delta [ns] since modification FileSnapshot failed to detect
count, failures, racy limit [ns], delta min [ns], delta max [ns], delta avg [ns], delta stddev [ns]
1593, 48, 40000, 2777000.0, 5843000.0, 4329395.833333333, 934923.156236584
19:21:48.353 DEBUG: FileStoreAttributes[fsTimestampResolution=16 Âµs, minimalRacyInterval=5,843 Âµs]
19:21:48.361 DEBUG: loading config FileBasedConfig[/tmp/jgit/config]
19:21:51.472 DEBUG: 'tests/test_server.py' generated metadata with charset 'UTF-8'
19:21:51.488 DEBUG: 'tests/__init__.py' generated metadata with charset 'UTF-8'
19:21:51.491 INFO: 5/5 source files have been analyzed
19:21:51.493 INFO: Starting rules execution
19:21:51.500 INFO: 5 source files to be analyzed
19:21:51.518 DEBUG: Not enough content in 'tests/test_dummy2.py' to have CPD blocks, it will not be part of the duplication detection
19:21:52.214 DEBUG: Not enough content in 'server/__init__.py' to have CPD blocks, it will not be part of the duplication detection
19:21:52.446 DEBUG: Not enough content in 'tests/__init__.py' to have CPD blocks, it will not be part of the duplication detection
19:21:52.448 INFO: 5/5 source files have been analyzed
19:21:52.453 INFO: Sensor Python Sensor [python] (done) | time=6822ms
19:21:52.454 INFO: Sensor Cobertura Sensor for Python coverage [python]
19:21:52.454 DEBUG: Using pattern 'coverage-reports/*coverage-*.xml' to find reports
19:21:52.491 DEBUG: No report was found for sonar.python.coverage.reportPaths using default pattern coverage-reports/*coverage-*.xml
19:21:52.491 INFO: Sensor Cobertura Sensor for Python coverage [python] (done) | time=37ms
19:21:52.492 INFO: Sensor PythonXUnitSensor [python]
19:21:52.492 DEBUG: Using pattern 'xunit-reports/xunit-result-*.xml' to find reports
19:21:52.495 DEBUG: No report was found for sonar.python.xunit.reportPath using default pattern xunit-reports/xunit-result-*.xml
19:21:52.501 INFO: Sensor PythonXUnitSensor [python] (done) | time=9ms
19:21:52.502 INFO: Sensor JaCoCo XML Report Importer [jacoco]
19:21:52.506 INFO: 'sonar.coverage.jacoco.xmlReportPaths' is not defined. Using default locations: target/site/jacoco/jacoco.xml,target/site/jacoco-it/jacoco.xml,build/reports/jacoco/test/jacocoTestReport.xml
19:21:52.511 INFO: No report imported, no coverage information will be imported by JaCoCo XML Report Importer
19:21:52.512 INFO: Sensor JaCoCo XML Report Importer [jacoco] (done) | time=10ms
19:21:52.512 INFO: Sensor IaC Terraform Sensor [iac]
19:21:52.527 INFO: 2 source files to be analyzed
19:21:52.737 DEBUG: 'terraform/main.tf' generated metadata with charset 'UTF-8'
19:21:52.879 DEBUG: 'terraform/provider.tf' generated metadata with charset 'UTF-8'
19:21:52.883 INFO: 2/2 source files have been analyzed
19:21:52.883 INFO: Sensor IaC Terraform Sensor [iac] (done) | time=371ms
19:21:52.884 INFO: Sensor IaC CloudFormation Sensor [iac]
19:21:52.889 DEBUG: 'docker-compose.yaml' generated metadata with charset 'UTF-8'
19:21:52.893 DEBUG: 'helm-chart/templates/deployment.yaml' generated metadata with charset 'UTF-8'
19:21:52.896 DEBUG: 'helm-chart/Chart.yaml' generated metadata with charset 'UTF-8'
19:21:52.900 DEBUG: 'Flask-docker-deployment.yaml' generated metadata with charset 'UTF-8'
19:21:52.902 DEBUG: 'helm-chart/templates/service.yaml' generated metadata with charset 'UTF-8'
19:21:52.904 DEBUG: 'helm-chart/values.yaml' generated metadata with charset 'UTF-8'
19:21:52.908 DEBUG: 'Flask-docker-service.yaml' generated metadata with charset 'UTF-8'
19:21:52.913 DEBUG: 'kubeconfig.yaml' generated metadata with charset 'UTF-8'
19:21:52.922 INFO: 0 source files to be analyzed
19:21:52.939 INFO: 0/0 source files have been analyzed
19:21:52.940 INFO: Sensor IaC CloudFormation Sensor [iac] (done) | time=56ms
19:21:52.940 INFO: Sensor CSS Metrics [javascript]
19:21:52.945 DEBUG: 'server/templates/style.css' generated metadata with charset 'UTF-8'
19:21:52.997 INFO: Sensor CSS Metrics [javascript] (done) | time=57ms
19:21:52.998 INFO: Sensor CSS Rules [javascript]
19:21:53.002 DEBUG: Deploying bundle
19:21:53.002 DEBUG: Deploying eslint-bridge into /usr/src/.scannerwork/.sonartmp/eslint-bridge-bundle
19:21:55.438 DEBUG: Deploying bundle (done) | time=2436ms
19:21:55.440 DEBUG: Starting server
19:21:55.444 DEBUG: Using default Node.js executable: 'node'.
19:21:55.444 DEBUG: Checking Node.js version
19:21:55.445 DEBUG: Launching command node -v
19:21:55.460 DEBUG: Using Node.js v14.18.1.
19:21:55.460 DEBUG: Starting Node.js process to start eslint-bridge server at port 41539
19:21:55.461 DEBUG: Launching command node /usr/src/.scannerwork/.sonartmp/eslint-bridge-bundle/package/bin/server 41539 127.0.0.1 /usr/src/.scannerwork true false 
19:21:58.299 DEBUG: starting eslint-bridge server at port 41539
19:21:58.311 DEBUG: eslint-bridge server is running at port 41539
19:21:58.370 DEBUG: Starting server (done) | time=2930ms
19:21:58.394 INFO: 4 source files to be analyzed
19:21:58.403 DEBUG: 'server/templates/nghia.html' generated metadata with charset 'UTF-8'
19:21:58.404 DEBUG: Analyzing /usr/src/server/templates/nghia.html
19:21:58.614 DEBUG: Found 0 issue(s)
19:21:58.621 DEBUG: 'server/templates/index.html' generated metadata with charset 'UTF-8'
19:21:58.621 DEBUG: Analyzing /usr/src/server/templates/index.html
19:21:58.677 DEBUG: Found 0 issue(s)
19:21:58.683 DEBUG: 'server/templates/haha.html' generated metadata with charset 'UTF-8'
19:21:58.684 DEBUG: Analyzing /usr/src/server/templates/haha.html
19:21:58.711 DEBUG: Found 0 issue(s)
19:21:58.713 DEBUG: Analyzing /usr/src/server/templates/style.css
19:21:58.756 DEBUG: Found 1 issue(s)
19:21:58.758 INFO: 4/4 source files have been analyzed
19:21:58.758 INFO: Sensor CSS Rules [javascript] (done) | time=5761ms
19:21:58.759 INFO: Sensor C# Project Type Information [csharp]
19:21:58.761 INFO: Sensor C# Project Type Information [csharp] (done) | time=2ms
19:21:58.762 INFO: Sensor C# Analysis Log [csharp]
19:21:58.779 DEBUG: Project 'sonarqube-test': Property missing: 'sonar.cs.analyzer.projectOutPaths'. No protobuf files will be loaded for this project.
19:21:58.781 INFO: Sensor C# Analysis Log [csharp] (done) | time=19ms
19:21:58.781 INFO: Sensor C# Properties [csharp]
19:21:58.781 DEBUG: Project 'sonarqube-test': Property missing: 'sonar.cs.analyzer.projectOutPaths'. No protobuf files will be loaded for this project.
19:21:58.781 DEBUG: Project 'sonarqube-test': No Roslyn issues reports have been found.
19:21:58.781 INFO: Sensor C# Properties [csharp] (done) | time=0ms
19:21:58.781 INFO: Sensor JavaXmlSensor [java]
19:21:58.783 INFO: Sensor JavaXmlSensor [java] (done) | time=2ms
19:21:58.783 INFO: Sensor HTML [web]
19:21:58.874 DEBUG: HtmlSensor: server/templates/nghia.html: 12,0,1
19:21:58.901 DEBUG: HtmlSensor: server/templates/index.html: 0,0,1
19:21:58.966 DEBUG: HtmlSensor: server/templates/haha.html: 0,0,1
19:21:59.006 INFO: Sensor HTML [web] (done) | time=222ms
19:21:59.007 INFO: Sensor VB.NET Project Type Information [vbnet]
19:21:59.011 INFO: Sensor VB.NET Project Type Information [vbnet] (done) | time=4ms
19:21:59.012 INFO: Sensor VB.NET Analysis Log [vbnet]
19:21:59.033 DEBUG: Project 'sonarqube-test': Property missing: 'sonar.vbnet.analyzer.projectOutPaths'. No protobuf files will be loaded for this project.
19:21:59.034 INFO: Sensor VB.NET Analysis Log [vbnet] (done) | time=22ms
19:21:59.034 INFO: Sensor VB.NET Properties [vbnet]
19:21:59.035 DEBUG: Project 'sonarqube-test': Property missing: 'sonar.vbnet.analyzer.projectOutPaths'. No protobuf files will be loaded for this project.
19:21:59.035 DEBUG: Project 'sonarqube-test': No Roslyn issues reports have been found.
19:21:59.035 INFO: Sensor VB.NET Properties [vbnet] (done) | time=1ms
19:21:59.046 INFO: ------------- Run sensors on project
19:21:59.062 DEBUG: 'Generic Coverage Report' skipped because one of the required properties is missing
19:21:59.063 DEBUG: 'C#' skipped because there is no related file in current project
19:21:59.064 DEBUG: 'C# Tests Coverage Report Import' skipped because there is no related file in current project
19:21:59.065 DEBUG: '[Deprecated] C# Integration Tests Coverage Report Import' skipped because there is no related file in current project
19:21:59.066 DEBUG: 'C# Unit Test Results Import' skipped because there is no related file in current project
19:21:59.066 DEBUG: 'VB.NET' skipped because there is no related file in current project
19:21:59.067 DEBUG: 'VB.NET Tests Coverage Report Import' skipped because there is no related file in current project
19:21:59.068 DEBUG: '[Deprecated] VB.NET Integration Tests Coverage Report Import' skipped because there is no related file in current project
19:21:59.069 DEBUG: 'VB.NET Unit Test Results Import' skipped because there is no related file in current project
19:21:59.069 DEBUG: 'Java CPD Block Indexer' skipped because there is no related file in current project
19:21:59.070 DEBUG: Sensors : Zero Coverage Sensor
19:21:59.072 INFO: Sensor Zero Coverage Sensor
19:21:59.084 INFO: Sensor Zero Coverage Sensor (done) | time=13ms
19:21:59.104 INFO: CPD Executor 3 files had no CPD blocks
19:21:59.105 INFO: CPD Executor Calculating CPD for 5 files
19:21:59.106 DEBUG: Detection of duplications for /usr/src/server/templates/index.html
19:21:59.116 DEBUG: Detection of duplications for /usr/src/server/templates/nghia.html
19:21:59.122 DEBUG: Detection of duplications for /usr/src/server/app.py
19:21:59.124 DEBUG: Detection of duplications for /usr/src/server/templates/haha.html
19:21:59.126 DEBUG: Detection of duplications for /usr/src/tests/test_server.py
19:21:59.141 INFO: CPD Executor CPD calculation finished (done) | time=22ms
19:21:59.156 DEBUG: loading config FileBasedConfig[/tmp/jgit/config]
19:21:59.160 DEBUG: SCM revision ID 'de416a4f317d211fc9afbfaca66bffd2664d62c4'
19:21:59.260 INFO: Analysis report generated in 111ms, dir size=164.8 kB
19:21:59.333 INFO: Analysis report compressed in 72ms, zip size=44.4 kB
19:21:59.335 INFO: Analysis report generated in /usr/src/.scannerwork/scanner-report
19:21:59.335 DEBUG: Upload report
19:21:59.421 DEBUG: POST 200 http://35.247.164.137:9000/api/ce/submit?projectKey=sonarqube-test&projectName=sonarqube-test | time=85ms
19:21:59.429 INFO: Analysis report uploaded in 88ms
19:21:59.431 DEBUG: Report metadata written to /usr/src/.scannerwork/report-task.txt
19:21:59.432 INFO: ANALYSIS SUCCESSFUL, you can browse http://35.247.164.137:9000/dashboard?id=sonarqube-test
19:21:59.432 INFO: Note that you will be able to access the updated dashboard once the server has processed the submitted analysis report
19:21:59.432 INFO: More about the report processing at http://35.247.164.137:9000/api/ce/task?id=AX4rsOFMNcwuSSX-5LNt
19:21:59.439 DEBUG: Post-jobs : 
19:21:59.447 DEBUG: eslint-bridge server will shutdown
19:22:05.037 INFO: Analysis total time: 27.065 s
19:22:05.040 INFO: ------------------------------------------------------------------------
19:22:05.041 INFO: EXECUTION SUCCESS
19:22:05.041 INFO: ------------------------------------------------------------------------
19:22:05.041 INFO: Total time: 34.186s
19:22:05.376 INFO: Final Memory: 102M/315M
19:22:05.376 INFO: ------------------------------------------------------------------------
[8mha:////4PY2ylSuOd8VFZMiuUjaL7BMc+jhhtCAnfMtRFZQDobvAAAApB+LCAAAAAAAAP9tjbEOwiAURV9rHFwd/QiaJm7GyZWw+AXYIkLJexSodPKL/DX/QbSJk3e4uecu5/mCdQxwpKCZVTgYjJ1h3k26LJYpDFdHmVm6sI4wklNMqCyoV6cFBSUFS6oaVhw2CjtH0aBOsOVW3mXjJOrmnEL5Dhxq04/wgIoXc5IhfWEOsLtNfST8ef4KYPY+Qd3uP9W+ATnVfPq+AAAA[0m[Pipeline] }
[8mha:////4G90YOhVE9ElXDLEUbeNsh9vcotYkaENjZCm88yZYD+GAAAApB+LCAAAAAAAAP9tjTEOwjAQBC9BFLSUPOICBRWiSmu54QUmNsaJdWdsh6TiRXyNPxCIRMUWq51t5vmCZYpw5GixNdQ5So3D4Hs7LRw4dhfPA7Z8xoYpsTcozSBZm3pGydnAnKKEhYCVocZzcmQzrEWr7qryimx1ynH6DgJKp2/wgEJM5qxi/sIYYXPtdWL6ef4KYAwhQ7nbf2r7Bgo2J0a+AAAA[0m[Pipeline] // withEnv
[8mha:////4InHiv49BaznE/9jmb4GlorGc68SSF75fCZwuwHX2BFAAAAApB+LCAAAAAAAAP9tjTEOwjAQBDdBFLSUPMIRDUJCVLRWGl5gEmOcWHfBvpBUvIiv8QciIlGx1c4083pjmSKOHJ1qLLWeUuVVF3o3PTVwbK+BB9XwRVVMiYNVpR1Kru1pxpLFYl6WY6GxslQFTp6cYK0b8zBFMOSKs8TJHTRyX9/xRKanspgoXxgjNre+Tky/zt8Axq4T5NudINt/AA6Ss1S9AAAA[0m[Pipeline] }
[8mha:////4HT781CSvcE0ZTUUJcQSLsxjjenxxByKGsNq1QqhahpgAAAAox+LCAAAAAAAAP9tjTESgjAQRT84FraWHiKMFYVjZZuh8QQRYgxkdjFZhMoTeTXvICMzVv7qv9e81xvrFHHk6FRrqfOUaq/6MLj5qZFjdw08qpYvqmZKHKyq7FhxY08LViwWy7IcK42NpTpw8uQEW92ahymCIVecJc7uoJH75o4nMj2XxUT5whSxuw1NYvp1/gYw9b0g35eCrPwAL6Zs+b0AAAA=[0m[Pipeline] // node
[8mha:////4KAikXtBBRQ3MnDUeqwi48GvCd8gTVp0XwJQdzQNeWmFAAAApB+LCAAAAAAAAP9tjTEOwjAQBDdBFLSUPMIRDUJCVLRWGl5gEmOcWHfBvpBUvIiv8QciIlGx1c4083pjmSKOHJ1qLLWeUuVVF3o3PTVwbK+BB9XwRVVMiYNVpR1Kru1pxpLFYl6WY6GxslQFTp6cYK0b8zBFMOSKs8TJHTRyX9/xRKanspgoXxgjNre+Tky/zt8Axq4T5Nu9INt9AGgBOwy9AAAA[0m[Pipeline] }
[8mha:////4P5nS0rbifIefR6LfS5PVWTshUvpbIkfSwbB/tcCTFWgAAAApB+LCAAAAAAAAP9tjTEOwjAQBDdBFLSUPMIRBQVCVLRWGl5gEmOcWHfBvpBUvIiv8QciIlGx1c4083pjmSKOHJ1qLLWeUuVVF3o3PTVwbK+BB9XwRVVMiYNVpR1Kru1pxpLFYl6WY6GxslQFTp6cYK0b8zBFMOSKs8TJHTRyX9/xRKanspgoXxgjNre+Tky/zt8Axq4T5Nu9INt9AGJ5Uqi9AAAA[0m[Pipeline] // stage
[8mha:////4EyRWlY8SQkeLEpldBk1Lc30dnPFYemlWsuqqxdK9xBcAAAAph+LCAAAAAAAAP9tjTEOwjAQBM9BKWgpeYSDEB2iorXc8AITG+PEugv2haTiRXyNPxCIRMVWOyut5vmCMic4UPKycdgGzHWQXez91ORAqb1EGmRDZ1kTZopOajdosu44oyZ2MEcUsFCwdFhHygE9w0o15m6qaNBXJ07TtldQBHuDBwg1mdkk/sKYYH3tbSb8ef4KYOwYxI6h2G4+x/INK/7CYMEAAAA=[0m[Pipeline] stage
[8mha:////4PHr1cY8mcvneRiJm9diAFb3QqCjRXyRTiIAnEBuEXTdAAAAph+LCAAAAAAAAP9tjTEOwjAUQ3+LOrAycogUWBFT1ygLJwhNCGmj/8tPSjtxIq7GHWipxIQHy7ZkvdcbishwInaisdh6jLUXXejdlMRA3F4DDaKhi6gJIwUrlB0UGVstVVGysCjLYSVhbbEOFD26BBvZ6Icug0ZXnhNP21FC7s0dnpDJiZw0p28ZGba33kTCH+cvAMYuQX7Yzbafn8UHbGnGmsIAAAA=[0m[Pipeline] { (Test)
[8mha:////4JGuQrV7/NDspgVt30s5Hso3D5vYqfIsbb7gxZa/vUH3AAAAph+LCAAAAAAAAP9tjTEOwjAUQ3+DOrAycohUdEVMrFEXThCaEJJG/7dJSjpxIq7GHWipxIQHy7ZkvdcbyhjgRMFwp7GzGFvLez+aOfFMobt5ytzRlbeEkbzmjc4NKX1ea0NJw6qCwUbAVmPrKVo0CXbCyYesvERTXVKYt6MAZtUATyjETE4ypG+ZAuzvo4qEP85fAEx9AlYfFquXZ/kBAsTc3cIAAAA=[0m[Pipeline] node
Running on [8mha:////4H8qy94SiiQreLqxOMt7rEcbO/xGHMEFKqHLW6flZkHZAAAAoR+LCAAAAAAAAP9b85aBtbiIQTGjNKU4P08vOT+vOD8nVc83PyU1x6OyILUoJzMv2y+/JJUBAhiZGBgqihhk0NSjKDWzXb3RdlLBUSYGJk8GtpzUvPSSDB8G5tKinBIGIZ+sxLJE/ZzEvHT94JKizLx0a6BxUmjGOUNodHsLgAz2EgZR/eT83ILSktQifY2k0sycEt3MPE19AHHxbH3KAAAA[0mJenkins in /var/jenkins_home/workspace/CICD-pipeline
[8mha:////4I8lj0sAbFZLU3bRe0piQdhy4de3aj1AGzRZLzyt3bEhAAAAph+LCAAAAAAAAP9tjTEOwjAUQ3+LOrAycohUKiNiYo2ycILQhJA0+r9NUtKJE3E17kBLJSY8WLYl673eUMUAJwqGOY2dxdha1vvRzIllCt3NU2aOrqwljOQ1EzoLUvq8VkFJw6qihA2HrcbWU7RoEuy4kw9Ze4mmvqQwb0cOpVUDPKHgMznJkL5lCrC/jyoS/jh/ATD1CcqmWeywPKsPpnFij8IAAAA=[0m[Pipeline] {
[8mha:////4JIOucRgv14WjXctjArLvTgFcA+vwg12Z3IvliSMhhmVAAAApB+LCAAAAAAAAP9tjTEOwjAQBC9BFLSUPOIiAR2iSmu54QUmNsaJdWdsh6TiRXyNPxCIRMUWq51t5vmCZYpw5GixNdQ5So3D4Hs7LRw4dhfPA7Z8xoYpsTcozSBZm3pGydnAnKKEhYCVocZzcmQzrEWr7qryimx1ynH6DgJKp2/wgEJM5qxi/sIYYXPtdWL6ef4KYAwZyu3uU/vwBrANZ3i+AAAA[0m[Pipeline] checkout
The recommended git tool is: NONE
using credential cc06d1e1-44a5-4361-9e9c-eadedc84103a
 > git rev-parse --resolve-git-dir /var/jenkins_home/workspace/CICD-pipeline/.git # timeout=10
Fetching changes from the remote Git repository
 > git config remote.origin.url https://github.com/nghiattr/flask-docker.git # timeout=10
Fetching upstream changes from https://github.com/nghiattr/flask-docker.git
 > git --version # timeout=10
 > git --version # 'git version 2.30.2'
using GIT_ASKPASS to set credentials github-acc-nghiattr
 > git fetch --tags --force --progress -- https://github.com/nghiattr/flask-docker.git +refs/heads/*:refs/remotes/origin/* # timeout=10
Seen branch in repository origin/develop
Seen branch in repository origin/feature/testpullrq
Seen branch in repository origin/master
Seen 3 remote branches
 > git show-ref --tags -d # timeout=10
Checking out Revision de416a4f317d211fc9afbfaca66bffd2664d62c4 (origin/develop)
 > git config core.sparsecheckout # timeout=10
 > git checkout -f de416a4f317d211fc9afbfaca66bffd2664d62c4 # timeout=10
Commit message: "asdas"
[8mha:////4J7FQqqRfQx0xvzuAjqG2xRVwyiC+DA6xVZF3nPPPDvmAAAApx+LCAAAAAAAAP9tjTEOwjAUQ3+LOrAycohUAjEhpq5RFk4QmhDSRv+Xn5R24kRcjTvQUokJD5ZtyXqvNxSR4UTsRGOx9RhrL7rQuymJgbi9BhpEQxdRE0YKVig7KDK2WqqiZGFRlsNKwtpiHSh6dAk2stEPXQaNrjwnnrajhNybOzwhkxM5aU7fMjJsb72JhD/OXwCMXYJ8t5/tMD+LD3tNtZjCAAAA[0m[Pipeline] withEnv
[8mha:////4I3NUhdtNlxDNHxJhCNuDap112vn0h3gv3uLmOzc9nNFAAAAqB+LCAAAAAAAAP9tjTEOwjAUQ3+LOrAycohUQoIFMXWNsnCC0ISQNvq//KS0EyfiatyBlkpMeLBsS9Z7vaGIDCdiJxqLrcdYe9GF3k1JDMTtNdAgGrqImjBSsELZQZGx1VIVJQuLshxWEtYW60DRo0uwkY1+6DJodOU58bQdJeTe3OEJmZzISXP6lpFhe+tNJPxx/gJg7BLku/1sh/lZfACW9ZT2wgAAAA==[0m[Pipeline] {
[8mha:////4AuiYkv/kldZwpE7gb5nF/YjQWSmd0HQjHcUsk0IxjUiAAAApR+LCAAAAAAAAP9tjTEOwjAQBC9BFLSUPOIiUUCBqNJabniBiY1xYt0Z2yGpeBFf4w8EIlGxxWpnm3m+YJkiHDlabA11jlLjMPjeTgsHjt3F84Atn7FhSuwNSjNI1qaeUXI2MKcoYSFgZajxnBzZDGvRqruqvCJbnXKcvoOA0ukbPKAQkzmrmL8wRthce52Yfp6/AhhDhnK7+9Q+vAHUcXIBvgAAAA==[0m[Pipeline] isUnix
[8mha:////4E2x0PpieO0MCnMSYa02mmV26OC4YR8PlxXe4dvydFG7AAAApR+LCAAAAAAAAP9tjTEOwjAQBC9BFLSUPOIiUSAkRJXWcsMLTGyME+vO2A5JxYv4Gn8gEImKLVY728zzBcsU4cjRYmuoc5Qah8H3dlo4cOwungds+YwNU2JvUJpBsjb1jJKzgTlFCQsBK0ON5+TIZliLVt1V5RXZ6pTj9B0ElE7f4AGFmMxZxfyFMcLm2uvE9PP8FcAYMpTb3af24Q0bbeqGvgAAAA==[0m[Pipeline] sh
+ docker inspect -f . python:3.8-slim-buster
.
[8mha:////4KR6BDwT9HMOBoktbtKIP/nuNeLjMIQwrj9eAt9jq0dQAAAAqB+LCAAAAAAAAP9tjTEOwjAUQ3+LOrAycohUYkBCiKlrlIUThCaEtNH/5SelnTgRV+MOtFRiwoNlW7Le6w1FZDgRO9FYbD3G2osu9G5KYiBur4EG0dBF1ISRghXKDoqMrZaqKFlYlOWwkrC2WAeKHl2CjWz0Q5dBoyvPiaftKCH35g5PyORETprTt4wM21tvIuGP8xcAY5cg3+1nO8zP4gNCISCewgAAAA==[0m[Pipeline] withDockerContainer
Jenkins seems to be running inside container 322f5210f9a2dbbec411b254074901afe720ea3420f95922585baa9fd9c00dbb
$ docker run -t -d -u 1002:998 -u 0:0 -v /tmp:/root/.cache -w /var/jenkins_home/workspace/CICD-pipeline --volumes-from 322f5210f9a2dbbec411b254074901afe720ea3420f95922585baa9fd9c00dbb -e ******** -e ******** -e ******** -e ******** -e ******** -e ******** -e ******** -e ******** -e ******** -e ******** -e ******** -e ******** -e ******** -e ******** -e ******** -e ******** -e ******** -e ******** -e ******** -e ******** -e ******** -e ******** -e ******** -e ******** -e ******** -e ******** -e ******** -e ******** -e ******** -e ******** -e ******** -e ******** -e ******** -e ******** -e ******** python:3.8-slim-buster cat
$ docker top 2ca9bcd74ec79c432c7ac427f1e2163928188f89da8c8221f706e806a1d54316 -eo pid,comm
[8mha:////4C25YT8ONKv2f4n/u+ADyGNQmZILodvYs7gl10665xEaAAAAqB+LCAAAAAAAAP9tjTEOwjAUQ3+LOrAycogUwYRQJ9aoCycITQhJo/9LkpJOnIircQcClZjwYNmWrPd8QRU8NOQ1swp7g6EzbHCjzokl8v3FUWKWzqwjDOQUa1VqSarjXFuKCmYVJSw4LBV2joJBHWHFrbiL2gnU9Sn6vB04lEbe4AEFz+QofPyWycP6OspA+OP8BcA0RCi3+2y7zedZvQH4j6CMwgAAAA==[0m[Pipeline] {
[8mha:////4KyP0fqL/CbZ+cPZ4ObTaFLqXjlaVFUIDx4n8MgOOyjCAAAAox+LCAAAAAAAAP9tjTEOwjAQBC9BFLSUPOICokRUaS03vMDExjix7oztkFS8iK/xBwKRqNhitbPNPF+wTBGOHC22hjpHqXEYfG+nhQPH7uJ5wJbP2DAl9galGSRrU88oORuYU5SwELAy1HhOjmyGtWjVXVVeka1OOU7fQUDp9A0eUIjJnFXMXxgjbK69Tkw/z18BjCFDud9+ahfewYmQ+b4AAAA=[0m[Pipeline] sh
+ pip install poetry
Collecting poetry
  Using cached poetry-1.1.12-py2.py3-none-any.whl (175 kB)
Collecting virtualenv<21.0.0,>=20.0.26
  Using cached virtualenv-20.13.0-py2.py3-none-any.whl (6.5 MB)
Collecting pexpect<5.0.0,>=4.7.0
  Using cached pexpect-4.8.0-py2.py3-none-any.whl (59 kB)
Collecting packaging<21.0,>=20.4
  Using cached packaging-20.9-py2.py3-none-any.whl (40 kB)
Collecting tomlkit<1.0.0,>=0.7.0
  Using cached tomlkit-0.8.0-py3-none-any.whl (33 kB)
Collecting requests-toolbelt<0.10.0,>=0.9.1
  Using cached requests_toolbelt-0.9.1-py2.py3-none-any.whl (54 kB)
Collecting keyring<22.0.0,>=21.2.0
  Using cached keyring-21.8.0-py3-none-any.whl (32 kB)
Collecting pkginfo<2.0,>=1.4
  Using cached pkginfo-1.8.2-py2.py3-none-any.whl (26 kB)
Collecting requests<3.0,>=2.18
  Using cached requests-2.27.1-py2.py3-none-any.whl (63 kB)
Collecting shellingham<2.0,>=1.1
  Using cached shellingham-1.4.0-py2.py3-none-any.whl (9.4 kB)
Collecting cachecontrol[filecache]<0.13.0,>=0.12.9
  Using cached CacheControl-0.12.10-py2.py3-none-any.whl (20 kB)
Collecting clikit<0.7.0,>=0.6.2
  Using cached clikit-0.6.2-py2.py3-none-any.whl (91 kB)
Collecting html5lib<2.0,>=1.0
  Using cached html5lib-1.1-py2.py3-none-any.whl (112 kB)
Collecting poetry-core<1.1.0,>=1.0.7
  Using cached poetry_core-1.0.7-py2.py3-none-any.whl (424 kB)
Collecting crashtest<0.4.0,>=0.3.0
  Using cached crashtest-0.3.1-py3-none-any.whl (7.0 kB)
Collecting cachy<0.4.0,>=0.3.0
  Using cached cachy-0.3.0-py2.py3-none-any.whl (20 kB)
Collecting cleo<0.9.0,>=0.8.1
  Using cached cleo-0.8.1-py2.py3-none-any.whl (21 kB)
Collecting msgpack>=0.5.2
  Using cached msgpack-1.0.3-cp38-cp38-manylinux_2_17_x86_64.manylinux2014_x86_64.whl (322 kB)
Collecting lockfile>=0.9
  Using cached lockfile-0.12.2-py2.py3-none-any.whl (13 kB)
Collecting pylev<2.0,>=1.3
  Using cached pylev-1.4.0-py2.py3-none-any.whl (6.1 kB)
Collecting pastel<0.3.0,>=0.2.0
  Using cached pastel-0.2.1-py2.py3-none-any.whl (6.0 kB)
Collecting webencodings
  Using cached webencodings-0.5.1-py2.py3-none-any.whl (11 kB)
Collecting six>=1.9
  Using cached six-1.16.0-py2.py3-none-any.whl (11 kB)
Collecting SecretStorage>=3.2
  Using cached SecretStorage-3.3.1-py3-none-any.whl (15 kB)
Collecting jeepney>=0.4.2
  Using cached jeepney-0.7.1-py3-none-any.whl (54 kB)
Collecting pyparsing>=2.0.2
  Using cached pyparsing-3.0.6-py3-none-any.whl (97 kB)
Collecting ptyprocess>=0.5
  Using cached ptyprocess-0.7.0-py2.py3-none-any.whl (13 kB)
Collecting certifi>=2017.4.17
  Using cached certifi-2021.10.8-py2.py3-none-any.whl (149 kB)
Collecting idna<4,>=2.5
  Using cached idna-3.3-py3-none-any.whl (61 kB)
Collecting urllib3<1.27,>=1.21.1
  Using cached urllib3-1.26.7-py2.py3-none-any.whl (138 kB)
Collecting charset-normalizer~=2.0.0
  Using cached charset_normalizer-2.0.10-py3-none-any.whl (39 kB)
Collecting cryptography>=2.0
  Using cached cryptography-36.0.1-cp36-abi3-manylinux_2_24_x86_64.whl (3.6 MB)
Collecting cffi>=1.12
  Using cached cffi-1.15.0-cp38-cp38-manylinux_2_12_x86_64.manylinux2010_x86_64.whl (446 kB)
Collecting pycparser
  Using cached pycparser-2.21-py2.py3-none-any.whl (118 kB)
Collecting distlib<1,>=0.3.1
  Using cached distlib-0.3.4-py2.py3-none-any.whl (461 kB)
Collecting filelock<4,>=3.2
  Using cached filelock-3.4.2-py3-none-any.whl (9.9 kB)
Collecting platformdirs<3,>=2
  Using cached platformdirs-2.4.1-py3-none-any.whl (14 kB)
Installing collected packages: pycparser, urllib3, idna, charset-normalizer, cffi, certifi, requests, pylev, pastel, msgpack, jeepney, cryptography, crashtest, webencodings, six, SecretStorage, pyparsing, ptyprocess, platformdirs, lockfile, filelock, distlib, clikit, cachecontrol, virtualenv, tomlkit, shellingham, requests-toolbelt, poetry-core, pkginfo, pexpect, packaging, keyring, html5lib, cleo, cachy, poetry
Successfully installed SecretStorage-3.3.1 cachecontrol-0.12.10 cachy-0.3.0 certifi-2021.10.8 cffi-1.15.0 charset-normalizer-2.0.10 cleo-0.8.1 clikit-0.6.2 crashtest-0.3.1 cryptography-36.0.1 distlib-0.3.4 filelock-3.4.2 html5lib-1.1 idna-3.3 jeepney-0.7.1 keyring-21.8.0 lockfile-0.12.2 msgpack-1.0.3 packaging-20.9 pastel-0.2.1 pexpect-4.8.0 pkginfo-1.8.2 platformdirs-2.4.1 poetry-1.1.12 poetry-core-1.0.7 ptyprocess-0.7.0 pycparser-2.21 pylev-1.4.0 pyparsing-3.0.6 requests-2.27.1 requests-toolbelt-0.9.1 shellingham-1.4.0 six-1.16.0 tomlkit-0.8.0 urllib3-1.26.7 virtualenv-20.13.0 webencodings-0.5.1
WARNING: Running pip as the 'root' user can result in broken permissions and conflicting behaviour with the system package manager. It is recommended to use a virtual environment instead: https://pip.pypa.io/warnings/venv
WARNING: You are using pip version 21.2.4; however, version 21.3.1 is available.
You should consider upgrading via the '/usr/local/bin/python -m pip install --upgrade pip' command.
[8mha:////4Ej3+q7kQbF9c9EopZCvU137BtGIwEN6T61FH8GuFH3mAAAAox+LCAAAAAAAAP9tjTEOwjAQBC9BFLSUPOKCoERUaS03vMDExjix7oztkFS8iK/xBwKRqNhitbPNPF+wTBGOHC22hjpHqXEYfG+nhQPH7uJ5wJbP2DAl9galGSRrU88oORuYU5SwELAy1HhOjmyGtWjVXVVeka1OOU7fQUDp9A0eUIjJnFXMXxgjbK69Tkw/z18BjCFDud9+ahfeAtq90r4AAAA=[0m[Pipeline] sh
+ poetry install
Installing dependencies from lock file

No dependencies to install or update
[8mha:////4G0U07rx1OmMdbNDgq0ntiEilKqQk6tVHI5CjRbmzjlNAAAAox+LCAAAAAAAAP9tjTEOwjAQBC9BFLSUPOKClBJR0VppeIFJjLFj3Tm2g1PxIr7GHwhEomKL1c4283zBOgY4ctBoFfWGYmvQu1HPCzOH/uo4o+ULtkyRncJG5YY7dVqw4aRgSVHCSsBGUes4GtIJtsLKu6ycJF2dU5i/g4DSdAM8oBCzOcmQvjAF2N3GLjL9PH8FMPkEZb3/VO3fQ+umy74AAAA=[0m[Pipeline] sh
+ poetry run pytest
============================= test session starts ==============================
platform linux -- Python 3.8.12, pytest-5.4.3, py-1.9.0, pluggy-0.13.1
rootdir: /var/jenkins_home/workspace/CICD-pipeline
collected 7 items

tests/test_dummy2.py ..                                                  [ 28%]
tests/test_server.py .....                                               [100%]

============================== 7 passed in 0.28s ===============================
[8mha:////4DhJabb13LlfXYQrmozANKowtcbxJERY0EwPNOQMZXL6AAAApB+LCAAAAAAAAP9tjTEOwjAQBC9BFLSUPOKCBB2iSmu54QUmNsaJdWdsh6TiRXyNPxCIRMUWq51t5vmCZYpw5GixNdQ5So3D4Hs7LRw4dhfPA7Z8xoYpsTcozSBZm3pGydnAnKKEhYCVocZzcmQzrEWr7qryimx1ynH6DgJKp2/wgEJM5qxi/sIYYXPtdWL6ef4KYAwhQ7nbf2r7BgSW0ii+AAAA[0m[Pipeline] }
$ docker stop --time=1 2ca9bcd74ec79c432c7ac427f1e2163928188f89da8c8221f706e806a1d54316
$ docker rm -f 2ca9bcd74ec79c432c7ac427f1e2163928188f89da8c8221f706e806a1d54316
[8mha:////4KFpFTH8RwkDI8tBAfjkm65H8ATBukfk/94XiGnmBbWiAAAAph+LCAAAAAAAAP9tjTEOwjAQBC9BFLSUPOIigSgQSkVrueEFJjHGiXUXbAen4kV8jT9gEYmKLVY728zrDcvgoWZvsNPUWwqNxcGNJi9M7Pur44QdX7BhCuw0Sp0kt/o0o+SoYU5RwkLASlPjOFgyEdaiUw9VOUWmOkefv6OA0rZ3eEIhsjkqH78wedjcxjYw/Tx/BTANQ4Ryt8+1PXwARMxJg74AAAA=[0m[Pipeline] // withDockerContainer
[8mha:////4AD6CljGcDgnuhuVRzCuZv7I72w1i7GM3MIP+BAsNopYAAAApR+LCAAAAAAAAP9tjTEOwjAQBC9BFLSUPOIigZQGUaW10vACExvjxLoztkNS8SK+xh+wiETFFqudbeb1hnUMcOJgsNc0WIqdRe9GkxdOHIar4wl7vmDHFNlpbPXUstLNgi0nDUuKElYCNpo6x9GSSbAVvXzIykky1TmF/B0FlFbd4QmFyOYkQ/rCHGB3G1Vk+nn+CmD2PkF5qHPt6w97o2KVvgAAAA==[0m[Pipeline] }
[8mha:////4LSUDnqVfIBhuAStQDvGtd5BSvJLomu8LcX4hkZERoDQAAAAph+LCAAAAAAAAP9tjTEOwjAQBC9BFLSUPOIigRAFSkVrueEFJjHGiXUXbAen4kV8jT9gEYmKLVY728zrDcvgoWZvsNPUWwqNxcGNJi9M7Pur44QdX7BhCuw0Sp0kt/o0o+SoYU5RwkLASlPjOFgyEdaiUw9VOUWmOkefv6OA0rZ3eEIhsjkqH78wedjcxjYw/Tx/BTANQ4Ryd8i13X8AZCE3x74AAAA=[0m[Pipeline] // withEnv
[8mha:////4O6RsV4M0sXUubaWZnEiR57jmx+elAKtVbOWF3fbNn4ZAAAApR+LCAAAAAAAAP9tjTEOwjAQBC9BFLSUPMKRSIOEqNJaaXiBiQ/jxLoztkNS8SK+xh+wiETFFqudbeb1hnUMcOJgRI80WIqdFd6NJi8xcRiujifR80V0TJEdihanljU2C7acEJYUJawkbJA6x9GSSbCVvXqoyiky1TmF/B0llFbf4QmFzOakQvrCHGB3G3Vk+nn+CmD2PkFZH3Lt6w+ENgLfvgAAAA==[0m[Pipeline] }
[8mha:////4P+JTR8jWqherR793LpGemJ5W2CdMinvnTeYGp+Zh5isAAAApR+LCAAAAAAAAP9tjTEOwjAQBC9BFLSUPOIihQohqrRWGl5gYmOcWHfGdkgqXsTX+AMWkajYYrWzzbzesI4BThwM9poGS7Gz6N1o8sKJw3B1PGHPF+yYIjuNrZ5aVrpZsOWkYUlRwkrARlPnOFoyCbailw9ZOUmmOqeQv6OA0qo7PKEQ2ZxkSF+YA+xuo4pMP89fAczeJyj3h1x1/QG31VljvgAAAA==[0m[Pipeline] // node
[8mha:////4DpR3TLIqU+s+pQsNc2OSe+QtLG8YlYKzoaU7/AD4Ve/AAAApB+LCAAAAAAAAP9tjTEOwjAQBC9BFLSUPOICiA6lorXc8AKTGOPEugu2g1PxIr7GH7CIRMUWq51t5vWGZfBQszfYaeothcbi4EaTFyb2/dVxwo4v2DAFdhqlTpJbfZpRctQwpyhhIWClqXEcLJkIa9Gph6qcIlOdo8/fUUBp2zs8oRDZHJWPX5g8bG5jG5h+nr8CmIYhQnnY5trvPkvr+Bi+AAAA[0m[Pipeline] }
[8mha:////4KkkXciBkqvCj3iFFNf1SZvc/6DDh9f7loxDUi+1607oAAAApB+LCAAAAAAAAP9tjTEOwjAQBC9BFLSUPOICiA6lorXc8AKTGOPEugu2g1PxIr7GH7CIRMUWq51t5vWGZfBQszfYaeothcbi4EaTFyb2/dVxwo4v2DAFdhqlTpJbfZpRctQwpyhhIWClqXEcLJkIa9Gph6qcIlOdo8/fUUBp2zs8oRDZHJWPX5g8bG5jG5h+nr8CmIYhQnnY5dpvP3gIo6S+AAAA[0m[Pipeline] // stage
[8mha:////4AAtR018ATGIga9Qm+Bs0KSPJAcWM/xx2ZE2jqt6dwH+AAAAph+LCAAAAAAAAP9tjTEOwjAQBM9BKWgpeYQjoXSIitZywwtMYowT6y7YF5KKF/E1/oAhEhVb7ay0mucLyhThQNHJzmLvMTVeDmF0ucmJYn8JNMmOzrIhTBSs1HbS1NrjgprYwhJRwErB2mITKHl0DBvVmbupgkFXnTjmba+g8O0NHiBUNrOJ/IU5wvY6tonw5/krgHlgEDVDUe8+x/INGmraTsEAAAA=[0m[Pipeline] stage
[8mha:////4LP5r8/58tnxad36FRHa86/B5pxGuzRqmkIFKejpryQKAAAApx+LCAAAAAAAAP9tjTEOwjAUQ3+LOrAycohUAjbE1DXKwglCE0La6P/yk9JOnIircQdaKjHhwbItWe/1hiIynIidaCy2HmPtRRd6NyUxELfXQINo6CJqwkjBCmUHRcZWS1WULCzKclhJWFusA0WPLsFGNvqhy6DRlefE03aUkHtzhydkciInzelbRobtrTeR8Mf5C4CxS5AfdrPt52fxAXzhjwPCAAAA[0m[Pipeline] { (Build)
[8mha:////4JKEJDtmjoCEkr/geLijiZ2/5dbVNHRhIyzrF6tbMDgAAAAAph+LCAAAAAAAAP9tjTEOwjAUQ3+DOrAycoh0oBtiYo26cILQhJA0+r9NUtKJE3E17kBLJSY8WLYl673eUMYAJwqGO42dxdha3vvRzIlnCt3NU+aOrrwljOQ1b3RuSOnzWhtKGlYVDDYCthpbT9GiSbATTj5k5SWa6pLCvB0FMKsGeEIhZnKSIX3LFGB/H1Uk/HH+AmDqE7D6sFi9PMsPBA4E38IAAAA=[0m[Pipeline] node
Running on [8mha:////4GcGUJYILzcXDUILh5IX5PSxj+2hDQ3DlKcvAXQn/vDZAAAAph+LCAAAAAAAAP9b85aBtbiIQTGjNKU4P08vOT+vOD8nVc83PyU1x6OyILUoJzMv2y+/JJUBAhiZGBgqihhk0NSjKDWzXb3RdlLBUSYGJk8GtpzUvPSSDB8G5tKinBIGIZ+sxLJE/ZzEvHT94JKizLx0a6BxUmjGOUNodHsLgAzeEgYp/eT83ILSktQi/azUvOzMvGJVI5fE9NS8En0A4Zrl388AAAA=[0mjenkins-agent in /jenkins-agent/workspace/CICD-pipeline
[8mha:////4H91oZ5ojkYcqrxyfB/2M4uSTr63XukuIaoKaCjTZDlqAAAAph+LCAAAAAAAAP9tjTEOwjAUQ3+LOrAycoh0KRNiYo2ycILQhJA0+r9NUtKJE3E17kBLJSY8WLYl673eUMUAJwqGOY2dxdha1vvRzIllCt3NU2aOrqwljOQ1EzoLUvq8VkFJw6qihA2HrcbWU7RoEuy4kw9Ze4mmvqQwb0cOpVUDPKHgMznJkL5lCrC/jyoS/jh/ATD1CcqmWeywPKsPIshjPcIAAAA=[0m[Pipeline] {
[8mha:////4D0EUArGF3o3vybe9mVyrwBcL6lA+jBtQ2EJv/BeWXYcAAAApB+LCAAAAAAAAP9tjTEOwjAQBC9BFLSUPOLSAA2iSmu54QUmNsaJdWdsh6TiRXyNPxCIRMUWq51t5vmCZYpw5GixNdQ5So3D4Hs7LRw4dhfPA7Z8xoYpsTcozSBZm3pGydnAnKKEhYCVocZzcmQzrEWr7qryimx1ynH6DgJKp2/wgEJM5qxi/sIYYXPtdWL6ef4KYAwZyu3uU/vwBj0vY+u+AAAA[0m[Pipeline] checkout
The recommended git tool is: NONE
using credential cc06d1e1-44a5-4361-9e9c-eadedc84103a
Fetching changes from the remote Git repository
Checking out Revision de416a4f317d211fc9afbfaca66bffd2664d62c4 (origin/develop)
Commit message: "asdas"
[8mha:////4K9dibUACI+8x+m1EL/rOTRvxgt0aFZC9TB8O4R5wWLzAAAApx+LCAAAAAAAAP9tjTEOwjAUQ3+LOrAycoh0ATEgpq5RFk4QmhDSRv+Xn5R24kRcjTvQUokJD5ZtyXqvNxSR4UTsRGOx9RhrL7rQuymJgbi9BhpEQxdRE0YKVig7KDK2WqqiZGFRlsNKwtpiHSh6dAk2stEPXQaNrjwnnrajhNybOzwhkxM5aU7fMjJsb72JhD/OXwCMXYJ8t5/tMD+LD+m2JbHCAAAA[0m[Pipeline] withEnv
[8mha:////4LaDUU3dNvuE0p6JR0WrWLXH654VyGcF61/u3uBeD4FYAAAAqB+LCAAAAAAAAP9tjTEOwjAUQ3+LOrAycoh0QQIJMXWNsnCC0ISQNvq//KS0EyfiatyBlkpMeLBsS9Z7vaGIDCdiJxqLrcdYe9GF3k1JDMTtNdAgGrqImjBSsELZQZGx1VIVJQuLshxWEtYW60DRo0uwkY1+6DJodOU58bQdJeTe3OEJmZzISXP6lpFhe+tNJPxx/gJg7BLku/1sh/lZfAD9vR8YwgAAAA==[0m[Pipeline] {
 > git rev-parse --resolve-git-dir /jenkins-agent/workspace/CICD-pipeline/.git # timeout=10
 > git config remote.origin.url https://github.com/nghiattr/flask-docker.git # timeout=10
Fetching upstream changes from https://github.com/nghiattr/flask-docker.git
 > git --version # timeout=10
 > git --version # 'git version 2.25.1'
using GIT_ASKPASS to set credentials github-acc-nghiattr
 > git fetch --tags --force --progress -- https://github.com/nghiattr/flask-docker.git +refs/heads/*:refs/remotes/origin/* # timeout=10
Seen branch in repository origin/develop
Seen branch in repository origin/feature/testpullrq
Seen branch in repository origin/master
Seen 3 remote branches
 > git show-ref --tags -d # timeout=10
 > git config core.sparsecheckout # timeout=10
 > git checkout -f de416a4f317d211fc9afbfaca66bffd2664d62c4 # timeout=10
[8mha:////4O/SgGzULAhKb7cAF96afsczpuZ40euAi7SnnPHcPbXXAAAApx+LCAAAAAAAAP9tjTEOwjAUQ3+LOrAycoh0YQAhpq5RFk4QmhDSRv+Xn5R24kRcjTvQUokJD5ZtyXqvNxSR4UTsRGOx9RhrL7rQuymJgbi9BhpEQxdRE0YKVig7KDK2WqqiZGFRlsNKwtpiHSh6dAk2stEPXQaNrjwnnrajhNybOzwhkxM5aU7fMjJsb72JhD/OXwCMXYJ8t5/tMD+LD56au0DCAAAA[0m[Pipeline] withEnv
[8mha:////4IYfepm4ow6ekc55g1m4VlNqhgFVCGWdmfo3B4r82jT/AAAAqB+LCAAAAAAAAP9tjTEOwjAUQ3+LOrAycoiUAQaEOrFGXThBaEJIGv1fkpR04kRcjTsQqMSEB8u2ZL3nC6rgoSGvmVXYGwydYYMbdU4ske8vjhKzdGYdYSCnWKtSS1Id59pSVDCrKGHBYamwcxQM6ggrbsVd1E6grk/R5+3AoTTyBg8oeCZH4eO3TB7W11EGwh/nLwCmIUK53WfbbT7P6g0iH00AwgAAAA==[0m[Pipeline] {
[8mha:////4NIH6HtqCyepW3S/+aEJhWnwV1vZDTpwfkU/0o/jQRq2AAAApx+LCAAAAAAAAP9tjTEOwjAUQ3+LOrAycogUBibE1DXKwglCE0La6P/yk9JOnIircQdaKjHhwbItWe/1hiIynIidaCy2HmPtRRd6NyUxELfXQINo6CJqwkjBCmUHRcZWS1WULCzKclhJWFusA0WPLsFGNvqhy6DRlefE03aUkHtzhydkciInzelbRobtrTeR8Mf5C4CxS5AfdrPt52fxAW2++SvCAAAA[0m[Pipeline] script
[8mha:////4JBPBxrBbES2zA5+bm4WWEQtstsZpTXGscth3igFEam1AAAApx+LCAAAAAAAAP9tjTEOwjAUQ3+LOrAycohUIDEhpq5RFk4QmhDSRv+Xn5R24kRcjTvQUokJD5ZtyXqvNxSR4UTsRGOx9RhrL7rQuymJgbi9BhpEQxdRE0YKVig7KDK2WqqiZGFRlsNKwtpiHSh6dAk2stEPXQaNrjwnnrajhNybOzwhkxM5aU7fMjJsb72JhD/OXwCMXYL8sJttPz+LDwMT42zCAAAA[0m[Pipeline] {
[8mha:////4IRGSTC4+Xbg+b9ouzOaLhYgYF6dADb8Wb7scWSuEYU8AAAApx+LCAAAAAAAAP9tjTEOwjAUQ3+LOrAycohUAjEhpq5RFk4QmhDSRv+Xn5R24kRcjTvQUokJD5ZtyXqvNxSR4UTsRGOx9RhrL7rQuymJgbi9BhpEQxdRE0YKVig7KDK2WqqiZGFRlsNKwtpiHSh6dAk2stEPXQaNrjwnnrajhNybOzwhkxM5aU7fMjJsb72JhD/OXwCMXYL8sJttPz+LD6emXT7CAAAA[0m[Pipeline] withEnv
[8mha:////4LAakj2jGvY77utcr2cSAO7X/X799RbJgVYEvCAMegKrAAAApx+LCAAAAAAAAP9tjTEOwjAUQ3+LOrAycoh0ACbE1DXKwglCE0La6P/yk9JOnIircQdaKjHhwbItWe/1hiIynIidaCy2HmPtRRd6NyUxELfXQINo6CJqwkjBCmUHRcZWS1WULCzKclhJWFusA0WPLsFGNvqhy6DRlefE03aUkHtzhydkciInzelbRobtrTeR8Mf5C4CxS5AfdrPt52fxAd9J1uLCAAAA[0m[Pipeline] {
[8mha:////4PDpdKNPs7qAAtJe63kByMs0reiE/ZDkEHtY9/uOmbZJAAAAph+LCAAAAAAAAP9tjTEOwjAUQ3+DOrAycoh0oRNiYo26cILQhJA0+r9NUtKJE3E17kBLJSY8WLYl673eUMYAJwqGO42dxdha3vvRzIlnCt3NU+aOrrwljOQ1b3RuSOnzWhtKGlYVDDYCthpbT9GiSbATTj5k5SWa6pLCvB0FMKsGeEIhZnKSIX3LFGB/H1Uk/HH+AmDqE7D6sFi9PMsP+Y+xAMIAAAA=[0m[Pipeline] withDockerRegistry
Using the existing docker config file.Removing blacklisted property: auths$ docker login -u admin -p ******** http://34.150.85.230:5000
WARNING! Using --password via the CLI is insecure. Use --password-stdin.
WARNING! Your password will be stored unencrypted in /jenkins-agent/workspace/CICD-pipeline@tmp/292a556f-ccfd-458f-a7da-677e8b00997a/config.json.
Configure a credential helper to remove this warning. See
https://docs.docker.com/engine/reference/commandline/login/#credentials-store

Login Succeeded
[8mha:////4P8J9E9UutAfwHkSqq3XEjOkUjNap8hTEqkjTqr+6B69AAAAph+LCAAAAAAAAP9tjTEOwjAUQ3+LOrAycoh0KgtiYo2ycILQhJA0+r9NUtKJE3E17kBLJSY8WLYl673eUMUAJwqGOY2dxdha1vvRzIllCt3NU2aOrqwljOQ1EzoLUvq8VkFJw6qihA2HrcbWU7RoEuy4kw9Ze4mmvqQwb0cOpVUDPKHgMznJkL5lCrC/jyoS/jh/ATD1CcqmWeywPKsPlyKrR8IAAAA=[0m[Pipeline] {
[8mha:////4Hl+HRUvsPl5749LRorS5nCuKCfM2GlrWp19wWUsQ08bAAAApB+LCAAAAAAAAP9tjTEOwjAQBC9BFLSUPOJSAQWiSmu54QUmNsaJdWdsh6TiRXyNPxCIRMUWq51t5vmCZYpw5GixNdQ5So3D4Hs7LRw4dhfPA7Z8xoYpsTcozSBZm3pGydnAnKKEhYCVocZzcmQzrEWr7qryimx1ynH6DgJKp2/wgEJM5qxi/sIYYXPtdWL6ef4KYAwZyu3uU/vwBkhu+A6+AAAA[0m[Pipeline] sh
+ docker build -t flask-docker:develop-de416a4 .
Sending build context to Docker daemon  3.412MB
Step 1/7 : FROM python:3.8-slim-buster
3.8-slim-buster: Pulling from library/python
72a69066d2fe: Pulling fs layer
758aab0c7b73: Pulling fs layer
1db83a6395ee: Pulling fs layer
b3b8b56b0660: Pulling fs layer
513cdf2c811a: Pulling fs layer
b3b8b56b0660: Waiting
513cdf2c811a: Waiting
758aab0c7b73: Verifying Checksum
758aab0c7b73: Download complete
1db83a6395ee: Verifying Checksum
1db83a6395ee: Download complete
72a69066d2fe: Verifying Checksum
72a69066d2fe: Download complete
b3b8b56b0660: Verifying Checksum
b3b8b56b0660: Download complete
513cdf2c811a: Verifying Checksum
513cdf2c811a: Download complete
72a69066d2fe: Pull complete
758aab0c7b73: Pull complete
1db83a6395ee: Pull complete
b3b8b56b0660: Pull complete
513cdf2c811a: Pull complete
Digest: sha256:dae221bf222c2f68868dcdadfc3c1a3a3175b0297ac629f649ec72cc7c7a9f1f
Status: Downloaded newer image for python:3.8-slim-buster
 ---> 5cc8cb0c433a
Step 2/7 : RUN pip install poetry
 ---> Running in 709b6fbf4393
Collecting poetry
  Downloading poetry-1.1.12-py2.py3-none-any.whl (175 kB)
Collecting shellingham<2.0,>=1.1
  Downloading shellingham-1.4.0-py2.py3-none-any.whl (9.4 kB)
Collecting keyring<22.0.0,>=21.2.0
  Downloading keyring-21.8.0-py3-none-any.whl (32 kB)
Collecting tomlkit<1.0.0,>=0.7.0
  Downloading tomlkit-0.8.0-py3-none-any.whl (33 kB)
Collecting cachy<0.4.0,>=0.3.0
  Downloading cachy-0.3.0-py2.py3-none-any.whl (20 kB)
Collecting cachecontrol[filecache]<0.13.0,>=0.12.9
  Downloading CacheControl-0.12.10-py2.py3-none-any.whl (20 kB)
Collecting clikit<0.7.0,>=0.6.2
  Downloading clikit-0.6.2-py2.py3-none-any.whl (91 kB)
Collecting poetry-core<1.1.0,>=1.0.7
  Downloading poetry_core-1.0.7-py2.py3-none-any.whl (424 kB)
Collecting crashtest<0.4.0,>=0.3.0
  Downloading crashtest-0.3.1-py3-none-any.whl (7.0 kB)
Collecting virtualenv<21.0.0,>=20.0.26
  Downloading virtualenv-20.13.0-py2.py3-none-any.whl (6.5 MB)
Collecting cleo<0.9.0,>=0.8.1
  Downloading cleo-0.8.1-py2.py3-none-any.whl (21 kB)
Collecting requests<3.0,>=2.18
  Downloading requests-2.27.1-py2.py3-none-any.whl (63 kB)
Collecting requests-toolbelt<0.10.0,>=0.9.1
  Downloading requests_toolbelt-0.9.1-py2.py3-none-any.whl (54 kB)
Collecting packaging<21.0,>=20.4
  Downloading packaging-20.9-py2.py3-none-any.whl (40 kB)
Collecting pexpect<5.0.0,>=4.7.0
  Downloading pexpect-4.8.0-py2.py3-none-any.whl (59 kB)
Collecting pkginfo<2.0,>=1.4
  Downloading pkginfo-1.8.2-py2.py3-none-any.whl (26 kB)
Collecting html5lib<2.0,>=1.0
  Downloading html5lib-1.1-py2.py3-none-any.whl (112 kB)
Collecting msgpack>=0.5.2
  Downloading msgpack-1.0.3-cp38-cp38-manylinux_2_17_x86_64.manylinux2014_x86_64.whl (322 kB)
Collecting lockfile>=0.9
  Downloading lockfile-0.12.2-py2.py3-none-any.whl (13 kB)
Collecting pylev<2.0,>=1.3
  Downloading pylev-1.4.0-py2.py3-none-any.whl (6.1 kB)
Collecting pastel<0.3.0,>=0.2.0
  Downloading pastel-0.2.1-py2.py3-none-any.whl (6.0 kB)
Collecting webencodings
  Downloading webencodings-0.5.1-py2.py3-none-any.whl (11 kB)
Collecting six>=1.9
  Downloading six-1.16.0-py2.py3-none-any.whl (11 kB)
Collecting jeepney>=0.4.2
  Downloading jeepney-0.7.1-py3-none-any.whl (54 kB)
Collecting SecretStorage>=3.2
  Downloading SecretStorage-3.3.1-py3-none-any.whl (15 kB)
Collecting pyparsing>=2.0.2
  Downloading pyparsing-3.0.6-py3-none-any.whl (97 kB)
Collecting ptyprocess>=0.5
  Downloading ptyprocess-0.7.0-py2.py3-none-any.whl (13 kB)
Collecting charset-normalizer~=2.0.0
  Downloading charset_normalizer-2.0.10-py3-none-any.whl (39 kB)
Collecting idna<4,>=2.5
  Downloading idna-3.3-py3-none-any.whl (61 kB)
Collecting certifi>=2017.4.17
  Downloading certifi-2021.10.8-py2.py3-none-any.whl (149 kB)
Collecting urllib3<1.27,>=1.21.1
  Downloading urllib3-1.26.7-py2.py3-none-any.whl (138 kB)
Collecting cryptography>=2.0
  Downloading cryptography-36.0.1-cp36-abi3-manylinux_2_24_x86_64.whl (3.6 MB)
Collecting cffi>=1.12
  Downloading cffi-1.15.0-cp38-cp38-manylinux_2_12_x86_64.manylinux2010_x86_64.whl (446 kB)
Collecting pycparser
  Downloading pycparser-2.21-py2.py3-none-any.whl (118 kB)
Collecting platformdirs<3,>=2
  Downloading platformdirs-2.4.1-py3-none-any.whl (14 kB)
Collecting filelock<4,>=3.2
  Downloading filelock-3.4.2-py3-none-any.whl (9.9 kB)
Collecting distlib<1,>=0.3.1
  Downloading distlib-0.3.4-py2.py3-none-any.whl (461 kB)
Installing collected packages: pycparser, urllib3, idna, charset-normalizer, cffi, certifi, requests, pylev, pastel, msgpack, jeepney, cryptography, crashtest, webencodings, six, SecretStorage, pyparsing, ptyprocess, platformdirs, lockfile, filelock, distlib, clikit, cachecontrol, virtualenv, tomlkit, shellingham, requests-toolbelt, poetry-core, pkginfo, pexpect, packaging, keyring, html5lib, cleo, cachy, poetry
Successfully installed SecretStorage-3.3.1 cachecontrol-0.12.10 cachy-0.3.0 certifi-2021.10.8 cffi-1.15.0 charset-normalizer-2.0.10 cleo-0.8.1 clikit-0.6.2 crashtest-0.3.1 cryptography-36.0.1 distlib-0.3.4 filelock-3.4.2 html5lib-1.1 idna-3.3 jeepney-0.7.1 keyring-21.8.0 lockfile-0.12.2 msgpack-1.0.3 packaging-20.9 pastel-0.2.1 pexpect-4.8.0 pkginfo-1.8.2 platformdirs-2.4.1 poetry-1.1.12 poetry-core-1.0.7 ptyprocess-0.7.0 pycparser-2.21 pylev-1.4.0 pyparsing-3.0.6 requests-2.27.1 requests-toolbelt-0.9.1 shellingham-1.4.0 six-1.16.0 tomlkit-0.8.0 urllib3-1.26.7 virtualenv-20.13.0 webencodings-0.5.1
[91mWARNING: Running pip as the 'root' user can result in broken permissions and conflicting behaviour with the system package manager. It is recommended to use a virtual environment instead: https://pip.pypa.io/warnings/venv
[0m[91mWARNING: You are using pip version 21.2.4; however, version 21.3.1 is available.
You should consider upgrading via the '/usr/local/bin/python -m pip install --upgrade pip' command.
[0mRemoving intermediate container 709b6fbf4393
 ---> 3fccc10f72d5
Step 3/7 : WORKDIR /app
 ---> Running in 7caccecbc75f
Removing intermediate container 7caccecbc75f
 ---> d1e191e2c43c
Step 4/7 : COPY ./ /app
 ---> 052f819229bb
Step 5/7 : RUN poetry install
 ---> Running in 28df2e5abf5b
Creating virtualenv flask-docker-9TtSrW0h-py3.8 in /root/.cache/pypoetry/virtualenvs
Installing dependencies from lock file

Package operations: 16 installs, 0 updates, 0 removals

  â¢ Installing markupsafe (1.1.1)
  â¢ Installing pyparsing (2.4.7)
  â¢ Installing six (1.15.0)
  â¢ Installing attrs (19.3.0)
  â¢ Installing click (7.1.2)
  â¢ Installing itsdangerous (1.1.0)
  â¢ Installing more-itertools (8.4.0)
  â¢ Installing jinja2 (2.11.2)
  â¢ Installing packaging (20.4)
  â¢ Installing pluggy (0.13.1)
  â¢ Installing py (1.9.0)
  â¢ Installing wcwidth (0.2.5)
  â¢ Installing werkzeug (1.0.1)
  â¢ Installing flask (1.1.2)
  â¢ Installing gunicorn (20.0.4)
  â¢ Installing pytest (5.4.3)
Removing intermediate container 28df2e5abf5b
 ---> 2fcab302f012
Step 6/7 : ENTRYPOINT ["poetry","run"]
 ---> Running in 045cfae2595f
Removing intermediate container 045cfae2595f
 ---> 867f2d999c55
Step 7/7 : CMD ["gunicorn","-b","0.0.0.0:5000", "server:app"]
 ---> Running in f287c2de17f2
Removing intermediate container f287c2de17f2
 ---> 099d3bf851a5
Successfully built 099d3bf851a5
Successfully tagged flask-docker:develop-de416a4
[8mha:////4BpNnYZ/NpOl9tJfmDB7aW+DeLvzXw/mEKIJpSnug9jLAAAApB+LCAAAAAAAAP9tjTEOwjAQBC9BFLSUPOJSgZAQVVrLDS8wsTFOrDtjOyQVL+Jr/IFAJCq2WO1sM88XLFOEI0eLraHOUWocBt/baeHAsbt4HrDlMzZMib1BaQbJ2tQzSs4G5hQlLASsDDWekyObYS1adVeVV2SrU47TdxBQOn2DBxRiMmcV8xfGCJtrrxPTz/NXAGPIUG53n9qHN4dyYIm+AAAA[0m[Pipeline] sh
+ docker tag flask-docker:develop-de416a4 flask-docker:latest
[8mha:////4IZP3UBDvyDNi9BwB+3zFiBpeDRWPipDj7PaoSPrj5WQAAAApB+LCAAAAAAAAP9tjTEOwjAQBC9BFLSUPOJSgYQQVVrLDS8wsTFOrDtjOyQVL+Jr/IFAJCq2WO1sM88XLFOEI0eLraHOUWocBt/baeHAsbt4HrDlMzZMib1BaQbJ2tQzSs4G5hQlLASsDDWekyObYS1adVeVV2SrU47TdxBQOn2DBxRiMmcV8xfGCJtrrxPTz/NXAGPIUG53n9qHN8ZDe5C+AAAA[0m[Pipeline] sh
+ grep flask-docker
+ docker image ls
flask-docker                    develop-de416a4   099d3bf851a5   Less than a second ago   202MB
flask-docker                    latest            099d3bf851a5   Less than a second ago   202MB
[8mha:////4GafqXRGKptQGPBR3YZbJAdPcPKYW9Sl5z2iJs3bmIpVAAAApB+LCAAAAAAAAP9tjTEOwjAQBC9BFLSUPOJCQxpEldZKwwtMbIwT687YDknFi/gaf8AiEhVbrHa2mdcb1jHAiYPBXtNgKXYWvRtNXjhxGK6OJ+z5gh1TZKex1VPLSjcLtpw0LClKWAnYaOocR0smwVb08iErJ8lU5xTydxRQWnWHJxQim5MM6QtzgN1tVJHp5/krgNknKA91rnrvP9ZG/0O+AAAA[0m[Pipeline] sh
+ docker tag flask-docker 34.150.85.230:5000/flask-docker:develop-de416a4
[8mha:////4MuipJ1n3XHlub3ALv7V5spdgL+um/IdigOgefVTDQEaAAAApR+LCAAAAAAAAP9tjTEOwjAQBC9BFLSUPOIiCtIgqrRWGl5gYmOcWHfGdkgqXsTX+AMWkajYYrWzzbzesI4BThwM9poGS7Gz6N1o8sKJw3B1PGHPF+yYIjuNrZ5aVrpZsOWkYUlRwkrARlPnOFoyCbailw9ZOUmmOqeQv6OA0qo7PKEQ2ZxkSF+YA+xuo4pMP89fAcw+QXmoc9V7/wGXd+RavgAAAA==[0m[Pipeline] sh
+ docker push 34.150.85.230:5000/flask-docker:develop-de416a4
The push refers to repository [34.150.85.230:5000/flask-docker]
e42cd099a438: Preparing
f7bf1595f745: Preparing
1690ca5073c0: Preparing
cbd1031fd09c: Preparing
c0c176f8b748: Preparing
527dab09f1a0: Preparing
f2404ba18ea9: Preparing
c42229255bc9: Preparing
ad6b69b54919: Preparing
527dab09f1a0: Waiting
f2404ba18ea9: Waiting
c42229255bc9: Waiting
ad6b69b54919: Waiting
1690ca5073c0: Pushed
527dab09f1a0: Pushed
f7bf1595f745: Pushed
c0c176f8b748: Pushed
c42229255bc9: Pushed
e42cd099a438: Pushed
f2404ba18ea9: Pushed
cbd1031fd09c: Pushed
ad6b69b54919: Pushed
develop-de416a4: digest: sha256:99a08606123051a737c5b0e2ec53b17676be2a8737b94e50277625ec0264b4e1 size: 2212
[8mha:////4EHAcls5ezsPes3lT4aqqlzWakU6letTEEPgf8GyDdJoAAAApR+LCAAAAAAAAP9tjTEOwjAQBC9BFLSUPOIiIZEGUaW10vACExvjxLoztkNS8SK+xh+wiETFFqudbeb1hnUMcOJgsNc0WIqdRe9GkxdOHIar4wl7vmDHFNlpbPXUstLNgi0nDUuKElYCNpo6x9GSSbAVvXzIykky1TmF/B0FlFbd4QmFyOYkQ/rCHGB3G1Vk+nn+CmD2CcpDnave+w9UJMlxvgAAAA==[0m[Pipeline] sh
+ docker tag flask-docker 34.150.85.230:5000/flask-docker:latest
[8mha:////4MIil8vr2B8LUJuSuElR2Te6X6ASISNw600xZhbbdYyVAAAApR+LCAAAAAAAAP9tjTEOwjAQBC9BFLSUPOJSINIgqrRWGl5gYmOcWHfGdkgqXsTX+AMWkajYYrWzzbzesI4BThwM9poGS7Gz6N1o8sKJw3B1PGHPF+yYIjuNrZ5aVrpZsOWkYUlRwkrARlPnOFoyCbailw9ZOUmmOqeQv6OA0qo7PKEQ2ZxkSF+YA+xuo4pMP89fAcw+QXmoc9V7/wEVFdJovgAAAA==[0m[Pipeline] sh
+ docker push 34.150.85.230:5000/flask-docker:latest
The push refers to repository [34.150.85.230:5000/flask-docker]
e42cd099a438: Preparing
f7bf1595f745: Preparing
1690ca5073c0: Preparing
cbd1031fd09c: Preparing
c0c176f8b748: Preparing
527dab09f1a0: Preparing
f2404ba18ea9: Preparing
c42229255bc9: Preparing
ad6b69b54919: Preparing
527dab09f1a0: Waiting
f2404ba18ea9: Waiting
c42229255bc9: Waiting
1690ca5073c0: Layer already exists
e42cd099a438: Layer already exists
c0c176f8b748: Layer already exists
f7bf1595f745: Layer already exists
cbd1031fd09c: Layer already exists
c42229255bc9: Layer already exists
527dab09f1a0: Layer already exists
f2404ba18ea9: Layer already exists
ad6b69b54919: Layer already exists
latest: digest: sha256:99a08606123051a737c5b0e2ec53b17676be2a8737b94e50277625ec0264b4e1 size: 2212
[8mha:////4O7YlRgd8oCIkQFa4xSz4C/VQgL2Y5b9H+CLOLOrjCC5AAAApB+LCAAAAAAAAP9tjTEOwjAQBC9BFLSUPOLSQBpEldZKwwtMbIwT687YDknFi/gaf8AiEhVbrHa2mdcb1jHAiYPBXtNgKXYWvRtNXjhxGK6OJ+z5gh1TZKex1VPLSjcLtpw0LClKWAnYaOocR0smwVb08iErJ8lU5xTydxRQWnWHJxQim5MM6QtzgN1tVJHp5/krgNknKA91rnrvP9KDkye+AAAA[0m[Pipeline] sh
+ grep flask-docker
+ docker image ls
34.150.85.230:5000/flask-docker   develop-de416a4   099d3bf851a5   14 seconds ago   202MB
34.150.85.230:5000/flask-docker   latest            099d3bf851a5   14 seconds ago   202MB
flask-docker                      develop-de416a4   099d3bf851a5   14 seconds ago   202MB
flask-docker                      latest            099d3bf851a5   14 seconds ago   202MB
[8mha:////4ODrb+OUZtfOh7KERQkCHbrEAfvqzVGWPHe107X/x4s2AAAApB+LCAAAAAAAAP9tjTEOwjAQBC9BFLSUPMKpkgZR0VppeIGJjXFi3Tn2haTiRXyNP2ARiYotVjvbzOsN2xThRNGK3uDgMHVOBD/ZvMRMcbh5mkVPV9ERJvJGtGZuSZvzii2xgTVFCRsJO4Odp+TQMuxlrx6q8gptdeGYv6OE0ukRnlDIbGYV+QtLhMN90onw5/krgCUEhrKpc9XNB7Vojw6+AAAA[0m[Pipeline] }
[8mha:////4EaNcuFo6QCoH8FI3mtf0Xx85Rh8WaxFs8X1sUrpI8B6AAAApB+LCAAAAAAAAP9tjTEOwjAQBC9BFLSUPMKpkgZR0VppeIGJjXFi3Tn2haTiRXyNP2ARiYotVjvbzOsN2xThRNGK3uDgMHVOBD/ZvMRMcbh5mkVPV9ERJvJGtGZuSZvzii2xgTVFCRsJO4Odp+TQMuxlrx6q8gptdeGYv6OE0ukRnlDIbGYV+QtLhMN90onw5/krgCUEhrJpctX1B6FLEhG+AAAA[0m[Pipeline] // withDockerRegistry
[8mha:////4Eh8J7H+L8kclse4Kvlt5Ds4hwgYDOSycEf3q0c48gJxAAAApR+LCAAAAAAAAP9tjTsOwjAQRDdBFLSUHGLT8ClQKlrLDScwiTFOrN1gOzgVJ+Jq3AGLSFRMMZo3zXu9YRk81OwNdpp6S6GxOLjR5IWJfX91nLDjCzZMgZ1GqZPkVp9mlBw1zClKWAhYaWocB0smwlp06qEqp8hU5+jzdxRQ2vYOTyhENkfl4xcmD5vb2Aamn+evAKZhiFDuD7l22w+SqEmtvgAAAA==[0m[Pipeline] }
[8mha:////4J78kivu5PeJ0d4iMsapbXMqimb4mOuCBabolaQEFzb3AAAAph+LCAAAAAAAAP9tjTEOwjAQBC9BFLSUPOJSIBASSkVrueEFJjHGiXUXbAen4kV8jT9gEYmKLVY728zrDcvgoWZvsNPUWwqNxcGNJi9M7Pur44QdX7BhCuw0Sp0kt/o0o+SoYU5RwkLASlPjOFgyEdaiUw9VOUWmOkefv6OA0rZ3eEIhsjkqH78wedjcxjYw/Tx/BTANQ4Ryf8i1234A5I97wr4AAAA=[0m[Pipeline] // withEnv
[8mha:////4KcSNFC9EoXUMGrWBea6I83c5Cvhy/cqjXtNtuHnzG0fAAAAph+LCAAAAAAAAP9tjTEOwjAQBC9BFLSUPOIiIYGEUCpayw0vMIkxTqy7YDs4FS/ia/wBi0hUbLHa2WZeb1gGDzV7g52m3lJoLA5uNHlhYt9fHSfs+IINU2CnUeokudWnGSVHDXOKEhYCVpoax8GSibAWnXqoyiky1Tn6/B0FlLa9wxMKkc1R+fiFycPmNraB6ef5K4BpGCKU+0Ou3fYD12wgfr4AAAA=[0m[Pipeline] }
[8mha:////4M+DKfTxq+7le8Hq8iwk6YXwQHduTm8fLGHusyQg/VEHAAAApR+LCAAAAAAAAP9tjTEOwjAQBC9BFLSUPOICBaJAqWgtN7zAJMY4se6C7eBUvIiv8QcsIlGxxWpnm3m9YRk81OwNdpp6S6GxOLjR5IWJfX91nLDjCzZMgZ1GqZPkVp9mlBw1zClKWAhYaWocB0smwlp06qEqp8hU5+jzdxRQ2vYOTyhENkfl4xcmD5vb2Aamn+evAKZhiFAetrn2uw8RZ1FmvgAAAA==[0m[Pipeline] // script
[8mha:////4GtAIR3myJRq2Cd0kOLyWZDNgf7+aXJGkGqyToWxrutZAAAApR+LCAAAAAAAAP9tjTEOwjAQBC9BFLSUPOICBaJAqWgtN7zAJMY4se6C7eBUvIiv8QcsIlGxxWpnm3m9YRk81OwNdpp6S6GxOLjR5IWJfX91nLDjCzZMgZ1GqZPkVp9mlBw1zClKWAhYaWocB0smwlp06qEqp8hU5+jzdxRQ2vYOTyhENkfl4xcmD5vb2Aamn+evAKYhQrnf5jrshg+aKPY4vgAAAA==[0m[Pipeline] sh
+ docker image rm flask-docker:develop-de416a4
Untagged: flask-docker:develop-de416a4
[8mha:////4IqW3leCVFSaM4TsKbiCrPuQUhiJDLfUHtR+nEAq5LRwAAAAph+LCAAAAAAAAP9tjTEOwjAQBC9BFLSUPOKCkBAFSkVrueEFJjHGiXUXbAen4kV8jT9gEYmKLVY728zrDcvgoWZvsNPUWwqNxcGNJi9M7Pur44QdX7BhCuw0Sp0kt/o0o+SoYU5RwkLASlPjOFgyEdaiUw9VOUWmOkefv6OA0rZ3eEIhsjkqH78wedjcxjYw/Tx/BTANEcr9NtdhN3wAWXvbE74AAAA=[0m[Pipeline] sh
+ docker image rm flask-docker:latest
Untagged: flask-docker:latest
[8mha:////4JIoAw021Lh8LrMH9A+rvev5fOnZMP5i+6XuamJQzgJpAAAAph+LCAAAAAAAAP9tjTEOwjAQBC9BFLSUPOKChBAFSkVrueEFJjHGiXUXbAen4kV8jT9gEYmKLVY728zrDcvgoWZvsNPUWwqNxcGNJi9M7Pur44QdX7BhCuw0Sp0kt/o0o+SoYU5RwkLASlPjOFgyEdaiUw9VOUWmOkefv6OA0rZ3eEIhsjkqH78wedjcxjYw/Tx/BTANEcr9NtdhN3wAGErACr4AAAA=[0m[Pipeline] sh
+ docker image rm 34.150.85.230:5000/flask-docker:develop-de416a4
Untagged: 34.150.85.230:5000/flask-docker:develop-de416a4
[8mha:////4EUiqqn2SnhUs1yzKpz+dnlnt/GwuhBk3hztjd5CuyqOAAAApR+LCAAAAAAAAP9tjTEOwjAQBC9BFLSUPOJCAaJAqWgtN7zAJMY4se6C7eBUvIiv8QcsIlGxxWpnm3m9YRk81OwNdpp6S6GxOLjR5IWJfX91nLDjCzZMgZ1GqZPkVp9mlBw1zClKWAhYaWocB0smwlp06qEqp8hU5+jzdxRQ2vYOTyhENkfl4xcmD5vb2Aamn+evAKYhQrnf5jrshg/f3IFFvgAAAA==[0m[Pipeline] sh
+ docker image rm 34.150.85.230:5000/flask-docker:latest
Untagged: 34.150.85.230:5000/flask-docker:latest
Untagged: 34.150.85.230:5000/flask-docker@sha256:99a08606123051a737c5b0e2ec53b17676be2a8737b94e50277625ec0264b4e1
Deleted: sha256:099d3bf851a54c4757aade70947fa7fd24618092f5029bc11be5778814577767
Deleted: sha256:867f2d999c55bbffa7870a56fb19dc8697fc53bb218958eecb90b629347b8389
Deleted: sha256:2fcab302f012d1842386b290b3072e8272879e3646116505d70b4b2eab76b2ff
Deleted: sha256:a0509cbf3a532cf948c58898a9306c72f893349df786b376815acab75e174d34
Deleted: sha256:052f819229bb00cbefbd775b7c7d19338fb22e792358c181009c181503685aa5
Deleted: sha256:876c44644896135d5b8dcdab57120c1d180b5a2ba1b2dde87e57aa09f49e11bf
Deleted: sha256:d1e191e2c43c2d128844a8eafbb56f9df94dcba8bbd889950333ff79cd37c09d
Deleted: sha256:7a0a465ac78356727027bf71ecd854f0f758dadd1ecbb2a4e4ea35fc3e77205b
Deleted: sha256:3fccc10f72d57a6199404336eb4a670caf95986458f62a1abee749e7e6971845
Deleted: sha256:94280c1d55ae338c70ddf780860b2859b0aad5785388e2317de7915a2e588d53
[8mha:////4BReTvcKdd03FuIbIph72cI2EewfUCnTKuwWZN3vWXN1AAAApR+LCAAAAAAAAP9tjTEOwjAQBC9BFLSUPMKhiSgQVVorDS8w8WGcWHfGdkgqXsTX+AMWkajYYrWzzbzesI4BThyM6JEGS7GzwrvR5CUmDsPV8SR6voiOKbJD0eLUssZmwZYTwpKihJWEDVLnOFoyCbayVw9VOUWmOqeQv6OE0uo7PKGQ2ZxUSF+YA+xuo45MP89fAcw+QVnvcx1q/wGe7ZpcvgAAAA==[0m[Pipeline] sh
+ docker image ls
REPOSITORY                      TAG               IMAGE ID       CREATED       SIZE
busybox                         latest            beae173ccac6   6 days ago    1.24MB
34.150.85.230:5000/busybox      test              beae173ccac6   6 days ago    1.24MB
python                          3.8-slim-buster   5cc8cb0c433a   2 weeks ago   114MB
sonarsource/sonar-scanner-cli   latest            e60dc38b3b6e   3 weeks ago   326MB
[8mha:////4GjYb6r114RNSv89h2MOajYBYa+zbUMcdTaSIXmE62YtAAAApR+LCAAAAAAAAP9tjTEOwjAQBC9BFLSUPOJCAxQoFa3lhheYxBgn1l2wHZyKF/E1/oBFJCq2WO1sM683LIOHmr3BTlNvKTQWBzeavDCx76+OE3Z8wYYpsNModZLc6tOMkqOGOUUJCwErTY3jYMlEWItOPVTlFJnqHH3+jgJK297hCYXI5qh8/MLkYXMb28D08/wVwDQMEcrDPtdu+wGatA/HvgAAAA==[0m[Pipeline] }
[8mha:////4CuHzN5WnmBLFnOqUGqXT4vn+rHt7zzUR1aI/xzONH98AAAApR+LCAAAAAAAAP9tjTEOwjAQBC9BFLSUPMJpkCKEqNJaaXiBiQ/jxLoztkNS8SK+xh+wiETFFqudbeb1hnUMcOJgRI80WIqdFd6NJi8xcRiujifR80V0TJEdihanljU2C7acEJYUJawkbJA6x9GSSbCVvXqoyiky1TmF/B0llFbf4QmFzOakQvrCHGB3G3Vk+nn+CmD2PkFZ17n2hw/a7pRsvgAAAA==[0m[Pipeline] // withEnv
[8mha:////4PjNTxLfIRKZBwUonYAYB2oYYMf5H4vVh2+AUok7UojtAAAApR+LCAAAAAAAAP9tjTEOwjAQBC9BFLSUPOLSIBEJUaW10vACExvjxLoztkNS8SK+xh+wiETFFqudbeb1hnUMcOJgsNc0WIqdRe9GkxdOHIar4wl7vmDHFNlpbPXUstLNgi0nDUuKElYCNpo6x9GSSbAVvXzIykky1TmF/B0FlFbd4QmFyOYkQ/rCHGB3G1Vk+nn+CmD2PkF5qHPt6w+ZbMXqvgAAAA==[0m[Pipeline] }
[8mha:////4LMdsFCIL0/HQCU+T5aSiN+yOoMT+dXDQD6e601WnXN2AAAApR+LCAAAAAAAAP9tjTEOwjAQBC9BFLSUPMJpkCKEqNJaaXiBiQ/jxLoztkNS8SK+xh+wiETFFqudbeb1hnUMcOJgRI80WIqdFd6NJi8xcRiujifR80V0TJEdihanljU2C7acEJYUJawkbJA6x9GSSbCVvXqoyiky1TmF/B0llFbf4QmFzOakQvrCHGB3G3Vk+nn+CmD2PkFZH3Lt6w+toiaxvgAAAA==[0m[Pipeline] // withEnv
[8mha:////4MDrU8rKXpPwDst/WThWXulT8VVwGXIzH2o10o7KbDCDAAAAph+LCAAAAAAAAP9tjTEOwjAQBC9BFLSUPOJCARISSkVrueEFJjHGiXUXbAen4kV8jT9gEYmKLVY728zrDcvgoWZvsNPUWwqNxcGNJi9M7Pur44QdX7BhCuw0Sp0kt/o0o+SoYU5RwkLASlPjOFgyEdaiUw9VOUWmOkefv6OA0rZ3eEIhsjkqH78wedjcxjYw/Tx/BTANQ4TysM21238AoOJvjr4AAAA=[0m[Pipeline] }
[8mha:////4GdPOQOzeA1/cEsBB2MitkiEaH5sUEDVpWOXWEVtIHFOAAAAph+LCAAAAAAAAP9tjTEOwjAQBC9BFLSUPMIRUgokRJXWSsMLTHwYJ9adsR2SihfxNf6ARSQqtljtbDOvN6xjgBMHI3qkwVLsrPBuNHmJicNwdTyJni+iY4rsULQ4tayxWbDlhLCkKGElYYPUOY6WTIKt7NVDVU6Rqc4p5O8oobT6Dk8oZDYnFdIX5gC726gj08/zVwCz9wnKwz5XXX8AkwE0Mr4AAAA=[0m[Pipeline] // node
[8mha:////4Blq8a8xCkuwbXiexcn84NCruK5aGOE5HDAGOkxMJb+oAAAAph+LCAAAAAAAAP9tjTEOwjAQBC9BFLSUPOIiAQUSSkVrueEFJjHGiXUXbAen4kV8jT9gEYmKLVY728zrDcvgoWZvsNPUWwqNxcGNJi9M7Pur44QdX7BhCuw0Sp0kt/o0o+SoYU5RwkLASlPjOFgyEdaiUw9VOUWmOkefv6OA0rZ3eEIhsjkqH78wedjcxjYw/Tx/BTANQ4TysM21330AnubEKr4AAAA=[0m[Pipeline] }
[8mha:////4Fe3/x5YaBG7zR2PAmJRQbjloM5yq8b7Kn8fmxfSgaGyAAAAph+LCAAAAAAAAP9tjTEOwjAQBC9BFLSUPOIiAQUSSkVrueEFJjHGiXUXbAen4kV8jT9gEYmKLVY728zrDcvgoWZvsNPUWwqNxcGNJi9M7Pur44QdX7BhCuw0Sp0kt/o0o+SoYU5RwkLASlPjOFgyEdaiUw9VOUWmOkefv6OA0rZ3eEIhsjkqH78wedjcxjYw/Tx/BTANQ4TysMu1334ArQWflr4AAAA=[0m[Pipeline] // stage
[8mha:////4Hv4n1OX4/1TkbcSawWTTrsXUIg0nD4hylHHstNJXxCtAAAAph+LCAAAAAAAAP9tjTEOwjAQBC9BKWgpeYTTpEBCVLSWG15gYmOcWHfBvpBUvIiv8QcMkajYamel1TxfUKUIB4pOdBZ7j6n1Ygijy01MFPtLoEl0dBYtYaJghbKTImOPCypiC0uKElYS1hbbQMmjY9jITt91HTS6+sQxb3sJpTc3eEAhs5l15C/MEbbX0STCn+evAOaBoWgYyl3zOVZvc+MjX8EAAAA=[0m[Pipeline] stage
[8mha:////4NXxmGtWsjshN5daE2dWoIpkq30Ytl3MWh17Thq0peKBAAAAqB+LCAAAAAAAAP9tjTEOwjAUQ3+LOrAycoh0AQkJMXWNsnCC0ISQNvq//KS0EyfiatyBlkpMeLBsS9Z7vaGIDCdiJxqLrcdYe9GF3k1JDMTtNdAgGrqImjBSsELZQZGx1VIVJQuLshxWEtYW60DRo0uwkY1+6DJodOU58bQdJeTe3OEJmZzISXP6lpFhe+tNJPxx/gJg7BLkh91s+/lZfADX78n/wgAAAA==[0m[Pipeline] { (Deploy)
[8mha:////4NG/QeSvZDFG8MxPnEtqXSSdKqiaOiv4o4hzT3TKMQtJAAAApx+LCAAAAAAAAP9tjTEOwjAUQ3+LOrAycoh0AiEhpq5RFk4QmhDSRv+Xn5R24kRcjTvQUokJD5ZtyXqvNxSR4UTsRGOx9RhrL7rQuymJgbi9BhpEQxdRE0YKVig7KDK2WqqiZGFRlsNKwtpiHSh6dAk2stEPXQaNrjwnnrajhNybOzwhkxM5aU7fMjJsb72JhD/OXwCMXYL8sJttPz+LD7lC07jCAAAA[0m[Pipeline] node
Running on [8mha:////4GcGUJYILzcXDUILh5IX5PSxj+2hDQ3DlKcvAXQn/vDZAAAAph+LCAAAAAAAAP9b85aBtbiIQTGjNKU4P08vOT+vOD8nVc83PyU1x6OyILUoJzMv2y+/JJUBAhiZGBgqihhk0NSjKDWzXb3RdlLBUSYGJk8GtpzUvPSSDB8G5tKinBIGIZ+sxLJE/ZzEvHT94JKizLx0a6BxUmjGOUNodHsLgAzeEgYp/eT83ILSktQi/azUvOzMvGJVI5fE9NS8En0A4Zrl388AAAA=[0mjenkins-agent in /jenkins-agent/workspace/CICD-pipeline
[8mha:////4NGp4S6CrstvHLVuw5iwuif8w3+TX+ZAZD6UC56aq6jYAAAApx+LCAAAAAAAAP9tjTEOwjAUQ3+LOrAycoh0AyTE1DXKwglCE0La6P/yk9JOnIircQdaKjHhwbItWe/1hiIynIidaCy2HmPtRRd6NyUxELfXQINo6CJqwkjBCmUHRcZWS1WULCzKclhJWFusA0WPLsFGNvqhy6DRlefE03aUkHtzhydkciInzelbRobtrTeR8Mf5C4CxS5AfdrPt52fxAR33berCAAAA[0m[Pipeline] {
[8mha:////4MXupzRoE/BA6JJSkzBfGkdXAZlAFP8O7/941Lb2gv90AAAAox+LCAAAAAAAAP9tjTEOwjAQBC9BFLSUPOJSEglR0VppeIFJjLFj3Tm2g1PxIr7GHwhEomKL1c4283zBOgY4ctBoFfWGYmvQu1HPCzOH/uo4o+ULtkyRncJG5YY7dVqw4aRgSVHCSsBGUes4GtIJtsLKu6ycJF2dU5i/g4DSdAM8oBCzOcmQvjAF2N3GLjL9PH8FMPkEZb3/VO3fsf/KvL4AAAA=[0m[Pipeline] checkout
The recommended git tool is: NONE
using credential cc06d1e1-44a5-4361-9e9c-eadedc84103a
Fetching changes from the remote Git repository
Checking out Revision de416a4f317d211fc9afbfaca66bffd2664d62c4 (origin/develop)
Commit message: "asdas"
[8mha:////4G/ZCwEVNGnpq5vyW/uchpjVa5IXa7Nlptaqf6QNXtIXAAAAph+LCAAAAAAAAP9tjTEOwjAUQ3+LOrAycoh0BISYukZZOEFoQkgb/V9+UtqJE3E17kBLJSY8WLYl673eUESGE7ETjcXWY6y96ELvpiQG4vYaaBANXURNGClYoeygyNhqqYqShUVZDisJa4t1oOjRJdjIRj90GTS68px42o4Scm/u8IRMTuSkOX3LyLC99SYS/jh/ATB2CfL9brbD/Cw+rUnpEcIAAAA=[0m[Pipeline] withEnv
[8mha:////4NmUxL3A7pJhjjh3d+XNNK+zC0BMr4naMBUQoUH67yKiAAAApx+LCAAAAAAAAP9tjTEOwjAUQ3+LOrAycoiUkQoxdY2ycIKQhJA2+r8kKe3EibgadyBQiQkPlm3Jes8XVDHAkYJlncHeYVSODX60ObGJQn/xNLGOzkwRRvKGCTMJ0qZdqqBkYFFRworD2qDyFB3aBBveybusvURbn1LI24FD6fQNHlDwTE4ypG+ZA2yvo46EP85fAMxDgnLfZGt2n2f1Btc458LCAAAA[0m[Pipeline] {
[8mha:////4OJ9T5Ci++3U0eCVp75kVS/Hv02kvfx7VLLWL9QwaDRuAAAAox+LCAAAAAAAAP9tjTEOwjAQBC9BFLSUPOICJUJUaS03vMDExjix7oztkFS8iK/xBwKRqNhitbPNPF+wTBGOHC22hjpHqXEYfG+nhQPH7uJ5wJbP2DAl9galGSRrU88oORuYU5SwELAy1HhOjmyGtWjVXVVeka1OOU7fQUDp9A0eUIjJnFXMXxgjbK69Tkw/z18BjCFDud9+ahfe3xDHZb4AAAA=[0m[Pipeline] sh
+ helm upgrade --install -f helm-chart/values.yaml --wait flask2 helm-chart/
 > git rev-parse --resolve-git-dir /jenkins-agent/workspace/CICD-pipeline/.git # timeout=10
 > git config remote.origin.url https://github.com/nghiattr/flask-docker.git # timeout=10
Fetching upstream changes from https://github.com/nghiattr/flask-docker.git
 > git --version # timeout=10
 > git --version # 'git version 2.25.1'
using GIT_ASKPASS to set credentials github-acc-nghiattr
 > git fetch --tags --force --progress -- https://github.com/nghiattr/flask-docker.git +refs/heads/*:refs/remotes/origin/* # timeout=10
Seen branch in repository origin/develop
Seen branch in repository origin/feature/testpullrq
Seen branch in repository origin/master
Seen 3 remote branches
 > git show-ref --tags -d # timeout=10
 > git config core.sparsecheckout # timeout=10
 > git checkout -f de416a4f317d211fc9afbfaca66bffd2664d62c4 # timeout=10
WARNING: Kubernetes configuration file is group-readable. This is insecure. Location: /root/.kube/config
WARNING: Kubernetes configuration file is world-readable. This is insecure. Location: /root/.kube/config
Error: Kubernetes cluster unreachable: Get "https://34.126.169.158/version?timeout=32s": error executing access token command "/usr/lib/google-cloud-sdk/bin/gcloud config config-helper --format=json": err=fork/exec /usr/lib/google-cloud-sdk/bin/gcloud: no such file or directory output= stderr=
[8mha:////4BmDGaosJGwvawsbd/EYGthOwv1jJ1DiPj52zA6LUGbpAAAApB+LCAAAAAAAAP9tjTEOwjAQBC9BFLSUPOKC6BCiSmu54QUmNsaJdWdsh6TiRXyNPxCIRMUWq51t5vmCZYpw5GixNdQ5So3D4Hs7LRw4dhfPA7Z8xoYpsTcozSBZm3pGydnAnKKEhYCVocZzcmQzrEWr7qryimx1ynH6DgJKp2/wgEJM5qxi/sIYYXPtdWL6ef4KYAwhQ7nffWr7Bt3CFKC+AAAA[0m[Pipeline] }
[8mha:////4APfZCalNNFFUnFVyXHX7foinwIHhEDd5Iw+zAWqtM8+AAAApR+LCAAAAAAAAP9tjTEOwjAQBC9BFLSUPOJS0BAhqrRWGl5gYmOcWHfGdkgqXsTX+AMWkajYYrWzzbzesI4BThwM9poGS7Gz6N1o8sKJw3B1PGHPF+yYIjuNrZ5aVrpZsOWkYUlRwkrARlPnOFoyCbailw9ZOUmmOqeQv6OA0qo7PKEQ2ZxkSF+YA+xuo4pMP89fAczeJyjrfa5D/QGdmI8LvgAAAA==[0m[Pipeline] // withEnv
[8mha:////4Fb85k1rTS5sWbxqu2hj1V5aei0UmHtcjJkGvvh/Vv6SAAAApR+LCAAAAAAAAP9tjTEOwjAQBC9BFLSUPOLSIAFCqWgtN7zAJMY4se6C7eBUvIiv8QcsIlGxxWpnm3m9YRk81OwNdpp6S6GxOLjR5IWJfX91nLDjCzZMgZ1GqZPkVp9mlBw1zClKWAhYaWocB0smwlp06qEqp8hU5+jzdxRQ2vYOTyhENkfl4xcmD5vb2Aamn+evAKZhiFAetrn2uw8ihTLxvgAAAA==[0m[Pipeline] }
[8mha:////4Fb3AeczUWjEcLZP++o7KumecUsXMbyTwgh8xNARZ4YcAAAApR+LCAAAAAAAAP9tjTEOwjAQBC9BFLSUPOJSgUAoFa3lhheYxBgn1l2wHZyKF/E1/oBFJCq2WO1sM683LIOHmr3BTlNvKTQWBzeavDCx76+OE3Z8wYYpsNModZLc6tOMkqOGOUUJCwErTY3jYMlEWItOPVTlFJnqHH3+jgJK297hCYXI5qh8/MLkYXMb28D08/wVwDQMEcrDNtd+9wERZmlNvgAAAA==[0m[Pipeline] // node
[8mha:////4Msh/vC3F9snFmwey1i9jAgnc07ek8FOIZvgJU1lfOXsAAAApR+LCAAAAAAAAP9tjTEOwjAQBC9BFLSUPOJSgUAoFa3lhheYxBgn1l2wHZyKF/E1/oBFJCq2WO1sM683LIOHmr3BTlNvKTQWBzeavDCx76+OE3Z8wYYpsNModZLc6tOMkqOGOUUJCwErTY3jYMlEWItOPVTlFJnqHH3+jgJK297hCYXI5qh8/MLkYXMb28D08/wVwDQMEcrDLtd++wEFRfRSvgAAAA==[0m[Pipeline] }
[8mha:////4OuELNEZgi5dHOd2sq4d8uzYbsGCdHiDNbCs/pDctpntAAAApR+LCAAAAAAAAP9tjTEOwjAQBC9BFLSUPOLSIAFCqWgtN7zAJMY4se6C7eBUvIiv8QcsIlGxxWpnm3m9YRk81OwNdpp6S6GxOLjR5IWJfX91nLDjCzZMgZ1GqZPkVp9mlBw1zClKWAhYaWocB0smwlp06qEqp8hU5+jzdxRQ2vYOTyhENkfl4xcmD5vb2Aamn+evAKZhiFAedrn22w82pq/uvgAAAA==[0m[Pipeline] // stage
[8mha:////4ARp5VdWeMWiAy02M92TSzapzFQAUlg68RKRb260nSYLAAAAph+LCAAAAAAAAP9tjTEOwjAQBM9BKWgpeYTTUIAQFa3lhheY2Bgn1l2wLyQVL+Jr/IFAJCq22llpNc8XlDnBgZKXjcM2YK6D7GLvpyYHSu0l0iAbOsuaMFN0UrtBk3XHGTWxgzmigIWCpcM6Ug7oGVaqMXdTRYO+OnGatr2CItgbPECoycwm8RfGBOtrbzPhz/NXAGPHIDYMxW77OZZvvCiWjsEAAAA=[0m[Pipeline] stage
[8mha:////4LArR563v+hnbTk72HC8HPK/5DFEtGBYa2/0xrYC6LynAAAAph+LCAAAAAAAAP9tjTEOwjAUQ3+DOrAycoh0pUJMrFEXThCaEJJG/7dJSjpxIq7GHWipxIQHy7ZkvdcbyhjgRMFwp7GzGFvLez+aOfFMobt5ytzRlbeEkbzmjc4NKX1ea0NJw6qCwUbAVmPrKVo0CXbCyYesvERTXVKYt6MAZtUATyjETE4ypG+ZAuzvo4qEP85fAEx9AlYfFquXZ/kBsPrDv8IAAAA=[0m[Pipeline] { (Declarative: Post Actions)
[8mha:////4EjlcPRMAt3UmswaDMSr4RsXHIKWFJbF0+XqUF14Ok1VAAAApB+LCAAAAAAAAP9tjTESgjAQRRcYC1tLDxGwZBwr2gyNJ4hJjIHMLiaLUHkir+YdZGTGyl/995r3esMmRThRdKKz2HtM2oshjG55YqLYXwNNoqOL0ISJghWtnVoytlmxJbawLsuhkLC1qAMlj45hJzv1UGVQ6Mozx8UdJeTe3OEJmVzKrCJ/YY6wv40mEf46fwMwDwx5XTMUh6oaPqKpLoK/AAAA[0m[Pipeline] echo
FAILED
[8mha:////4AIvGN7r1C8y1NoVDSRW6mIIXvxWwfEpP95ERCgcnYjmAAAApB+LCAAAAAAAAP9tjTESgjAQRRcYC1tLDxGkZBwr2gyNJ4ghxkBmF5NFqDyRV/MOZmTGyl/995r3esMmBjhRsKI3ODiM2onRTzY9MVMYrp5m0dNFaMJI3ojWzC11plmxJTawLsuhkLA1qD1Fh5ZhJ3v1UKVXaMszh+SOEnLX3eEJmUxlVoG/sATY36YuEv46fwOwjCNDUR0qhryuP5Jn9ia/AAAA[0m[Pipeline] }
[8mha:////4BEDoM6nNGx3ImPksPy/jUygrcw7QVW0DUS9lncC8wLZAAAApR+LCAAAAAAAAP9tjTESgjAQRRcYC1tLDxHUSoexss3QeIJIYgxkdjFZhMoTeTXvYEZmrPzVf695rzcsYoAjBStag53D2DjR+8GmJ0YK3dXTKFq6iIYwkjeiNmNN2pxmrIkNzMtyKCQsDTaeokPLsJKteqjSK7TlmUNylYTc6Ts8IZOpzCrwF6YA69ugI+Gv8zcAU98zFNvNjiE/7D+qJWXXvwAAAA==[0m[Pipeline] // stage
[8mha:////4KC27GeCfOpmvOP39j9y5IuDhVtK32hz0WxAv53wYERPAAAApB+LCAAAAAAAAP9tjTEOwjAQBM+JKGgpeYQDgg5R0VppeIFxjHFi3QX7glPxIr7GH4iIRMVWO9PM6w2LFOFI0cnWYucxGS/7MLjpyUyxuwbKsqWLNISJgpW1zTU19jRjTWxhniigVLC0aAIlj45hpVr90FXQ6Kozx8kdFBS+ucMThJrKrCN/YYywvg1NIvx1/gZg7HuGcrvZMYj9BzEyYQ++AAAA[0m[Pipeline] }
[8mha:////4Ntfs5GY4h5ayBprQ0mkdGZuvB0/wHNn2r1AW9QQ8YMxAAAApB+LCAAAAAAAAP9tjTEOwjAQBM+JKGgpeYQDgg5R0VppeIFxjHFi3QX7glPxIr7GH4iIRMVWO9PM6w2LFOFI0cnWYucxGS/7MLjpyUyxuwbKsqWLNISJgpW1zTU19jRjTWxhniigVLC0aAIlj45hpVr90FXQ6Kozx8kdFBS+ucMThJrKrCN/YYywvg1NIvx1/gZg7HuGcrvZM4jdB4J7JSO+AAAA[0m[Pipeline] // withEnv
[8mha:////4MJMvLIssrEuTboYRiknpKOIdilDdBjAZ430J9Lw7FeCAAAApB+LCAAAAAAAAP9tjTEOwjAQBM+JKGgpeYQDSFSIitZKwwuMY4wT6y7YF5yKF/E1/kBEJCq22plmXm9YpAhHik62FjuPyXjZh8FNT2aK3TVQli1dpCFMFKysba6psacZa2IL80QBpYKlRRMoeXQMK9Xqh66CRledOU7uoKDwzR2eINRUZh35C2OE9W1oEuGv8zcAY98zlNvNnkHsPqRiQmm+AAAA[0m[Pipeline] End of Pipeline
ERROR: script returned exit code 1
Finished: FAILURE
