Started by user [8mha:////4P61i72et9Ld8yCurPLeJzAjIQwc1SqjB1dZDPC3bBYdAAAAlx+LCAAAAAAAAP9b85aBtbiIQTGjNKU4P08vOT+vOD8nVc83PyU1x6OyILUoJzMv2y+/JJUBAhiZGBgqihhk0NSjKDWzXb3RdlLBUSYGJk8GtpzUvPSSDB8G5tKinBIGIZ+sxLJE/ZzEvHT94JKizLx0a6BxUmjGOUNodHsLgAzWEgZu/dLi1CL9xJTczDwAj6GcLcAAAAA=[0madmin
Lightweight checkout support not available, falling back to full checkout.
Checking out git https://github.com/nghiattr/flask-docker.git into /var/jenkins_home/workspace/CICD-pipeline@script to read Jenkinsfile
The recommended git tool is: NONE
using credential cc06d1e1-44a5-4361-9e9c-eadedc84103a
 > git rev-parse --resolve-git-dir /var/jenkins_home/workspace/CICD-pipeline@script/.git # timeout=10
Fetching changes from the remote Git repository
 > git config remote.origin.url https://github.com/nghiattr/flask-docker.git # timeout=10
Fetching upstream changes from https://github.com/nghiattr/flask-docker.git
 > git --version # timeout=10
 > git --version # 'git version 2.30.2'
using GIT_ASKPASS to set credentials github-acc-nghiattr
 > git fetch --tags --force --progress -- https://github.com/nghiattr/flask-docker.git +refs/heads/*:refs/remotes/origin/* # timeout=10
Seen branch in repository origin/develop
Seen branch in repository origin/feature/testpullrq
Seen branch in repository origin/master
Seen 3 remote branches
 > git show-ref --tags -d # timeout=10
Checking out Revision 0f98895073497c8795b06daadc1c59aba6224701 (origin/develop)
 > git config core.sparsecheckout # timeout=10
 > git checkout -f 0f98895073497c8795b06daadc1c59aba6224701 # timeout=10
Commit message: "wdsfds"
 > git rev-list --no-walk 0f98895073497c8795b06daadc1c59aba6224701 # timeout=10
[8mha:////4HOQyhtRN6BYPCfZoaC4t6X005cLacOr/i0de2nNLleuAAAAoh+LCAAAAAAAAP9tjTEOwjAQBM8BClpKHuFItIiK1krDC0x8GCfWnbEdkooX8TX+gCESFVvtrLSa5wtWKcKBo5UdUu8otU4GP9jS5Mixv3geZcdn2TIl9igbHBs2eJyx4YwwR1SwULBGaj0nRzbDRnX6rmuvydanHMu2V1A5c4MHCFXMWcf8hSnC9jqYxPTz/BXAFEIGsfuclm8zQVqFvQAAAA==[0m[Pipeline] Start of Pipeline
[8mha:////4F/s7/NoWvjr0vCN9EAZthd1TuZQPg4JazwCDGuITzfqAAAApR+LCAAAAAAAAP9tjTEOwjAUQ3+KOrAycohUghExsUZZOEFIQkgb/d8mKe3EibgadyBQiQlLlmxL1nu+oE4RjhQdby12HpP2vA+jK4lPFLtroIm3dOGaMFGwXNpJkrGnpUrKFhaxClYC1hZ1oOTRZdiIVt1VExS65pxj2Q4CKm8GeAAThZxVzN8yR9jeRpMIf5y/AJj7DGxXvP/86jduZBmjwAAAAA==[0m[Pipeline] withEnv
[8mha:////4HEYXE9y1eFYyQUomacZgNwvs7xXyqhM+vSjcPSLvMgSAAAApR+LCAAAAAAAAP9tjTEOwjAUQ3+KOrAycoh0gA0xsUZZOEFIQkgb/d8mKe3EibgadyBQiQlLlmxL1nu+oE4RjhQdby12HpP2vA+jK4lPFLtroIm3dOGaMFGwXNpJkrGnpUrKFhaxClYC1hZ1oOTRZdiIVt1VExS65pxj2Q4CKm8GeAAThZxVzN8yR9jeRpMIf5y/AJj7DGxXvP/86jfoP95RwAAAAA==[0m[Pipeline] {
[8mha:////4CMUgZyjsrY4/QPwaLH9GgYOA9JZEyYm4bY/MOAiEMeIAAAApR+LCAAAAAAAAP9tjTEOwjAUQ3+KOrAycoh0gQkxsUZZOEFIQkgb/d8mKe3EibgadyBQiQlLlmxL1nu+oE4RjhQdby12HpP2vA+jK4lPFLtroIm3dOGaMFGwXNpJkrGnpUrKFhaxClYC1hZ1oOTRZdiIVt1VExS65pxj2Q4CKm8GeAAThZxVzN8yR9jeRpMIf5y/AJj7DGxXvP/86jc09154wAAAAA==[0m[Pipeline] stage
[8mha:////4HZiYjbHQ+7KG26siAhOg2dIUqwTviAqmxWiEmcL7l1GAAAApR+LCAAAAAAAAP9tjTEOwjAUQ3+KOrAycoh0ggUxsUZZOEFIQkgb/d8mKe3EibgadyBQiQlLlmxL1nu+oE4RjhQdby12HpP2vA+jK4lPFLtroIm3dOGaMFGwXNpJkrGnpUrKFhaxClYC1hZ1oOTRZdiIVt1VExS65pxj2Q4CKm8GeAAThZxVzN8yR9jeRpMIf5y/AJj7DGxXvP/86jek7ggRwAAAAA==[0m[Pipeline] { (SonarScanner)
[8mha:////4M9wuEAldvnHQTYqV8LrjvdXugEYYhEpBJ9rrbC4YlyVAAAApR+LCAAAAAAAAP9tjTEOwjAUQ3+KOrAycoh0gwExsUZZOEFIQkgb/d8mKe3EibgadyBQiQlLlmxL1nu+oE4RjhQdby12HpP2vA+jK4lPFLtroIm3dOGaMFGwXNpJkrGnpUrKFhaxClYC1hZ1oOTRZdiIVt1VExS65pxj2Q4CKm8GeAAThZxVzN8yR9jeRpMIf5y/AJj7DGxXvP/86jcChmMxwAAAAA==[0m[Pipeline] node
Running on [8mha:////4GcGUJYILzcXDUILh5IX5PSxj+2hDQ3DlKcvAXQn/vDZAAAAph+LCAAAAAAAAP9b85aBtbiIQTGjNKU4P08vOT+vOD8nVc83PyU1x6OyILUoJzMv2y+/JJUBAhiZGBgqihhk0NSjKDWzXb3RdlLBUSYGJk8GtpzUvPSSDB8G5tKinBIGIZ+sxLJE/ZzEvHT94JKizLx0a6BxUmjGOUNodHsLgAzeEgYp/eT83ILSktQi/azUvOzMvGJVI5fE9NS8En0A4Zrl388AAAA=[0mjenkins-agent in /jenkins-agent/workspace/CICD-pipeline
[8mha:////4B2Rt5yE6SJ+uuoI+Rf5/m3KFGpfQXwtYdNJC+o0ryBSAAAApR+LCAAAAAAAAP9tjTEOwjAUQ3+KOrAycoh0BAkxsUZZOEFIQkgb/d8mKe3EibgadyBQiQlLlmxL1nu+oE4RjhQdby12HpP2vA+jK4lPFLtroIm3dOGaMFGwXNpJkrGnpUrKFhaxClYC1hZ1oOTRZdiIVt1VExS65pxj2Q4CKm8GeAAThZxVzN8yR9jeRpMIf5y/AJj7DGxXvP/86jfpX/cvwAAAAA==[0m[Pipeline] {
[8mha:////4G93A90MnnohGMLPCKemxnPXnlqxfI0/NYYy6t7SLiHmAAAAoh+LCAAAAAAAAP9tjTEOAiEURD9rLGwtPQTbaoyVLaHxBMgiwpL/WWDdrTyRV/MOEjexcpJJ5k3zXm9Y5wQnSpZ7g73DrB2PYbR18YlSfws0cU9XrgkzBcOlmSR15rygpGJgCWtgJWBjUAfKDm2BrfDqodqg0LaXkup3FNC4boAnMFHNRaXyhTnB7j52mfDn+SuAORZg+9pD/AAeoCAqvAAAAA==[0m[Pipeline] checkout
The recommended git tool is: NONE
using credential cc06d1e1-44a5-4361-9e9c-eadedc84103a
Fetching changes from the remote Git repository
Checking out Revision 0f98895073497c8795b06daadc1c59aba6224701 (origin/develop)
Commit message: "wdsfds"
[8mha:////4IYUMR+AvW5OQYcIn0nLzon5D0VHYk+kHO9O28O17TjmAAAAph+LCAAAAAAAAP9tjTEOwjAQBM9BKWgpeYQDHRKiorXc8AITG+PEugv2haTiRXyNPxCIRMVWOyut5vmCMic4UPKycdgGzHWQXez91ORAqb1EGmRDZ1kTZopOajdosu44oyZ2MEcUsFCwdFhHygE9w0o15m6qaNBXJ07TtldQBHuDBwg1mdkk/sKYYH3tbSb8ef4KYOwYxI6h2G4+x/INcXYwW8EAAAA=[0m[Pipeline] withEnv
[8mha:////4GCXLqx/wb5vhYgCosonXXJTNRlHNZyj9c8Z1zYsi6mjAAAApR+LCAAAAAAAAP9tjTEOwjAUQ3+DOrAycoiUzoiJNerCCUITQtLo/zZJSSdOxNW4Ay2VmPBg2Zas93pDGQOcKBjuNHYWY2t570czJ54pdDdPmTu68pYwkte80bkhpc9rbShpWFUw2AjYamw9RYsmwU44+ZCVl2iqSwrzdhTArBrgCYWYyUmG9C1TgP19VJHwx/kLgKlPwOrDYvXyLD8BobDcwgAAAA==[0m[Pipeline] {
[8mha:////4HvxyKWAMllCGes4B9xahu9kJ2SdeGwNk54bfssvwD0uAAAAox+LCAAAAAAAAP9tjTESwiAURH/iWNhaeggysXWsbBkaT4AJIoT5nwCRVJ7Iq3kH0cxYucXOvm3e8wXrGOBIQTOrcDAYO8O8m3RZLFMYro4ys3RhHWEkp5hQWVCvTgsKSgqWVDWsOGwUdo6iQZ1gy628y8ZJ1M05hfIdONSmH+EBFS/mJEP6whxgd5v6SPjz/BXA7BPUbfupvX8DpQJrNb4AAAA=[0m[Pipeline] sh
+ pwd
/jenkins-agent/workspace/CICD-pipeline
[8mha:////4BSxGPh393zK7KiE4G5Fb4tg7tbKDVyDY/Hz0Id2vDA9AAAAox+LCAAAAAAAAP9tjTESwiAURH/iWNhaeggyGUvHypah8QSYIEKY/wkQSeWJvJp3EM2MlVvs7NvmPV+wjgGOFDSzCgeDsTPMu0mXxTKF4eooM0sX1hFGcooJlQX16rSgoKRgSVXDisNGYecoGtQJttzKu2ycRN2cUyjfgUNt+hEeUPFiTjKkL8wBdrepj4Q/z18BzD5B3baf2vs35DNwLL4AAAA=[0m[Pipeline] sh
 > git rev-parse --resolve-git-dir /jenkins-agent/workspace/CICD-pipeline/.git # timeout=10
 > git config remote.origin.url https://github.com/nghiattr/flask-docker.git # timeout=10
Fetching upstream changes from https://github.com/nghiattr/flask-docker.git
 > git --version # timeout=10
 > git --version # 'git version 2.25.1'
using GIT_ASKPASS to set credentials github-acc-nghiattr
 > git fetch --tags --force --progress -- https://github.com/nghiattr/flask-docker.git +refs/heads/*:refs/remotes/origin/* # timeout=10
Seen branch in repository origin/develop
Seen branch in repository origin/feature/testpullrq
Seen branch in repository origin/master
Seen 3 remote branches
 > git show-ref --tags -d # timeout=10
 > git config core.sparsecheckout # timeout=10
 > git checkout -f 0f98895073497c8795b06daadc1c59aba6224701 # timeout=10
+ docker run --rm --net host -e SONAR_HOST_URL=http://35.247.164.137:9000 -v /jenkins-agent/workspace/CICD-pipeline:/usr/src sonarsource/sonar-scanner-cli -Dsonar.verbose=true -Dsonar.host.url=http://35.247.164.137:9000 -Dsonar.projectName=sonarqube-test -Dsonar.projectKey=sonarqube-test -Dsonar.login=2aaca7485ae9a1b0eeec77e6a3a71c87cee7cfe8 -Dsonar.sources=.
INFO: Scanner configuration file: /opt/sonar-scanner/conf/sonar-scanner.properties
INFO: Project root configuration file: NONE
19:14:33.263 INFO: SonarScanner 4.6.2.2472
19:14:33.265 INFO: Java 11.0.12 Alpine (64-bit)
19:14:33.265 INFO: Linux 5.11.0-1023-gcp amd64
19:14:33.685 DEBUG: keyStore is : 
19:14:33.686 DEBUG: keyStore type is : pkcs12
19:14:33.686 DEBUG: keyStore provider is : 
19:14:33.687 DEBUG: init keystore
19:14:33.688 DEBUG: init keymanager of type SunX509
19:14:33.937 DEBUG: Create: /opt/sonar-scanner/.sonar/cache
19:14:33.938 INFO: User cache: /opt/sonar-scanner/.sonar/cache
19:14:33.939 DEBUG: Create: /opt/sonar-scanner/.sonar/cache/_tmp
19:14:33.943 DEBUG: Extract sonar-scanner-api-batch in temp...
19:14:33.947 DEBUG: Get bootstrap index...
19:14:33.947 DEBUG: Download: http://35.247.164.137:9000/batch/index
19:14:34.047 DEBUG: Get bootstrap completed
19:14:34.060 DEBUG: Download http://35.247.164.137:9000/batch/file?name=sonar-scanner-engine-shaded-9.2.4.50792-all.jar to /opt/sonar-scanner/.sonar/cache/_tmp/fileCache14906301925404312001.tmp
19:14:34.667 DEBUG: Create isolated classloader...
19:14:34.680 DEBUG: Start temp cleaning...
19:14:34.686 DEBUG: Temp cleaning done
19:14:34.687 INFO: Scanner configuration file: /opt/sonar-scanner/conf/sonar-scanner.properties
19:14:34.689 INFO: Project root configuration file: NONE
19:14:34.691 DEBUG: Execution getVersion
19:14:34.724 INFO: Analyzing on SonarQube server 9.2.4
19:14:34.725 INFO: Default locale: "en_US", source code encoding: "UTF-8" (analysis is platform dependent)
19:14:34.727 DEBUG: Work directory: /usr/src/.scannerwork
19:14:34.729 DEBUG: Execution execute
19:14:35.101 DEBUG: Community 9.2.4.50792
19:14:35.363 INFO: Load global settings
19:14:35.456 DEBUG: GET 200 http://35.247.164.137:9000/api/settings/values.protobuf | time=90ms
19:14:35.496 INFO: Load global settings (done) | time=133ms
19:14:35.499 INFO: Server id: BF41A1F2-AX4rm8QDNcwuSSX-5F4V
19:14:35.530 DEBUG: Create : /opt/sonar-scanner/.sonar/_tmp
19:14:35.531 INFO: User cache: /opt/sonar-scanner/.sonar/cache
19:14:35.534 INFO: Load/download plugins
19:14:35.534 INFO: Load plugins index
19:14:35.568 DEBUG: GET 200 http://35.247.164.137:9000/api/plugins/installed | time=34ms
19:14:35.629 INFO: Load plugins index (done) | time=95ms
19:14:35.632 DEBUG: Download plugin 'csharp' to '/opt/sonar-scanner/.sonar/_tmp/fileCache10216325427694182780.tmp'
19:14:35.649 DEBUG: GET 200 http://35.247.164.137:9000/api/plugins/download?plugin=csharp&acceptCompressions=pack200 | time=16ms
19:14:35.861 DEBUG: Download plugin 'config' to '/opt/sonar-scanner/.sonar/_tmp/fileCache11511072872520637518.tmp'
19:14:35.888 DEBUG: GET 200 http://35.247.164.137:9000/api/plugins/download?plugin=config&acceptCompressions=pack200 | time=27ms
19:14:35.893 DEBUG: Download plugin 'flex' to '/opt/sonar-scanner/.sonar/_tmp/fileCache1901528865852218999.tmp'
19:14:35.905 DEBUG: GET 200 http://35.247.164.137:9000/api/plugins/download?plugin=flex&acceptCompressions=pack200 | time=11ms
19:14:35.974 DEBUG: Download plugin 'go' to '/opt/sonar-scanner/.sonar/_tmp/fileCache15005248704276464691.tmp'
19:14:36.001 DEBUG: GET 200 http://35.247.164.137:9000/api/plugins/download?plugin=go&acceptCompressions=pack200 | time=26ms
19:14:36.119 DEBUG: Download plugin 'web' to '/opt/sonar-scanner/.sonar/_tmp/fileCache4940593497646958784.tmp'
19:14:36.127 DEBUG: GET 200 http://35.247.164.137:9000/api/plugins/download?plugin=web&acceptCompressions=pack200 | time=8ms
19:14:36.147 DEBUG: Download plugin 'iac' to '/opt/sonar-scanner/.sonar/_tmp/fileCache4765161203406274075.tmp'
19:14:36.155 DEBUG: GET 200 http://35.247.164.137:9000/api/plugins/download?plugin=iac&acceptCompressions=pack200 | time=7ms
19:14:36.169 DEBUG: Download plugin 'jacoco' to '/opt/sonar-scanner/.sonar/_tmp/fileCache16806809206731875255.tmp'
19:14:36.178 DEBUG: GET 200 http://35.247.164.137:9000/api/plugins/download?plugin=jacoco&acceptCompressions=pack200 | time=8ms
19:14:36.184 DEBUG: Download plugin 'java' to '/opt/sonar-scanner/.sonar/_tmp/fileCache7475548613985950896.tmp'
19:14:36.197 DEBUG: GET 200 http://35.247.164.137:9000/api/plugins/download?plugin=java&acceptCompressions=pack200 | time=12ms
19:14:36.524 DEBUG: Download plugin 'javascript' to '/opt/sonar-scanner/.sonar/_tmp/fileCache4000113381144280806.tmp'
19:14:36.534 DEBUG: GET 200 http://35.247.164.137:9000/api/plugins/download?plugin=javascript&acceptCompressions=pack200 | time=10ms
19:14:36.909 DEBUG: Download plugin 'kotlin' to '/opt/sonar-scanner/.sonar/_tmp/fileCache7296816102750560485.tmp'
19:14:36.948 DEBUG: GET 200 http://35.247.164.137:9000/api/plugins/download?plugin=kotlin&acceptCompressions=pack200 | time=39ms
19:14:38.238 DEBUG: Download plugin 'php' to '/opt/sonar-scanner/.sonar/_tmp/fileCache16144466930241185355.tmp'
19:14:38.248 DEBUG: GET 200 http://35.247.164.137:9000/api/plugins/download?plugin=php&acceptCompressions=pack200 | time=9ms
19:14:38.362 DEBUG: Download plugin 'python' to '/opt/sonar-scanner/.sonar/_tmp/fileCache13985550933827966595.tmp'
19:14:38.406 DEBUG: GET 200 http://35.247.164.137:9000/api/plugins/download?plugin=python&acceptCompressions=pack200 | time=44ms
19:14:38.577 DEBUG: Download plugin 'ruby' to '/opt/sonar-scanner/.sonar/_tmp/fileCache13686961140162350556.tmp'
19:14:38.585 DEBUG: GET 200 http://35.247.164.137:9000/api/plugins/download?plugin=ruby&acceptCompressions=pack200 | time=7ms
19:14:38.871 DEBUG: Download plugin 'sonarscala' to '/opt/sonar-scanner/.sonar/_tmp/fileCache4333732647988522806.tmp'
19:14:38.881 DEBUG: GET 200 http://35.247.164.137:9000/api/plugins/download?plugin=sonarscala&acceptCompressions=pack200 | time=9ms
19:14:39.126 DEBUG: Download plugin 'vbnet' to '/opt/sonar-scanner/.sonar/_tmp/fileCache14611965774057537009.tmp'
19:14:39.144 DEBUG: GET 200 http://35.247.164.137:9000/api/plugins/download?plugin=vbnet&acceptCompressions=pack200 | time=18ms
19:14:39.251 DEBUG: Download plugin 'xml' to '/opt/sonar-scanner/.sonar/_tmp/fileCache12747393838395332162.tmp'
19:14:39.260 DEBUG: GET 200 http://35.247.164.137:9000/api/plugins/download?plugin=xml&acceptCompressions=pack200 | time=8ms
19:14:39.299 INFO: Load/download plugins (done) | time=3765ms
19:14:39.483 DEBUG: Plugins:
19:14:39.485 DEBUG:   * Python Code Quality and Security 3.8.0.8883 (python)
19:14:39.485 DEBUG:   * Go Code Quality and Security 1.8.3.2219 (go)
19:14:39.486 DEBUG:   * JaCoCo 1.1.1.1157 (jacoco)
19:14:39.487 DEBUG:   * Kotlin Code Quality and Security 2.7.0.948 (kotlin)
19:14:39.487 DEBUG:   * IaC Code Quality and Security 1.4.0.1294 (iac)
19:14:39.488 DEBUG:   * JavaScript/TypeScript Code Quality and Security 8.6.0.16913 (javascript)
19:14:39.489 DEBUG:   * Ruby Code Quality and Security 1.8.3.2219 (ruby)
19:14:39.489 DEBUG:   * Scala Code Quality and Security 1.8.3.2219 (sonarscala)
19:14:39.490 DEBUG:   * C# Code Quality and Security 8.32.0.39516 (csharp)
19:14:39.491 DEBUG:   * Java Code Quality and Security 7.5.0.28054 (java)
19:14:39.492 DEBUG:   * HTML Code Quality and Security 3.4.0.2754 (web)
19:14:39.492 DEBUG:   * Flex Code Quality and Security 2.6.2.2641 (flex)
19:14:39.493 DEBUG:   * XML Code Quality and Security 2.4.0.3273 (xml)
19:14:39.494 DEBUG:   * PHP Code Quality and Security 3.21.2.8292 (php)
19:14:39.494 DEBUG:   * VB.NET Code Quality and Security 8.32.0.39516 (vbnet)
19:14:39.495 DEBUG:   * Configuration detection fot Code Quality and Security 1.1.0.185 (config)
19:14:40.226 INFO: Process project properties
19:14:40.238 INFO: Process project properties (done) | time=12ms
19:14:40.239 INFO: Execute project builders
19:14:40.240 DEBUG: Execute project builder: org.sonar.plugins.csharp.CSharpGlobalProtobufFileProcessor
19:14:40.242 DEBUG: Execute project builder: org.sonar.plugins.vbnet.VbNetGlobalProtobufFileProcessor
19:14:40.243 INFO: Execute project builders (done) | time=4ms
19:14:40.248 INFO: Project key: sonarqube-test
19:14:40.249 INFO: Base dir: /usr/src
19:14:40.249 INFO: Working dir: /usr/src/.scannerwork
19:14:40.250 DEBUG: Project global encoding: UTF-8, default locale: en_US
19:14:40.252 DEBUG: Creating module hierarchy
19:14:40.253 DEBUG:   Init module 'sonarqube-test'
19:14:40.254 DEBUG:     Base dir: /usr/src
19:14:40.255 DEBUG:     Working dir: /usr/src/.scannerwork
19:14:40.256 DEBUG:     Module global encoding: UTF-8, default locale: en_US
19:14:40.378 INFO: Load project settings for component key: 'sonarqube-test'
19:14:40.406 DEBUG: GET 200 http://35.247.164.137:9000/api/settings/values.protobuf?component=sonarqube-test | time=27ms
19:14:40.409 INFO: Load project settings for component key: 'sonarqube-test' (done) | time=31ms
19:14:40.494 DEBUG: Available languages:
19:14:40.495 DEBUG:   * Python => "py"
19:14:40.495 DEBUG:   * Go => "go"
19:14:40.496 DEBUG:   * Kotlin => "kotlin"
19:14:40.496 DEBUG:   * Terraform => "terraform"
19:14:40.497 DEBUG:   * CloudFormation => "cloudformation"
19:14:40.498 DEBUG:   * JavaScript => "js"
19:14:40.498 DEBUG:   * TypeScript => "ts"
19:14:40.499 DEBUG:   * CSS => "css"
19:14:40.500 DEBUG:   * Ruby => "ruby"
19:14:40.500 DEBUG:   * Scala => "scala"
19:14:40.501 DEBUG:   * C# => "cs"
19:14:40.502 DEBUG:   * Java => "java"
19:14:40.503 DEBUG:   * HTML => "web"
19:14:40.505 DEBUG:   * JSP => "jsp"
19:14:40.506 DEBUG:   * Flex => "flex"
19:14:40.506 DEBUG:   * XML => "xml"
19:14:40.507 DEBUG:   * PHP => "php"
19:14:40.507 DEBUG:   * VB.NET => "vbnet"
19:14:40.508 DEBUG:   * YAML => "yaml"
19:14:40.508 DEBUG:   * JSON => "json"
19:14:40.541 INFO: Load quality profiles
19:14:40.717 DEBUG: GET 200 http://35.247.164.137:9000/api/qualityprofiles/search.protobuf?project=sonarqube-test | time=175ms
19:14:40.747 INFO: Load quality profiles (done) | time=206ms
19:14:40.759 INFO: Load active rules
19:14:41.064 DEBUG: GET 200 http://35.247.164.137:9000/api/rules/search.protobuf?f=repo,name,severity,lang,internalKey,templateKey,params,actives,createdAt,updatedAt,deprecatedKeys&activation=true&qprofile=AX4rnR8CNcwuSSX-5Jx2&ps=500&p=1 | time=304ms
19:14:41.321 DEBUG: GET 200 http://35.247.164.137:9000/api/rules/search.protobuf?f=repo,name,severity,lang,internalKey,templateKey,params,actives,createdAt,updatedAt,deprecatedKeys&activation=true&qprofile=AX4rnSMMNcwuSSX-5JzT&ps=500&p=1 | time=159ms
19:14:41.371 DEBUG: GET 200 http://35.247.164.137:9000/api/rules/search.protobuf?f=repo,name,severity,lang,internalKey,templateKey,params,actives,createdAt,updatedAt,deprecatedKeys&activation=true&qprofile=AX4rnSb9NcwuSSX-5Jzz&ps=500&p=1 | time=33ms
19:14:41.440 DEBUG: GET 200 http://35.247.164.137:9000/api/rules/search.protobuf?f=repo,name,severity,lang,internalKey,templateKey,params,actives,createdAt,updatedAt,deprecatedKeys&activation=true&qprofile=AX4rnSfRNcwuSSX-5J0u&ps=500&p=1 | time=69ms
19:14:41.597 DEBUG: GET 200 http://35.247.164.137:9000/api/rules/search.protobuf?f=repo,name,severity,lang,internalKey,templateKey,params,actives,createdAt,updatedAt,deprecatedKeys&activation=true&qprofile=AX4rnSu8NcwuSSX-5J36&ps=500&p=1 | time=151ms
19:14:41.852 DEBUG: GET 200 http://35.247.164.137:9000/api/rules/search.protobuf?f=repo,name,severity,lang,internalKey,templateKey,params,actives,createdAt,updatedAt,deprecatedKeys&activation=true&qprofile=AX4rnTKSNcwuSSX-5J_W&ps=500&p=1 | time=235ms
19:14:42.184 DEBUG: GET 200 http://35.247.164.137:9000/api/rules/search.protobuf?f=repo,name,severity,lang,internalKey,templateKey,params,actives,createdAt,updatedAt,deprecatedKeys&activation=true&qprofile=AX4rnTqGNcwuSSX-5KHN&ps=500&p=1 | time=268ms
19:14:42.287 DEBUG: GET 200 http://35.247.164.137:9000/api/rules/search.protobuf?f=repo,name,severity,lang,internalKey,templateKey,params,actives,createdAt,updatedAt,deprecatedKeys&activation=true&qprofile=AX4rnT5yNcwuSSX-5KKn&ps=500&p=1 | time=76ms
19:14:42.534 DEBUG: GET 200 http://35.247.164.137:9000/api/rules/search.protobuf?f=repo,name,severity,lang,internalKey,templateKey,params,actives,createdAt,updatedAt,deprecatedKeys&activation=true&qprofile=AX4rnUFaNcwuSSX-5KTQ&ps=500&p=1 | time=241ms
19:14:43.053 DEBUG: GET 200 http://35.247.164.137:9000/api/rules/search.protobuf?f=repo,name,severity,lang,internalKey,templateKey,params,actives,createdAt,updatedAt,deprecatedKeys&activation=true&qprofile=AX4rnUgNNcwuSSX-5KmS&ps=500&p=1 | time=481ms
19:14:43.210 DEBUG: GET 200 http://35.247.164.137:9000/api/rules/search.protobuf?f=repo,name,severity,lang,internalKey,templateKey,params,actives,createdAt,updatedAt,deprecatedKeys&activation=true&qprofile=AX4rnU3jNcwuSSX-5Kui&ps=500&p=1 | time=79ms
19:14:43.323 DEBUG: GET 200 http://35.247.164.137:9000/api/rules/search.protobuf?f=repo,name,severity,lang,internalKey,templateKey,params,actives,createdAt,updatedAt,deprecatedKeys&activation=true&qprofile=AX4rnU_wNcwuSSX-5Kwm&ps=500&p=1 | time=110ms
19:14:43.388 DEBUG: GET 200 http://35.247.164.137:9000/api/rules/search.protobuf?f=repo,name,severity,lang,internalKey,templateKey,params,actives,createdAt,updatedAt,deprecatedKeys&activation=true&qprofile=AX4rnVPSNcwuSSX-5Kx4&ps=500&p=1 | time=62ms
19:14:43.420 DEBUG: GET 200 http://35.247.164.137:9000/api/rules/search.protobuf?f=repo,name,severity,lang,internalKey,templateKey,params,actives,createdAt,updatedAt,deprecatedKeys&activation=true&qprofile=AX4rnVTbNcwuSSX-5KyK&ps=500&p=1 | time=29ms
19:14:43.684 DEBUG: GET 200 http://35.247.164.137:9000/api/rules/search.protobuf?f=repo,name,severity,lang,internalKey,templateKey,params,actives,createdAt,updatedAt,deprecatedKeys&activation=true&qprofile=AX4rnVXVNcwuSSX-5K3Q&ps=500&p=1 | time=262ms
19:14:43.756 DEBUG: GET 200 http://35.247.164.137:9000/api/rules/search.protobuf?f=repo,name,severity,lang,internalKey,templateKey,params,actives,createdAt,updatedAt,deprecatedKeys&activation=true&qprofile=AX4rnV6MNcwuSSX-5K9L&ps=500&p=1 | time=66ms
19:14:43.889 DEBUG: GET 200 http://35.247.164.137:9000/api/rules/search.protobuf?f=repo,name,severity,lang,internalKey,templateKey,params,actives,createdAt,updatedAt,deprecatedKeys&activation=true&qprofile=AX4rnWJwNcwuSSX-5LBW&ps=500&p=1 | time=131ms
19:14:43.960 DEBUG: GET 200 http://35.247.164.137:9000/api/rules/search.protobuf?f=repo,name,severity,lang,internalKey,templateKey,params,actives,createdAt,updatedAt,deprecatedKeys&activation=true&qprofile=AX4rnWZoNcwuSSX-5LD-&ps=500&p=1 | time=66ms
19:14:44.277 DEBUG: GET 200 http://35.247.164.137:9000/api/rules/search.protobuf?f=repo,name,severity,lang,internalKey,templateKey,params,actives,createdAt,updatedAt,deprecatedKeys&activation=true&qprofile=AX4rnWlYNcwuSSX-5LKO&ps=500&p=1 | time=315ms
19:14:44.306 DEBUG: GET 200 http://35.247.164.137:9000/api/rules/search.protobuf?f=repo,name,severity,lang,internalKey,templateKey,params,actives,createdAt,updatedAt,deprecatedKeys&activation=true&qprofile=AX4rnWhLNcwuSSX-5LEa&ps=500&p=1 | time=22ms
19:14:44.335 INFO: Load active rules (done) | time=3577ms
19:14:44.471 DEBUG: Declared extensions of language Python were converted to sonar.lang.patterns.py : **/*.py
19:14:44.474 DEBUG: Declared extensions of language Go were converted to sonar.lang.patterns.go : **/*.go
19:14:44.476 DEBUG: Declared extensions of language Kotlin were converted to sonar.lang.patterns.kotlin : **/*.kt
19:14:44.478 DEBUG: Declared extensions of language Terraform were converted to sonar.lang.patterns.terraform : **/*.tf
19:14:44.479 DEBUG: Declared extensions of language CloudFormation were converted to sonar.lang.patterns.cloudformation : 
19:14:44.480 DEBUG: Declared extensions of language JavaScript were converted to sonar.lang.patterns.js : **/*.js,**/*.jsx,**/*.mjs,**/*.vue
19:14:44.481 DEBUG: Declared extensions of language TypeScript were converted to sonar.lang.patterns.ts : **/*.ts,**/*.tsx
19:14:44.488 DEBUG: Declared extensions of language CSS were converted to sonar.lang.patterns.css : **/*.css,**/*.less,**/*.scss
19:14:44.489 DEBUG: Declared extensions of language Ruby were converted to sonar.lang.patterns.ruby : **/*.rb
19:14:44.490 DEBUG: Declared extensions of language Scala were converted to sonar.lang.patterns.scala : **/*.scala
19:14:44.491 DEBUG: Declared extensions of language C# were converted to sonar.lang.patterns.cs : **/*.cs
19:14:44.492 DEBUG: Declared extensions of language Java were converted to sonar.lang.patterns.java : **/*.java,**/*.jav
19:14:44.493 DEBUG: Declared extensions of language HTML were converted to sonar.lang.patterns.web : **/*.html,**/*.xhtml,**/*.cshtml,**/*.vbhtml,**/*.aspx,**/*.ascx,**/*.rhtml,**/*.erb,**/*.shtm,**/*.shtml
19:14:44.494 DEBUG: Declared extensions of language JSP were converted to sonar.lang.patterns.jsp : **/*.jsp,**/*.jspf,**/*.jspx
19:14:44.494 DEBUG: Declared extensions of language Flex were converted to sonar.lang.patterns.flex : **/*.as
19:14:44.495 DEBUG: Declared extensions of language XML were converted to sonar.lang.patterns.xml : **/*.xml,**/*.xsd,**/*.xsl
19:14:44.497 DEBUG: Declared extensions of language PHP were converted to sonar.lang.patterns.php : **/*.php,**/*.php3,**/*.php4,**/*.php5,**/*.phtml,**/*.inc
19:14:44.497 DEBUG: Declared extensions of language VB.NET were converted to sonar.lang.patterns.vbnet : **/*.vb
19:14:44.498 DEBUG: Declared extensions of language YAML were converted to sonar.lang.patterns.yaml : **/*.yaml,**/*.yml
19:14:44.499 DEBUG: Declared extensions of language JSON were converted to sonar.lang.patterns.json : **/*.json
19:14:44.506 DEBUG: Will ignore generated code
19:14:44.510 DEBUG: Will ignore generated code
19:14:44.512 INFO: Indexing files...
19:14:44.516 INFO: Project configuration:
19:14:44.540 DEBUG: loading config FileBasedConfig[/tmp/jgit/config]
19:14:44.542 DEBUG: readpipe [/usr/bin/git, --version],/usr/bin
19:14:44.569 DEBUG: readpipe may return 'git version 2.32.0'
19:14:44.569 DEBUG: remaining output:

19:14:44.570 DEBUG: readpipe [/usr/bin/git, config, --system, --edit],/usr/bin
19:14:44.577 DEBUG: readpipe may return '/etc/gitconfig'
19:14:44.577 DEBUG: remaining output:

19:14:44.578 DEBUG: loading config FileBasedConfig[/etc/gitconfig]
19:14:44.579 DEBUG: loading config FileBasedConfig[/root/.gitconfig]
19:14:44.623 DEBUG: Thread[JGit-FileStoreAttributeReader-1,5,main]: start measure timestamp resolution /usr/src (/dev/root) in /usr/src/.git
19:14:44.625 DEBUG: Thread[JGit-FileStoreAttributeReader-1,5,main]: end measure timestamp resolution /usr/src (/dev/root) in /usr/src/.git; got PT0.000006S
19:14:44.625 DEBUG: Thread[JGit-FileStoreAttributeReader-1,5,main]: start measure minimal racy interval in /usr/src/.git
19:14:44.721 DEBUG: Thread[main,5,main]: use fallback timestamp resolution for directory /usr/src/.git
19:14:44.799 DEBUG: 50 non excluded files in this Git repository
19:14:44.831 DEBUG: 'Flask-docker-service.yaml' indexed with language 'yaml'
19:14:44.880 DEBUG: 'Dockerfile' indexed with no language
19:14:44.887 DEBUG: 'LICENSE' indexed with no language
19:14:44.892 DEBUG: 'terraform/provider.tf' indexed with language 'terraform'
19:14:44.897 DEBUG: 'terraform/main.tf' indexed with language 'terraform'
19:14:44.902 DEBUG: 'pyproject.toml' indexed with no language
19:14:44.914 DEBUG: Average line length for server/templates/style.css is 12
19:14:44.920 DEBUG: 'server/templates/style.css' indexed with language 'css'
19:14:44.922 DEBUG: 'server/templates/nghia.html' indexed with language 'web'
19:14:44.927 DEBUG: 'server/templates/images/people/2.jpeg' indexed with no language
19:14:44.932 DEBUG: 'server/templates/images/people/3.jpeg' indexed with no language
19:14:44.938 DEBUG: 'server/templates/images/people/1.jpeg' indexed with no language
19:14:44.940 DEBUG: 'server/templates/images/2.jpeg' indexed with no language
19:14:44.944 DEBUG: 'server/templates/images/3.jpeg' indexed with no language
19:14:44.950 DEBUG: 'server/templates/images/cup/5.jpeg' indexed with no language
19:14:44.952 DEBUG: 'server/templates/images/cup/2.jpeg' indexed with no language
19:14:44.954 DEBUG: 'server/templates/images/cup/3.jpeg' indexed with no language
19:14:44.961 DEBUG: 'server/templates/images/cup/6.jpeg' indexed with no language
19:14:44.963 DEBUG: 'server/templates/images/cup/7.jpeg' indexed with no language
19:14:44.965 DEBUG: 'server/templates/images/cup/1.jpeg' indexed with no language
19:14:44.970 DEBUG: 'server/templates/images/cup/8.jpeg' indexed with no language
19:14:44.972 DEBUG: 'server/templates/images/cup/4.jpeg' indexed with no language
19:14:44.975 DEBUG: 'server/templates/images/1.jpeg' indexed with no language
19:14:44.978 DEBUG: 'server/templates/images/four.jpeg' indexed with no language
19:14:44.981 DEBUG: 'server/templates/images/letter.jpeg' indexed with no language
19:14:44.983 DEBUG: 'server/templates/images/main.jpg' indexed with no language
19:14:44.988 DEBUG: 'server/templates/haha.html' indexed with language 'web'
19:14:44.991 DEBUG: 'server/templates/index.html' indexed with language 'web'
19:14:44.993 DEBUG: 'server/__init__.py' indexed with language 'py'
19:14:44.997 DEBUG: 'server/app.py' indexed with language 'py'
19:14:44.999 DEBUG: 'helm-chart/templates/deployment.yaml' indexed with language 'yaml'
19:14:45.003 DEBUG: 'helm-chart/templates/_helpers.tpl' indexed with no language
19:14:45.006 DEBUG: 'helm-chart/templates/service.yaml' indexed with language 'yaml'
19:14:45.008 DEBUG: 'helm-chart/values.yaml' indexed with language 'yaml'
19:14:45.011 DEBUG: 'helm-chart/Chart.yaml' indexed with language 'yaml'
19:14:45.013 DEBUG: 'Flask-docker-deployment.yaml' indexed with language 'yaml'
19:14:45.014 DEBUG: 'Jenkinsfile2' indexed with no language
19:14:45.016 DEBUG: 'Jenkinsfile' indexed with no language
19:14:45.019 DEBUG: 'tests/test_server.py' indexed with language 'py'
19:14:45.020 DEBUG: 'tests/test_dummy2.py' indexed with language 'py'
19:14:45.023 DEBUG: 'tests/__init__.py' indexed with language 'py'
19:14:45.024 DEBUG: 'README.md' indexed with no language
19:14:45.025 DEBUG: 'poetry.lock' indexed with no language
19:14:45.027 DEBUG: 'docker-compose.yaml' indexed with language 'yaml'
19:14:45.029 DEBUG: 'Test-jenkinsfile' indexed with no language
19:14:45.031 DEBUG: 'deploy.sh' indexed with no language
19:14:45.033 DEBUG: 'Jenkinsfile_first' indexed with no language
19:14:45.036 DEBUG: 'kubeconfig.yaml' indexed with language 'yaml'
19:14:45.058 INFO: 47 files indexed
19:14:45.059 INFO: 0 files ignored because of scm ignore settings
19:14:45.060 INFO: Quality profile for css: Sonar way
19:14:45.061 INFO: Quality profile for py: Sonar way
19:14:45.061 INFO: Quality profile for terraform: Sonar way
19:14:45.061 INFO: Quality profile for web: Sonar way
19:14:45.062 INFO: Quality profile for yaml: Sonar way
19:14:45.063 INFO: ------------- Run sensors on module sonarqube-test
19:14:45.295 INFO: Load metrics repository
19:14:45.337 DEBUG: GET 200 http://35.247.164.137:9000/api/metrics/search?ps=500&p=1 | time=35ms
19:14:45.380 INFO: Load metrics repository (done) | time=85ms
19:14:47.629 DEBUG: delta [ns] since modification FileSnapshot failed to detect
count, failures, racy limit [ns], delta min [ns], delta max [ns], delta avg [ns], delta stddev [ns]
1654, 36, 15000, 3468000.0, 6592000.0, 4981916.666666665, 961902.0851565774
19:14:47.630 DEBUG: FileStoreAttributes[fsTimestampResolution=6 Âµs, minimalRacyInterval=6,592 Âµs]
19:14:47.652 DEBUG: Thread[JGit-FileStoreAttributeReader-1,5,main]: start measure timestamp resolution / (overlay) in /tmp/jgit
19:14:47.658 DEBUG: Thread[JGit-FileStoreAttributeReader-1,5,main]: end measure timestamp resolution / (overlay) in /tmp/jgit; got PT0.000002S
19:14:47.659 DEBUG: Thread[JGit-FileStoreAttributeReader-1,5,main]: start measure minimal racy interval in /tmp/jgit
19:14:47.760 DEBUG: Thread[JGit-FileStoreAttributeWriter-2,5,main]: use fallback timestamp resolution for directory /tmp/jgit
19:14:48.039 DEBUG: 'JavaSensor' skipped because there is no related file in current project
19:14:48.040 DEBUG: 'Import external issues report' skipped because one of the required properties is missing
19:14:48.042 DEBUG: 'Import of Pylint issues' skipped because one of the required properties is missing
19:14:48.043 DEBUG: 'Import of Bandit issues' skipped because one of the required properties is missing
19:14:48.043 DEBUG: 'Import of Flake8 issues' skipped because one of the required properties is missing
19:14:48.044 DEBUG: 'Code Quality and Security for Go' skipped because there is no related file in current project
19:14:48.044 DEBUG: 'Go Unit Test Report' skipped because there is no related file in current project
19:14:48.045 DEBUG: 'Go Cover sensor for Go coverage' skipped because one of the required properties is missing
19:14:48.046 DEBUG: 'Import of go vet issues' skipped because there is no related file in current project
19:14:48.046 DEBUG: 'Import of Golint issues' skipped because there is no related file in current project
19:14:48.047 DEBUG: 'Import of GoMetaLinter issues' skipped because there is no related file in current project
19:14:48.047 DEBUG: 'Import of GolangCI-Lint issues' skipped because there is no related file in current project
19:14:48.048 DEBUG: 'Kotlin Sensor' skipped because there is no related file in current project
19:14:48.048 DEBUG: 'KotlinSurefireSensor' skipped because there is no related file in current project
19:14:48.049 DEBUG: 'Import of detekt issues' skipped because there is no related file in current project
19:14:48.050 DEBUG: 'Import of Android Lint issues' skipped because one of the required properties is missing
19:14:48.051 DEBUG: 'Import of ktlint issues' skipped because there is no related file in current project
19:14:48.061 DEBUG: 'JavaScript analysis' skipped because there is no related file in current project
19:14:48.062 DEBUG: 'TypeScript analysis' skipped because there is no related file in current project
19:14:48.063 DEBUG: 'JavaScript/TypeScript Coverage' skipped because there is no related file in current project
19:14:48.064 DEBUG: 'Import of ESLint issues' skipped because one of the required properties is missing
19:14:48.064 DEBUG: 'Import of TSLint issues' skipped because one of the required properties is missing
19:14:48.065 DEBUG: 'Import of stylelint issues' skipped because one of the required properties is missing
19:14:48.065 DEBUG: 'Ruby Sensor' skipped because there is no related file in current project
19:14:48.066 DEBUG: 'Import of RuboCop issues' skipped because there is no related file in current project
19:14:48.067 DEBUG: 'SimpleCov Sensor for Ruby coverage' skipped because there is no related file in current project
19:14:48.067 DEBUG: 'Scala Sensor' skipped because there is no related file in current project
19:14:48.070 DEBUG: 'Scoverage sensor for Scala coverage' skipped because there is no related file in current project
19:14:48.073 DEBUG: 'Import of Scalastyle issues' skipped because there is no related file in current project
19:14:48.075 DEBUG: 'Import of Scapegoat issues' skipped because there is no related file in current project
19:14:48.076 DEBUG: 'Import of Checkstyle issues' skipped because there is no related file in current project
19:14:48.076 DEBUG: 'Import of PMD issues' skipped because one of the required properties is missing
19:14:48.077 DEBUG: 'Import of SpotBugs issues' skipped because there is no related file in current project
19:14:48.077 DEBUG: 'SurefireSensor' skipped because there is no related file in current project
19:14:48.078 DEBUG: 'Removed properties sensor' skipped because there is no related file in current project
19:14:48.079 DEBUG: 'Flex' skipped because there is no related file in current project
19:14:48.079 DEBUG: 'Flex Cobertura' skipped because there is no related file in current project
19:14:48.080 DEBUG: 'XML Sensor' skipped because there is no related file in current project
19:14:48.080 DEBUG: 'PHP sensor' skipped because there is no related file in current project
19:14:48.081 DEBUG: 'Analyzer for "php.ini" files' skipped because there is no related file in current project
19:14:48.084 DEBUG: 'Import of PHPStan issues' skipped because there is no related file in current project
19:14:48.084 DEBUG: 'Import of Psalm issues' skipped because there is no related file in current project
19:14:48.091 DEBUG: 'Generic Test Executions Report' skipped because one of the required properties is missing
19:14:48.093 DEBUG: Sensors : Python Sensor -> Cobertura Sensor for Python coverage -> PythonXUnitSensor -> JaCoCo XML Report Importer -> IaC Terraform Sensor -> IaC CloudFormation Sensor -> CSS Metrics -> CSS Rules -> C# Project Type Information -> C# Analysis Log -> C# Properties -> JavaXmlSensor -> HTML -> VB.NET Project Type Information -> VB.NET Analysis Log -> VB.NET Properties
19:14:48.102 INFO: Sensor Python Sensor [python]
19:14:48.111 WARN: Your code is analyzed as compatible with python 2 and 3 by default. This will prevent the detection of issues specific to python 2 or python 3. You can get a more precise analysis by setting a python version in your configuration via the parameter "sonar.python.version"
19:14:48.124 DEBUG: Input files for indexing: [tests/test_dummy2.py, server/__init__.py, server/app.py, tests/test_server.py, tests/__init__.py]
19:14:48.126 INFO: Starting global symbols computation
19:14:48.137 INFO: 5 source files to be analyzed
19:14:48.141 INFO: Load project repositories
19:14:48.196 DEBUG: GET 200 http://35.247.164.137:9000/batch/project.protobuf?key=sonarqube-test | time=55ms
19:14:48.208 INFO: Load project repositories (done) | time=67ms
19:14:48.209 DEBUG: 'tests/test_dummy2.py' generated metadata with charset 'UTF-8'
19:14:48.842 DEBUG: 'server/__init__.py' generated metadata with charset 'UTF-8'
19:14:48.871 DEBUG: 'server/app.py' generated metadata with charset 'UTF-8'
19:14:50.662 DEBUG: delta [ns] since modification FileSnapshot failed to detect
count, failures, racy limit [ns], delta min [ns], delta max [ns], delta avg [ns], delta stddev [ns]
1600, 50, 5000, 3182000.0, 6322000.0, 4673120.0, 945415.0290443118
19:14:50.662 DEBUG: FileStoreAttributes[fsTimestampResolution=2 Âµs, minimalRacyInterval=6,322 Âµs]
19:14:50.697 DEBUG: loading config FileBasedConfig[/tmp/jgit/config]
19:14:53.761 DEBUG: 'tests/test_server.py' generated metadata with charset 'UTF-8'
19:14:53.779 DEBUG: 'tests/__init__.py' generated metadata with charset 'UTF-8'
19:14:53.783 INFO: 5/5 source files have been analyzed
19:14:53.784 INFO: Starting rules execution
19:14:53.788 INFO: 5 source files to be analyzed
19:14:53.811 DEBUG: Not enough content in 'tests/test_dummy2.py' to have CPD blocks, it will not be part of the duplication detection
19:14:54.766 DEBUG: Not enough content in 'server/__init__.py' to have CPD blocks, it will not be part of the duplication detection
19:14:54.931 DEBUG: Not enough content in 'tests/__init__.py' to have CPD blocks, it will not be part of the duplication detection
19:14:54.934 INFO: 5/5 source files have been analyzed
19:14:54.936 INFO: Sensor Python Sensor [python] (done) | time=6834ms
19:14:54.937 INFO: Sensor Cobertura Sensor for Python coverage [python]
19:14:54.938 DEBUG: Using pattern 'coverage-reports/*coverage-*.xml' to find reports
19:14:54.961 DEBUG: No report was found for sonar.python.coverage.reportPaths using default pattern coverage-reports/*coverage-*.xml
19:14:54.962 INFO: Sensor Cobertura Sensor for Python coverage [python] (done) | time=25ms
19:14:54.963 INFO: Sensor PythonXUnitSensor [python]
19:14:54.964 DEBUG: Using pattern 'xunit-reports/xunit-result-*.xml' to find reports
19:14:54.970 DEBUG: No report was found for sonar.python.xunit.reportPath using default pattern xunit-reports/xunit-result-*.xml
19:14:54.972 INFO: Sensor PythonXUnitSensor [python] (done) | time=8ms
19:14:54.972 INFO: Sensor JaCoCo XML Report Importer [jacoco]
19:14:54.976 INFO: 'sonar.coverage.jacoco.xmlReportPaths' is not defined. Using default locations: target/site/jacoco/jacoco.xml,target/site/jacoco-it/jacoco.xml,build/reports/jacoco/test/jacocoTestReport.xml
19:14:54.977 INFO: No report imported, no coverage information will be imported by JaCoCo XML Report Importer
19:14:54.978 INFO: Sensor JaCoCo XML Report Importer [jacoco] (done) | time=6ms
19:14:54.979 INFO: Sensor IaC Terraform Sensor [iac]
19:14:54.999 INFO: 2 source files to be analyzed
19:14:55.113 DEBUG: 'terraform/main.tf' generated metadata with charset 'UTF-8'
19:14:55.215 DEBUG: 'terraform/provider.tf' generated metadata with charset 'UTF-8'
19:14:55.218 INFO: 2/2 source files have been analyzed
19:14:55.219 INFO: Sensor IaC Terraform Sensor [iac] (done) | time=239ms
19:14:55.219 INFO: Sensor IaC CloudFormation Sensor [iac]
19:14:55.222 DEBUG: 'docker-compose.yaml' generated metadata with charset 'UTF-8'
19:14:55.224 DEBUG: 'helm-chart/templates/deployment.yaml' generated metadata with charset 'UTF-8'
19:14:55.227 DEBUG: 'helm-chart/Chart.yaml' generated metadata with charset 'UTF-8'
19:14:55.228 DEBUG: 'Flask-docker-deployment.yaml' generated metadata with charset 'UTF-8'
19:14:55.230 DEBUG: 'helm-chart/templates/service.yaml' generated metadata with charset 'UTF-8'
19:14:55.232 DEBUG: 'helm-chart/values.yaml' generated metadata with charset 'UTF-8'
19:14:55.234 DEBUG: 'Flask-docker-service.yaml' generated metadata with charset 'UTF-8'
19:14:55.238 DEBUG: 'kubeconfig.yaml' generated metadata with charset 'UTF-8'
19:14:55.248 INFO: 0 source files to be analyzed
19:14:55.265 INFO: 0/0 source files have been analyzed
19:14:55.271 INFO: Sensor IaC CloudFormation Sensor [iac] (done) | time=52ms
19:14:55.271 INFO: Sensor CSS Metrics [javascript]
19:14:55.276 DEBUG: 'server/templates/style.css' generated metadata with charset 'UTF-8'
19:14:55.347 INFO: Sensor CSS Metrics [javascript] (done) | time=76ms
19:14:55.349 INFO: Sensor CSS Rules [javascript]
19:14:55.354 DEBUG: Deploying bundle
19:14:55.355 DEBUG: Deploying eslint-bridge into /usr/src/.scannerwork/.sonartmp/eslint-bridge-bundle
19:14:58.373 DEBUG: Deploying bundle (done) | time=3019ms
19:14:58.374 DEBUG: Starting server
19:14:58.378 DEBUG: Using default Node.js executable: 'node'.
19:14:58.380 DEBUG: Checking Node.js version
19:14:58.382 DEBUG: Launching command node -v
19:14:58.395 DEBUG: Using Node.js v14.18.1.
19:14:58.395 DEBUG: Starting Node.js process to start eslint-bridge server at port 43177
19:14:58.395 DEBUG: Launching command node /usr/src/.scannerwork/.sonartmp/eslint-bridge-bundle/package/bin/server 43177 127.0.0.1 /usr/src/.scannerwork true false 
19:15:03.047 DEBUG: starting eslint-bridge server at port 43177
19:15:03.060 DEBUG: eslint-bridge server is running at port 43177
19:15:03.140 DEBUG: Starting server (done) | time=4766ms
19:15:03.225 DEBUG: 'server/templates/nghia.html' generated metadata with charset 'UTF-8'
19:15:03.226 INFO: 4 source files to be analyzed
19:15:03.226 DEBUG: Analyzing /usr/src/server/templates/nghia.html
19:15:03.845 DEBUG: Found 0 issue(s)
19:15:03.851 DEBUG: 'server/templates/index.html' generated metadata with charset 'UTF-8'
19:15:03.851 DEBUG: Analyzing /usr/src/server/templates/index.html
19:15:03.949 DEBUG: Found 0 issue(s)
19:15:03.960 DEBUG: 'server/templates/haha.html' generated metadata with charset 'UTF-8'
19:15:03.963 DEBUG: Analyzing /usr/src/server/templates/haha.html
19:15:04.008 DEBUG: Found 0 issue(s)
19:15:04.012 DEBUG: Analyzing /usr/src/server/templates/style.css
19:15:04.087 DEBUG: Found 1 issue(s)
19:15:04.089 INFO: 4/4 source files have been analyzed
19:15:04.091 INFO: Sensor CSS Rules [javascript] (done) | time=8742ms
19:15:04.091 INFO: Sensor C# Project Type Information [csharp]
19:15:04.109 INFO: Sensor C# Project Type Information [csharp] (done) | time=18ms
19:15:04.110 INFO: Sensor C# Analysis Log [csharp]
19:15:04.215 DEBUG: Project 'sonarqube-test': Property missing: 'sonar.cs.analyzer.projectOutPaths'. No protobuf files will be loaded for this project.
19:15:04.216 INFO: Sensor C# Analysis Log [csharp] (done) | time=106ms
19:15:04.217 INFO: Sensor C# Properties [csharp]
19:15:04.217 DEBUG: Project 'sonarqube-test': Property missing: 'sonar.cs.analyzer.projectOutPaths'. No protobuf files will be loaded for this project.
19:15:04.217 DEBUG: Project 'sonarqube-test': No Roslyn issues reports have been found.
19:15:04.217 INFO: Sensor C# Properties [csharp] (done) | time=0ms
19:15:04.217 INFO: Sensor JavaXmlSensor [java]
19:15:04.220 INFO: Sensor JavaXmlSensor [java] (done) | time=2ms
19:15:04.220 INFO: Sensor HTML [web]
19:15:04.346 DEBUG: HtmlSensor: server/templates/nghia.html: 12,0,1
19:15:04.387 DEBUG: HtmlSensor: server/templates/index.html: 0,0,1
19:15:04.451 DEBUG: HtmlSensor: server/templates/haha.html: 0,0,1
19:15:04.471 INFO: Sensor HTML [web] (done) | time=251ms
19:15:04.471 INFO: Sensor VB.NET Project Type Information [vbnet]
19:15:04.473 INFO: Sensor VB.NET Project Type Information [vbnet] (done) | time=2ms
19:15:04.473 INFO: Sensor VB.NET Analysis Log [vbnet]
19:15:04.498 DEBUG: Project 'sonarqube-test': Property missing: 'sonar.vbnet.analyzer.projectOutPaths'. No protobuf files will be loaded for this project.
19:15:04.499 INFO: Sensor VB.NET Analysis Log [vbnet] (done) | time=26ms
19:15:04.499 INFO: Sensor VB.NET Properties [vbnet]
19:15:04.499 DEBUG: Project 'sonarqube-test': Property missing: 'sonar.vbnet.analyzer.projectOutPaths'. No protobuf files will be loaded for this project.
19:15:04.500 DEBUG: Project 'sonarqube-test': No Roslyn issues reports have been found.
19:15:04.500 INFO: Sensor VB.NET Properties [vbnet] (done) | time=1ms
19:15:04.507 INFO: ------------- Run sensors on project
19:15:04.536 DEBUG: 'Generic Coverage Report' skipped because one of the required properties is missing
19:15:04.537 DEBUG: 'C#' skipped because there is no related file in current project
19:15:04.538 DEBUG: 'C# Tests Coverage Report Import' skipped because there is no related file in current project
19:15:04.538 DEBUG: '[Deprecated] C# Integration Tests Coverage Report Import' skipped because there is no related file in current project
19:15:04.539 DEBUG: 'C# Unit Test Results Import' skipped because there is no related file in current project
19:15:04.539 DEBUG: 'VB.NET' skipped because there is no related file in current project
19:15:04.540 DEBUG: 'VB.NET Tests Coverage Report Import' skipped because there is no related file in current project
19:15:04.540 DEBUG: '[Deprecated] VB.NET Integration Tests Coverage Report Import' skipped because there is no related file in current project
19:15:04.541 DEBUG: 'VB.NET Unit Test Results Import' skipped because there is no related file in current project
19:15:04.542 DEBUG: 'Java CPD Block Indexer' skipped because there is no related file in current project
19:15:04.542 DEBUG: Sensors : Zero Coverage Sensor
19:15:04.543 INFO: Sensor Zero Coverage Sensor
19:15:04.594 INFO: Sensor Zero Coverage Sensor (done) | time=51ms
19:15:04.628 INFO: CPD Executor 3 files had no CPD blocks
19:15:04.629 INFO: CPD Executor Calculating CPD for 5 files
19:15:04.630 DEBUG: Detection of duplications for /usr/src/server/templates/index.html
19:15:04.656 DEBUG: Detection of duplications for /usr/src/server/templates/nghia.html
19:15:04.660 DEBUG: Detection of duplications for /usr/src/server/app.py
19:15:04.661 DEBUG: Detection of duplications for /usr/src/server/templates/haha.html
19:15:04.668 DEBUG: Detection of duplications for /usr/src/tests/test_server.py
19:15:04.691 INFO: CPD Executor CPD calculation finished (done) | time=39ms
19:15:04.706 DEBUG: loading config FileBasedConfig[/tmp/jgit/config]
19:15:04.712 DEBUG: SCM revision ID '0f98895073497c8795b06daadc1c59aba6224701'
19:15:04.878 INFO: Analysis report generated in 180ms, dir size=164.8 kB
19:15:04.953 INFO: Analysis report compressed in 74ms, zip size=44.4 kB
19:15:04.954 INFO: Analysis report generated in /usr/src/.scannerwork/scanner-report
19:15:04.954 DEBUG: Upload report
19:15:05.041 DEBUG: POST 200 http://35.247.164.137:9000/api/ce/submit?projectKey=sonarqube-test&projectName=sonarqube-test | time=86ms
19:15:05.057 INFO: Analysis report uploaded in 94ms
19:15:05.060 DEBUG: Report metadata written to /usr/src/.scannerwork/report-task.txt
19:15:05.060 INFO: ANALYSIS SUCCESSFUL, you can browse http://35.247.164.137:9000/dashboard?id=sonarqube-test
19:15:05.060 INFO: Note that you will be able to access the updated dashboard once the server has processed the submitted analysis report
19:15:05.060 INFO: More about the report processing at http://35.247.164.137:9000/api/ce/task?id=AX4rqo6eNcwuSSX-5LNr
19:15:05.079 DEBUG: Post-jobs : 
19:15:05.089 DEBUG: eslint-bridge server will shutdown
19:15:10.779 INFO: Analysis total time: 31.244 s
19:15:10.793 INFO: ------------------------------------------------------------------------
19:15:10.793 INFO: EXECUTION SUCCESS
19:15:10.793 INFO: ------------------------------------------------------------------------
19:15:10.793 INFO: Total time: 37.711s
19:15:11.127 INFO: Final Memory: 102M/304M
19:15:11.128 INFO: ------------------------------------------------------------------------
[8mha:////4PY2ylSuOd8VFZMiuUjaL7BMc+jhhtCAnfMtRFZQDobvAAAApB+LCAAAAAAAAP9tjbEOwiAURV9rHFwd/QiaJm7GyZWw+AXYIkLJexSodPKL/DX/QbSJk3e4uecu5/mCdQxwpKCZVTgYjJ1h3k26LJYpDFdHmVm6sI4wklNMqCyoV6cFBSUFS6oaVhw2CjtH0aBOsOVW3mXjJOrmnEL5Dhxq04/wgIoXc5IhfWEOsLtNfST8ef4KYPY+Qd3uP9W+ATnVfPq+AAAA[0m[Pipeline] }
[8mha:////4G90YOhVE9ElXDLEUbeNsh9vcotYkaENjZCm88yZYD+GAAAApB+LCAAAAAAAAP9tjTEOwjAQBC9BFLSUPOICBRWiSmu54QUmNsaJdWdsh6TiRXyNPxCIRMUWq51t5vmCZYpw5GixNdQ5So3D4Hs7LRw4dhfPA7Z8xoYpsTcozSBZm3pGydnAnKKEhYCVocZzcmQzrEWr7qryimx1ynH6DgJKp2/wgEJM5qxi/sIYYXPtdWL6ef4KYAwhQ7nbf2r7Bgo2J0a+AAAA[0m[Pipeline] // withEnv
[8mha:////4InHiv49BaznE/9jmb4GlorGc68SSF75fCZwuwHX2BFAAAAApB+LCAAAAAAAAP9tjTEOwjAQBDdBFLSUPMIRDUJCVLRWGl5gEmOcWHfBvpBUvIiv8QciIlGx1c4083pjmSKOHJ1qLLWeUuVVF3o3PTVwbK+BB9XwRVVMiYNVpR1Kru1pxpLFYl6WY6GxslQFTp6cYK0b8zBFMOSKs8TJHTRyX9/xRKanspgoXxgjNre+Tky/zt8Axq4T5NudINt/AA6Ss1S9AAAA[0m[Pipeline] }
[8mha:////4HT781CSvcE0ZTUUJcQSLsxjjenxxByKGsNq1QqhahpgAAAAox+LCAAAAAAAAP9tjTESgjAQRT84FraWHiKMFYVjZZuh8QQRYgxkdjFZhMoTeTXvICMzVv7qv9e81xvrFHHk6FRrqfOUaq/6MLj5qZFjdw08qpYvqmZKHKyq7FhxY08LViwWy7IcK42NpTpw8uQEW92ahymCIVecJc7uoJH75o4nMj2XxUT5whSxuw1NYvp1/gYw9b0g35eCrPwAL6Zs+b0AAAA=[0m[Pipeline] // node
[8mha:////4KAikXtBBRQ3MnDUeqwi48GvCd8gTVp0XwJQdzQNeWmFAAAApB+LCAAAAAAAAP9tjTEOwjAQBDdBFLSUPMIRDUJCVLRWGl5gEmOcWHfBvpBUvIiv8QciIlGx1c4083pjmSKOHJ1qLLWeUuVVF3o3PTVwbK+BB9XwRVVMiYNVpR1Kru1pxpLFYl6WY6GxslQFTp6cYK0b8zBFMOSKs8TJHTRyX9/xRKanspgoXxgjNre+Tky/zt8Axq4T5Nu9INt9AGgBOwy9AAAA[0m[Pipeline] }
[8mha:////4P5nS0rbifIefR6LfS5PVWTshUvpbIkfSwbB/tcCTFWgAAAApB+LCAAAAAAAAP9tjTEOwjAQBDdBFLSUPMIRBQVCVLRWGl5gEmOcWHfBvpBUvIiv8QciIlGx1c4083pjmSKOHJ1qLLWeUuVVF3o3PTVwbK+BB9XwRVVMiYNVpR1Kru1pxpLFYl6WY6GxslQFTp6cYK0b8zBFMOSKs8TJHTRyX9/xRKanspgoXxgjNre+Tky/zt8Axq4T5Nu9INt9AGJ5Uqi9AAAA[0m[Pipeline] // stage
[8mha:////4EyRWlY8SQkeLEpldBk1Lc30dnPFYemlWsuqqxdK9xBcAAAAph+LCAAAAAAAAP9tjTEOwjAQBM9BKWgpeYSDEB2iorXc8AITG+PEugv2haTiRXyNPxCIRMVWOyut5vmCMic4UPKycdgGzHWQXez91ORAqb1EGmRDZ1kTZopOajdosu44oyZ2MEcUsFCwdFhHygE9w0o15m6qaNBXJ07TtldQBHuDBwg1mdkk/sKYYH3tbSb8ef4KYOwYxI6h2G4+x/INK/7CYMEAAAA=[0m[Pipeline] stage
[8mha:////4PHr1cY8mcvneRiJm9diAFb3QqCjRXyRTiIAnEBuEXTdAAAAph+LCAAAAAAAAP9tjTEOwjAUQ3+LOrAycogUWBFT1ygLJwhNCGmj/8tPSjtxIq7GHWipxIQHy7ZkvdcbishwInaisdh6jLUXXejdlMRA3F4DDaKhi6gJIwUrlB0UGVstVVGysCjLYSVhbbEOFD26BBvZ6Icug0ZXnhNP21FC7s0dnpDJiZw0p28ZGba33kTCH+cvAMYuQX7Yzbafn8UHbGnGmsIAAAA=[0m[Pipeline] { (Test)
[8mha:////4JGuQrV7/NDspgVt30s5Hso3D5vYqfIsbb7gxZa/vUH3AAAAph+LCAAAAAAAAP9tjTEOwjAUQ3+DOrAycohUdEVMrFEXThCaEJJG/7dJSjpxIq7GHWipxIQHy7ZkvdcbyhjgRMFwp7GzGFvLez+aOfFMobt5ytzRlbeEkbzmjc4NKX1ea0NJw6qCwUbAVmPrKVo0CXbCyYesvERTXVKYt6MAZtUATyjETE4ypG+ZAuzvo4qEP85fAEx9AlYfFquXZ/kBAsTc3cIAAAA=[0m[Pipeline] node
Running on [8mha:////4H8qy94SiiQreLqxOMt7rEcbO/xGHMEFKqHLW6flZkHZAAAAoR+LCAAAAAAAAP9b85aBtbiIQTGjNKU4P08vOT+vOD8nVc83PyU1x6OyILUoJzMv2y+/JJUBAhiZGBgqihhk0NSjKDWzXb3RdlLBUSYGJk8GtpzUvPSSDB8G5tKinBIGIZ+sxLJE/ZzEvHT94JKizLx0a6BxUmjGOUNodHsLgAz2EgZR/eT83ILSktQifY2k0sycEt3MPE19AHHxbH3KAAAA[0mJenkins in /var/jenkins_home/workspace/CICD-pipeline
[8mha:////4I8lj0sAbFZLU3bRe0piQdhy4de3aj1AGzRZLzyt3bEhAAAAph+LCAAAAAAAAP9tjTEOwjAUQ3+LOrAycohUKiNiYo2ycILQhJA0+r9NUtKJE3E17kBLJSY8WLYl673eUMUAJwqGOY2dxdha1vvRzIllCt3NU2aOrqwljOQ1EzoLUvq8VkFJw6qihA2HrcbWU7RoEuy4kw9Ze4mmvqQwb0cOpVUDPKHgMznJkL5lCrC/jyoS/jh/ATD1CcqmWeywPKsPpnFij8IAAAA=[0m[Pipeline] {
[8mha:////4JIOucRgv14WjXctjArLvTgFcA+vwg12Z3IvliSMhhmVAAAApB+LCAAAAAAAAP9tjTEOwjAQBC9BFLSUPOIiAR2iSmu54QUmNsaJdWdsh6TiRXyNPxCIRMUWq51t5vmCZYpw5GixNdQ5So3D4Hs7LRw4dhfPA7Z8xoYpsTcozSBZm3pGydnAnKKEhYCVocZzcmQzrEWr7qryimx1ynH6DgJKp2/wgEJM5qxi/sIYYXPtdWL6ef4KYAwZyu3uU/vwBrANZ3i+AAAA[0m[Pipeline] checkout
The recommended git tool is: NONE
using credential cc06d1e1-44a5-4361-9e9c-eadedc84103a
 > git rev-parse --resolve-git-dir /var/jenkins_home/workspace/CICD-pipeline/.git # timeout=10
Fetching changes from the remote Git repository
 > git config remote.origin.url https://github.com/nghiattr/flask-docker.git # timeout=10
Fetching upstream changes from https://github.com/nghiattr/flask-docker.git
 > git --version # timeout=10
 > git --version # 'git version 2.30.2'
using GIT_ASKPASS to set credentials github-acc-nghiattr
 > git fetch --tags --force --progress -- https://github.com/nghiattr/flask-docker.git +refs/heads/*:refs/remotes/origin/* # timeout=10
Seen branch in repository origin/develop
Seen branch in repository origin/feature/testpullrq
Seen branch in repository origin/master
Seen 3 remote branches
 > git show-ref --tags -d # timeout=10
Checking out Revision 0f98895073497c8795b06daadc1c59aba6224701 (origin/develop)
 > git config core.sparsecheckout # timeout=10
 > git checkout -f 0f98895073497c8795b06daadc1c59aba6224701 # timeout=10
Commit message: "wdsfds"
[8mha:////4J7FQqqRfQx0xvzuAjqG2xRVwyiC+DA6xVZF3nPPPDvmAAAApx+LCAAAAAAAAP9tjTEOwjAUQ3+LOrAycohUAjEhpq5RFk4QmhDSRv+Xn5R24kRcjTvQUokJD5ZtyXqvNxSR4UTsRGOx9RhrL7rQuymJgbi9BhpEQxdRE0YKVig7KDK2WqqiZGFRlsNKwtpiHSh6dAk2stEPXQaNrjwnnrajhNybOzwhkxM5aU7fMjJsb72JhD/OXwCMXYJ8t5/tMD+LD3tNtZjCAAAA[0m[Pipeline] withEnv
[8mha:////4I3NUhdtNlxDNHxJhCNuDap112vn0h3gv3uLmOzc9nNFAAAAqB+LCAAAAAAAAP9tjTEOwjAUQ3+LOrAycohUQoIFMXWNsnCC0ISQNvq//KS0EyfiatyBlkpMeLBsS9Z7vaGIDCdiJxqLrcdYe9GF3k1JDMTtNdAgGrqImjBSsELZQZGx1VIVJQuLshxWEtYW60DRo0uwkY1+6DJodOU58bQdJeTe3OEJmZzISXP6lpFhe+tNJPxx/gJg7BLku/1sh/lZfACW9ZT2wgAAAA==[0m[Pipeline] {
[8mha:////4AuiYkv/kldZwpE7gb5nF/YjQWSmd0HQjHcUsk0IxjUiAAAApR+LCAAAAAAAAP9tjTEOwjAQBC9BFLSUPOIiUUCBqNJabniBiY1xYt0Z2yGpeBFf4w8EIlGxxWpnm3m+YJkiHDlabA11jlLjMPjeTgsHjt3F84Atn7FhSuwNSjNI1qaeUXI2MKcoYSFgZajxnBzZDGvRqruqvCJbnXKcvoOA0ukbPKAQkzmrmL8wRthce52Yfp6/AhhDhnK7+9Q+vAHUcXIBvgAAAA==[0m[Pipeline] isUnix
[8mha:////4E2x0PpieO0MCnMSYa02mmV26OC4YR8PlxXe4dvydFG7AAAApR+LCAAAAAAAAP9tjTEOwjAQBC9BFLSUPOIiUSAkRJXWcsMLTGyME+vO2A5JxYv4Gn8gEImKLVY728zzBcsU4cjRYmuoc5Qah8H3dlo4cOwungds+YwNU2JvUJpBsjb1jJKzgTlFCQsBK0ON5+TIZliLVt1V5RXZ6pTj9B0ElE7f4AGFmMxZxfyFMcLm2uvE9PP8FcAYMpTb3af24Q0bbeqGvgAAAA==[0m[Pipeline] sh
+ docker inspect -f . python:3.8-slim-buster
.
[8mha:////4KR6BDwT9HMOBoktbtKIP/nuNeLjMIQwrj9eAt9jq0dQAAAAqB+LCAAAAAAAAP9tjTEOwjAUQ3+LOrAycohUYkBCiKlrlIUThCaEtNH/5SelnTgRV+MOtFRiwoNlW7Le6w1FZDgRO9FYbD3G2osu9G5KYiBur4EG0dBF1ISRghXKDoqMrZaqKFlYlOWwkrC2WAeKHl2CjWz0Q5dBoyvPiaftKCH35g5PyORETprTt4wM21tvIuGP8xcAY5cg3+1nO8zP4gNCISCewgAAAA==[0m[Pipeline] withDockerContainer
Jenkins seems to be running inside container 322f5210f9a2dbbec411b254074901afe720ea3420f95922585baa9fd9c00dbb
$ docker run -t -d -u 1002:998 -u 0:0 -v /tmp:/root/.cache -w /var/jenkins_home/workspace/CICD-pipeline --volumes-from 322f5210f9a2dbbec411b254074901afe720ea3420f95922585baa9fd9c00dbb -e ******** -e ******** -e ******** -e ******** -e ******** -e ******** -e ******** -e ******** -e ******** -e ******** -e ******** -e ******** -e ******** -e ******** -e ******** -e ******** -e ******** -e ******** -e ******** -e ******** -e ******** -e ******** -e ******** -e ******** -e ******** -e ******** -e ******** -e ******** -e ******** -e ******** -e ******** -e ******** -e ******** -e ******** -e ******** python:3.8-slim-buster cat
$ docker top 363b78f1852e83deeec695729634728a67114ade25cca0e7736ff67cc73b0f87 -eo pid,comm
[8mha:////4C25YT8ONKv2f4n/u+ADyGNQmZILodvYs7gl10665xEaAAAAqB+LCAAAAAAAAP9tjTEOwjAUQ3+LOrAycogUwYRQJ9aoCycITQhJo/9LkpJOnIircQcClZjwYNmWrPd8QRU8NOQ1swp7g6EzbHCjzokl8v3FUWKWzqwjDOQUa1VqSarjXFuKCmYVJSw4LBV2joJBHWHFrbiL2gnU9Sn6vB04lEbe4AEFz+QofPyWycP6OspA+OP8BcA0RCi3+2y7zedZvQH4j6CMwgAAAA==[0m[Pipeline] {
[8mha:////4KyP0fqL/CbZ+cPZ4ObTaFLqXjlaVFUIDx4n8MgOOyjCAAAAox+LCAAAAAAAAP9tjTEOwjAQBC9BFLSUPOICokRUaS03vMDExjix7oztkFS8iK/xBwKRqNhitbPNPF+wTBGOHC22hjpHqXEYfG+nhQPH7uJ5wJbP2DAl9galGSRrU88oORuYU5SwELAy1HhOjmyGtWjVXVVeka1OOU7fQUDp9A0eUIjJnFXMXxgjbK69Tkw/z18BjCFDud9+ahfewYmQ+b4AAAA=[0m[Pipeline] sh
+ pip install poetry
Collecting poetry
  Using cached poetry-1.1.12-py2.py3-none-any.whl (175 kB)
Collecting pexpect<5.0.0,>=4.7.0
  Using cached pexpect-4.8.0-py2.py3-none-any.whl (59 kB)
Collecting poetry-core<1.1.0,>=1.0.7
  Using cached poetry_core-1.0.7-py2.py3-none-any.whl (424 kB)
Collecting packaging<21.0,>=20.4
  Using cached packaging-20.9-py2.py3-none-any.whl (40 kB)
Collecting shellingham<2.0,>=1.1
  Using cached shellingham-1.4.0-py2.py3-none-any.whl (9.4 kB)
Collecting cachecontrol[filecache]<0.13.0,>=0.12.9
  Using cached CacheControl-0.12.10-py2.py3-none-any.whl (20 kB)
Collecting pkginfo<2.0,>=1.4
  Using cached pkginfo-1.8.2-py2.py3-none-any.whl (26 kB)
Collecting html5lib<2.0,>=1.0
  Using cached html5lib-1.1-py2.py3-none-any.whl (112 kB)
Collecting cleo<0.9.0,>=0.8.1
  Using cached cleo-0.8.1-py2.py3-none-any.whl (21 kB)
Collecting cachy<0.4.0,>=0.3.0
  Using cached cachy-0.3.0-py2.py3-none-any.whl (20 kB)
Collecting clikit<0.7.0,>=0.6.2
  Using cached clikit-0.6.2-py2.py3-none-any.whl (91 kB)
Collecting requests-toolbelt<0.10.0,>=0.9.1
  Using cached requests_toolbelt-0.9.1-py2.py3-none-any.whl (54 kB)
Collecting virtualenv<21.0.0,>=20.0.26
  Using cached virtualenv-20.13.0-py2.py3-none-any.whl (6.5 MB)
Collecting crashtest<0.4.0,>=0.3.0
  Using cached crashtest-0.3.1-py3-none-any.whl (7.0 kB)
Collecting requests<3.0,>=2.18
  Using cached requests-2.27.1-py2.py3-none-any.whl (63 kB)
Collecting keyring<22.0.0,>=21.2.0
  Using cached keyring-21.8.0-py3-none-any.whl (32 kB)
Collecting tomlkit<1.0.0,>=0.7.0
  Using cached tomlkit-0.8.0-py3-none-any.whl (33 kB)
Collecting msgpack>=0.5.2
  Using cached msgpack-1.0.3-cp38-cp38-manylinux_2_17_x86_64.manylinux2014_x86_64.whl (322 kB)
Collecting lockfile>=0.9
  Using cached lockfile-0.12.2-py2.py3-none-any.whl (13 kB)
Collecting pastel<0.3.0,>=0.2.0
  Using cached pastel-0.2.1-py2.py3-none-any.whl (6.0 kB)
Collecting pylev<2.0,>=1.3
  Using cached pylev-1.4.0-py2.py3-none-any.whl (6.1 kB)
Collecting webencodings
  Using cached webencodings-0.5.1-py2.py3-none-any.whl (11 kB)
Collecting six>=1.9
  Using cached six-1.16.0-py2.py3-none-any.whl (11 kB)
Collecting jeepney>=0.4.2
  Using cached jeepney-0.7.1-py3-none-any.whl (54 kB)
Collecting SecretStorage>=3.2
  Using cached SecretStorage-3.3.1-py3-none-any.whl (15 kB)
Collecting pyparsing>=2.0.2
  Using cached pyparsing-3.0.6-py3-none-any.whl (97 kB)
Collecting ptyprocess>=0.5
  Using cached ptyprocess-0.7.0-py2.py3-none-any.whl (13 kB)
Collecting idna<4,>=2.5
  Using cached idna-3.3-py3-none-any.whl (61 kB)
Collecting certifi>=2017.4.17
  Using cached certifi-2021.10.8-py2.py3-none-any.whl (149 kB)
Collecting charset-normalizer~=2.0.0
  Using cached charset_normalizer-2.0.10-py3-none-any.whl (39 kB)
Collecting urllib3<1.27,>=1.21.1
  Using cached urllib3-1.26.7-py2.py3-none-any.whl (138 kB)
Collecting cryptography>=2.0
  Using cached cryptography-36.0.1-cp36-abi3-manylinux_2_24_x86_64.whl (3.6 MB)
Collecting cffi>=1.12
  Using cached cffi-1.15.0-cp38-cp38-manylinux_2_12_x86_64.manylinux2010_x86_64.whl (446 kB)
Collecting pycparser
  Using cached pycparser-2.21-py2.py3-none-any.whl (118 kB)
Collecting filelock<4,>=3.2
  Using cached filelock-3.4.2-py3-none-any.whl (9.9 kB)
Collecting platformdirs<3,>=2
  Using cached platformdirs-2.4.1-py3-none-any.whl (14 kB)
Collecting distlib<1,>=0.3.1
  Using cached distlib-0.3.4-py2.py3-none-any.whl (461 kB)
Installing collected packages: pycparser, urllib3, idna, charset-normalizer, cffi, certifi, requests, pylev, pastel, msgpack, jeepney, cryptography, crashtest, webencodings, six, SecretStorage, pyparsing, ptyprocess, platformdirs, lockfile, filelock, distlib, clikit, cachecontrol, virtualenv, tomlkit, shellingham, requests-toolbelt, poetry-core, pkginfo, pexpect, packaging, keyring, html5lib, cleo, cachy, poetry
Successfully installed SecretStorage-3.3.1 cachecontrol-0.12.10 cachy-0.3.0 certifi-2021.10.8 cffi-1.15.0 charset-normalizer-2.0.10 cleo-0.8.1 clikit-0.6.2 crashtest-0.3.1 cryptography-36.0.1 distlib-0.3.4 filelock-3.4.2 html5lib-1.1 idna-3.3 jeepney-0.7.1 keyring-21.8.0 lockfile-0.12.2 msgpack-1.0.3 packaging-20.9 pastel-0.2.1 pexpect-4.8.0 pkginfo-1.8.2 platformdirs-2.4.1 poetry-1.1.12 poetry-core-1.0.7 ptyprocess-0.7.0 pycparser-2.21 pylev-1.4.0 pyparsing-3.0.6 requests-2.27.1 requests-toolbelt-0.9.1 shellingham-1.4.0 six-1.16.0 tomlkit-0.8.0 urllib3-1.26.7 virtualenv-20.13.0 webencodings-0.5.1
WARNING: Running pip as the 'root' user can result in broken permissions and conflicting behaviour with the system package manager. It is recommended to use a virtual environment instead: https://pip.pypa.io/warnings/venv
WARNING: You are using pip version 21.2.4; however, version 21.3.1 is available.
You should consider upgrading via the '/usr/local/bin/python -m pip install --upgrade pip' command.
[8mha:////4Ej3+q7kQbF9c9EopZCvU137BtGIwEN6T61FH8GuFH3mAAAAox+LCAAAAAAAAP9tjTEOwjAQBC9BFLSUPOKCoERUaS03vMDExjix7oztkFS8iK/xBwKRqNhitbPNPF+wTBGOHC22hjpHqXEYfG+nhQPH7uJ5wJbP2DAl9galGSRrU88oORuYU5SwELAy1HhOjmyGtWjVXVVeka1OOU7fQUDp9A0eUIjJnFXMXxgjbK69Tkw/z18BjCFDud9+ahfeAtq90r4AAAA=[0m[Pipeline] sh
+ poetry install
Installing dependencies from lock file

No dependencies to install or update
[8mha:////4G0U07rx1OmMdbNDgq0ntiEilKqQk6tVHI5CjRbmzjlNAAAAox+LCAAAAAAAAP9tjTEOwjAQBC9BFLSUPOKClBJR0VppeIFJjLFj3Tm2g1PxIr7GHwhEomKL1c4283zBOgY4ctBoFfWGYmvQu1HPCzOH/uo4o+ULtkyRncJG5YY7dVqw4aRgSVHCSsBGUes4GtIJtsLKu6ycJF2dU5i/g4DSdAM8oBCzOcmQvjAF2N3GLjL9PH8FMPkEZb3/VO3fQ+umy74AAAA=[0m[Pipeline] sh
+ poetry run pytest
============================= test session starts ==============================
platform linux -- Python 3.8.12, pytest-5.4.3, py-1.9.0, pluggy-0.13.1
rootdir: /var/jenkins_home/workspace/CICD-pipeline
collected 7 items

tests/test_dummy2.py ..                                                  [ 28%]
tests/test_server.py .....                                               [100%]

============================== 7 passed in 0.22s ===============================
[8mha:////4DhJabb13LlfXYQrmozANKowtcbxJERY0EwPNOQMZXL6AAAApB+LCAAAAAAAAP9tjTEOwjAQBC9BFLSUPOKCBB2iSmu54QUmNsaJdWdsh6TiRXyNPxCIRMUWq51t5vmCZYpw5GixNdQ5So3D4Hs7LRw4dhfPA7Z8xoYpsTcozSBZm3pGydnAnKKEhYCVocZzcmQzrEWr7qryimx1ynH6DgJKp2/wgEJM5qxi/sIYYXPtdWL6ef4KYAwhQ7nbf2r7BgSW0ii+AAAA[0m[Pipeline] }
$ docker stop --time=1 363b78f1852e83deeec695729634728a67114ade25cca0e7736ff67cc73b0f87
$ docker rm -f 363b78f1852e83deeec695729634728a67114ade25cca0e7736ff67cc73b0f87
[8mha:////4KFpFTH8RwkDI8tBAfjkm65H8ATBukfk/94XiGnmBbWiAAAAph+LCAAAAAAAAP9tjTEOwjAQBC9BFLSUPOIigSgQSkVrueEFJjHGiXUXbAen4kV8jT9gEYmKLVY728zrDcvgoWZvsNPUWwqNxcGNJi9M7Pur44QdX7BhCuw0Sp0kt/o0o+SoYU5RwkLASlPjOFgyEdaiUw9VOUWmOkefv6OA0rZ3eEIhsjkqH78wedjcxjYw/Tx/BTANQ4Ryt8+1PXwARMxJg74AAAA=[0m[Pipeline] // withDockerContainer
[8mha:////4AD6CljGcDgnuhuVRzCuZv7I72w1i7GM3MIP+BAsNopYAAAApR+LCAAAAAAAAP9tjTEOwjAQBC9BFLSUPOIigZQGUaW10vACExvjxLoztkNS8SK+xh+wiETFFqudbeb1hnUMcOJgsNc0WIqdRe9GkxdOHIar4wl7vmDHFNlpbPXUstLNgi0nDUuKElYCNpo6x9GSSbAVvXzIykky1TmF/B0FlFbd4QmFyOYkQ/rCHGB3G1Vk+nn+CmD2PkF5qHPt6w97o2KVvgAAAA==[0m[Pipeline] }
[8mha:////4LSUDnqVfIBhuAStQDvGtd5BSvJLomu8LcX4hkZERoDQAAAAph+LCAAAAAAAAP9tjTEOwjAQBC9BFLSUPOIigRAFSkVrueEFJjHGiXUXbAen4kV8jT9gEYmKLVY728zrDcvgoWZvsNPUWwqNxcGNJi9M7Pur44QdX7BhCuw0Sp0kt/o0o+SoYU5RwkLASlPjOFgyEdaiUw9VOUWmOkefv6OA0rZ3eEIhsjkqH78wedjcxjYw/Tx/BTANQ4Ryd8i13X8AZCE3x74AAAA=[0m[Pipeline] // withEnv
[8mha:////4O6RsV4M0sXUubaWZnEiR57jmx+elAKtVbOWF3fbNn4ZAAAApR+LCAAAAAAAAP9tjTEOwjAQBC9BFLSUPMKRSIOEqNJaaXiBiQ/jxLoztkNS8SK+xh+wiETFFqudbeb1hnUMcOJgRI80WIqdFd6NJi8xcRiujifR80V0TJEdihanljU2C7acEJYUJawkbJA6x9GSSbCVvXqoyiky1TmF/B0llFbf4QmFzOakQvrCHGB3G3Vk+nn+CmD2PkFZH3Lt6w+ENgLfvgAAAA==[0m[Pipeline] }
[8mha:////4P+JTR8jWqherR793LpGemJ5W2CdMinvnTeYGp+Zh5isAAAApR+LCAAAAAAAAP9tjTEOwjAQBC9BFLSUPOIihQohqrRWGl5gYmOcWHfGdkgqXsTX+AMWkajYYrWzzbzesI4BThwM9poGS7Gz6N1o8sKJw3B1PGHPF+yYIjuNrZ5aVrpZsOWkYUlRwkrARlPnOFoyCbailw9ZOUmmOqeQv6OA0qo7PKEQ2ZxkSF+YA+xuo4pMP89fAczeJyj3h1x1/QG31VljvgAAAA==[0m[Pipeline] // node
[8mha:////4DpR3TLIqU+s+pQsNc2OSe+QtLG8YlYKzoaU7/AD4Ve/AAAApB+LCAAAAAAAAP9tjTEOwjAQBC9BFLSUPOICiA6lorXc8AKTGOPEugu2g1PxIr7GH7CIRMUWq51t5vWGZfBQszfYaeothcbi4EaTFyb2/dVxwo4v2DAFdhqlTpJbfZpRctQwpyhhIWClqXEcLJkIa9Gph6qcIlOdo8/fUUBp2zs8oRDZHJWPX5g8bG5jG5h+nr8CmIYhQnnY5trvPkvr+Bi+AAAA[0m[Pipeline] }
[8mha:////4KkkXciBkqvCj3iFFNf1SZvc/6DDh9f7loxDUi+1607oAAAApB+LCAAAAAAAAP9tjTEOwjAQBC9BFLSUPOICiA6lorXc8AKTGOPEugu2g1PxIr7GH7CIRMUWq51t5vWGZfBQszfYaeothcbi4EaTFyb2/dVxwo4v2DAFdhqlTpJbfZpRctQwpyhhIWClqXEcLJkIa9Gph6qcIlOdo8/fUUBp2zs8oRDZHJWPX5g8bG5jG5h+nr8CmIYhQnnY5dpvP3gIo6S+AAAA[0m[Pipeline] // stage
[8mha:////4AAtR018ATGIga9Qm+Bs0KSPJAcWM/xx2ZE2jqt6dwH+AAAAph+LCAAAAAAAAP9tjTEOwjAQBM9BKWgpeYQjoXSIitZywwtMYowT6y7YF5KKF/E1/oAhEhVb7ay0mucLyhThQNHJzmLvMTVeDmF0ucmJYn8JNMmOzrIhTBSs1HbS1NrjgprYwhJRwErB2mITKHl0DBvVmbupgkFXnTjmba+g8O0NHiBUNrOJ/IU5wvY6tonw5/krgHlgEDVDUe8+x/INGmraTsEAAAA=[0m[Pipeline] stage
[8mha:////4LP5r8/58tnxad36FRHa86/B5pxGuzRqmkIFKejpryQKAAAApx+LCAAAAAAAAP9tjTEOwjAUQ3+LOrAycohUAjbE1DXKwglCE0La6P/yk9JOnIircQdaKjHhwbItWe/1hiIynIidaCy2HmPtRRd6NyUxELfXQINo6CJqwkjBCmUHRcZWS1WULCzKclhJWFusA0WPLsFGNvqhy6DRlefE03aUkHtzhydkciInzelbRobtrTeR8Mf5C4CxS5AfdrPt52fxAXzhjwPCAAAA[0m[Pipeline] { (Build)
[8mha:////4JKEJDtmjoCEkr/geLijiZ2/5dbVNHRhIyzrF6tbMDgAAAAAph+LCAAAAAAAAP9tjTEOwjAUQ3+DOrAycoh0oBtiYo26cILQhJA0+r9NUtKJE3E17kBLJSY8WLYl673eUMYAJwqGO42dxdha3vvRzIlnCt3NU+aOrrwljOQ1b3RuSOnzWhtKGlYVDDYCthpbT9GiSbATTj5k5SWa6pLCvB0FMKsGeEIhZnKSIX3LFGB/H1Uk/HH+AmDqE7D6sFi9PMsPBA4E38IAAAA=[0m[Pipeline] node
Running on [8mha:////4GcGUJYILzcXDUILh5IX5PSxj+2hDQ3DlKcvAXQn/vDZAAAAph+LCAAAAAAAAP9b85aBtbiIQTGjNKU4P08vOT+vOD8nVc83PyU1x6OyILUoJzMv2y+/JJUBAhiZGBgqihhk0NSjKDWzXb3RdlLBUSYGJk8GtpzUvPSSDB8G5tKinBIGIZ+sxLJE/ZzEvHT94JKizLx0a6BxUmjGOUNodHsLgAzeEgYp/eT83ILSktQi/azUvOzMvGJVI5fE9NS8En0A4Zrl388AAAA=[0mjenkins-agent in /jenkins-agent/workspace/CICD-pipeline
[8mha:////4H91oZ5ojkYcqrxyfB/2M4uSTr63XukuIaoKaCjTZDlqAAAAph+LCAAAAAAAAP9tjTEOwjAUQ3+LOrAycoh0KRNiYo2ycILQhJA0+r9NUtKJE3E17kBLJSY8WLYl673eUMUAJwqGOY2dxdha1vvRzIllCt3NU2aOrqwljOQ1EzoLUvq8VkFJw6qihA2HrcbWU7RoEuy4kw9Ze4mmvqQwb0cOpVUDPKHgMznJkL5lCrC/jyoS/jh/ATD1CcqmWeywPKsPIshjPcIAAAA=[0m[Pipeline] {
[8mha:////4D0EUArGF3o3vybe9mVyrwBcL6lA+jBtQ2EJv/BeWXYcAAAApB+LCAAAAAAAAP9tjTEOwjAQBC9BFLSUPOLSAA2iSmu54QUmNsaJdWdsh6TiRXyNPxCIRMUWq51t5vmCZYpw5GixNdQ5So3D4Hs7LRw4dhfPA7Z8xoYpsTcozSBZm3pGydnAnKKEhYCVocZzcmQzrEWr7qryimx1ynH6DgJKp2/wgEJM5qxi/sIYYXPtdWL6ef4KYAwZyu3uU/vwBj0vY+u+AAAA[0m[Pipeline] checkout
The recommended git tool is: NONE
using credential cc06d1e1-44a5-4361-9e9c-eadedc84103a
Fetching changes from the remote Git repository
Checking out Revision 0f98895073497c8795b06daadc1c59aba6224701 (origin/develop)
Commit message: "wdsfds"
[8mha:////4K9dibUACI+8x+m1EL/rOTRvxgt0aFZC9TB8O4R5wWLzAAAApx+LCAAAAAAAAP9tjTEOwjAUQ3+LOrAycoh0ATEgpq5RFk4QmhDSRv+Xn5R24kRcjTvQUokJD5ZtyXqvNxSR4UTsRGOx9RhrL7rQuymJgbi9BhpEQxdRE0YKVig7KDK2WqqiZGFRlsNKwtpiHSh6dAk2stEPXQaNrjwnnrajhNybOzwhkxM5aU7fMjJsb72JhD/OXwCMXYJ8t5/tMD+LD+m2JbHCAAAA[0m[Pipeline] withEnv
[8mha:////4LaDUU3dNvuE0p6JR0WrWLXH654VyGcF61/u3uBeD4FYAAAAqB+LCAAAAAAAAP9tjTEOwjAUQ3+LOrAycoh0QQIJMXWNsnCC0ISQNvq//KS0EyfiatyBlkpMeLBsS9Z7vaGIDCdiJxqLrcdYe9GF3k1JDMTtNdAgGrqImjBSsELZQZGx1VIVJQuLshxWEtYW60DRo0uwkY1+6DJodOU58bQdJeTe3OEJmZzISXP6lpFhe+tNJPxx/gJg7BLku/1sh/lZfAD9vR8YwgAAAA==[0m[Pipeline] {
[8mha:////4O/SgGzULAhKb7cAF96afsczpuZ40euAi7SnnPHcPbXXAAAApx+LCAAAAAAAAP9tjTEOwjAUQ3+LOrAycoh0YQAhpq5RFk4QmhDSRv+Xn5R24kRcjTvQUokJD5ZtyXqvNxSR4UTsRGOx9RhrL7rQuymJgbi9BhpEQxdRE0YKVig7KDK2WqqiZGFRlsNKwtpiHSh6dAk2stEPXQaNrjwnnrajhNybOzwhkxM5aU7fMjJsb72JhD/OXwCMXYJ8t5/tMD+LD56au0DCAAAA[0m[Pipeline] withEnv
[8mha:////4IYfepm4ow6ekc55g1m4VlNqhgFVCGWdmfo3B4r82jT/AAAAqB+LCAAAAAAAAP9tjTEOwjAUQ3+LOrAycoiUAQaEOrFGXThBaEJIGv1fkpR04kRcjTsQqMSEB8u2ZL3nC6rgoSGvmVXYGwydYYMbdU4ske8vjhKzdGYdYSCnWKtSS1Id59pSVDCrKGHBYamwcxQM6ggrbsVd1E6grk/R5+3AoTTyBg8oeCZH4eO3TB7W11EGwh/nLwCmIUK53WfbbT7P6g0iH00AwgAAAA==[0m[Pipeline] {
[8mha:////4MfLmyU7Z0CSUBkOXhJbC3MVbFoFPGM4zJtCP6i/ZfhmAAAApB+LCAAAAAAAAP9tjTEOwjAQBC9BFLSUPOICBRWiSmu54QUmNsaJdWdsh6TiRXyNPxCIRMUWq51t5vmCZYpw5GixNdQ5So3D4Hs7LRw4dhfPA7Z8xoYpsTcozSBZm3pGydnAnKKEhYCVocZzcmQzrEWr7qryimx1ynH6DgJKp2/wgEJM5qxi/sIYYXPtdWL6ef4KYAwZyv32U7vwBvT8cju+AAAA[0m[Pipeline] sh
+ docker logout
Removing login credentials for https://index.docker.io/v1/
[8mha:////4EAz9tZ159dgUR3Exiwd78pQzfipFAXbCqKx8VVB5JIPAAAApx+LCAAAAAAAAP9tjTEOwjAUQ3+LOrAycogUITEhpq5RFk4QmhDSRv+Xn5R24kRcjTvQUokJD5ZtyXqvNxSR4UTsRGOx9RhrL7rQuymJgbi9BhpEQxdRE0YKVig7KDK2WqqiZGFRlsNKwtpiHSh6dAk2stEPXQaNrjwnnrajhNybOzwhkxM5aU7fMjJsb72JhD/OXwCMXYL8sJttPz+LD8PMba3CAAAA[0m[Pipeline] script
[8mha:////4IRGSTC4+Xbg+b9ouzOaLhYgYF6dADb8Wb7scWSuEYU8AAAApx+LCAAAAAAAAP9tjTEOwjAUQ3+LOrAycohUAjEhpq5RFk4QmhDSRv+Xn5R24kRcjTvQUokJD5ZtyXqvNxSR4UTsRGOx9RhrL7rQuymJgbi9BhpEQxdRE0YKVig7KDK2WqqiZGFRlsNKwtpiHSh6dAk2stEPXQaNrjwnnrajhNybOzwhkxM5aU7fMjJsb72JhD/OXwCMXYL8sJttPz+LD6emXT7CAAAA[0m[Pipeline] {
 > git rev-parse --resolve-git-dir /jenkins-agent/workspace/CICD-pipeline/.git # timeout=10
 > git config remote.origin.url https://github.com/nghiattr/flask-docker.git # timeout=10
Fetching upstream changes from https://github.com/nghiattr/flask-docker.git
 > git --version # timeout=10
 > git --version # 'git version 2.25.1'
using GIT_ASKPASS to set credentials github-acc-nghiattr
 > git fetch --tags --force --progress -- https://github.com/nghiattr/flask-docker.git +refs/heads/*:refs/remotes/origin/* # timeout=10
Seen branch in repository origin/develop
Seen branch in repository origin/feature/testpullrq
Seen branch in repository origin/master
Seen 3 remote branches
 > git show-ref --tags -d # timeout=10
 > git config core.sparsecheckout # timeout=10
 > git checkout -f 0f98895073497c8795b06daadc1c59aba6224701 # timeout=10
[8mha:////4LAakj2jGvY77utcr2cSAO7X/X799RbJgVYEvCAMegKrAAAApx+LCAAAAAAAAP9tjTEOwjAUQ3+LOrAycoh0ACbE1DXKwglCE0La6P/yk9JOnIircQdaKjHhwbItWe/1hiIynIidaCy2HmPtRRd6NyUxELfXQINo6CJqwkjBCmUHRcZWS1WULCzKclhJWFusA0WPLsFGNvqhy6DRlefE03aUkHtzhydkciInzelbRobtrTeR8Mf5C4CxS5AfdrPt52fxAd9J1uLCAAAA[0m[Pipeline] withEnv
[8mha:////4PDpdKNPs7qAAtJe63kByMs0reiE/ZDkEHtY9/uOmbZJAAAAph+LCAAAAAAAAP9tjTEOwjAUQ3+DOrAycoh0oRNiYo26cILQhJA0+r9NUtKJE3E17kBLJSY8WLYl673eUMYAJwqGO42dxdha3vvRzIlnCt3NU+aOrrwljOQ1b3RuSOnzWhtKGlYVDDYCthpbT9GiSbATTj5k5SWa6pLCvB0FMKsGeEIhZnKSIX3LFGB/H1Uk/HH+AmDqE7D6sFi9PMsP+Y+xAMIAAAA=[0m[Pipeline] {
[8mha:////4P8J9E9UutAfwHkSqq3XEjOkUjNap8hTEqkjTqr+6B69AAAAph+LCAAAAAAAAP9tjTEOwjAUQ3+LOrAycoh0KgtiYo2ycILQhJA0+r9NUtKJE3E17kBLJSY8WLYl673eUMUAJwqGOY2dxdha1vvRzIllCt3NU2aOrqwljOQ1EzoLUvq8VkFJw6qihA2HrcbWU7RoEuy4kw9Ze4mmvqQwb0cOpVUDPKHgMznJkL5lCrC/jyoS/jh/ATD1CcqmWeywPKsPlyKrR8IAAAA=[0m[Pipeline] withDockerRegistry
Using the existing docker config file.Removing blacklisted property: auths$ docker login -u admin -p ******** http://34.150.85.230:5000
WARNING! Using --password via the CLI is insecure. Use --password-stdin.
Error response from daemon: Get "http://34.150.85.230:5000/v2/": unauthorized: authentication required
[8mha:////4HS0gcYFhTqEMvv/Oflc3sn0KGuezssTvCeUC4fZsrUdAAAApB+LCAAAAAAAAP9tjTEOwjAQBC9BFLSUPOJSAQWiSmu54QUmNsaJdWdsh6TiRXyNPxCIRMUWq51t5vmCZYpw5GixNdQ5So3D4Hs7LRw4dhfPA7Z8xoYpsTcozSBZm3pGydnAnKKEhYCVocZzcmQzrEWr7qryimx1ynH6DgJKp2/wgEJM5qxi/sIYYXPtdWL6ef4KYAwhQ7ndf2r3BiPTr3K+AAAA[0m[Pipeline] // withDockerRegistry
[8mha:////4CD7MVNmB1qGfylhsgClL2zxvGoMHX1Lnxeki9wKWDCBAAAApB+LCAAAAAAAAP9tjbEOwiAURV9rHFwd/Qg6NTExTq6ExS/AFhFK3qNApZNf5K/5D6JNnLzDzT13Oc8XrGOAIwXNrMLBYOwM827SZbFMYbg6yszShXWEkZxiQmVBvTotKCgpWFLVsOKwUdg5igZ1gi238i4bJ1E35xTKd+BQm36EB1S8mJMM6QtzgN1t6iPhz/NXALP3Cep2/6n2DUww8Bq+AAAA[0m[Pipeline] }
[8mha:////4Kezy6uoSdiH5Jqdo/UO0d0RAzuU7C2rkeSgismsRx9WAAAApB+LCAAAAAAAAP9tjTEOwjAQBC9BFLSUPOLSQIEQVVrLDS8wsTFOrDtjOyQVL+Jr/IFAJCq2WO1sM88XLFOEI0eLraHOUWocBt/baeHAsbt4HrDlMzZMib1BaQbJ2tQzSs4G5hQlLASsDDWekyObYS1adVeVV2SrU47TdxBQOn2DBxRiMmcV8xfGCJtrrxPTz/NXAGMIGcrd/lPbN3/Tq6a+AAAA[0m[Pipeline] // withEnv
[8mha:////4BOACsecSoV7ZsRLzQyJkOmpcXsRBdNznsXlUQ5m/+/TAAAApR+LCAAAAAAAAP9tjTEOwjAQBC9BFLSUPOKChKBBqWgtN7zAJMY4se6C7eBUvIiv8QcsIlGxxWpnm3m9YRk81OwNdpp6S6GxOLjR5IWJfX91nLDjCzZMgZ1GqZPkVp9mlBw1zClKWAhYaWocB0smwlp06qEqp8hU5+jzdxRQ2vYOTyhENkfl4xcmD5vb2Aamn+evAKZhiFAetrn2uw+JDSguvgAAAA==[0m[Pipeline] }
[8mha:////4E/RAtH12znO0d41za8tNmW6ICLUd31AuiKR/UXairi4AAAApR+LCAAAAAAAAP9tjTEOwjAQBC9BFLSUPOIikKBBqWgtN7zAJMY4se6C7eBUvIiv8QcsIlGxxWpnm3m9YRk81OwNdpp6S6GxOLjR5IWJfX91nLDjCzZMgZ1GqZPkVp9mlBw1zClKWAhYaWocB0smwlp06qEqp8hU5+jzdxRQ2vYOTyhENkfl4xcmD5vb2Aamn+evAKZhiFAetrn2uw+67nOSvgAAAA==[0m[Pipeline] // script
[8mha:////4K0k7jCDcdZoauShSyZ+UY+f9fqDDZkS+v3S76lEBG/PAAAApR+LCAAAAAAAAP9tjTEOwjAQBC9BFLSUPOKCkKBBqWgtN7zAJMY4se6C7eBUvIiv8QcsIlGxxWpnm3m9YRk81OwNdpp6S6GxOLjR5IWJfX91nLDjCzZMgZ1GqZPkVp9mlBw1zClKWAhYaWocB0smwlp06qEqp8hU5+jzdxRQ2vYOTyhENkfl4xcmD5vb2Aamn+evAKZhiFAedrn22w84/en6vgAAAA==[0m[Pipeline] }
[8mha:////4NCMO8wSBBZ28anDscPEr2Pg6i+ixlrS0lGHO97P7KX4AAAAph+LCAAAAAAAAP9tjTEOwjAQBC9BFLSUPOJSgJAQSkVrueEFJjHGiXUXbAen4kV8jT9gEYmKLVY728zrDcvgoWZvsNPUWwqNxcGNJi9M7Pur44QdX7BhCuw0Sp0kt/o0o+SoYU5RwkLASlPjOFgyEdaiUw9VOUWmOkefv6OA0rZ3eEIhsjkqH78wedjcxjYw/Tx/BTANQ4Ryv821O3wAeKdyUb4AAAA=[0m[Pipeline] // withEnv
[8mha:////4OawYOD4HQS1u/QL4dlGdHkzjSZDFrrGTDQrnIpVJRsyAAAApR+LCAAAAAAAAP9tjTEOwjAQBC9BFLSUPOLSRAgJUaW10vACExvjxLoztkNS8SK+xh+wiETFFqudbeb1hnUMcOJgsNc0WIqdRe9GkxdOHIar4wl7vmDHFNlpbPXUstLNgi0nDUuKElYCNpo6x9GSSbAVvXzIykky1TmF/B0FlFbd4QmFyOYkQ/rCHGB3G1Vk+nn+CmD2PkG5r3PVhw9Wp3A7vgAAAA==[0m[Pipeline] }
[8mha:////4MS/mfD5WY2jYULCE0p7V7zk5hkPAPLyltnkPN3VAqXwAAAApR+LCAAAAAAAAP9tjTsOwjAQRDdBFLSUHGLT8ClQKlrLDScwiTFOrN1gOzgVJ+Jq3AGLSFRMMZo3zXu9YRk81OwNdpp6S6GxOLjR5IWJfX91nLDjCzZMgZ1GqZPkVp9mlBw1zClKWAhYaWocB0smwlp06qEqp8hU5+jzdxRQ2vYOTyhENkfl4xcmD5vb2Aamn+evAKZhiFDud7m2hw9iaZNgvgAAAA==[0m[Pipeline] // withEnv
[8mha:////4CIibLrDc3YraPBijGCjIre4sA3IeligH1Jk937bxnZZAAAApB+LCAAAAAAAAP9tjTEOwjAQBC9BFLSUPOLSQBpEldZKwwtMbIwT687YDknFi/gaf8AiEhVbrHa2mdcb1jHAiYPBXtNgKXYWvRtNXjhxGK6OJ+z5gh1TZKex1VPLSjcLtpw0LClKWAnYaOocR0smwVb08iErJ8lU5xTydxRQWnWHJxQim5MM6QtzgN1tVJHp5/krgNn7BGVd59ofPuB6CQi+AAAA[0m[Pipeline] }
[8mha:////4F3xp+KzgQxq1IsJYZStk8SW7d0hDyuS1v0YDMPpuCy8AAAApR+LCAAAAAAAAP9tjTEOwjAQBC9BFLSUPOLSRFAgqrRWGl5gYmOcWHfGdkgqXsTX+AMWkajYYrWzzbzesI4BThwM9poGS7Gz6N1o8sKJw3B1PGHPF+yYIjuNrZ5aVrpZsOWkYUlRwkrARlPnOFoyCbailw9ZOUmmOqeQv6OA0qo7PKEQ2ZxkSF+YA+xuo4pMP89fAczeJyj3h1x1/QHTmVK0vgAAAA==[0m[Pipeline] // node
[8mha:////4OiWB/9I1eWw1rM5EXBhdxKDsbM+50CtHrLGsqwo7c1OAAAAph+LCAAAAAAAAP9tjTEOwjAQBC9BFLSUPOJSgBASSkVrueEFJjHGiXUXbAen4kV8jT9gEYmKLVY728zrDcvgoWZvsNPUWwqNxcGNJi9M7Pur44QdX7BhCuw0Sp0kt/o0o+SoYU5RwkLASlPjOFgyEdaiUw9VOUWmOkefv6OA0rZ3eEIhsjkqH78wedjcxjYw/Tx/BTANQ4Ryf8i1234Apb5g274AAAA=[0m[Pipeline] }
[8mha:////4LpYxbb/BMF08GeahqRSa12Mvdgzatcz+Sk7Y3s4QpoGAAAAph+LCAAAAAAAAP9tjTEOwjAQBC9BFLSUPOIiIYSEUCpayw0vMIkxTqy7YDs4FS/ia/wBi0hUbLHa2WZeb1gGDzV7g52m3lJoLA5uNHlhYt9fHSfs+IINU2CnUeokudWnGSVHDXOKEhYCVpoax8GSibAWnXqoyiky1Tn6/B0FlLa9wxMKkc1R+fiFycPmNraB6ef5K4BpGCKU+0Ou3fYDll07Z74AAAA=[0m[Pipeline] // stage
[8mha:////4JRaRQ18XPw7AFYOXrkQyZRDd5lZz0fvvVPlxA03XFN5AAAApx+LCAAAAAAAAP9tjTEOwjAQBM9BKWgpeYRDgUSBqGgtN7zAxMY4se6CfSGpeBFf4w8EIlGx1c5Kq3m+oMwJDpS8bBy2AXMdZBd7PzU5UGovkQbZ0FnWhJmik9oNmqw7zqiJHcwRBSwULB3WkXJAz7BSjbmbKhr01YnTtO0VFMHe4AFCTWY2ib8wJlhfe5sJf56/Ahg7BrFlKHabz7F8A4zR+jLBAAAA[0m[Pipeline] stage
[8mha:////4HBikL5APl0V1BF+NC9thr57BjwF31J1bJlJVbPLyc2XAAAApx+LCAAAAAAAAP9tjTEOwjAUQ3+LOrAycogUJgbE1DXKwglCE0La6P/yk9JOnIircQdaKjHhwbItWe/1hiIynIidaCy2HmPtRRd6NyUxELfXQINo6CJqwkjBCmUHRcZWS1WULCzKclhJWFusA0WPLsFGNvqhy6DRlefE03aUkHtzhydkciInzelbRobtrTeR8Mf5C4CxS5AfdrPt52fxAdsxXVDCAAAA[0m[Pipeline] { (Deploy)
Stage "Deploy" skipped due to earlier failure(s)
[8mha:////4AtFSyhZKhi43ziWOKeDewBi6Bk9HyWZ/o1nLZxvY6LHAAAApB+LCAAAAAAAAP9tjTEOwjAQBC9BFLSUPOIiaCgQVVrLDS8wsTFOrDtjOyQVL+Jr/IFAJCq2WO1sM88XLFOEI0eLraHOUWocBt/baeHAsbt4HrDlMzZMib1BaQbJ2tQzSs4G5hQlLASsDDWekyObYS1adVeVV2SrU47TdxBQOn2DBxRiMmcV8xfGCJtrrxPTz/NXAGMIGcr97lPbN5ikrxm+AAAA[0m[Pipeline] }
[8mha:////4Ani7dcjOGxYOL+oqCHkmzVHIRkKSYVCzO9usvqhyEy7AAAApR+LCAAAAAAAAP9tjTEOwjAQBC9BFLSUPOKCREGBqNJabniBiY1xYt0Z2yGpeBFf4w8EIlGxxWpnm3m+YJkiHDlabA11jlLjMPjeTgsHjt3F84Atn7FhSuwNSjNI1qaeUXI2MKcoYSFgZajxnBzZDGvRqruqvCJbnXKcvoOA0ukbPKAQkzmrmL8wRthce52Yfp6/AhhDyFDud5/avgGrR/SlvgAAAA==[0m[Pipeline] // stage
[8mha:////4NPv8eSByGl64RVgW/Nin9cMhcFiLYKMnH76J4+JGU85AAAAph+LCAAAAAAAAP9tjTEOwjAQBC9BKWgpeYTTRKJAVLSWG15gYmOcWHfBvpBUvIiv8QcMkajYamel1TxfUKUIB4pOdBZ7j6n1Ygijy01MFPtLoEl0dBYtYaJghbKTImOPCypiC0uKElYS1hbbQMmjY9jITt91HTS6+sQxb3sJpTc3eEAhs5l15C/MEbbX0STCn+evAOaBoWgYyl3zOVZvmpNrqcEAAAA=[0m[Pipeline] stage
[8mha:////4FxMLisbXceozHBZRn4FSttRXAgQMzXAh1aqwAltKXngAAAApx+LCAAAAAAAAP9tjTEOwjAUQ3+LOrAycoh0ATEgpq5RFk4QmhDSRv+Xn5R24kRcjTvQUokJD5ZtyXqvNxSR4UTsRGOx9RhrL7rQuymJgbi9BhpEQxdRE0YKVig7KDK2WqqiZGFRlsNKwtpiHSh6dAk2stEPXQaNrjwnnrajhNybOzwhkxM5aU7fMjJsb72JhD/OXwCMXYL8sJttPz+LD08AFXvCAAAA[0m[Pipeline] { (Declarative: Post Actions)
[8mha:////4HxSg9mKiwip5YRzT1eMhmKyi0L2aVOh2nIyEdIRh4IFAAAApB+LCAAAAAAAAP9tjTEOwjAQBC9BFLSUPOJSAQWiSmu54QUmNsaJdWdsh6TiRXyNPxCIRMUWq51t5vmCZYpw5GixNdQ5So3D4Hs7LRw4dhfPA7Z8xoYpsTcozSBZm3pGydnAnKKEhYCVocZzcmQzrEWr7qryimx1ynH6DgJKp2/wgEJM5qxi/sIYYXPtdWL6ef4KYAwZyv32U7vwBoeWqme+AAAA[0m[Pipeline] echo
FAILED
[8mha:////4Cd4MrF5KAx2vtN1hN5Xd1wZYAWq3MQXny64MvH+6jAKAAAApB+LCAAAAAAAAP9tjTEOwjAQBC9BFLSUPOJSoRSIitZKwwtMYowd686xHZyKF/E1/kAgEhVbrHa2mecL1jHAkYNGq6g3FFuD3o16Xpg59FfHGS1fsGWK7BQ2KjfcqdOCDScFS4oSVgI2ilrH0ZBOsBVW3mXlJOnqnML8HQSUphvgAYWYzUmG9IUpwO42dpHp5/krgMn7BGVdf2r/BjLxD06+AAAA[0m[Pipeline] }
[8mha:////4NxqMy45PM7wmDIcP5JdRuDuSFEuEQ1+uRClBAPQKxgoAAAApR+LCAAAAAAAAP9tjTEOwjAQBC9BFLSUPOLSIIGEqNJabniBiY1xYt0Z2yGpeBFf4w8EIlGxxWpnm3m+YJkiHDlabA11jlLjMPjeTgsHjt3F84Atn7FhSuwNSjNI1qaeUXI2MKcoYSFgZajxnBzZDGvRqruqvCJbnXKcvoOA0ukbPKAQkzmrmL8wRthce52Yfp6/AhhDyFDu9p/avgFxc17IvgAAAA==[0m[Pipeline] // stage
[8mha:////4FWD1Z5hGkpr2o2Mm3t4u01xHMsiNsWPr12H8pvTCoIHAAAApB+LCAAAAAAAAP9tjTEOwjAQBDdBFLSUPMJpkBBCVLRWGl5gEmOcWHfBvpBUvIiv8QciIlGx1c4083pjmSKOHJ1qLLWeUuVVF3o3PTVwbK+BB9XwRVVMiYNVpR1Kru1pxpLFYl6WY6GxslQFTp6cYK0b8zBFMOSKs8TJHTRyX9/xRKanspgoXxgjNre+Tky/zt8Axq4T5Lu9INt+AOmqDAm9AAAA[0m[Pipeline] }
[8mha:////4B49JFlJuGUPuc+9uOLFdTjATIrq5HPowW2rhN9yq+EXAAAApB+LCAAAAAAAAP9tjTEOwjAQBDdBFLSUPMJBokFCVLRWGl5gEmOcWHfBvpBUvIiv8QciIlGx1c4083pjmSKOHJ1qLLWeUuVVF3o3PTVwbK+BB9XwRVVMiYNVpR1Kru1pxpLFYl6WY6GxslQFTp6cYK0b8zBFMOSKs8TJHTRyX9/xRKanspgoXxgjNre+Tky/zt8Axq4T5PutINt9AO7vLmu9AAAA[0m[Pipeline] // withEnv
[8mha:////4Jc2J42qKSFsu6Cdht2GGVWiRTDtfkbtxltYbrD/r2iBAAAAox+LCAAAAAAAAP9tjTEOwjAQBDdBFLSUPMIRVEiIitZKwwtMYowT6y7YF5KKF/E1/kBEJCq22plmXm8sU8SRo1ONpdZTqrzqQu+mpwaO7TXwoBq+qIopcbCqtEPJtT3NWLJYzMtyLDRWlqrAyZMTrHVjHqYIhlxxlji5g0bu6zueyPRUFhPlC2PE5tbXienX+RvA2HWCfL8VZLsPyPZJIb0AAAA=[0m[Pipeline] End of Pipeline
ERROR: docker login failed
Finished: FAILURE
