Started by GitHub push by nghiattr
Obtained Jenkinsfile from git https://github.com/nghiattr/flask-docker.git
[8mha:////4HOQyhtRN6BYPCfZoaC4t6X005cLacOr/i0de2nNLleuAAAAoh+LCAAAAAAAAP9tjTEOwjAQBM8BClpKHuFItIiK1krDC0x8GCfWnbEdkooX8TX+gCESFVvtrLSa5wtWKcKBo5UdUu8otU4GP9jS5Mixv3geZcdn2TIl9igbHBs2eJyx4YwwR1SwULBGaj0nRzbDRnX6rmuvydanHMu2V1A5c4MHCFXMWcf8hSnC9jqYxPTz/BXAFEIGsfuclm8zQVqFvQAAAA==[0m[Pipeline] Start of Pipeline
[8mha:////4F/s7/NoWvjr0vCN9EAZthd1TuZQPg4JazwCDGuITzfqAAAApR+LCAAAAAAAAP9tjTEOwjAUQ3+KOrAycohUghExsUZZOEFIQkgb/d8mKe3EibgadyBQiQlLlmxL1nu+oE4RjhQdby12HpP2vA+jK4lPFLtroIm3dOGaMFGwXNpJkrGnpUrKFhaxClYC1hZ1oOTRZdiIVt1VExS65pxj2Q4CKm8GeAAThZxVzN8yR9jeRpMIf5y/AJj7DGxXvP/86jduZBmjwAAAAA==[0m[Pipeline] withEnv
[8mha:////4HEYXE9y1eFYyQUomacZgNwvs7xXyqhM+vSjcPSLvMgSAAAApR+LCAAAAAAAAP9tjTEOwjAUQ3+KOrAycoh0gA0xsUZZOEFIQkgb/d8mKe3EibgadyBQiQlLlmxL1nu+oE4RjhQdby12HpP2vA+jK4lPFLtroIm3dOGaMFGwXNpJkrGnpUrKFhaxClYC1hZ1oOTRZdiIVt1VExS65pxj2Q4CKm8GeAAThZxVzN8yR9jeRpMIf5y/AJj7DGxXvP/86jfoP95RwAAAAA==[0m[Pipeline] {
[8mha:////4CMUgZyjsrY4/QPwaLH9GgYOA9JZEyYm4bY/MOAiEMeIAAAApR+LCAAAAAAAAP9tjTEOwjAUQ3+KOrAycoh0gQkxsUZZOEFIQkgb/d8mKe3EibgadyBQiQlLlmxL1nu+oE4RjhQdby12HpP2vA+jK4lPFLtroIm3dOGaMFGwXNpJkrGnpUrKFhaxClYC1hZ1oOTRZdiIVt1VExS65pxj2Q4CKm8GeAAThZxVzN8yR9jeRpMIf5y/AJj7DGxXvP/86jc09154wAAAAA==[0m[Pipeline] stage
[8mha:////4HZiYjbHQ+7KG26siAhOg2dIUqwTviAqmxWiEmcL7l1GAAAApR+LCAAAAAAAAP9tjTEOwjAUQ3+KOrAycoh0ggUxsUZZOEFIQkgb/d8mKe3EibgadyBQiQlLlmxL1nu+oE4RjhQdby12HpP2vA+jK4lPFLtroIm3dOGaMFGwXNpJkrGnpUrKFhaxClYC1hZ1oOTRZdiIVt1VExS65pxj2Q4CKm8GeAAThZxVzN8yR9jeRpMIf5y/AJj7DGxXvP/86jek7ggRwAAAAA==[0m[Pipeline] { (SonarScanner)
[8mha:////4M9wuEAldvnHQTYqV8LrjvdXugEYYhEpBJ9rrbC4YlyVAAAApR+LCAAAAAAAAP9tjTEOwjAUQ3+KOrAycoh0gwExsUZZOEFIQkgb/d8mKe3EibgadyBQiQlLlmxL1nu+oE4RjhQdby12HpP2vA+jK4lPFLtroIm3dOGaMFGwXNpJkrGnpUrKFhaxClYC1hZ1oOTRZdiIVt1VExS65pxj2Q4CKm8GeAAThZxVzN8yR9jeRpMIf5y/AJj7DGxXvP/86jcChmMxwAAAAA==[0m[Pipeline] node
Running on [8mha:////4GcGUJYILzcXDUILh5IX5PSxj+2hDQ3DlKcvAXQn/vDZAAAAph+LCAAAAAAAAP9b85aBtbiIQTGjNKU4P08vOT+vOD8nVc83PyU1x6OyILUoJzMv2y+/JJUBAhiZGBgqihhk0NSjKDWzXb3RdlLBUSYGJk8GtpzUvPSSDB8G5tKinBIGIZ+sxLJE/ZzEvHT94JKizLx0a6BxUmjGOUNodHsLgAzeEgYp/eT83ILSktQi/azUvOzMvGJVI5fE9NS8En0A4Zrl388AAAA=[0mjenkins-agent in /jenkins-agent/workspace/CICD-pipeline
[8mha:////4B2Rt5yE6SJ+uuoI+Rf5/m3KFGpfQXwtYdNJC+o0ryBSAAAApR+LCAAAAAAAAP9tjTEOwjAUQ3+KOrAycoh0BAkxsUZZOEFIQkgb/d8mKe3EibgadyBQiQlLlmxL1nu+oE4RjhQdby12HpP2vA+jK4lPFLtroIm3dOGaMFGwXNpJkrGnpUrKFhaxClYC1hZ1oOTRZdiIVt1VExS65pxj2Q4CKm8GeAAThZxVzN8yR9jeRpMIf5y/AJj7DGxXvP/86jfpX/cvwAAAAA==[0m[Pipeline] {
[8mha:////4G93A90MnnohGMLPCKemxnPXnlqxfI0/NYYy6t7SLiHmAAAAoh+LCAAAAAAAAP9tjTEOAiEURD9rLGwtPQTbaoyVLaHxBMgiwpL/WWDdrTyRV/MOEjexcpJJ5k3zXm9Y5wQnSpZ7g73DrB2PYbR18YlSfws0cU9XrgkzBcOlmSR15rygpGJgCWtgJWBjUAfKDm2BrfDqodqg0LaXkup3FNC4boAnMFHNRaXyhTnB7j52mfDn+SuAORZg+9pD/AAeoCAqvAAAAA==[0m[Pipeline] checkout
Selected Git installation does not exist. Using Default
The recommended git tool is: NONE
using credential cc06d1e1-44a5-4361-9e9c-eadedc84103a
Fetching changes from the remote Git repository
Checking out Revision 305e1f9752108c3db6d8bc5c2123635a66ad9e21 (refs/remotes/origin/develop)
Commit message: "asds"
 > git rev-parse --resolve-git-dir /jenkins-agent/workspace/CICD-pipeline/.git # timeout=10
 > git config remote.origin.url https://github.com/nghiattr/flask-docker.git # timeout=10
Fetching upstream changes from https://github.com/nghiattr/flask-docker.git
 > git --version # timeout=10
 > git --version # 'git version 2.25.1'
using GIT_ASKPASS to set credentials github-acc-nghiattr
 > git fetch --tags --force --progress -- https://github.com/nghiattr/flask-docker.git +refs/heads/*:refs/remotes/origin/* # timeout=10
 > git rev-parse refs/remotes/origin/develop^{commit} # timeout=10
 > git config core.sparsecheckout # timeout=10
 > git checkout -f 305e1f9752108c3db6d8bc5c2123635a66ad9e21 # timeout=10
 > git rev-list --no-walk 942149604c218be7d8d675096400eb1bd61a9c54 # timeout=10
[8mha:////4IYUMR+AvW5OQYcIn0nLzon5D0VHYk+kHO9O28O17TjmAAAAph+LCAAAAAAAAP9tjTEOwjAQBM9BKWgpeYQDHRKiorXc8AITG+PEugv2haTiRXyNPxCIRMVWOyut5vmCMic4UPKycdgGzHWQXez91ORAqb1EGmRDZ1kTZopOajdosu44oyZ2MEcUsFCwdFhHygE9w0o15m6qaNBXJ07TtldQBHuDBwg1mdkk/sKYYH3tbSb8ef4KYOwYxI6h2G4+x/INcXYwW8EAAAA=[0m[Pipeline] withEnv
[8mha:////4GCXLqx/wb5vhYgCosonXXJTNRlHNZyj9c8Z1zYsi6mjAAAApR+LCAAAAAAAAP9tjTEOwjAUQ3+DOrAycoiUzoiJNerCCUITQtLo/zZJSSdOxNW4Ay2VmPBg2Zas93pDGQOcKBjuNHYWY2t570czJ54pdDdPmTu68pYwkte80bkhpc9rbShpWFUw2AjYamw9RYsmwU44+ZCVl2iqSwrzdhTArBrgCYWYyUmG9C1TgP19VJHwx/kLgKlPwOrDYvXyLD8BobDcwgAAAA==[0m[Pipeline] {
[8mha:////4HvxyKWAMllCGes4B9xahu9kJ2SdeGwNk54bfssvwD0uAAAAox+LCAAAAAAAAP9tjTESwiAURH/iWNhaeggysXWsbBkaT4AJIoT5nwCRVJ7Iq3kH0cxYucXOvm3e8wXrGOBIQTOrcDAYO8O8m3RZLFMYro4ys3RhHWEkp5hQWVCvTgsKSgqWVDWsOGwUdo6iQZ1gy628y8ZJ1M05hfIdONSmH+EBFS/mJEP6whxgd5v6SPjz/BXA7BPUbfupvX8DpQJrNb4AAAA=[0m[Pipeline] sh
+ pwd
/jenkins-agent/workspace/CICD-pipeline
[8mha:////4BSxGPh393zK7KiE4G5Fb4tg7tbKDVyDY/Hz0Id2vDA9AAAAox+LCAAAAAAAAP9tjTESwiAURH/iWNhaeggyGUvHypah8QSYIEKY/wkQSeWJvJp3EM2MlVvs7NvmPV+wjgGOFDSzCgeDsTPMu0mXxTKF4eooM0sX1hFGcooJlQX16rSgoKRgSVXDisNGYecoGtQJttzKu2ycRN2cUyjfgUNt+hEeUPFiTjKkL8wBdrepj4Q/z18BzD5B3baf2vs35DNwLL4AAAA=[0m[Pipeline] sh
+ docker run --rm --net host -e SONAR_HOST_URL=http://35.247.164.137:9000 -v /jenkins-agent/workspace/CICD-pipeline:/usr/src sonarsource/sonar-scanner-cli -Dsonar.verbose=true -Dsonar.host.url=http://35.247.164.137:9000 -Dsonar.projectName=sonarqube-test -Dsonar.projectKey=sonarqube-test -Dsonar.login=2aaca7485ae9a1b0eeec77e6a3a71c87cee7cfe8 -Dsonar.sources=.
INFO: Scanner configuration file: /opt/sonar-scanner/conf/sonar-scanner.properties
INFO: Project root configuration file: NONE
09:01:38.743 INFO: SonarScanner 4.6.2.2472
09:01:38.748 INFO: Java 11.0.12 Alpine (64-bit)
09:01:38.748 INFO: Linux 5.11.0-1023-gcp amd64
09:01:39.543 DEBUG: keyStore is : 
09:01:39.543 DEBUG: keyStore type is : pkcs12
09:01:39.543 DEBUG: keyStore provider is : 
09:01:39.544 DEBUG: init keystore
09:01:39.545 DEBUG: init keymanager of type SunX509
09:01:39.914 DEBUG: Create: /opt/sonar-scanner/.sonar/cache
09:01:39.917 INFO: User cache: /opt/sonar-scanner/.sonar/cache
09:01:39.918 DEBUG: Create: /opt/sonar-scanner/.sonar/cache/_tmp
09:01:39.924 DEBUG: Extract sonar-scanner-api-batch in temp...
09:01:39.932 DEBUG: Get bootstrap index...
09:01:39.933 DEBUG: Download: http://35.247.164.137:9000/batch/index
09:01:40.107 DEBUG: Get bootstrap completed
09:01:40.119 DEBUG: Download http://35.247.164.137:9000/batch/file?name=sonar-scanner-engine-shaded-9.2.4.50792-all.jar to /opt/sonar-scanner/.sonar/cache/_tmp/fileCache13327761864442683855.tmp
09:01:40.822 DEBUG: Create isolated classloader...
09:01:40.869 DEBUG: Start temp cleaning...
09:01:40.876 DEBUG: Temp cleaning done
09:01:40.876 INFO: Scanner configuration file: /opt/sonar-scanner/conf/sonar-scanner.properties
09:01:40.877 INFO: Project root configuration file: NONE
09:01:40.879 DEBUG: Execution getVersion
09:01:40.914 INFO: Analyzing on SonarQube server 9.2.4
09:01:40.914 INFO: Default locale: "en_US", source code encoding: "UTF-8" (analysis is platform dependent)
09:01:40.916 DEBUG: Work directory: /usr/src/.scannerwork
09:01:40.917 DEBUG: Execution execute
09:01:41.745 DEBUG: Community 9.2.4.50792
09:01:42.032 INFO: Load global settings
09:01:42.115 DEBUG: GET 200 http://35.247.164.137:9000/api/settings/values.protobuf | time=81ms
09:01:42.169 INFO: Load global settings (done) | time=137ms
09:01:42.172 INFO: Server id: BF41A1F2-AX4rm8QDNcwuSSX-5F4V
09:01:42.196 DEBUG: Create : /opt/sonar-scanner/.sonar/_tmp
09:01:42.198 INFO: User cache: /opt/sonar-scanner/.sonar/cache
09:01:42.203 INFO: Load/download plugins
09:01:42.204 INFO: Load plugins index
09:01:42.255 DEBUG: GET 200 http://35.247.164.137:9000/api/plugins/installed | time=50ms
09:01:42.321 INFO: Load plugins index (done) | time=116ms
09:01:42.326 DEBUG: Download plugin 'csharp' to '/opt/sonar-scanner/.sonar/_tmp/fileCache2423268864662982313.tmp'
09:01:42.390 DEBUG: GET 200 http://35.247.164.137:9000/api/plugins/download?plugin=csharp&acceptCompressions=pack200 | time=61ms
09:01:42.615 DEBUG: Download plugin 'config' to '/opt/sonar-scanner/.sonar/_tmp/fileCache6230613497201316242.tmp'
09:01:42.656 DEBUG: GET 200 http://35.247.164.137:9000/api/plugins/download?plugin=config&acceptCompressions=pack200 | time=41ms
09:01:42.662 DEBUG: Download plugin 'flex' to '/opt/sonar-scanner/.sonar/_tmp/fileCache9732434084951667642.tmp'
09:01:42.671 DEBUG: GET 200 http://35.247.164.137:9000/api/plugins/download?plugin=flex&acceptCompressions=pack200 | time=9ms
09:01:42.789 DEBUG: Download plugin 'go' to '/opt/sonar-scanner/.sonar/_tmp/fileCache1904533763773511742.tmp'
09:01:42.830 DEBUG: GET 200 http://35.247.164.137:9000/api/plugins/download?plugin=go&acceptCompressions=pack200 | time=40ms
09:01:42.994 DEBUG: Download plugin 'web' to '/opt/sonar-scanner/.sonar/_tmp/fileCache12485028929791449394.tmp'
09:01:43.018 DEBUG: GET 200 http://35.247.164.137:9000/api/plugins/download?plugin=web&acceptCompressions=pack200 | time=23ms
09:01:43.076 DEBUG: Download plugin 'iac' to '/opt/sonar-scanner/.sonar/_tmp/fileCache4661352812727118191.tmp'
09:01:43.087 DEBUG: GET 200 http://35.247.164.137:9000/api/plugins/download?plugin=iac&acceptCompressions=pack200 | time=11ms
09:01:43.122 DEBUG: Download plugin 'jacoco' to '/opt/sonar-scanner/.sonar/_tmp/fileCache11080987562305818309.tmp'
09:01:43.133 DEBUG: GET 200 http://35.247.164.137:9000/api/plugins/download?plugin=jacoco&acceptCompressions=pack200 | time=11ms
09:01:43.150 DEBUG: Download plugin 'java' to '/opt/sonar-scanner/.sonar/_tmp/fileCache3170912262988105679.tmp'
09:01:43.163 DEBUG: GET 200 http://35.247.164.137:9000/api/plugins/download?plugin=java&acceptCompressions=pack200 | time=12ms
09:01:43.534 DEBUG: Download plugin 'javascript' to '/opt/sonar-scanner/.sonar/_tmp/fileCache3894337455159278315.tmp'
09:01:43.545 DEBUG: GET 200 http://35.247.164.137:9000/api/plugins/download?plugin=javascript&acceptCompressions=pack200 | time=11ms
09:01:43.897 DEBUG: Download plugin 'kotlin' to '/opt/sonar-scanner/.sonar/_tmp/fileCache8624897467869729999.tmp'
09:01:43.907 DEBUG: GET 200 http://35.247.164.137:9000/api/plugins/download?plugin=kotlin&acceptCompressions=pack200 | time=10ms
09:01:45.020 DEBUG: Download plugin 'php' to '/opt/sonar-scanner/.sonar/_tmp/fileCache15275918191493626717.tmp'
09:01:45.032 DEBUG: GET 200 http://35.247.164.137:9000/api/plugins/download?plugin=php&acceptCompressions=pack200 | time=11ms
09:01:45.189 DEBUG: Download plugin 'python' to '/opt/sonar-scanner/.sonar/_tmp/fileCache9604328477382386018.tmp'
09:01:45.212 DEBUG: GET 200 http://35.247.164.137:9000/api/plugins/download?plugin=python&acceptCompressions=pack200 | time=23ms
09:01:45.384 DEBUG: Download plugin 'ruby' to '/opt/sonar-scanner/.sonar/_tmp/fileCache2142048643989865519.tmp'
09:01:45.417 DEBUG: GET 200 http://35.247.164.137:9000/api/plugins/download?plugin=ruby&acceptCompressions=pack200 | time=33ms
09:01:45.667 DEBUG: Download plugin 'sonarscala' to '/opt/sonar-scanner/.sonar/_tmp/fileCache569107792475251100.tmp'
09:01:45.677 DEBUG: GET 200 http://35.247.164.137:9000/api/plugins/download?plugin=sonarscala&acceptCompressions=pack200 | time=9ms
09:01:45.901 DEBUG: Download plugin 'vbnet' to '/opt/sonar-scanner/.sonar/_tmp/fileCache5518999303138918455.tmp'
09:01:45.911 DEBUG: GET 200 http://35.247.164.137:9000/api/plugins/download?plugin=vbnet&acceptCompressions=pack200 | time=10ms
09:01:45.961 DEBUG: Download plugin 'xml' to '/opt/sonar-scanner/.sonar/_tmp/fileCache7420278096001539852.tmp'
09:01:45.970 DEBUG: GET 200 http://35.247.164.137:9000/api/plugins/download?plugin=xml&acceptCompressions=pack200 | time=9ms
09:01:45.998 INFO: Load/download plugins (done) | time=3794ms
09:01:46.274 DEBUG: Plugins:
09:01:46.274 DEBUG:   * Python Code Quality and Security 3.8.0.8883 (python)
09:01:46.274 DEBUG:   * Go Code Quality and Security 1.8.3.2219 (go)
09:01:46.274 DEBUG:   * JaCoCo 1.1.1.1157 (jacoco)
09:01:46.274 DEBUG:   * Kotlin Code Quality and Security 2.7.0.948 (kotlin)
09:01:46.274 DEBUG:   * IaC Code Quality and Security 1.4.0.1294 (iac)
09:01:46.274 DEBUG:   * JavaScript/TypeScript Code Quality and Security 8.6.0.16913 (javascript)
09:01:46.274 DEBUG:   * Ruby Code Quality and Security 1.8.3.2219 (ruby)
09:01:46.275 DEBUG:   * Scala Code Quality and Security 1.8.3.2219 (sonarscala)
09:01:46.275 DEBUG:   * C# Code Quality and Security 8.32.0.39516 (csharp)
09:01:46.275 DEBUG:   * Java Code Quality and Security 7.5.0.28054 (java)
09:01:46.275 DEBUG:   * HTML Code Quality and Security 3.4.0.2754 (web)
09:01:46.275 DEBUG:   * Flex Code Quality and Security 2.6.2.2641 (flex)
09:01:46.275 DEBUG:   * XML Code Quality and Security 2.4.0.3273 (xml)
09:01:46.275 DEBUG:   * PHP Code Quality and Security 3.21.2.8292 (php)
09:01:46.275 DEBUG:   * VB.NET Code Quality and Security 8.32.0.39516 (vbnet)
09:01:46.275 DEBUG:   * Configuration detection fot Code Quality and Security 1.1.0.185 (config)
09:01:47.051 INFO: Process project properties
09:01:47.068 INFO: Process project properties (done) | time=17ms
09:01:47.070 INFO: Execute project builders
09:01:47.071 DEBUG: Execute project builder: org.sonar.plugins.csharp.CSharpGlobalProtobufFileProcessor
09:01:47.073 DEBUG: Execute project builder: org.sonar.plugins.vbnet.VbNetGlobalProtobufFileProcessor
09:01:47.075 INFO: Execute project builders (done) | time=5ms
09:01:47.082 INFO: Project key: sonarqube-test
09:01:47.084 INFO: Base dir: /usr/src
09:01:47.084 INFO: Working dir: /usr/src/.scannerwork
09:01:47.087 DEBUG: Project global encoding: UTF-8, default locale: en_US
09:01:47.090 DEBUG: Creating module hierarchy
09:01:47.091 DEBUG:   Init module 'sonarqube-test'
09:01:47.092 DEBUG:     Base dir: /usr/src
09:01:47.093 DEBUG:     Working dir: /usr/src/.scannerwork
09:01:47.095 DEBUG:     Module global encoding: UTF-8, default locale: en_US
09:01:47.302 INFO: Load project settings for component key: 'sonarqube-test'
09:01:47.344 DEBUG: GET 200 http://35.247.164.137:9000/api/settings/values.protobuf?component=sonarqube-test | time=42ms
09:01:47.346 INFO: Load project settings for component key: 'sonarqube-test' (done) | time=44ms
09:01:47.417 DEBUG: Available languages:
09:01:47.417 DEBUG:   * Python => "py"
09:01:47.417 DEBUG:   * Go => "go"
09:01:47.417 DEBUG:   * Kotlin => "kotlin"
09:01:47.417 DEBUG:   * Terraform => "terraform"
09:01:47.417 DEBUG:   * CloudFormation => "cloudformation"
09:01:47.417 DEBUG:   * JavaScript => "js"
09:01:47.418 DEBUG:   * TypeScript => "ts"
09:01:47.418 DEBUG:   * CSS => "css"
09:01:47.418 DEBUG:   * Ruby => "ruby"
09:01:47.418 DEBUG:   * Scala => "scala"
09:01:47.420 DEBUG:   * C# => "cs"
09:01:47.420 DEBUG:   * Java => "java"
09:01:47.420 DEBUG:   * HTML => "web"
09:01:47.421 DEBUG:   * JSP => "jsp"
09:01:47.421 DEBUG:   * Flex => "flex"
09:01:47.421 DEBUG:   * XML => "xml"
09:01:47.421 DEBUG:   * PHP => "php"
09:01:47.421 DEBUG:   * VB.NET => "vbnet"
09:01:47.422 DEBUG:   * YAML => "yaml"
09:01:47.422 DEBUG:   * JSON => "json"
09:01:47.454 INFO: Load quality profiles
09:01:47.602 DEBUG: GET 200 http://35.247.164.137:9000/api/qualityprofiles/search.protobuf?project=sonarqube-test | time=147ms
09:01:47.638 INFO: Load quality profiles (done) | time=184ms
09:01:47.656 INFO: Load active rules
09:01:47.894 DEBUG: GET 200 http://35.247.164.137:9000/api/rules/search.protobuf?f=repo,name,severity,lang,internalKey,templateKey,params,actives,createdAt,updatedAt,deprecatedKeys&activation=true&qprofile=AX4rnR8CNcwuSSX-5Jx2&ps=500&p=1 | time=237ms
09:01:48.101 DEBUG: GET 200 http://35.247.164.137:9000/api/rules/search.protobuf?f=repo,name,severity,lang,internalKey,templateKey,params,actives,createdAt,updatedAt,deprecatedKeys&activation=true&qprofile=AX4rnSMMNcwuSSX-5JzT&ps=500&p=1 | time=87ms
09:01:48.136 DEBUG: GET 200 http://35.247.164.137:9000/api/rules/search.protobuf?f=repo,name,severity,lang,internalKey,templateKey,params,actives,createdAt,updatedAt,deprecatedKeys&activation=true&qprofile=AX4rnSb9NcwuSSX-5Jzz&ps=500&p=1 | time=28ms
09:01:48.196 DEBUG: GET 200 http://35.247.164.137:9000/api/rules/search.protobuf?f=repo,name,severity,lang,internalKey,templateKey,params,actives,createdAt,updatedAt,deprecatedKeys&activation=true&qprofile=AX4rnSfRNcwuSSX-5J0u&ps=500&p=1 | time=59ms
09:01:48.322 DEBUG: GET 200 http://35.247.164.137:9000/api/rules/search.protobuf?f=repo,name,severity,lang,internalKey,templateKey,params,actives,createdAt,updatedAt,deprecatedKeys&activation=true&qprofile=AX4rnSu8NcwuSSX-5J36&ps=500&p=1 | time=117ms
09:01:48.545 DEBUG: GET 200 http://35.247.164.137:9000/api/rules/search.protobuf?f=repo,name,severity,lang,internalKey,templateKey,params,actives,createdAt,updatedAt,deprecatedKeys&activation=true&qprofile=AX4rnTKSNcwuSSX-5J_W&ps=500&p=1 | time=205ms
09:01:49.024 DEBUG: GET 200 http://35.247.164.137:9000/api/rules/search.protobuf?f=repo,name,severity,lang,internalKey,templateKey,params,actives,createdAt,updatedAt,deprecatedKeys&activation=true&qprofile=AX4rnTqGNcwuSSX-5KHN&ps=500&p=1 | time=443ms
09:01:49.109 DEBUG: GET 200 http://35.247.164.137:9000/api/rules/search.protobuf?f=repo,name,severity,lang,internalKey,templateKey,params,actives,createdAt,updatedAt,deprecatedKeys&activation=true&qprofile=AX4rnT5yNcwuSSX-5KKn&ps=500&p=1 | time=61ms
09:01:49.534 DEBUG: GET 200 http://35.247.164.137:9000/api/rules/search.protobuf?f=repo,name,severity,lang,internalKey,templateKey,params,actives,createdAt,updatedAt,deprecatedKeys&activation=true&qprofile=AX4rnUFaNcwuSSX-5KTQ&ps=500&p=1 | time=418ms
09:01:50.001 DEBUG: GET 200 http://35.247.164.137:9000/api/rules/search.protobuf?f=repo,name,severity,lang,internalKey,templateKey,params,actives,createdAt,updatedAt,deprecatedKeys&activation=true&qprofile=AX4rnUgNNcwuSSX-5KmS&ps=500&p=1 | time=435ms
09:01:50.179 DEBUG: GET 200 http://35.247.164.137:9000/api/rules/search.protobuf?f=repo,name,severity,lang,internalKey,templateKey,params,actives,createdAt,updatedAt,deprecatedKeys&activation=true&qprofile=AX4rnU3jNcwuSSX-5Kui&ps=500&p=1 | time=129ms
09:01:50.261 DEBUG: GET 200 http://35.247.164.137:9000/api/rules/search.protobuf?f=repo,name,severity,lang,internalKey,templateKey,params,actives,createdAt,updatedAt,deprecatedKeys&activation=true&qprofile=AX4rnU_wNcwuSSX-5Kwm&ps=500&p=1 | time=78ms
09:01:50.335 DEBUG: GET 200 http://35.247.164.137:9000/api/rules/search.protobuf?f=repo,name,severity,lang,internalKey,templateKey,params,actives,createdAt,updatedAt,deprecatedKeys&activation=true&qprofile=AX4rnVPSNcwuSSX-5Kx4&ps=500&p=1 | time=71ms
09:01:50.373 DEBUG: GET 200 http://35.247.164.137:9000/api/rules/search.protobuf?f=repo,name,severity,lang,internalKey,templateKey,params,actives,createdAt,updatedAt,deprecatedKeys&activation=true&qprofile=AX4rnVTbNcwuSSX-5KyK&ps=500&p=1 | time=36ms
09:01:50.561 DEBUG: GET 200 http://35.247.164.137:9000/api/rules/search.protobuf?f=repo,name,severity,lang,internalKey,templateKey,params,actives,createdAt,updatedAt,deprecatedKeys&activation=true&qprofile=AX4rnVXVNcwuSSX-5K3Q&ps=500&p=1 | time=187ms
09:01:50.638 DEBUG: GET 200 http://35.247.164.137:9000/api/rules/search.protobuf?f=repo,name,severity,lang,internalKey,templateKey,params,actives,createdAt,updatedAt,deprecatedKeys&activation=true&qprofile=AX4rnV6MNcwuSSX-5K9L&ps=500&p=1 | time=69ms
09:01:50.805 DEBUG: GET 200 http://35.247.164.137:9000/api/rules/search.protobuf?f=repo,name,severity,lang,internalKey,templateKey,params,actives,createdAt,updatedAt,deprecatedKeys&activation=true&qprofile=AX4rnWJwNcwuSSX-5LBW&ps=500&p=1 | time=164ms
09:01:50.877 DEBUG: GET 200 http://35.247.164.137:9000/api/rules/search.protobuf?f=repo,name,severity,lang,internalKey,templateKey,params,actives,createdAt,updatedAt,deprecatedKeys&activation=true&qprofile=AX4rnWZoNcwuSSX-5LD-&ps=500&p=1 | time=57ms
09:01:51.103 DEBUG: GET 200 http://35.247.164.137:9000/api/rules/search.protobuf?f=repo,name,severity,lang,internalKey,templateKey,params,actives,createdAt,updatedAt,deprecatedKeys&activation=true&qprofile=AX4rnWlYNcwuSSX-5LKO&ps=500&p=1 | time=223ms
09:01:51.145 DEBUG: GET 200 http://35.247.164.137:9000/api/rules/search.protobuf?f=repo,name,severity,lang,internalKey,templateKey,params,actives,createdAt,updatedAt,deprecatedKeys&activation=true&qprofile=AX4rnWhLNcwuSSX-5LEa&ps=500&p=1 | time=31ms
09:01:51.168 INFO: Load active rules (done) | time=3512ms
09:01:51.319 DEBUG: Declared extensions of language Python were converted to sonar.lang.patterns.py : **/*.py
09:01:51.320 DEBUG: Declared extensions of language Go were converted to sonar.lang.patterns.go : **/*.go
09:01:51.321 DEBUG: Declared extensions of language Kotlin were converted to sonar.lang.patterns.kotlin : **/*.kt
09:01:51.322 DEBUG: Declared extensions of language Terraform were converted to sonar.lang.patterns.terraform : **/*.tf
09:01:51.323 DEBUG: Declared extensions of language CloudFormation were converted to sonar.lang.patterns.cloudformation : 
09:01:51.324 DEBUG: Declared extensions of language JavaScript were converted to sonar.lang.patterns.js : **/*.js,**/*.jsx,**/*.mjs,**/*.vue
09:01:51.325 DEBUG: Declared extensions of language TypeScript were converted to sonar.lang.patterns.ts : **/*.ts,**/*.tsx
09:01:51.326 DEBUG: Declared extensions of language CSS were converted to sonar.lang.patterns.css : **/*.css,**/*.less,**/*.scss
09:01:51.326 DEBUG: Declared extensions of language Ruby were converted to sonar.lang.patterns.ruby : **/*.rb
09:01:51.327 DEBUG: Declared extensions of language Scala were converted to sonar.lang.patterns.scala : **/*.scala
09:01:51.328 DEBUG: Declared extensions of language C# were converted to sonar.lang.patterns.cs : **/*.cs
09:01:51.329 DEBUG: Declared extensions of language Java were converted to sonar.lang.patterns.java : **/*.java,**/*.jav
09:01:51.331 DEBUG: Declared extensions of language HTML were converted to sonar.lang.patterns.web : **/*.html,**/*.xhtml,**/*.cshtml,**/*.vbhtml,**/*.aspx,**/*.ascx,**/*.rhtml,**/*.erb,**/*.shtm,**/*.shtml
09:01:51.332 DEBUG: Declared extensions of language JSP were converted to sonar.lang.patterns.jsp : **/*.jsp,**/*.jspf,**/*.jspx
09:01:51.333 DEBUG: Declared extensions of language Flex were converted to sonar.lang.patterns.flex : **/*.as
09:01:51.335 DEBUG: Declared extensions of language XML were converted to sonar.lang.patterns.xml : **/*.xml,**/*.xsd,**/*.xsl
09:01:51.336 DEBUG: Declared extensions of language PHP were converted to sonar.lang.patterns.php : **/*.php,**/*.php3,**/*.php4,**/*.php5,**/*.phtml,**/*.inc
09:01:51.339 DEBUG: Declared extensions of language VB.NET were converted to sonar.lang.patterns.vbnet : **/*.vb
09:01:51.344 DEBUG: Declared extensions of language YAML were converted to sonar.lang.patterns.yaml : **/*.yaml,**/*.yml
09:01:51.345 DEBUG: Declared extensions of language JSON were converted to sonar.lang.patterns.json : **/*.json
09:01:51.350 DEBUG: Will ignore generated code
09:01:51.353 DEBUG: Will ignore generated code
09:01:51.355 INFO: Indexing files...
09:01:51.356 INFO: Project configuration:
09:01:51.374 DEBUG: loading config FileBasedConfig[/tmp/jgit/config]
09:01:51.376 DEBUG: readpipe [/usr/bin/git, --version],/usr/bin
09:01:51.644 DEBUG: readpipe may return 'git version 2.32.0'
09:01:51.646 DEBUG: remaining output:

09:01:51.649 DEBUG: readpipe [/usr/bin/git, config, --system, --edit],/usr/bin
09:01:51.688 DEBUG: readpipe may return '/etc/gitconfig'
09:01:51.688 DEBUG: remaining output:

09:01:51.690 DEBUG: loading config FileBasedConfig[/etc/gitconfig]
09:01:51.692 DEBUG: loading config FileBasedConfig[/root/.gitconfig]
09:01:51.726 DEBUG: Thread[JGit-FileStoreAttributeReader-1,5,main]: start measure timestamp resolution /usr/src (/dev/root) in /usr/src/.git
09:01:51.728 DEBUG: Thread[JGit-FileStoreAttributeReader-1,5,main]: end measure timestamp resolution /usr/src (/dev/root) in /usr/src/.git; got PT0.000014S
09:01:51.729 DEBUG: Thread[JGit-FileStoreAttributeReader-1,5,main]: start measure minimal racy interval in /usr/src/.git
09:01:51.826 DEBUG: Thread[main,5,main]: use fallback timestamp resolution for directory /usr/src/.git
09:01:51.966 DEBUG: 51 non excluded files in this Git repository
09:01:51.991 DEBUG: 'Flask-docker-service.yaml' indexed with language 'yaml'
09:01:52.038 DEBUG: 'Dockerfile' indexed with no language
09:01:52.042 DEBUG: 'LICENSE' indexed with no language
09:01:52.048 DEBUG: 'terraform/provider.tf' indexed with language 'terraform'
09:01:52.052 DEBUG: 'terraform/main.tf' indexed with language 'terraform'
09:01:52.056 DEBUG: 'pyproject.toml' indexed with no language
09:01:52.069 DEBUG: Average line length for server/templates/style.css is 12
09:01:52.070 DEBUG: 'server/templates/style.css' indexed with language 'css'
09:01:52.074 DEBUG: 'server/templates/nghia.html' indexed with language 'web'
09:01:52.077 DEBUG: 'server/templates/images/people/2.jpeg' indexed with no language
09:01:52.081 DEBUG: 'server/templates/images/people/3.jpeg' indexed with no language
09:01:52.084 DEBUG: 'server/templates/images/people/1.jpeg' indexed with no language
09:01:52.088 DEBUG: 'server/templates/images/2.jpeg' indexed with no language
09:01:52.090 DEBUG: 'server/templates/images/3.jpeg' indexed with no language
09:01:52.094 DEBUG: 'server/templates/images/cup/5.jpeg' indexed with no language
09:01:52.097 DEBUG: 'server/templates/images/cup/2.jpeg' indexed with no language
09:01:52.100 DEBUG: 'server/templates/images/cup/3.jpeg' indexed with no language
09:01:52.103 DEBUG: 'server/templates/images/cup/6.jpeg' indexed with no language
09:01:52.106 DEBUG: 'server/templates/images/cup/7.jpeg' indexed with no language
09:01:52.108 DEBUG: 'server/templates/images/cup/1.jpeg' indexed with no language
09:01:52.111 DEBUG: 'server/templates/images/cup/8.jpeg' indexed with no language
09:01:52.115 DEBUG: 'server/templates/images/cup/4.jpeg' indexed with no language
09:01:52.117 DEBUG: 'server/templates/images/1.jpeg' indexed with no language
09:01:52.120 DEBUG: 'server/templates/images/four.jpeg' indexed with no language
09:01:52.123 DEBUG: 'server/templates/images/letter.jpeg' indexed with no language
09:01:52.126 DEBUG: 'server/templates/images/main.jpg' indexed with no language
09:01:52.129 DEBUG: 'server/templates/haha.html' indexed with language 'web'
09:01:52.131 DEBUG: 'server/templates/index.html' indexed with language 'web'
09:01:52.134 DEBUG: 'server/__init__.py' indexed with language 'py'
09:01:52.136 DEBUG: 'server/app.py' indexed with language 'py'
09:01:52.140 DEBUG: 'helm-chart/templates/deployment.yaml' indexed with language 'yaml'
09:01:52.143 DEBUG: 'helm-chart/templates/_helpers.tpl' indexed with no language
09:01:52.145 DEBUG: 'helm-chart/templates/service.yaml' indexed with language 'yaml'
09:01:52.148 DEBUG: 'helm-chart/values.yaml' indexed with language 'yaml'
09:01:52.151 DEBUG: 'helm-chart/Chart.yaml' indexed with language 'yaml'
09:01:52.153 DEBUG: 'Flask-docker-deployment.yaml' indexed with language 'yaml'
09:01:52.156 DEBUG: 'kube.yaml' indexed with language 'yaml'
09:01:52.158 DEBUG: 'Jenkinsfile2' indexed with no language
09:01:52.160 DEBUG: 'Jenkinsfile' indexed with no language
09:01:52.163 DEBUG: 'tests/test_server.py' indexed with language 'py'
09:01:52.165 DEBUG: 'tests/test_dummy2.py' indexed with language 'py'
09:01:52.167 DEBUG: 'tests/__init__.py' indexed with language 'py'
09:01:52.170 DEBUG: 'README.md' indexed with no language
09:01:52.172 DEBUG: 'poetry.lock' indexed with no language
09:01:52.175 DEBUG: 'docker-compose.yaml' indexed with language 'yaml'
09:01:52.177 DEBUG: 'Test-jenkinsfile' indexed with no language
09:01:52.179 DEBUG: 'deploy.sh' indexed with no language
09:01:52.181 DEBUG: 'Jenkinsfile_first' indexed with no language
09:01:52.183 DEBUG: 'kubeconfig.yaml' indexed with language 'yaml'
09:01:52.206 INFO: 48 files indexed
09:01:52.207 INFO: 0 files ignored because of scm ignore settings
09:01:52.225 INFO: Quality profile for css: Sonar way
09:01:52.228 INFO: Quality profile for py: Sonar way
09:01:52.228 INFO: Quality profile for terraform: Sonar way
09:01:52.228 INFO: Quality profile for web: Sonar way
09:01:52.229 INFO: Quality profile for yaml: Sonar way
09:01:52.229 INFO: ------------- Run sensors on module sonarqube-test
09:01:52.414 INFO: Load metrics repository
09:01:52.453 DEBUG: GET 200 http://35.247.164.137:9000/api/metrics/search?ps=500&p=1 | time=34ms
09:01:52.515 INFO: Load metrics repository (done) | time=101ms
09:01:54.733 DEBUG: delta [ns] since modification FileSnapshot failed to detect
count, failures, racy limit [ns], delta min [ns], delta max [ns], delta avg [ns], delta stddev [ns]
1586, 40, 35000, 1408000.0, 4411000.0, 2802025.0, 906856.5455631717
09:01:54.734 DEBUG: FileStoreAttributes[fsTimestampResolution=14 Âµs, minimalRacyInterval=4,411 Âµs]
09:01:54.763 DEBUG: Thread[JGit-FileStoreAttributeReader-1,5,main]: start measure timestamp resolution / (overlay) in /tmp/jgit
09:01:54.764 DEBUG: Thread[JGit-FileStoreAttributeReader-1,5,main]: end measure timestamp resolution / (overlay) in /tmp/jgit; got PT0.000002S
09:01:54.765 DEBUG: Thread[JGit-FileStoreAttributeReader-1,5,main]: start measure minimal racy interval in /tmp/jgit
09:01:54.863 DEBUG: Thread[JGit-FileStoreAttributeWriter-2,5,main]: use fallback timestamp resolution for directory /tmp/jgit
09:01:55.397 DEBUG: 'JavaSensor' skipped because there is no related file in current project
09:01:55.406 DEBUG: 'Import external issues report' skipped because one of the required properties is missing
09:01:55.410 DEBUG: 'Import of Pylint issues' skipped because one of the required properties is missing
09:01:55.411 DEBUG: 'Import of Bandit issues' skipped because one of the required properties is missing
09:01:55.412 DEBUG: 'Import of Flake8 issues' skipped because one of the required properties is missing
09:01:55.413 DEBUG: 'Code Quality and Security for Go' skipped because there is no related file in current project
09:01:55.417 DEBUG: 'Go Unit Test Report' skipped because there is no related file in current project
09:01:55.418 DEBUG: 'Go Cover sensor for Go coverage' skipped because one of the required properties is missing
09:01:55.420 DEBUG: 'Import of go vet issues' skipped because there is no related file in current project
09:01:55.424 DEBUG: 'Import of Golint issues' skipped because there is no related file in current project
09:01:55.426 DEBUG: 'Import of GoMetaLinter issues' skipped because there is no related file in current project
09:01:55.427 DEBUG: 'Import of GolangCI-Lint issues' skipped because there is no related file in current project
09:01:55.429 DEBUG: 'Kotlin Sensor' skipped because there is no related file in current project
09:01:55.430 DEBUG: 'KotlinSurefireSensor' skipped because there is no related file in current project
09:01:55.431 DEBUG: 'Import of detekt issues' skipped because there is no related file in current project
09:01:55.433 DEBUG: 'Import of Android Lint issues' skipped because one of the required properties is missing
09:01:55.434 DEBUG: 'Import of ktlint issues' skipped because there is no related file in current project
09:01:55.448 DEBUG: 'JavaScript analysis' skipped because there is no related file in current project
09:01:55.449 DEBUG: 'TypeScript analysis' skipped because there is no related file in current project
09:01:55.450 DEBUG: 'JavaScript/TypeScript Coverage' skipped because there is no related file in current project
09:01:55.468 DEBUG: 'Import of ESLint issues' skipped because one of the required properties is missing
09:01:55.471 DEBUG: 'Import of TSLint issues' skipped because one of the required properties is missing
09:01:55.474 DEBUG: 'Import of stylelint issues' skipped because one of the required properties is missing
09:01:55.475 DEBUG: 'Ruby Sensor' skipped because there is no related file in current project
09:01:55.477 DEBUG: 'Import of RuboCop issues' skipped because there is no related file in current project
09:01:55.477 DEBUG: 'SimpleCov Sensor for Ruby coverage' skipped because there is no related file in current project
09:01:55.482 DEBUG: 'Scala Sensor' skipped because there is no related file in current project
09:01:55.484 DEBUG: 'Scoverage sensor for Scala coverage' skipped because there is no related file in current project
09:01:55.486 DEBUG: 'Import of Scalastyle issues' skipped because there is no related file in current project
09:01:55.487 DEBUG: 'Import of Scapegoat issues' skipped because there is no related file in current project
09:01:55.488 DEBUG: 'Import of Checkstyle issues' skipped because there is no related file in current project
09:01:55.489 DEBUG: 'Import of PMD issues' skipped because one of the required properties is missing
09:01:55.490 DEBUG: 'Import of SpotBugs issues' skipped because there is no related file in current project
09:01:55.490 DEBUG: 'SurefireSensor' skipped because there is no related file in current project
09:01:55.491 DEBUG: 'Removed properties sensor' skipped because there is no related file in current project
09:01:55.492 DEBUG: 'Flex' skipped because there is no related file in current project
09:01:55.493 DEBUG: 'Flex Cobertura' skipped because there is no related file in current project
09:01:55.493 DEBUG: 'XML Sensor' skipped because there is no related file in current project
09:01:55.494 DEBUG: 'PHP sensor' skipped because there is no related file in current project
09:01:55.495 DEBUG: 'Analyzer for "php.ini" files' skipped because there is no related file in current project
09:01:55.497 DEBUG: 'Import of PHPStan issues' skipped because there is no related file in current project
09:01:55.498 DEBUG: 'Import of Psalm issues' skipped because there is no related file in current project
09:01:55.507 DEBUG: 'Generic Test Executions Report' skipped because one of the required properties is missing
09:01:55.509 DEBUG: Sensors : Python Sensor -> Cobertura Sensor for Python coverage -> PythonXUnitSensor -> JaCoCo XML Report Importer -> IaC Terraform Sensor -> IaC CloudFormation Sensor -> CSS Metrics -> CSS Rules -> C# Project Type Information -> C# Analysis Log -> C# Properties -> JavaXmlSensor -> HTML -> VB.NET Project Type Information -> VB.NET Analysis Log -> VB.NET Properties
09:01:55.521 INFO: Sensor Python Sensor [python]
09:01:55.530 WARN: Your code is analyzed as compatible with python 2 and 3 by default. This will prevent the detection of issues specific to python 2 or python 3. You can get a more precise analysis by setting a python version in your configuration via the parameter "sonar.python.version"
09:01:55.542 DEBUG: Input files for indexing: [tests/test_dummy2.py, server/__init__.py, server/app.py, tests/test_server.py, tests/__init__.py]
09:01:55.545 INFO: Starting global symbols computation
09:01:55.572 INFO: 5 source files to be analyzed
09:01:55.573 INFO: Load project repositories
09:01:55.588 DEBUG: GET 200 http://35.247.164.137:9000/batch/project.protobuf?key=sonarqube-test | time=14ms
09:01:55.605 INFO: Load project repositories (done) | time=32ms
09:01:55.606 DEBUG: 'tests/test_dummy2.py' generated metadata with charset 'UTF-8'
09:01:56.254 DEBUG: 'server/__init__.py' generated metadata with charset 'UTF-8'
09:01:56.291 DEBUG: 'server/app.py' generated metadata with charset 'UTF-8'
09:01:57.768 DEBUG: delta [ns] since modification FileSnapshot failed to detect
count, failures, racy limit [ns], delta min [ns], delta max [ns], delta avg [ns], delta stddev [ns]
1633, 42, 5000, 1174000.0, 4047000.0, 2633309.523809524, 886128.534642173
09:01:57.768 DEBUG: FileStoreAttributes[fsTimestampResolution=2 Âµs, minimalRacyInterval=4,047 Âµs]
09:01:57.781 DEBUG: loading config FileBasedConfig[/tmp/jgit/config]
09:02:01.882 DEBUG: 'tests/test_server.py' generated metadata with charset 'UTF-8'
09:02:01.900 DEBUG: 'tests/__init__.py' generated metadata with charset 'UTF-8'
09:02:01.904 INFO: 5/5 source files have been analyzed
09:02:01.906 INFO: Starting rules execution
09:02:01.920 INFO: 5 source files to be analyzed
09:02:01.938 DEBUG: Not enough content in 'tests/test_dummy2.py' to have CPD blocks, it will not be part of the duplication detection
09:02:02.488 DEBUG: Not enough content in 'server/__init__.py' to have CPD blocks, it will not be part of the duplication detection
09:02:02.625 DEBUG: Not enough content in 'tests/__init__.py' to have CPD blocks, it will not be part of the duplication detection
09:02:02.629 INFO: 5/5 source files have been analyzed
09:02:02.630 INFO: Sensor Python Sensor [python] (done) | time=7110ms
09:02:02.630 INFO: Sensor Cobertura Sensor for Python coverage [python]
09:02:02.631 DEBUG: Using pattern 'coverage-reports/*coverage-*.xml' to find reports
09:02:02.662 DEBUG: No report was found for sonar.python.coverage.reportPaths using default pattern coverage-reports/*coverage-*.xml
09:02:02.663 INFO: Sensor Cobertura Sensor for Python coverage [python] (done) | time=32ms
09:02:02.663 INFO: Sensor PythonXUnitSensor [python]
09:02:02.663 DEBUG: Using pattern 'xunit-reports/xunit-result-*.xml' to find reports
09:02:02.667 DEBUG: No report was found for sonar.python.xunit.reportPath using default pattern xunit-reports/xunit-result-*.xml
09:02:02.668 INFO: Sensor PythonXUnitSensor [python] (done) | time=5ms
09:02:02.668 INFO: Sensor JaCoCo XML Report Importer [jacoco]
09:02:02.672 INFO: 'sonar.coverage.jacoco.xmlReportPaths' is not defined. Using default locations: target/site/jacoco/jacoco.xml,target/site/jacoco-it/jacoco.xml,build/reports/jacoco/test/jacocoTestReport.xml
09:02:02.674 INFO: No report imported, no coverage information will be imported by JaCoCo XML Report Importer
09:02:02.674 INFO: Sensor JaCoCo XML Report Importer [jacoco] (done) | time=6ms
09:02:02.675 INFO: Sensor IaC Terraform Sensor [iac]
09:02:02.690 INFO: 2 source files to be analyzed
09:02:02.991 DEBUG: 'terraform/main.tf' generated metadata with charset 'UTF-8'
09:02:03.231 DEBUG: 'terraform/provider.tf' generated metadata with charset 'UTF-8'
09:02:03.237 INFO: 2/2 source files have been analyzed
09:02:03.244 INFO: Sensor IaC Terraform Sensor [iac] (done) | time=570ms
09:02:03.245 INFO: Sensor IaC CloudFormation Sensor [iac]
09:02:03.250 DEBUG: 'docker-compose.yaml' generated metadata with charset 'UTF-8'
09:02:03.259 DEBUG: 'helm-chart/templates/deployment.yaml' generated metadata with charset 'UTF-8'
09:02:03.261 DEBUG: 'helm-chart/Chart.yaml' generated metadata with charset 'UTF-8'
09:02:03.266 DEBUG: 'kube.yaml' generated metadata with charset 'UTF-8'
09:02:03.282 DEBUG: 'Flask-docker-deployment.yaml' generated metadata with charset 'UTF-8'
09:02:03.284 DEBUG: 'helm-chart/templates/service.yaml' generated metadata with charset 'UTF-8'
09:02:03.286 DEBUG: 'helm-chart/values.yaml' generated metadata with charset 'UTF-8'
09:02:03.290 DEBUG: 'Flask-docker-service.yaml' generated metadata with charset 'UTF-8'
09:02:03.305 DEBUG: 'kubeconfig.yaml' generated metadata with charset 'UTF-8'
09:02:03.324 INFO: 0 source files to be analyzed
09:02:03.340 INFO: 0/0 source files have been analyzed
09:02:03.344 INFO: Sensor IaC CloudFormation Sensor [iac] (done) | time=99ms
09:02:03.345 INFO: Sensor CSS Metrics [javascript]
09:02:03.350 DEBUG: 'server/templates/style.css' generated metadata with charset 'UTF-8'
09:02:03.440 INFO: Sensor CSS Metrics [javascript] (done) | time=95ms
09:02:03.448 INFO: Sensor CSS Rules [javascript]
09:02:03.457 DEBUG: Deploying bundle
09:02:03.461 DEBUG: Deploying eslint-bridge into /usr/src/.scannerwork/.sonartmp/eslint-bridge-bundle
09:02:06.621 DEBUG: Deploying bundle (done) | time=3164ms
09:02:06.623 DEBUG: Starting server
09:02:06.629 DEBUG: Using default Node.js executable: 'node'.
09:02:06.629 DEBUG: Checking Node.js version
09:02:06.630 DEBUG: Launching command node -v
09:02:07.632 DEBUG: Using Node.js v14.18.1.
09:02:07.633 DEBUG: Starting Node.js process to start eslint-bridge server at port 33511
09:02:07.633 DEBUG: Launching command node /usr/src/.scannerwork/.sonartmp/eslint-bridge-bundle/package/bin/server 33511 127.0.0.1 /usr/src/.scannerwork true false 
09:02:10.419 DEBUG: starting eslint-bridge server at port 33511
09:02:10.431 DEBUG: eslint-bridge server is running at port 33511
09:02:10.475 DEBUG: Starting server (done) | time=3853ms
09:02:10.513 DEBUG: 'server/templates/nghia.html' generated metadata with charset 'UTF-8'
09:02:10.513 DEBUG: Analyzing /usr/src/server/templates/nghia.html
09:02:10.518 INFO: 4 source files to be analyzed
09:02:10.940 DEBUG: Found 0 issue(s)
09:02:10.950 DEBUG: 'server/templates/index.html' generated metadata with charset 'UTF-8'
09:02:10.951 DEBUG: Analyzing /usr/src/server/templates/index.html
09:02:11.028 DEBUG: Found 0 issue(s)
09:02:11.035 DEBUG: 'server/templates/haha.html' generated metadata with charset 'UTF-8'
09:02:11.036 DEBUG: Analyzing /usr/src/server/templates/haha.html
09:02:11.062 DEBUG: Found 0 issue(s)
09:02:11.064 DEBUG: Analyzing /usr/src/server/templates/style.css
09:02:11.110 DEBUG: Found 1 issue(s)
09:02:11.112 INFO: 4/4 source files have been analyzed
09:02:11.112 INFO: Sensor CSS Rules [javascript] (done) | time=7664ms
09:02:11.112 INFO: Sensor C# Project Type Information [csharp]
09:02:11.119 INFO: Sensor C# Project Type Information [csharp] (done) | time=7ms
09:02:11.119 INFO: Sensor C# Analysis Log [csharp]
09:02:11.141 DEBUG: Project 'sonarqube-test': Property missing: 'sonar.cs.analyzer.projectOutPaths'. No protobuf files will be loaded for this project.
09:02:11.142 INFO: Sensor C# Analysis Log [csharp] (done) | time=23ms
09:02:11.142 INFO: Sensor C# Properties [csharp]
09:02:11.142 DEBUG: Project 'sonarqube-test': Property missing: 'sonar.cs.analyzer.projectOutPaths'. No protobuf files will be loaded for this project.
09:02:11.142 DEBUG: Project 'sonarqube-test': No Roslyn issues reports have been found.
09:02:11.142 INFO: Sensor C# Properties [csharp] (done) | time=0ms
09:02:11.143 INFO: Sensor JavaXmlSensor [java]
09:02:11.144 INFO: Sensor JavaXmlSensor [java] (done) | time=1ms
09:02:11.145 INFO: Sensor HTML [web]
09:02:11.283 DEBUG: HtmlSensor: server/templates/nghia.html: 12,0,1
09:02:11.335 DEBUG: HtmlSensor: server/templates/index.html: 0,0,1
09:02:11.412 DEBUG: HtmlSensor: server/templates/haha.html: 0,0,1
09:02:11.441 INFO: Sensor HTML [web] (done) | time=296ms
09:02:11.443 INFO: Sensor VB.NET Project Type Information [vbnet]
09:02:11.447 INFO: Sensor VB.NET Project Type Information [vbnet] (done) | time=4ms
09:02:11.447 INFO: Sensor VB.NET Analysis Log [vbnet]
09:02:11.479 DEBUG: Project 'sonarqube-test': Property missing: 'sonar.vbnet.analyzer.projectOutPaths'. No protobuf files will be loaded for this project.
09:02:11.481 INFO: Sensor VB.NET Analysis Log [vbnet] (done) | time=34ms
09:02:11.481 INFO: Sensor VB.NET Properties [vbnet]
09:02:11.482 DEBUG: Project 'sonarqube-test': Property missing: 'sonar.vbnet.analyzer.projectOutPaths'. No protobuf files will be loaded for this project.
09:02:11.485 DEBUG: Project 'sonarqube-test': No Roslyn issues reports have been found.
09:02:11.486 INFO: Sensor VB.NET Properties [vbnet] (done) | time=5ms
09:02:11.497 INFO: ------------- Run sensors on project
09:02:11.519 DEBUG: 'Generic Coverage Report' skipped because one of the required properties is missing
09:02:11.520 DEBUG: 'C#' skipped because there is no related file in current project
09:02:11.521 DEBUG: 'C# Tests Coverage Report Import' skipped because there is no related file in current project
09:02:11.521 DEBUG: '[Deprecated] C# Integration Tests Coverage Report Import' skipped because there is no related file in current project
09:02:11.523 DEBUG: 'C# Unit Test Results Import' skipped because there is no related file in current project
09:02:11.523 DEBUG: 'VB.NET' skipped because there is no related file in current project
09:02:11.525 DEBUG: 'VB.NET Tests Coverage Report Import' skipped because there is no related file in current project
09:02:11.525 DEBUG: '[Deprecated] VB.NET Integration Tests Coverage Report Import' skipped because there is no related file in current project
09:02:11.526 DEBUG: 'VB.NET Unit Test Results Import' skipped because there is no related file in current project
09:02:11.527 DEBUG: 'Java CPD Block Indexer' skipped because there is no related file in current project
09:02:11.528 DEBUG: Sensors : Zero Coverage Sensor
09:02:11.529 INFO: Sensor Zero Coverage Sensor
09:02:11.563 INFO: Sensor Zero Coverage Sensor (done) | time=34ms
09:02:11.587 INFO: SCM Publisher SCM provider for this project is: git
09:02:11.630 INFO: SCM Publisher 3 source files to be analyzed
09:02:11.642 DEBUG: loading config FileBasedConfig[/tmp/jgit/config]
09:02:11.678 DEBUG: Blame file Flask-docker-deployment.yaml
09:02:11.678 DEBUG: Blame file kube.yaml
09:02:11.769 DEBUG: Unable to blame file kube.yaml. It is probably a symlink.
09:02:11.770 DEBUG: Blame file helm-chart/values.yaml
09:02:12.214 INFO: SCM Publisher 2/3 source files have been analyzed (done) | time=542ms
09:02:12.216 WARN: Missing blame information for the following files:
09:02:12.218 WARN:   * kube.yaml
09:02:12.218 WARN: This may lead to missing/broken features in SonarQube
09:02:12.418 INFO: CPD Executor 3 files had no CPD blocks
09:02:12.419 INFO: CPD Executor Calculating CPD for 5 files
09:02:12.419 DEBUG: Detection of duplications for /usr/src/server/templates/index.html
09:02:12.429 DEBUG: Detection of duplications for /usr/src/server/templates/nghia.html
09:02:12.433 DEBUG: Detection of duplications for /usr/src/server/app.py
09:02:12.434 DEBUG: Detection of duplications for /usr/src/server/templates/haha.html
09:02:12.439 DEBUG: Detection of duplications for /usr/src/tests/test_server.py
09:02:12.440 INFO: CPD Executor CPD calculation finished (done) | time=21ms
09:02:12.454 DEBUG: SCM revision ID '305e1f9752108c3db6d8bc5c2123635a66ad9e21'
09:02:12.579 INFO: Analysis report generated in 134ms, dir size=168.9 kB
09:02:12.829 INFO: Analysis report compressed in 244ms, zip size=47.3 kB
09:02:12.830 INFO: Analysis report generated in /usr/src/.scannerwork/scanner-report
09:02:12.830 DEBUG: Upload report
09:02:13.209 DEBUG: POST 200 http://35.247.164.137:9000/api/ce/submit?projectKey=sonarqube-test&projectName=sonarqube-test | time=378ms
09:02:13.217 INFO: Analysis report uploaded in 382ms
09:02:13.220 DEBUG: Report metadata written to /usr/src/.scannerwork/report-task.txt
09:02:13.220 INFO: ANALYSIS SUCCESSFUL, you can browse http://35.247.164.137:9000/dashboard?id=sonarqube-test
09:02:13.221 INFO: Note that you will be able to access the updated dashboard once the server has processed the submitted analysis report
09:02:13.221 INFO: More about the report processing at http://35.247.164.137:9000/api/ce/task?id=AX4un9IoKLvBOTN9MV5a
09:02:13.225 DEBUG: Post-jobs : 
09:02:13.231 DEBUG: eslint-bridge server will shutdown
09:02:18.807 INFO: Analysis total time: 32.494 s
09:02:18.811 INFO: ------------------------------------------------------------------------
09:02:18.812 INFO: EXECUTION SUCCESS
09:02:18.812 INFO: ------------------------------------------------------------------------
09:02:18.812 INFO: Total time: 40.320s
09:02:19.159 INFO: Final Memory: 102M/293M
09:02:19.159 INFO: ------------------------------------------------------------------------
[8mha:////4PY2ylSuOd8VFZMiuUjaL7BMc+jhhtCAnfMtRFZQDobvAAAApB+LCAAAAAAAAP9tjbEOwiAURV9rHFwd/QiaJm7GyZWw+AXYIkLJexSodPKL/DX/QbSJk3e4uecu5/mCdQxwpKCZVTgYjJ1h3k26LJYpDFdHmVm6sI4wklNMqCyoV6cFBSUFS6oaVhw2CjtH0aBOsOVW3mXjJOrmnEL5Dhxq04/wgIoXc5IhfWEOsLtNfST8ef4KYPY+Qd3uP9W+ATnVfPq+AAAA[0m[Pipeline] }
[8mha:////4G90YOhVE9ElXDLEUbeNsh9vcotYkaENjZCm88yZYD+GAAAApB+LCAAAAAAAAP9tjTEOwjAQBC9BFLSUPOICBRWiSmu54QUmNsaJdWdsh6TiRXyNPxCIRMUWq51t5vmCZYpw5GixNdQ5So3D4Hs7LRw4dhfPA7Z8xoYpsTcozSBZm3pGydnAnKKEhYCVocZzcmQzrEWr7qryimx1ynH6DgJKp2/wgEJM5qxi/sIYYXPtdWL6ef4KYAwhQ7nbf2r7Bgo2J0a+AAAA[0m[Pipeline] // withEnv
[8mha:////4InHiv49BaznE/9jmb4GlorGc68SSF75fCZwuwHX2BFAAAAApB+LCAAAAAAAAP9tjTEOwjAQBDdBFLSUPMIRDUJCVLRWGl5gEmOcWHfBvpBUvIiv8QciIlGx1c4083pjmSKOHJ1qLLWeUuVVF3o3PTVwbK+BB9XwRVVMiYNVpR1Kru1pxpLFYl6WY6GxslQFTp6cYK0b8zBFMOSKs8TJHTRyX9/xRKanspgoXxgjNre+Tky/zt8Axq4T5NudINt/AA6Ss1S9AAAA[0m[Pipeline] }
[8mha:////4HT781CSvcE0ZTUUJcQSLsxjjenxxByKGsNq1QqhahpgAAAAox+LCAAAAAAAAP9tjTESgjAQRT84FraWHiKMFYVjZZuh8QQRYgxkdjFZhMoTeTXvICMzVv7qv9e81xvrFHHk6FRrqfOUaq/6MLj5qZFjdw08qpYvqmZKHKyq7FhxY08LViwWy7IcK42NpTpw8uQEW92ahymCIVecJc7uoJH75o4nMj2XxUT5whSxuw1NYvp1/gYw9b0g35eCrPwAL6Zs+b0AAAA=[0m[Pipeline] // node
[8mha:////4KAikXtBBRQ3MnDUeqwi48GvCd8gTVp0XwJQdzQNeWmFAAAApB+LCAAAAAAAAP9tjTEOwjAQBDdBFLSUPMIRDUJCVLRWGl5gEmOcWHfBvpBUvIiv8QciIlGx1c4083pjmSKOHJ1qLLWeUuVVF3o3PTVwbK+BB9XwRVVMiYNVpR1Kru1pxpLFYl6WY6GxslQFTp6cYK0b8zBFMOSKs8TJHTRyX9/xRKanspgoXxgjNre+Tky/zt8Axq4T5Nu9INt9AGgBOwy9AAAA[0m[Pipeline] }
[8mha:////4P5nS0rbifIefR6LfS5PVWTshUvpbIkfSwbB/tcCTFWgAAAApB+LCAAAAAAAAP9tjTEOwjAQBDdBFLSUPMIRBQVCVLRWGl5gEmOcWHfBvpBUvIiv8QciIlGx1c4083pjmSKOHJ1qLLWeUuVVF3o3PTVwbK+BB9XwRVVMiYNVpR1Kru1pxpLFYl6WY6GxslQFTp6cYK0b8zBFMOSKs8TJHTRyX9/xRKanspgoXxgjNre+Tky/zt8Axq4T5Nu9INt9AGJ5Uqi9AAAA[0m[Pipeline] // stage
[8mha:////4EyRWlY8SQkeLEpldBk1Lc30dnPFYemlWsuqqxdK9xBcAAAAph+LCAAAAAAAAP9tjTEOwjAQBM9BKWgpeYSDEB2iorXc8AITG+PEugv2haTiRXyNPxCIRMVWOyut5vmCMic4UPKycdgGzHWQXez91ORAqb1EGmRDZ1kTZopOajdosu44oyZ2MEcUsFCwdFhHygE9w0o15m6qaNBXJ07TtldQBHuDBwg1mdkk/sKYYH3tbSb8ef4KYOwYxI6h2G4+x/INK/7CYMEAAAA=[0m[Pipeline] stage
[8mha:////4PHr1cY8mcvneRiJm9diAFb3QqCjRXyRTiIAnEBuEXTdAAAAph+LCAAAAAAAAP9tjTEOwjAUQ3+LOrAycogUWBFT1ygLJwhNCGmj/8tPSjtxIq7GHWipxIQHy7ZkvdcbishwInaisdh6jLUXXejdlMRA3F4DDaKhi6gJIwUrlB0UGVstVVGysCjLYSVhbbEOFD26BBvZ6Icug0ZXnhNP21FC7s0dnpDJiZw0p28ZGba33kTCH+cvAMYuQX7Yzbafn8UHbGnGmsIAAAA=[0m[Pipeline] { (Test)
[8mha:////4JGuQrV7/NDspgVt30s5Hso3D5vYqfIsbb7gxZa/vUH3AAAAph+LCAAAAAAAAP9tjTEOwjAUQ3+DOrAycohUdEVMrFEXThCaEJJG/7dJSjpxIq7GHWipxIQHy7ZkvdcbyhjgRMFwp7GzGFvLez+aOfFMobt5ytzRlbeEkbzmjc4NKX1ea0NJw6qCwUbAVmPrKVo0CXbCyYesvERTXVKYt6MAZtUATyjETE4ypG+ZAuzvo4qEP85fAEx9AlYfFquXZ/kBAsTc3cIAAAA=[0m[Pipeline] node
Running on [8mha:////4H8qy94SiiQreLqxOMt7rEcbO/xGHMEFKqHLW6flZkHZAAAAoR+LCAAAAAAAAP9b85aBtbiIQTGjNKU4P08vOT+vOD8nVc83PyU1x6OyILUoJzMv2y+/JJUBAhiZGBgqihhk0NSjKDWzXb3RdlLBUSYGJk8GtpzUvPSSDB8G5tKinBIGIZ+sxLJE/ZzEvHT94JKizLx0a6BxUmjGOUNodHsLgAz2EgZR/eT83ILSktQifY2k0sycEt3MPE19AHHxbH3KAAAA[0mJenkins in /var/jenkins_home/workspace/CICD-pipeline
[8mha:////4I8lj0sAbFZLU3bRe0piQdhy4de3aj1AGzRZLzyt3bEhAAAAph+LCAAAAAAAAP9tjTEOwjAUQ3+LOrAycohUKiNiYo2ycILQhJA0+r9NUtKJE3E17kBLJSY8WLYl673eUMUAJwqGOY2dxdha1vvRzIllCt3NU2aOrqwljOQ1EzoLUvq8VkFJw6qihA2HrcbWU7RoEuy4kw9Ze4mmvqQwb0cOpVUDPKHgMznJkL5lCrC/jyoS/jh/ATD1CcqmWeywPKsPpnFij8IAAAA=[0m[Pipeline] {
[8mha:////4JIOucRgv14WjXctjArLvTgFcA+vwg12Z3IvliSMhhmVAAAApB+LCAAAAAAAAP9tjTEOwjAQBC9BFLSUPOIiAR2iSmu54QUmNsaJdWdsh6TiRXyNPxCIRMUWq51t5vmCZYpw5GixNdQ5So3D4Hs7LRw4dhfPA7Z8xoYpsTcozSBZm3pGydnAnKKEhYCVocZzcmQzrEWr7qryimx1ynH6DgJKp2/wgEJM5qxi/sIYYXPtdWL6ef4KYAwZyu3uU/vwBrANZ3i+AAAA[0m[Pipeline] checkout
Selected Git installation does not exist. Using Default
The recommended git tool is: NONE
using credential cc06d1e1-44a5-4361-9e9c-eadedc84103a
 > git rev-parse --resolve-git-dir /var/jenkins_home/workspace/CICD-pipeline/.git # timeout=10
Fetching changes from the remote Git repository
 > git config remote.origin.url https://github.com/nghiattr/flask-docker.git # timeout=10
Fetching upstream changes from https://github.com/nghiattr/flask-docker.git
 > git --version # timeout=10
 > git --version # 'git version 2.30.2'
using GIT_ASKPASS to set credentials github-acc-nghiattr
 > git fetch --tags --force --progress -- https://github.com/nghiattr/flask-docker.git +refs/heads/*:refs/remotes/origin/* # timeout=10
 > git rev-parse refs/remotes/origin/develop^{commit} # timeout=10
Checking out Revision 305e1f9752108c3db6d8bc5c2123635a66ad9e21 (refs/remotes/origin/develop)
 > git config core.sparsecheckout # timeout=10
 > git checkout -f 305e1f9752108c3db6d8bc5c2123635a66ad9e21 # timeout=10
Commit message: "asds"
[8mha:////4J7FQqqRfQx0xvzuAjqG2xRVwyiC+DA6xVZF3nPPPDvmAAAApx+LCAAAAAAAAP9tjTEOwjAUQ3+LOrAycohUAjEhpq5RFk4QmhDSRv+Xn5R24kRcjTvQUokJD5ZtyXqvNxSR4UTsRGOx9RhrL7rQuymJgbi9BhpEQxdRE0YKVig7KDK2WqqiZGFRlsNKwtpiHSh6dAk2stEPXQaNrjwnnrajhNybOzwhkxM5aU7fMjJsb72JhD/OXwCMXYJ8t5/tMD+LD3tNtZjCAAAA[0m[Pipeline] withEnv
[8mha:////4I3NUhdtNlxDNHxJhCNuDap112vn0h3gv3uLmOzc9nNFAAAAqB+LCAAAAAAAAP9tjTEOwjAUQ3+LOrAycohUQoIFMXWNsnCC0ISQNvq//KS0EyfiatyBlkpMeLBsS9Z7vaGIDCdiJxqLrcdYe9GF3k1JDMTtNdAgGrqImjBSsELZQZGx1VIVJQuLshxWEtYW60DRo0uwkY1+6DJodOU58bQdJeTe3OEJmZzISXP6lpFhe+tNJPxx/gJg7BLku/1sh/lZfACW9ZT2wgAAAA==[0m[Pipeline] {
[8mha:////4AuiYkv/kldZwpE7gb5nF/YjQWSmd0HQjHcUsk0IxjUiAAAApR+LCAAAAAAAAP9tjTEOwjAQBC9BFLSUPOIiUUCBqNJabniBiY1xYt0Z2yGpeBFf4w8EIlGxxWpnm3m+YJkiHDlabA11jlLjMPjeTgsHjt3F84Atn7FhSuwNSjNI1qaeUXI2MKcoYSFgZajxnBzZDGvRqruqvCJbnXKcvoOA0ukbPKAQkzmrmL8wRthce52Yfp6/AhhDhnK7+9Q+vAHUcXIBvgAAAA==[0m[Pipeline] isUnix
[8mha:////4E2x0PpieO0MCnMSYa02mmV26OC4YR8PlxXe4dvydFG7AAAApR+LCAAAAAAAAP9tjTEOwjAQBC9BFLSUPOIiUSAkRJXWcsMLTGyME+vO2A5JxYv4Gn8gEImKLVY728zzBcsU4cjRYmuoc5Qah8H3dlo4cOwungds+YwNU2JvUJpBsjb1jJKzgTlFCQsBK0ON5+TIZliLVt1V5RXZ6pTj9B0ElE7f4AGFmMxZxfyFMcLm2uvE9PP8FcAYMpTb3af24Q0bbeqGvgAAAA==[0m[Pipeline] sh
+ docker inspect -f . python:3.8-slim-buster
.
[8mha:////4KR6BDwT9HMOBoktbtKIP/nuNeLjMIQwrj9eAt9jq0dQAAAAqB+LCAAAAAAAAP9tjTEOwjAUQ3+LOrAycohUYkBCiKlrlIUThCaEtNH/5SelnTgRV+MOtFRiwoNlW7Le6w1FZDgRO9FYbD3G2osu9G5KYiBur4EG0dBF1ISRghXKDoqMrZaqKFlYlOWwkrC2WAeKHl2CjWz0Q5dBoyvPiaftKCH35g5PyORETprTt4wM21tvIuGP8xcAY5cg3+1nO8zP4gNCISCewgAAAA==[0m[Pipeline] withDockerContainer
Jenkins seems to be running inside container 322f5210f9a2dbbec411b254074901afe720ea3420f95922585baa9fd9c00dbb
$ docker run -t -d -u 1002:998 -u 0:0 -v /tmp:/root/.cache -w /var/jenkins_home/workspace/CICD-pipeline --volumes-from 322f5210f9a2dbbec411b254074901afe720ea3420f95922585baa9fd9c00dbb -e ******** -e ******** -e ******** -e ******** -e ******** -e ******** -e ******** -e ******** -e ******** -e ******** -e ******** -e ******** -e ******** -e ******** -e ******** -e ******** -e ******** -e ******** -e ******** -e ******** -e ******** -e ******** -e ******** -e ******** -e ******** -e ******** -e ******** -e ******** -e ******** -e ******** -e ******** -e ******** -e ******** -e ******** -e ******** python:3.8-slim-buster cat
$ docker top 1fa9b400e52041bd3bfd197417d9d1d4d05dc87e019b59d31096f908225d07fb -eo pid,comm
[8mha:////4C25YT8ONKv2f4n/u+ADyGNQmZILodvYs7gl10665xEaAAAAqB+LCAAAAAAAAP9tjTEOwjAUQ3+LOrAycogUwYRQJ9aoCycITQhJo/9LkpJOnIircQcClZjwYNmWrPd8QRU8NOQ1swp7g6EzbHCjzokl8v3FUWKWzqwjDOQUa1VqSarjXFuKCmYVJSw4LBV2joJBHWHFrbiL2gnU9Sn6vB04lEbe4AEFz+QofPyWycP6OspA+OP8BcA0RCi3+2y7zedZvQH4j6CMwgAAAA==[0m[Pipeline] {
[8mha:////4KyP0fqL/CbZ+cPZ4ObTaFLqXjlaVFUIDx4n8MgOOyjCAAAAox+LCAAAAAAAAP9tjTEOwjAQBC9BFLSUPOICokRUaS03vMDExjix7oztkFS8iK/xBwKRqNhitbPNPF+wTBGOHC22hjpHqXEYfG+nhQPH7uJ5wJbP2DAl9galGSRrU88oORuYU5SwELAy1HhOjmyGtWjVXVVeka1OOU7fQUDp9A0eUIjJnFXMXxgjbK69Tkw/z18BjCFDud9+ahfewYmQ+b4AAAA=[0m[Pipeline] sh
+ pip install poetry
Collecting poetry
  Using cached poetry-1.1.12-py2.py3-none-any.whl (175 kB)
Collecting pkginfo<2.0,>=1.4
  Using cached pkginfo-1.8.2-py2.py3-none-any.whl (26 kB)
Collecting clikit<0.7.0,>=0.6.2
  Using cached clikit-0.6.2-py2.py3-none-any.whl (91 kB)
Collecting html5lib<2.0,>=1.0
  Using cached html5lib-1.1-py2.py3-none-any.whl (112 kB)
Collecting pexpect<5.0.0,>=4.7.0
  Using cached pexpect-4.8.0-py2.py3-none-any.whl (59 kB)
Collecting virtualenv<21.0.0,>=20.0.26
  Using cached virtualenv-20.13.0-py2.py3-none-any.whl (6.5 MB)
Collecting packaging<21.0,>=20.4
  Using cached packaging-20.9-py2.py3-none-any.whl (40 kB)
Collecting shellingham<2.0,>=1.1
  Using cached shellingham-1.4.0-py2.py3-none-any.whl (9.4 kB)
Collecting requests<3.0,>=2.18
  Using cached requests-2.27.1-py2.py3-none-any.whl (63 kB)
Collecting crashtest<0.4.0,>=0.3.0
  Using cached crashtest-0.3.1-py3-none-any.whl (7.0 kB)
Collecting cachy<0.4.0,>=0.3.0
  Using cached cachy-0.3.0-py2.py3-none-any.whl (20 kB)
Collecting cachecontrol[filecache]<0.13.0,>=0.12.9
  Using cached CacheControl-0.12.10-py2.py3-none-any.whl (20 kB)
Collecting keyring<22.0.0,>=21.2.0
  Using cached keyring-21.8.0-py3-none-any.whl (32 kB)
Collecting requests-toolbelt<0.10.0,>=0.9.1
  Using cached requests_toolbelt-0.9.1-py2.py3-none-any.whl (54 kB)
Collecting cleo<0.9.0,>=0.8.1
  Using cached cleo-0.8.1-py2.py3-none-any.whl (21 kB)
Collecting poetry-core<1.1.0,>=1.0.7
  Using cached poetry_core-1.0.7-py2.py3-none-any.whl (424 kB)
Collecting tomlkit<1.0.0,>=0.7.0
  Using cached tomlkit-0.8.0-py3-none-any.whl (33 kB)
Collecting msgpack>=0.5.2
  Using cached msgpack-1.0.3-cp38-cp38-manylinux_2_17_x86_64.manylinux2014_x86_64.whl (322 kB)
Collecting lockfile>=0.9
  Using cached lockfile-0.12.2-py2.py3-none-any.whl (13 kB)
Collecting pastel<0.3.0,>=0.2.0
  Using cached pastel-0.2.1-py2.py3-none-any.whl (6.0 kB)
Collecting pylev<2.0,>=1.3
  Using cached pylev-1.4.0-py2.py3-none-any.whl (6.1 kB)
Collecting webencodings
  Using cached webencodings-0.5.1-py2.py3-none-any.whl (11 kB)
Collecting six>=1.9
  Using cached six-1.16.0-py2.py3-none-any.whl (11 kB)
Collecting jeepney>=0.4.2
  Using cached jeepney-0.7.1-py3-none-any.whl (54 kB)
Collecting SecretStorage>=3.2
  Using cached SecretStorage-3.3.1-py3-none-any.whl (15 kB)
Collecting pyparsing>=2.0.2
  Using cached pyparsing-3.0.6-py3-none-any.whl (97 kB)
Collecting ptyprocess>=0.5
  Using cached ptyprocess-0.7.0-py2.py3-none-any.whl (13 kB)
Collecting urllib3<1.27,>=1.21.1
  Using cached urllib3-1.26.7-py2.py3-none-any.whl (138 kB)
Collecting charset-normalizer~=2.0.0
  Using cached charset_normalizer-2.0.10-py3-none-any.whl (39 kB)
Collecting certifi>=2017.4.17
  Using cached certifi-2021.10.8-py2.py3-none-any.whl (149 kB)
Collecting idna<4,>=2.5
  Using cached idna-3.3-py3-none-any.whl (61 kB)
Collecting cryptography>=2.0
  Using cached cryptography-36.0.1-cp36-abi3-manylinux_2_24_x86_64.whl (3.6 MB)
Collecting cffi>=1.12
  Using cached cffi-1.15.0-cp38-cp38-manylinux_2_12_x86_64.manylinux2010_x86_64.whl (446 kB)
Collecting pycparser
  Using cached pycparser-2.21-py2.py3-none-any.whl (118 kB)
Collecting filelock<4,>=3.2
  Using cached filelock-3.4.2-py3-none-any.whl (9.9 kB)
Collecting platformdirs<3,>=2
  Using cached platformdirs-2.4.1-py3-none-any.whl (14 kB)
Collecting distlib<1,>=0.3.1
  Using cached distlib-0.3.4-py2.py3-none-any.whl (461 kB)
Installing collected packages: pycparser, urllib3, idna, charset-normalizer, cffi, certifi, requests, pylev, pastel, msgpack, jeepney, cryptography, crashtest, webencodings, six, SecretStorage, pyparsing, ptyprocess, platformdirs, lockfile, filelock, distlib, clikit, cachecontrol, virtualenv, tomlkit, shellingham, requests-toolbelt, poetry-core, pkginfo, pexpect, packaging, keyring, html5lib, cleo, cachy, poetry
Successfully installed SecretStorage-3.3.1 cachecontrol-0.12.10 cachy-0.3.0 certifi-2021.10.8 cffi-1.15.0 charset-normalizer-2.0.10 cleo-0.8.1 clikit-0.6.2 crashtest-0.3.1 cryptography-36.0.1 distlib-0.3.4 filelock-3.4.2 html5lib-1.1 idna-3.3 jeepney-0.7.1 keyring-21.8.0 lockfile-0.12.2 msgpack-1.0.3 packaging-20.9 pastel-0.2.1 pexpect-4.8.0 pkginfo-1.8.2 platformdirs-2.4.1 poetry-1.1.12 poetry-core-1.0.7 ptyprocess-0.7.0 pycparser-2.21 pylev-1.4.0 pyparsing-3.0.6 requests-2.27.1 requests-toolbelt-0.9.1 shellingham-1.4.0 six-1.16.0 tomlkit-0.8.0 urllib3-1.26.7 virtualenv-20.13.0 webencodings-0.5.1
WARNING: Running pip as the 'root' user can result in broken permissions and conflicting behaviour with the system package manager. It is recommended to use a virtual environment instead: https://pip.pypa.io/warnings/venv
WARNING: You are using pip version 21.2.4; however, version 21.3.1 is available.
You should consider upgrading via the '/usr/local/bin/python -m pip install --upgrade pip' command.
[8mha:////4Ej3+q7kQbF9c9EopZCvU137BtGIwEN6T61FH8GuFH3mAAAAox+LCAAAAAAAAP9tjTEOwjAQBC9BFLSUPOKCoERUaS03vMDExjix7oztkFS8iK/xBwKRqNhitbPNPF+wTBGOHC22hjpHqXEYfG+nhQPH7uJ5wJbP2DAl9galGSRrU88oORuYU5SwELAy1HhOjmyGtWjVXVVeka1OOU7fQUDp9A0eUIjJnFXMXxgjbK69Tkw/z18BjCFDud9+ahfeAtq90r4AAAA=[0m[Pipeline] sh
+ poetry install
Installing dependencies from lock file

No dependencies to install or update
[8mha:////4G0U07rx1OmMdbNDgq0ntiEilKqQk6tVHI5CjRbmzjlNAAAAox+LCAAAAAAAAP9tjTEOwjAQBC9BFLSUPOKClBJR0VppeIFJjLFj3Tm2g1PxIr7GHwhEomKL1c4283zBOgY4ctBoFfWGYmvQu1HPCzOH/uo4o+ULtkyRncJG5YY7dVqw4aRgSVHCSsBGUes4GtIJtsLKu6ycJF2dU5i/g4DSdAM8oBCzOcmQvjAF2N3GLjL9PH8FMPkEZb3/VO3fQ+umy74AAAA=[0m[Pipeline] sh
+ poetry run pytest
============================= test session starts ==============================
platform linux -- Python 3.8.12, pytest-5.4.3, py-1.9.0, pluggy-0.13.1
rootdir: /var/jenkins_home/workspace/CICD-pipeline
collected 7 items

tests/test_dummy2.py ..                                                  [ 28%]
tests/test_server.py .....                                               [100%]

============================== 7 passed in 0.27s ===============================
[8mha:////4DhJabb13LlfXYQrmozANKowtcbxJERY0EwPNOQMZXL6AAAApB+LCAAAAAAAAP9tjTEOwjAQBC9BFLSUPOKCBB2iSmu54QUmNsaJdWdsh6TiRXyNPxCIRMUWq51t5vmCZYpw5GixNdQ5So3D4Hs7LRw4dhfPA7Z8xoYpsTcozSBZm3pGydnAnKKEhYCVocZzcmQzrEWr7qryimx1ynH6DgJKp2/wgEJM5qxi/sIYYXPtdWL6ef4KYAwhQ7nbf2r7BgSW0ii+AAAA[0m[Pipeline] }
$ docker stop --time=1 1fa9b400e52041bd3bfd197417d9d1d4d05dc87e019b59d31096f908225d07fb
$ docker rm -f 1fa9b400e52041bd3bfd197417d9d1d4d05dc87e019b59d31096f908225d07fb
[8mha:////4KFpFTH8RwkDI8tBAfjkm65H8ATBukfk/94XiGnmBbWiAAAAph+LCAAAAAAAAP9tjTEOwjAQBC9BFLSUPOIigSgQSkVrueEFJjHGiXUXbAen4kV8jT9gEYmKLVY728zrDcvgoWZvsNPUWwqNxcGNJi9M7Pur44QdX7BhCuw0Sp0kt/o0o+SoYU5RwkLASlPjOFgyEdaiUw9VOUWmOkefv6OA0rZ3eEIhsjkqH78wedjcxjYw/Tx/BTANQ4Ryt8+1PXwARMxJg74AAAA=[0m[Pipeline] // withDockerContainer
[8mha:////4AD6CljGcDgnuhuVRzCuZv7I72w1i7GM3MIP+BAsNopYAAAApR+LCAAAAAAAAP9tjTEOwjAQBC9BFLSUPOIigZQGUaW10vACExvjxLoztkNS8SK+xh+wiETFFqudbeb1hnUMcOJgsNc0WIqdRe9GkxdOHIar4wl7vmDHFNlpbPXUstLNgi0nDUuKElYCNpo6x9GSSbAVvXzIykky1TmF/B0FlFbd4QmFyOYkQ/rCHGB3G1Vk+nn+CmD2PkF5qHPt6w97o2KVvgAAAA==[0m[Pipeline] }
[8mha:////4LSUDnqVfIBhuAStQDvGtd5BSvJLomu8LcX4hkZERoDQAAAAph+LCAAAAAAAAP9tjTEOwjAQBC9BFLSUPOIigRAFSkVrueEFJjHGiXUXbAen4kV8jT9gEYmKLVY728zrDcvgoWZvsNPUWwqNxcGNJi9M7Pur44QdX7BhCuw0Sp0kt/o0o+SoYU5RwkLASlPjOFgyEdaiUw9VOUWmOkefv6OA0rZ3eEIhsjkqH78wedjcxjYw/Tx/BTANQ4Ryd8i13X8AZCE3x74AAAA=[0m[Pipeline] // withEnv
[8mha:////4O6RsV4M0sXUubaWZnEiR57jmx+elAKtVbOWF3fbNn4ZAAAApR+LCAAAAAAAAP9tjTEOwjAQBC9BFLSUPMKRSIOEqNJaaXiBiQ/jxLoztkNS8SK+xh+wiETFFqudbeb1hnUMcOJgRI80WIqdFd6NJi8xcRiujifR80V0TJEdihanljU2C7acEJYUJawkbJA6x9GSSbCVvXqoyiky1TmF/B0llFbf4QmFzOakQvrCHGB3G3Vk+nn+CmD2PkFZH3Lt6w+ENgLfvgAAAA==[0m[Pipeline] }
[8mha:////4P+JTR8jWqherR793LpGemJ5W2CdMinvnTeYGp+Zh5isAAAApR+LCAAAAAAAAP9tjTEOwjAQBC9BFLSUPOIihQohqrRWGl5gYmOcWHfGdkgqXsTX+AMWkajYYrWzzbzesI4BThwM9poGS7Gz6N1o8sKJw3B1PGHPF+yYIjuNrZ5aVrpZsOWkYUlRwkrARlPnOFoyCbailw9ZOUmmOqeQv6OA0qo7PKEQ2ZxkSF+YA+xuo4pMP89fAczeJyj3h1x1/QG31VljvgAAAA==[0m[Pipeline] // node
[8mha:////4DpR3TLIqU+s+pQsNc2OSe+QtLG8YlYKzoaU7/AD4Ve/AAAApB+LCAAAAAAAAP9tjTEOwjAQBC9BFLSUPOICiA6lorXc8AKTGOPEugu2g1PxIr7GH7CIRMUWq51t5vWGZfBQszfYaeothcbi4EaTFyb2/dVxwo4v2DAFdhqlTpJbfZpRctQwpyhhIWClqXEcLJkIa9Gph6qcIlOdo8/fUUBp2zs8oRDZHJWPX5g8bG5jG5h+nr8CmIYhQnnY5trvPkvr+Bi+AAAA[0m[Pipeline] }
[8mha:////4KkkXciBkqvCj3iFFNf1SZvc/6DDh9f7loxDUi+1607oAAAApB+LCAAAAAAAAP9tjTEOwjAQBC9BFLSUPOICiA6lorXc8AKTGOPEugu2g1PxIr7GH7CIRMUWq51t5vWGZfBQszfYaeothcbi4EaTFyb2/dVxwo4v2DAFdhqlTpJbfZpRctQwpyhhIWClqXEcLJkIa9Gph6qcIlOdo8/fUUBp2zs8oRDZHJWPX5g8bG5jG5h+nr8CmIYhQnnY5dpvP3gIo6S+AAAA[0m[Pipeline] // stage
[8mha:////4AAtR018ATGIga9Qm+Bs0KSPJAcWM/xx2ZE2jqt6dwH+AAAAph+LCAAAAAAAAP9tjTEOwjAQBM9BKWgpeYQjoXSIitZywwtMYowT6y7YF5KKF/E1/oAhEhVb7ay0mucLyhThQNHJzmLvMTVeDmF0ucmJYn8JNMmOzrIhTBSs1HbS1NrjgprYwhJRwErB2mITKHl0DBvVmbupgkFXnTjmba+g8O0NHiBUNrOJ/IU5wvY6tonw5/krgHlgEDVDUe8+x/INGmraTsEAAAA=[0m[Pipeline] stage
[8mha:////4LP5r8/58tnxad36FRHa86/B5pxGuzRqmkIFKejpryQKAAAApx+LCAAAAAAAAP9tjTEOwjAUQ3+LOrAycohUAjbE1DXKwglCE0La6P/yk9JOnIircQdaKjHhwbItWe/1hiIynIidaCy2HmPtRRd6NyUxELfXQINo6CJqwkjBCmUHRcZWS1WULCzKclhJWFusA0WPLsFGNvqhy6DRlefE03aUkHtzhydkciInzelbRobtrTeR8Mf5C4CxS5AfdrPt52fxAXzhjwPCAAAA[0m[Pipeline] { (Build)
[8mha:////4JKEJDtmjoCEkr/geLijiZ2/5dbVNHRhIyzrF6tbMDgAAAAAph+LCAAAAAAAAP9tjTEOwjAUQ3+DOrAycoh0oBtiYo26cILQhJA0+r9NUtKJE3E17kBLJSY8WLYl673eUMYAJwqGO42dxdha3vvRzIlnCt3NU+aOrrwljOQ1b3RuSOnzWhtKGlYVDDYCthpbT9GiSbATTj5k5SWa6pLCvB0FMKsGeEIhZnKSIX3LFGB/H1Uk/HH+AmDqE7D6sFi9PMsPBA4E38IAAAA=[0m[Pipeline] node
Running on [8mha:////4GcGUJYILzcXDUILh5IX5PSxj+2hDQ3DlKcvAXQn/vDZAAAAph+LCAAAAAAAAP9b85aBtbiIQTGjNKU4P08vOT+vOD8nVc83PyU1x6OyILUoJzMv2y+/JJUBAhiZGBgqihhk0NSjKDWzXb3RdlLBUSYGJk8GtpzUvPSSDB8G5tKinBIGIZ+sxLJE/ZzEvHT94JKizLx0a6BxUmjGOUNodHsLgAzeEgYp/eT83ILSktQi/azUvOzMvGJVI5fE9NS8En0A4Zrl388AAAA=[0mjenkins-agent in /jenkins-agent/workspace/CICD-pipeline
[8mha:////4H91oZ5ojkYcqrxyfB/2M4uSTr63XukuIaoKaCjTZDlqAAAAph+LCAAAAAAAAP9tjTEOwjAUQ3+LOrAycoh0KRNiYo2ycILQhJA0+r9NUtKJE3E17kBLJSY8WLYl673eUMUAJwqGOY2dxdha1vvRzIllCt3NU2aOrqwljOQ1EzoLUvq8VkFJw6qihA2HrcbWU7RoEuy4kw9Ze4mmvqQwb0cOpVUDPKHgMznJkL5lCrC/jyoS/jh/ATD1CcqmWeywPKsPIshjPcIAAAA=[0m[Pipeline] {
[8mha:////4D0EUArGF3o3vybe9mVyrwBcL6lA+jBtQ2EJv/BeWXYcAAAApB+LCAAAAAAAAP9tjTEOwjAQBC9BFLSUPOLSAA2iSmu54QUmNsaJdWdsh6TiRXyNPxCIRMUWq51t5vmCZYpw5GixNdQ5So3D4Hs7LRw4dhfPA7Z8xoYpsTcozSBZm3pGydnAnKKEhYCVocZzcmQzrEWr7qryimx1ynH6DgJKp2/wgEJM5qxi/sIYYXPtdWL6ef4KYAwZyu3uU/vwBj0vY+u+AAAA[0m[Pipeline] checkout
Selected Git installation does not exist. Using Default
The recommended git tool is: NONE
using credential cc06d1e1-44a5-4361-9e9c-eadedc84103a
Fetching changes from the remote Git repository
Checking out Revision 305e1f9752108c3db6d8bc5c2123635a66ad9e21 (refs/remotes/origin/develop)
Commit message: "asds"
[8mha:////4K9dibUACI+8x+m1EL/rOTRvxgt0aFZC9TB8O4R5wWLzAAAApx+LCAAAAAAAAP9tjTEOwjAUQ3+LOrAycoh0ATEgpq5RFk4QmhDSRv+Xn5R24kRcjTvQUokJD5ZtyXqvNxSR4UTsRGOx9RhrL7rQuymJgbi9BhpEQxdRE0YKVig7KDK2WqqiZGFRlsNKwtpiHSh6dAk2stEPXQaNrjwnnrajhNybOzwhkxM5aU7fMjJsb72JhD/OXwCMXYJ8t5/tMD+LD+m2JbHCAAAA[0m[Pipeline] withEnv
[8mha:////4LaDUU3dNvuE0p6JR0WrWLXH654VyGcF61/u3uBeD4FYAAAAqB+LCAAAAAAAAP9tjTEOwjAUQ3+LOrAycoh0QQIJMXWNsnCC0ISQNvq//KS0EyfiatyBlkpMeLBsS9Z7vaGIDCdiJxqLrcdYe9GF3k1JDMTtNdAgGrqImjBSsELZQZGx1VIVJQuLshxWEtYW60DRo0uwkY1+6DJodOU58bQdJeTe3OEJmZzISXP6lpFhe+tNJPxx/gJg7BLku/1sh/lZfAD9vR8YwgAAAA==[0m[Pipeline] {
[8mha:////4O/SgGzULAhKb7cAF96afsczpuZ40euAi7SnnPHcPbXXAAAApx+LCAAAAAAAAP9tjTEOwjAUQ3+LOrAycoh0YQAhpq5RFk4QmhDSRv+Xn5R24kRcjTvQUokJD5ZtyXqvNxSR4UTsRGOx9RhrL7rQuymJgbi9BhpEQxdRE0YKVig7KDK2WqqiZGFRlsNKwtpiHSh6dAk2stEPXQaNrjwnnrajhNybOzwhkxM5aU7fMjJsb72JhD/OXwCMXYJ8t5/tMD+LD56au0DCAAAA[0m[Pipeline] withEnv
[8mha:////4IYfepm4ow6ekc55g1m4VlNqhgFVCGWdmfo3B4r82jT/AAAAqB+LCAAAAAAAAP9tjTEOwjAUQ3+LOrAycoiUAQaEOrFGXThBaEJIGv1fkpR04kRcjTsQqMSEB8u2ZL3nC6rgoSGvmVXYGwydYYMbdU4ske8vjhKzdGYdYSCnWKtSS1Id59pSVDCrKGHBYamwcxQM6ggrbsVd1E6grk/R5+3AoTTyBg8oeCZH4eO3TB7W11EGwh/nLwCmIUK53WfbbT7P6g0iH00AwgAAAA==[0m[Pipeline] {
[8mha:////4NIH6HtqCyepW3S/+aEJhWnwV1vZDTpwfkU/0o/jQRq2AAAApx+LCAAAAAAAAP9tjTEOwjAUQ3+LOrAycogUBibE1DXKwglCE0La6P/yk9JOnIircQdaKjHhwbItWe/1hiIynIidaCy2HmPtRRd6NyUxELfXQINo6CJqwkjBCmUHRcZWS1WULCzKclhJWFusA0WPLsFGNvqhy6DRlefE03aUkHtzhydkciInzelbRobtrTeR8Mf5C4CxS5AfdrPt52fxAW2++SvCAAAA[0m[Pipeline] script
[8mha:////4JBPBxrBbES2zA5+bm4WWEQtstsZpTXGscth3igFEam1AAAApx+LCAAAAAAAAP9tjTEOwjAUQ3+LOrAycohUIDEhpq5RFk4QmhDSRv+Xn5R24kRcjTvQUokJD5ZtyXqvNxSR4UTsRGOx9RhrL7rQuymJgbi9BhpEQxdRE0YKVig7KDK2WqqiZGFRlsNKwtpiHSh6dAk2stEPXQaNrjwnnrajhNybOzwhkxM5aU7fMjJsb72JhD/OXwCMXYL8sJttPz+LDwMT42zCAAAA[0m[Pipeline] {
[8mha:////4IRGSTC4+Xbg+b9ouzOaLhYgYF6dADb8Wb7scWSuEYU8AAAApx+LCAAAAAAAAP9tjTEOwjAUQ3+LOrAycohUAjEhpq5RFk4QmhDSRv+Xn5R24kRcjTvQUokJD5ZtyXqvNxSR4UTsRGOx9RhrL7rQuymJgbi9BhpEQxdRE0YKVig7KDK2WqqiZGFRlsNKwtpiHSh6dAk2stEPXQaNrjwnnrajhNybOzwhkxM5aU7fMjJsb72JhD/OXwCMXYL8sJttPz+LD6emXT7CAAAA[0m[Pipeline] withEnv
[8mha:////4LAakj2jGvY77utcr2cSAO7X/X799RbJgVYEvCAMegKrAAAApx+LCAAAAAAAAP9tjTEOwjAUQ3+LOrAycoh0ACbE1DXKwglCE0La6P/yk9JOnIircQdaKjHhwbItWe/1hiIynIidaCy2HmPtRRd6NyUxELfXQINo6CJqwkjBCmUHRcZWS1WULCzKclhJWFusA0WPLsFGNvqhy6DRlefE03aUkHtzhydkciInzelbRobtrTeR8Mf5C4CxS5AfdrPt52fxAd9J1uLCAAAA[0m[Pipeline] {
[8mha:////4PDpdKNPs7qAAtJe63kByMs0reiE/ZDkEHtY9/uOmbZJAAAAph+LCAAAAAAAAP9tjTEOwjAUQ3+DOrAycoh0oRNiYo26cILQhJA0+r9NUtKJE3E17kBLJSY8WLYl673eUMYAJwqGO42dxdha3vvRzIlnCt3NU+aOrrwljOQ1b3RuSOnzWhtKGlYVDDYCthpbT9GiSbATTj5k5SWa6pLCvB0FMKsGeEIhZnKSIX3LFGB/H1Uk/HH+AmDqE7D6sFi9PMsP+Y+xAMIAAAA=[0m[Pipeline] withDockerRegistry
Using the existing docker config file.Removing blacklisted property: auths$ docker login -u admin -p ******** http://34.150.85.230:5000
 > git rev-parse --resolve-git-dir /jenkins-agent/workspace/CICD-pipeline/.git # timeout=10
 > git config remote.origin.url https://github.com/nghiattr/flask-docker.git # timeout=10
Fetching upstream changes from https://github.com/nghiattr/flask-docker.git
 > git --version # timeout=10
 > git --version # 'git version 2.25.1'
using GIT_ASKPASS to set credentials github-acc-nghiattr
 > git fetch --tags --force --progress -- https://github.com/nghiattr/flask-docker.git +refs/heads/*:refs/remotes/origin/* # timeout=10
 > git rev-parse refs/remotes/origin/develop^{commit} # timeout=10
 > git config core.sparsecheckout # timeout=10
 > git checkout -f 305e1f9752108c3db6d8bc5c2123635a66ad9e21 # timeout=10
WARNING! Using --password via the CLI is insecure. Use --password-stdin.
WARNING! Your password will be stored unencrypted in /jenkins-agent/workspace/CICD-pipeline@tmp/4d3bda6f-8efd-4cc1-8b73-33f6509a2736/config.json.
Configure a credential helper to remove this warning. See
https://docs.docker.com/engine/reference/commandline/login/#credentials-store

Login Succeeded
[8mha:////4P8J9E9UutAfwHkSqq3XEjOkUjNap8hTEqkjTqr+6B69AAAAph+LCAAAAAAAAP9tjTEOwjAUQ3+LOrAycoh0KgtiYo2ycILQhJA0+r9NUtKJE3E17kBLJSY8WLYl673eUMUAJwqGOY2dxdha1vvRzIllCt3NU2aOrqwljOQ1EzoLUvq8VkFJw6qihA2HrcbWU7RoEuy4kw9Ze4mmvqQwb0cOpVUDPKHgMznJkL5lCrC/jyoS/jh/ATD1CcqmWeywPKsPlyKrR8IAAAA=[0m[Pipeline] {
[8mha:////4Hl+HRUvsPl5749LRorS5nCuKCfM2GlrWp19wWUsQ08bAAAApB+LCAAAAAAAAP9tjTEOwjAQBC9BFLSUPOJSAQWiSmu54QUmNsaJdWdsh6TiRXyNPxCIRMUWq51t5vmCZYpw5GixNdQ5So3D4Hs7LRw4dhfPA7Z8xoYpsTcozSBZm3pGydnAnKKEhYCVocZzcmQzrEWr7qryimx1ynH6DgJKp2/wgEJM5qxi/sIYYXPtdWL6ef4KYAwZyu3uU/vwBkhu+A6+AAAA[0m[Pipeline] sh
+ docker build -t flask-docker:develop-305e1f9 .
Sending build context to Docker daemon  3.487MB
Step 1/7 : FROM python:3.8-slim-buster
 ---> 5cc8cb0c433a
Step 2/7 : RUN pip install poetry
 ---> Running in 19a381f08a09
Collecting poetry
  Downloading poetry-1.1.12-py2.py3-none-any.whl (175 kB)
Collecting pkginfo<2.0,>=1.4
  Downloading pkginfo-1.8.2-py2.py3-none-any.whl (26 kB)
Collecting requests<3.0,>=2.18
  Downloading requests-2.27.1-py2.py3-none-any.whl (63 kB)
Collecting html5lib<2.0,>=1.0
  Downloading html5lib-1.1-py2.py3-none-any.whl (112 kB)
Collecting cleo<0.9.0,>=0.8.1
  Downloading cleo-0.8.1-py2.py3-none-any.whl (21 kB)
Collecting crashtest<0.4.0,>=0.3.0
  Downloading crashtest-0.3.1-py3-none-any.whl (7.0 kB)
Collecting cachy<0.4.0,>=0.3.0
  Downloading cachy-0.3.0-py2.py3-none-any.whl (20 kB)
Collecting keyring<22.0.0,>=21.2.0
  Downloading keyring-21.8.0-py3-none-any.whl (32 kB)
Collecting pexpect<5.0.0,>=4.7.0
  Downloading pexpect-4.8.0-py2.py3-none-any.whl (59 kB)
Collecting packaging<21.0,>=20.4
  Downloading packaging-20.9-py2.py3-none-any.whl (40 kB)
Collecting poetry-core<1.1.0,>=1.0.7
  Downloading poetry_core-1.0.7-py2.py3-none-any.whl (424 kB)
Collecting clikit<0.7.0,>=0.6.2
  Downloading clikit-0.6.2-py2.py3-none-any.whl (91 kB)
Collecting tomlkit<1.0.0,>=0.7.0
  Downloading tomlkit-0.8.0-py3-none-any.whl (33 kB)
Collecting requests-toolbelt<0.10.0,>=0.9.1
  Downloading requests_toolbelt-0.9.1-py2.py3-none-any.whl (54 kB)
Collecting shellingham<2.0,>=1.1
  Downloading shellingham-1.4.0-py2.py3-none-any.whl (9.4 kB)
Collecting virtualenv<21.0.0,>=20.0.26
  Downloading virtualenv-20.13.0-py2.py3-none-any.whl (6.5 MB)
Collecting cachecontrol[filecache]<0.13.0,>=0.12.9
  Downloading CacheControl-0.12.10-py2.py3-none-any.whl (20 kB)
Collecting msgpack>=0.5.2
  Downloading msgpack-1.0.3-cp38-cp38-manylinux_2_17_x86_64.manylinux2014_x86_64.whl (322 kB)
Collecting lockfile>=0.9
  Downloading lockfile-0.12.2-py2.py3-none-any.whl (13 kB)
Collecting pastel<0.3.0,>=0.2.0
  Downloading pastel-0.2.1-py2.py3-none-any.whl (6.0 kB)
Collecting pylev<2.0,>=1.3
  Downloading pylev-1.4.0-py2.py3-none-any.whl (6.1 kB)
Collecting six>=1.9
  Downloading six-1.16.0-py2.py3-none-any.whl (11 kB)
Collecting webencodings
  Downloading webencodings-0.5.1-py2.py3-none-any.whl (11 kB)
Collecting jeepney>=0.4.2
  Downloading jeepney-0.7.1-py3-none-any.whl (54 kB)
Collecting SecretStorage>=3.2
  Downloading SecretStorage-3.3.1-py3-none-any.whl (15 kB)
Collecting pyparsing>=2.0.2
  Downloading pyparsing-3.0.6-py3-none-any.whl (97 kB)
Collecting ptyprocess>=0.5
  Downloading ptyprocess-0.7.0-py2.py3-none-any.whl (13 kB)
Collecting idna<4,>=2.5
  Downloading idna-3.3-py3-none-any.whl (61 kB)
Collecting certifi>=2017.4.17
  Downloading certifi-2021.10.8-py2.py3-none-any.whl (149 kB)
Collecting urllib3<1.27,>=1.21.1
  Downloading urllib3-1.26.7-py2.py3-none-any.whl (138 kB)
Collecting charset-normalizer~=2.0.0
  Downloading charset_normalizer-2.0.10-py3-none-any.whl (39 kB)
Collecting cryptography>=2.0
  Downloading cryptography-36.0.1-cp36-abi3-manylinux_2_24_x86_64.whl (3.6 MB)
Collecting cffi>=1.12
  Downloading cffi-1.15.0-cp38-cp38-manylinux_2_12_x86_64.manylinux2010_x86_64.whl (446 kB)
Collecting pycparser
  Downloading pycparser-2.21-py2.py3-none-any.whl (118 kB)
Collecting platformdirs<3,>=2
  Downloading platformdirs-2.4.1-py3-none-any.whl (14 kB)
Collecting distlib<1,>=0.3.1
  Downloading distlib-0.3.4-py2.py3-none-any.whl (461 kB)
Collecting filelock<4,>=3.2
  Downloading filelock-3.4.2-py3-none-any.whl (9.9 kB)
Installing collected packages: pycparser, urllib3, idna, charset-normalizer, cffi, certifi, requests, pylev, pastel, msgpack, jeepney, cryptography, crashtest, webencodings, six, SecretStorage, pyparsing, ptyprocess, platformdirs, lockfile, filelock, distlib, clikit, cachecontrol, virtualenv, tomlkit, shellingham, requests-toolbelt, poetry-core, pkginfo, pexpect, packaging, keyring, html5lib, cleo, cachy, poetry
Successfully installed SecretStorage-3.3.1 cachecontrol-0.12.10 cachy-0.3.0 certifi-2021.10.8 cffi-1.15.0 charset-normalizer-2.0.10 cleo-0.8.1 clikit-0.6.2 crashtest-0.3.1 cryptography-36.0.1 distlib-0.3.4 filelock-3.4.2 html5lib-1.1 idna-3.3 jeepney-0.7.1 keyring-21.8.0 lockfile-0.12.2 msgpack-1.0.3 packaging-20.9 pastel-0.2.1 pexpect-4.8.0 pkginfo-1.8.2 platformdirs-2.4.1 poetry-1.1.12 poetry-core-1.0.7 ptyprocess-0.7.0 pycparser-2.21 pylev-1.4.0 pyparsing-3.0.6 requests-2.27.1 requests-toolbelt-0.9.1 shellingham-1.4.0 six-1.16.0 tomlkit-0.8.0 urllib3-1.26.7 virtualenv-20.13.0 webencodings-0.5.1
[91mWARNING: Running pip as the 'root' user can result in broken permissions and conflicting behaviour with the system package manager. It is recommended to use a virtual environment instead: https://pip.pypa.io/warnings/venv
[0m[91mWARNING: You are using pip version 21.2.4; however, version 21.3.1 is available.
You should consider upgrading via the '/usr/local/bin/python -m pip install --upgrade pip' command.
[0mRemoving intermediate container 19a381f08a09
 ---> 4d903440b19b
Step 3/7 : WORKDIR /app
 ---> Running in 09bbea37999d
Removing intermediate container 09bbea37999d
 ---> 2745bca85f9f
Step 4/7 : COPY ./ /app
 ---> 4c6cc234819a
Step 5/7 : RUN poetry install
 ---> Running in 16d180c1dabe
Creating virtualenv flask-docker-9TtSrW0h-py3.8 in /root/.cache/pypoetry/virtualenvs
Installing dependencies from lock file

Package operations: 16 installs, 0 updates, 0 removals

  â¢ Installing markupsafe (1.1.1)
  â¢ Installing pyparsing (2.4.7)
  â¢ Installing six (1.15.0)
  â¢ Installing attrs (19.3.0)
  â¢ Installing click (7.1.2)
  â¢ Installing itsdangerous (1.1.0)
  â¢ Installing jinja2 (2.11.2)
  â¢ Installing more-itertools (8.4.0)
  â¢ Installing packaging (20.4)
  â¢ Installing pluggy (0.13.1)
  â¢ Installing py (1.9.0)
  â¢ Installing wcwidth (0.2.5)
  â¢ Installing werkzeug (1.0.1)
  â¢ Installing flask (1.1.2)
  â¢ Installing gunicorn (20.0.4)
  â¢ Installing pytest (5.4.3)
Removing intermediate container 16d180c1dabe
 ---> 2768b2a8511f
Step 6/7 : ENTRYPOINT ["poetry","run"]
 ---> Running in 4da6f2a785ad
Removing intermediate container 4da6f2a785ad
 ---> 5b5d9347c352
Step 7/7 : CMD ["gunicorn","-b","0.0.0.0:5000", "server:app"]
 ---> Running in 9f244992f710
Removing intermediate container 9f244992f710
 ---> afb99f168a02
Successfully built afb99f168a02
Successfully tagged flask-docker:develop-305e1f9
[8mha:////4BpNnYZ/NpOl9tJfmDB7aW+DeLvzXw/mEKIJpSnug9jLAAAApB+LCAAAAAAAAP9tjTEOwjAQBC9BFLSUPOJSgZAQVVrLDS8wsTFOrDtjOyQVL+Jr/IFAJCq2WO1sM88XLFOEI0eLraHOUWocBt/baeHAsbt4HrDlMzZMib1BaQbJ2tQzSs4G5hQlLASsDDWekyObYS1adVeVV2SrU47TdxBQOn2DBxRiMmcV8xfGCJtrrxPTz/NXAGPIUG53n9qHN4dyYIm+AAAA[0m[Pipeline] sh
+ docker tag flask-docker:develop-305e1f9 flask-docker:latest
[8mha:////4IZP3UBDvyDNi9BwB+3zFiBpeDRWPipDj7PaoSPrj5WQAAAApB+LCAAAAAAAAP9tjTEOwjAQBC9BFLSUPOJSgYQQVVrLDS8wsTFOrDtjOyQVL+Jr/IFAJCq2WO1sM88XLFOEI0eLraHOUWocBt/baeHAsbt4HrDlMzZMib1BaQbJ2tQzSs4G5hQlLASsDDWekyObYS1adVeVV2SrU47TdxBQOn2DBxRiMmcV8xfGCJtrrxPTz/NXAGPIUG53n9qHN8ZDe5C+AAAA[0m[Pipeline] sh
+ grep flask-docker
+ docker image ls
flask-docker                    develop-305e1f9   afb99f168a02   1 second ago   202MB
flask-docker                    latest            afb99f168a02   1 second ago   202MB
[8mha:////4GafqXRGKptQGPBR3YZbJAdPcPKYW9Sl5z2iJs3bmIpVAAAApB+LCAAAAAAAAP9tjTEOwjAQBC9BFLSUPOJCQxpEldZKwwtMbIwT687YDknFi/gaf8AiEhVbrHa2mdcb1jHAiYPBXtNgKXYWvRtNXjhxGK6OJ+z5gh1TZKex1VPLSjcLtpw0LClKWAnYaOocR0smwVb08iErJ8lU5xTydxRQWnWHJxQim5MM6QtzgN1tVJHp5/krgNknKA91rnrvP9ZG/0O+AAAA[0m[Pipeline] sh
+ docker tag flask-docker 34.150.85.230:5000/flask-docker:develop-305e1f9
[8mha:////4MuipJ1n3XHlub3ALv7V5spdgL+um/IdigOgefVTDQEaAAAApR+LCAAAAAAAAP9tjTEOwjAQBC9BFLSUPOIiCtIgqrRWGl5gYmOcWHfGdkgqXsTX+AMWkajYYrWzzbzesI4BThwM9poGS7Gz6N1o8sKJw3B1PGHPF+yYIjuNrZ5aVrpZsOWkYUlRwkrARlPnOFoyCbailw9ZOUmmOqeQv6OA0qo7PKEQ2ZxkSF+YA+xuo4pMP89fAcw+QXmoc9V7/wGXd+RavgAAAA==[0m[Pipeline] sh
+ docker push 34.150.85.230:5000/flask-docker:develop-305e1f9
The push refers to repository [34.150.85.230:5000/flask-docker]
73ec4a8e8dc2: Preparing
8e5f4f714ed1: Preparing
410a041a8ce4: Preparing
a2bbf82cd49c: Preparing
c0c176f8b748: Preparing
527dab09f1a0: Preparing
f2404ba18ea9: Preparing
c42229255bc9: Preparing
ad6b69b54919: Preparing
527dab09f1a0: Waiting
f2404ba18ea9: Waiting
c42229255bc9: Waiting
ad6b69b54919: Waiting
c0c176f8b748: Layer already exists
527dab09f1a0: Layer already exists
f2404ba18ea9: Layer already exists
c42229255bc9: Layer already exists
410a041a8ce4: Pushed
ad6b69b54919: Layer already exists
8e5f4f714ed1: Pushed
73ec4a8e8dc2: Pushed
a2bbf82cd49c: Retrying in 5 seconds
a2bbf82cd49c: Retrying in 4 seconds
a2bbf82cd49c: Retrying in 3 seconds
a2bbf82cd49c: Retrying in 2 seconds
a2bbf82cd49c: Retrying in 1 second
a2bbf82cd49c: Retrying in 10 seconds
a2bbf82cd49c: Retrying in 9 seconds
a2bbf82cd49c: Retrying in 8 seconds
a2bbf82cd49c: Retrying in 7 seconds
a2bbf82cd49c: Retrying in 6 seconds
a2bbf82cd49c: Retrying in 5 seconds
a2bbf82cd49c: Retrying in 4 seconds
a2bbf82cd49c: Retrying in 3 seconds
a2bbf82cd49c: Retrying in 2 seconds
a2bbf82cd49c: Retrying in 1 second
a2bbf82cd49c: Retrying in 15 seconds
a2bbf82cd49c: Retrying in 14 seconds
a2bbf82cd49c: Retrying in 13 seconds
a2bbf82cd49c: Retrying in 12 seconds
a2bbf82cd49c: Retrying in 11 seconds
a2bbf82cd49c: Retrying in 10 seconds
a2bbf82cd49c: Retrying in 9 seconds
a2bbf82cd49c: Retrying in 8 seconds
a2bbf82cd49c: Retrying in 7 seconds
a2bbf82cd49c: Retrying in 6 seconds
a2bbf82cd49c: Retrying in 5 seconds
a2bbf82cd49c: Retrying in 4 seconds
a2bbf82cd49c: Retrying in 3 seconds
a2bbf82cd49c: Retrying in 2 seconds
a2bbf82cd49c: Retrying in 1 second
a2bbf82cd49c: Retrying in 20 seconds
a2bbf82cd49c: Retrying in 19 seconds
a2bbf82cd49c: Retrying in 18 seconds
a2bbf82cd49c: Retrying in 17 seconds
a2bbf82cd49c: Retrying in 16 seconds
a2bbf82cd49c: Retrying in 15 seconds
a2bbf82cd49c: Retrying in 14 seconds
a2bbf82cd49c: Retrying in 13 seconds
a2bbf82cd49c: Retrying in 12 seconds
a2bbf82cd49c: Retrying in 11 seconds
a2bbf82cd49c: Retrying in 10 seconds
a2bbf82cd49c: Retrying in 9 seconds
a2bbf82cd49c: Retrying in 8 seconds
a2bbf82cd49c: Retrying in 7 seconds
a2bbf82cd49c: Retrying in 6 seconds
a2bbf82cd49c: Retrying in 5 seconds
a2bbf82cd49c: Retrying in 4 seconds
a2bbf82cd49c: Retrying in 3 seconds
a2bbf82cd49c: Retrying in 2 seconds
a2bbf82cd49c: Retrying in 1 second
received unexpected HTTP status: 500 Server Error
[8mha:////4P4ecXLNRUBl09qq6lYBGxxc6T4x5KK/7F7k5DO+B/TTAAAApR+LCAAAAAAAAP9tjTEOwjAQBC9BFLSUPOIiIZEGUaW10vACExvjxLoztkNS8SK+xh+wiETFFqudbeb1hnUMcOJgsNc0WIqdRe9GkxdOHIar4wl7vmDHFNlpbPXUstLNgi0nDUuKElYCNpo6x9GSSbAVvXzIykky1TmF/B0FlFbd4QmFyOYkQ/rCHGB3G1Vk+nn+CmD2PkFZ73Md6g8NWIoTvgAAAA==[0m[Pipeline] }
[8mha:////4NtrpEM1gMzzQoBOlLR2AxUxvY2foio7cNOwZ36HJazPAAAApR+LCAAAAAAAAP9tjTEOwjAQBC9BFLSUPMIpUGgQVVorDS8w8WGcWHfGdkgqXsTX+AMWkajYYrWzzbzesI4BThyM6JEGS7GzwrvR5CUmDsPV8SR6voiOKbJD0eLUssZmwZYTwpKihJWEDVLnOFoyCbayVw9VOUWmOqeQv6OE0uo7PKGQ2ZxUSF+YA+xuo45MP89fAczeJygP+1x1/QES2t9BvgAAAA==[0m[Pipeline] // withDockerRegistry
[8mha:////4CcOcoTjsqGftZelNtmu0wbUCP3qEyDqTSilqINfW78CAAAApB+LCAAAAAAAAP9tjTEOwjAQBC9BFLSUPOLSBBpEldZKwwtMbIwT687YDknFi/gaf8AiEhVbrHa2mdcb1jHAiYPBXtNgKXYWvRtNXjhxGK6OJ+z5gh1TZKex1VPLSjcLtpw0LClKWAnYaOocR0smwVb08iErJ8lU5xTydxRQWnWHJxQim5MM6QtzgN1tVJHp5/krgNn7BOWhzrWvPzza3Su+AAAA[0m[Pipeline] }
[8mha:////4MpAvB22ZRMVcmPDprdaloTf3VRn82tEGl3eWATO8GR7AAAApR+LCAAAAAAAAP9tjTEOwjAQBC9BFLSUPMIpUGgQVVorDS8w8WGcWHfGdkgqXsTX+AMWkajYYrWzzbzesI4BThyM6JEGS7GzwrvR5CUmDsPV8SR6voiOKbJD0eLUssZmwZYTwpKihJWEDVLnOFoyCbayVw9VOUWmOqeQv6OE0uo7PKGQ2ZxUSF+YA+xuo45MP89fAczeJygPda56/wE6nOV+vgAAAA==[0m[Pipeline] // withEnv
[8mha:////4JaU/AV5Eaq4kqTsEmMhtAtBnt6fo3QBvbyxX8XmNC6EAAAApR+LCAAAAAAAAP9tjTEOwjAQBC9BFLSUPOIiIZEGUaW10vACExvjxLoztkNS8SK+xh+wiETFFqudbeb1hnUMcOJgsNc0WIqdRe9GkxdOHIar4wl7vmDHFNlpbPXUstLNgi0nDUuKElYCNpo6x9GSSbAVvXzIykky1TmF/B0FlFbd4QmFyOYkQ/rCHGB3G1Vk+nn+CmD2PkFZ17kO+w8C3naPvgAAAA==[0m[Pipeline] }
[8mha:////4Ch9xt9bSEf+HBGuIcNyYicsmYG4euSs7IIGjoYMZWEWAAAApR+LCAAAAAAAAP9tjTEOwjAQBC9BFLSUPOIiCqBAqWgtN7zAJMY4se6C7eBUvIiv8QcsIlGxxWpnm3m9YRk81OwNdpp6S6GxOLjR5IWJfX91nLDjCzZMgZ1GqZPkVp9mlBw1zClKWAhYaWocB0smwlp06qEqp8hU5+jzdxRQ2vYOTyhENkfl4xcmD5vb2Aamn+evAKZhiFDuD7l22w8dXCPdvgAAAA==[0m[Pipeline] // script
[8mha:////4EZnRz2OJXwaNw4Uu1dYcapWM3nx7cNd4GLOAtK3k31qAAAApR+LCAAAAAAAAP9tjTEOwjAQBC9BFLSUPOJCA0JCqWgtN7zAJMY4se6C7eBUvIiv8QcsIlGxxWpnm3m9YRk81OwNdpp6S6GxOLjR5IWJfX91nLDjCzZMgZ1GqZPkVp9mlBw1zClKWAhYaWocB0smwlp06qEqp8hU5+jzdxRQ2vYOTyhENkfl4xcmD5vb2Aamn+evAKZhiFDuD7l22w9e3nJbvgAAAA==[0m[Pipeline] }
[8mha:////4F5nrhH0nLNHpyryvbW8AOrtWCOK62WsVCc5CIep9ad2AAAApR+LCAAAAAAAAP9tjTEOwjAQBC9BFLSUPOLSIKQIUaW10vACExvjxLoztkNS8SK+xh+wiETFFqudbeb1hnUMcOJgsNc0WIqdRe9GkxdOHIar4wl7vmDHFNlpbPXUstLNgi0nDUuKElYCNpo6x9GSSbAVvXzIykky1TmF/B0FlFbd4QmFyOYkQ/rCHGB3G1Vk+nn+CmD2PkF5qHPt6w8ehOnwvgAAAA==[0m[Pipeline] // withEnv
[8mha:////4DixKN1BJ6ALY0RDyRAM4fiM4RL+lTIlzW9h19o5Ta0pAAAAph+LCAAAAAAAAP9tjTEOwjAQBC9BFLSUPOJCgQQSSkVrueEFJjHGiXUXbAen4kV8jT9gEYmKLVY728zrDcvgoWZvsNPUWwqNxcGNJi9M7Pur44QdX7BhCuw0Sp0kt/o0o+SoYU5RwkLASlPjOFgyEdaiUw9VOUWmOkefv6OA0rZ3eEIhsjkqH78wedjcxjYw/Tx/BTANQ4Ryv821O3wA9O6WBr4AAAA=[0m[Pipeline] }
[8mha:////4P8pELiUDT1prgGVd80Rlp0h67u3xYkCGeFWM0Y97920AAAAph+LCAAAAAAAAP9tjTEOwjAQBC9BFLSUPOIiJKQUiCqtlYYXmNgYJ9adsR2SihfxNf6ARSQqtljtbDOvN6xjgBMHg72mwVLsLHo3mrxw4jBcHU/Y8wU7pshOY6unlpVuFmw5aVhSlLASsNHUOY6WTIKt6OVDVk6Sqc4p5O8ooLTqDk8oRDYnGdIX5gC726gi08/zVwCz9wnKep/rUH8AwCB1Xb4AAAA=[0m[Pipeline] // withEnv
[8mha:////4OE+FTzfvouZH038aj6D/bxLitDVDCdstwrvj+y0lfPRAAAAph+LCAAAAAAAAP9tjTEOwjAQBC9BFLSUPOIiIRAFSkVrueEFJjHGiXUXbAen4kV8jT9gEYmKLVY728zrDcvgoWZvsNPUWwqNxcGNJi9M7Pur44QdX7BhCuw0Sp0kt/o0o+SoYU5RwkLASlPjOFgyEdaiUw9VOUWmOkefv6OA0rZ3eEIhsjkqH78wedjcxjYw/Tx/BTANQ4TysM21238AQjPvNb4AAAA=[0m[Pipeline] }
[8mha:////4AmDBvXlUd3jfaXzP+8mU/2h7ZAYWW8NLXRfm0bX1o7ZAAAApR+LCAAAAAAAAP9tjTEOwjAQBC9BFLSUPMIpiESBqNJaaXiBiQ/jxLoztkNS8SK+xh+wiETFFqudbeb1hnUMcOJgRI80WIqdFd6NJi8xcRiujifR80V0TJEdihanljU2C7acEJYUJawkbJA6x9GSSbCVvXqoyiky1TmF/B0llFbf4QmFzOakQvrCHGB3G3Vk+nn+CmD2PkF52Oeq6w9x0LSJvgAAAA==[0m[Pipeline] // node
[8mha:////4MB0SxcqA8m3DeYbQKrHtetYqVk+OT9W63W9aOf53aRAAAAApR+LCAAAAAAAAP9tjTEOwjAQBC9BFLSUPMIpiESBqNJaaXiBiQ/jxLoztkNS8SK+xh+wiETFFqudbeb1hnUMcOJgRI80WIqdFd6NJi8xcRiujifR80V0TJEdihanljU2C7acEJYUJawkbJA6x9GSSbCVvXqoyiky1TmF/B0llFbf4QmFzOakQvrCHGB3G3Vk+nn+CmD2PkF5qHPV+w9qddUKvgAAAA==[0m[Pipeline] }
[8mha:////4HeCfvhQhbIPKczcP9Sa39vdCKDODsda3KDyi4pgbSFnAAAAph+LCAAAAAAAAP9tjTEOwjAQBC9BFLSUPOIiIRAFSkVrueEFJjHGiXUXbAen4kV8jT9gEYmKLVY728zrDcvgoWZvsNPUWwqNxcGNJi9M7Pur44QdX7BhCuw0Sp0kt/o0o+SoYU5RwkLASlPjOFgyEdaiUw9VOUWmOkefv6OA0rZ3eEIhsjkqH78wedjcxjYw/Tx/BTANQ4TysM+1234AWZaOtr4AAAA=[0m[Pipeline] // stage
[8mha:////4DLMZ+U2//KqLNmG/+shtTrW2UcZqZHbcj3I+6K8XRQZAAAAph+LCAAAAAAAAP9tjTEOwjAQBM9BKWgpeYTTICgQFa3lhheY2Bgn1l2wLyQVL+Jr/IFAJCq22llpNc8XlDnBgZKXjcM2YK6D7GLvpyYHSu0l0iAbOsuaMFN0UrtBk3XHGTWxgzmigIWCpcM6Ug7oGVaqMXdTRYO+OnGatr2CItgbPECoycwm8RfGBOtrbzPhz/NXAGPHIDYMxW77OZZvkTKj5MEAAAA=[0m[Pipeline] stage
[8mha:////4DoW45pqSiVV9KEcG/jJ+YMgwWVyLEtR6F+gMNPUuIK+AAAAph+LCAAAAAAAAP9tjTEOwjAUQ3+DOrAycoh0owNiYo26cILQhJA0+r9NUtKJE3E17kBLJSY8WLYl673eUMYAJwqGO42dxdha3vvRzIlnCt3NU+aOrrwljOQ1b3RuSOnzWhtKGlYVDDYCthpbT9GiSbATTj5k5SWa6pLCvB0FMKsGeEIhZnKSIX3LFGB/H1Uk/HH+AmDqE7D6sFi9PMsPhRixbsIAAAA=[0m[Pipeline] { (Deploy)
Stage "Deploy" skipped due to earlier failure(s)
[8mha:////4LebWh72C9uepeWaLKfE98JIaQRvkz8nIgHTiXRYpzv4AAAAox+LCAAAAAAAAP9tjTESwiAURH/iWNhaeghSxhnHypah8QSYIEKY/wkQSeWJvJp3EM2MlVvs7NvmPV+wjgGOFDSzCgeDsTPMu0mXxTKF4eooM0sX1hFGcooJlQX16rSgoKRgSVXDisNGYecoGtQJttzKu2ycRN2cUyjfgUNt+hEeUPFiTjKkL8wBdrepj4Q/z18BzN4nqNv9p9o3yyJXUb4AAAA=[0m[Pipeline] }
[8mha:////4Ip/rgImxGZHsSZdoeNtXj3hYzHHCWaNpDNPzvvga9c1AAAApB+LCAAAAAAAAP9tjTEOwjAQBC9BFLSUPOLSgRCiSmu54QUmNsaJdWdsh6TiRXyNPxCIRMUWq51t5vmCZYpw5GixNdQ5So3D4Hs7LRw4dhfPA7Z8xoYpsTcozSBZm3pGydnAnKKEhYCVocZzcmQzrEWr7qryimx1ynH6DgJKp2/wgEJM5qxi/sIYYXPtdWL6ef4KYAwhQ7nbf2r7BvjBDO2+AAAA[0m[Pipeline] // stage
[8mha:////4E1HXK5XQZfEznAxb05t7wXJp7UyoREkGGqdodQMEsMOAAAApx+LCAAAAAAAAP9tjTEOwjAQBM9BKWgpeYRDQYGEqGgtN7zAxMY4se6CfSGpeBFf4w8EIlGx1c5Kq3m+oMwJDpS8bBy2AXMdZBd7PzU5UGovkQbZ0FnWhJmik9oNmqw7zqiJHcwRBSwULB3WkXJAz7BSjbmbKhr01YnTtO0VFMHe4AFCTWY2ib8wJlhfe5sJf56/Ahg7BrFlKHabz7F8A2WhssTBAAAA[0m[Pipeline] stage
[8mha:////4E7SP4mKj0uOmBuPaZdf0W2d2oC8OZAq0zKxW1Udie5WAAAApx+LCAAAAAAAAP9tjTEOwjAUQ3+LOrAycogUNiTE1DXKwglCE0La6P/yk9JOnIircQdaKjHhwbItWe/1hiIynIidaCy2HmPtRRd6NyUxELfXQINo6CJqwkjBCmUHRcZWS1WULCzKclhJWFusA0WPLsFGNvqhy6DRlefE03aUkHtzhydkciInzelbRobtrTeR8Mf5C4CxS5AfdrPt52fxAUPegdTCAAAA[0m[Pipeline] { (Declarative: Post Actions)
[8mha:////4KJOeeJfrP09jW981CwlzIl44EVBS3zUcTL2ttPXhjSTAAAApB+LCAAAAAAAAP9tjTEOwjAQBC9BFLSUPOIiqJAQVVrLDS8wsTFOrDtjOyQVL+Jr/IFAJCq2WO1sM88XLFOEI0eLraHOUWocBt/baeHAsbt4HrDlMzZMib1BaQbJ2tQzSs4G5hQlLASsDDWekyObYS1adVeVV2SrU47TdxBQOn2DBxRiMmcV8xfGCJtrrxPTz/NXAGPIUO63n9qFNwEi9SW+AAAA[0m[Pipeline] echo
FAILED
[8mha:////4DqVc1+lV0k1fqVQ2amhgmuQTSXxsrOfl7mRHQ5qPp6SAAAApR+LCAAAAAAAAP9tjTEOwjAQBC9BFLSUPOIiRIOEqNJabniBiY1xYt0Z2yGpeBFf4w8EIlGxxWpnm3m+YJkiHDlabA11jlLjMPjeTgsHjt3F84Atn7FhSuwNSjNI1qaeUXI2MKcoYSFgZajxnBzZDGvRqruqvCJbnXKcvoOA0ukbPKAQkzmrmL8wRthce52Yfp6/AhhDyFDud5/avgEbGyOjvgAAAA==[0m[Pipeline] }
[8mha:////4F3K3c/JTtPNE4wU0vgUU2hp1fUiT6vwVGEDL8cT1cjOAAAApR+LCAAAAAAAAP9tjTEOwjAQBC9BFLSUPOJCQYGEqNJabniBiY1xYt0Z2yGpeBFf4w8EIlGxxWpnm3m+YJkiHDlabA11jlLjMPjeTgsHjt3F84Atn7FhSuwNSjNI1qaeUXI2MKcoYSFgZajxnBzZDGvRqruqvCJbnXKcvoOA0ukbPKAQkzmrmL8wRthce52Yfp6/AhhDyFDud5/avgE1GyHJvgAAAA==[0m[Pipeline] // stage
[8mha:////4Cg/hobnSfZSMud+J2uGL53iLKkWHMAOUKQOKFtumKgDAAAApB+LCAAAAAAAAP9tjTEOwjAQBDdBFLSUPMJpQEJCVLRWGl5gEmOcWHfBvpBUvIiv8QciIlGx1c4083pjmSKOHJ1qLLWeUuVVF3o3PTVwbK+BB9XwRVVMiYNVpR1Kru1pxpLFYl6WY6GxslQFTp6cYK0b8zBFMOSKs8TJHTRyX9/xRKanspgoXxgjNre+Tky/zt8Axq4T5PudINt+AD31qj29AAAA[0m[Pipeline] }
[8mha:////4HsxmmpiYmlxa9TWtFnXcdoULFdmv+Fd54nbPPPuMUxzAAAApB+LCAAAAAAAAP9tjTEOwjAQBDdBFLSUPMIpkBASoqK10vACkxjjxLoL9oWk4kV8jT8QEYmKrXammdcbyxRx5OhUY6n1lCqvutC76amBY3sNPKiGL6piShysKu1Qcm1PM5YsFvOyHAuNlaUqcPLkBGvdmIcpgiFXnCVO7qCR+/qOJzI9lcVE+cIYsbn1dWL6df4GMHadIN/vBNn2A04abuS9AAAA[0m[Pipeline] // withEnv
[8mha:////4Lxg/eMZuBNj1l0hszHSZGSX8fMDrVKHK5vGi1QP727eAAAApB+LCAAAAAAAAP9tjTEOwjAQBDdBFLSUPMKRaEBCVLRWGl5gEmOcWHfBvpBUvIiv8QciIlGx1c4083pjmSKOHJ1qLLWeUuVVF3o3PTVwbK+BB9XwRVVMiYNVpR1Kru1pxpLFYl6WY6GxslQFTp6cYK0b8zBFMOSKs8TJHTRyX9/xRKanspgoXxgjNre+Tky/zt8Axq4T5PudINt+AGgDCa69AAAA[0m[Pipeline] End of Pipeline
ERROR: script returned exit code 1
Finished: FAILURE
