Started by user [8mha:////4P61i72et9Ld8yCurPLeJzAjIQwc1SqjB1dZDPC3bBYdAAAAlx+LCAAAAAAAAP9b85aBtbiIQTGjNKU4P08vOT+vOD8nVc83PyU1x6OyILUoJzMv2y+/JJUBAhiZGBgqihhk0NSjKDWzXb3RdlLBUSYGJk8GtpzUvPSSDB8G5tKinBIGIZ+sxLJE/ZzEvHT94JKizLx0a6BxUmjGOUNodHsLgAzWEgZu/dLi1CL9xJTczDwAj6GcLcAAAAA=[0madmin
Obtained Jenkinsfile from git https://github.com/nghiattr/flask-docker.git
[8mha:////4HOQyhtRN6BYPCfZoaC4t6X005cLacOr/i0de2nNLleuAAAAoh+LCAAAAAAAAP9tjTEOwjAQBM8BClpKHuFItIiK1krDC0x8GCfWnbEdkooX8TX+gCESFVvtrLSa5wtWKcKBo5UdUu8otU4GP9jS5Mixv3geZcdn2TIl9igbHBs2eJyx4YwwR1SwULBGaj0nRzbDRnX6rmuvydanHMu2V1A5c4MHCFXMWcf8hSnC9jqYxPTz/BXAFEIGsfuclm8zQVqFvQAAAA==[0m[Pipeline] Start of Pipeline
[8mha:////4F/s7/NoWvjr0vCN9EAZthd1TuZQPg4JazwCDGuITzfqAAAApR+LCAAAAAAAAP9tjTEOwjAUQ3+KOrAycohUghExsUZZOEFIQkgb/d8mKe3EibgadyBQiQlLlmxL1nu+oE4RjhQdby12HpP2vA+jK4lPFLtroIm3dOGaMFGwXNpJkrGnpUrKFhaxClYC1hZ1oOTRZdiIVt1VExS65pxj2Q4CKm8GeAAThZxVzN8yR9jeRpMIf5y/AJj7DGxXvP/86jduZBmjwAAAAA==[0m[Pipeline] withEnv
[8mha:////4HEYXE9y1eFYyQUomacZgNwvs7xXyqhM+vSjcPSLvMgSAAAApR+LCAAAAAAAAP9tjTEOwjAUQ3+KOrAycoh0gA0xsUZZOEFIQkgb/d8mKe3EibgadyBQiQlLlmxL1nu+oE4RjhQdby12HpP2vA+jK4lPFLtroIm3dOGaMFGwXNpJkrGnpUrKFhaxClYC1hZ1oOTRZdiIVt1VExS65pxj2Q4CKm8GeAAThZxVzN8yR9jeRpMIf5y/AJj7DGxXvP/86jfoP95RwAAAAA==[0m[Pipeline] {
[8mha:////4CMUgZyjsrY4/QPwaLH9GgYOA9JZEyYm4bY/MOAiEMeIAAAApR+LCAAAAAAAAP9tjTEOwjAUQ3+KOrAycoh0gQkxsUZZOEFIQkgb/d8mKe3EibgadyBQiQlLlmxL1nu+oE4RjhQdby12HpP2vA+jK4lPFLtroIm3dOGaMFGwXNpJkrGnpUrKFhaxClYC1hZ1oOTRZdiIVt1VExS65pxj2Q4CKm8GeAAThZxVzN8yR9jeRpMIf5y/AJj7DGxXvP/86jc09154wAAAAA==[0m[Pipeline] stage
[8mha:////4HZiYjbHQ+7KG26siAhOg2dIUqwTviAqmxWiEmcL7l1GAAAApR+LCAAAAAAAAP9tjTEOwjAUQ3+KOrAycoh0ggUxsUZZOEFIQkgb/d8mKe3EibgadyBQiQlLlmxL1nu+oE4RjhQdby12HpP2vA+jK4lPFLtroIm3dOGaMFGwXNpJkrGnpUrKFhaxClYC1hZ1oOTRZdiIVt1VExS65pxj2Q4CKm8GeAAThZxVzN8yR9jeRpMIf5y/AJj7DGxXvP/86jek7ggRwAAAAA==[0m[Pipeline] { (SonarScanner)
[8mha:////4M9wuEAldvnHQTYqV8LrjvdXugEYYhEpBJ9rrbC4YlyVAAAApR+LCAAAAAAAAP9tjTEOwjAUQ3+KOrAycoh0gwExsUZZOEFIQkgb/d8mKe3EibgadyBQiQlLlmxL1nu+oE4RjhQdby12HpP2vA+jK4lPFLtroIm3dOGaMFGwXNpJkrGnpUrKFhaxClYC1hZ1oOTRZdiIVt1VExS65pxj2Q4CKm8GeAAThZxVzN8yR9jeRpMIf5y/AJj7DGxXvP/86jcChmMxwAAAAA==[0m[Pipeline] node
Running on [8mha:////4GcGUJYILzcXDUILh5IX5PSxj+2hDQ3DlKcvAXQn/vDZAAAAph+LCAAAAAAAAP9b85aBtbiIQTGjNKU4P08vOT+vOD8nVc83PyU1x6OyILUoJzMv2y+/JJUBAhiZGBgqihhk0NSjKDWzXb3RdlLBUSYGJk8GtpzUvPSSDB8G5tKinBIGIZ+sxLJE/ZzEvHT94JKizLx0a6BxUmjGOUNodHsLgAzeEgYp/eT83ILSktQi/azUvOzMvGJVI5fE9NS8En0A4Zrl388AAAA=[0mjenkins-agent in /jenkins-agent/workspace/CICD-pipeline
[8mha:////4B2Rt5yE6SJ+uuoI+Rf5/m3KFGpfQXwtYdNJC+o0ryBSAAAApR+LCAAAAAAAAP9tjTEOwjAUQ3+KOrAycoh0BAkxsUZZOEFIQkgb/d8mKe3EibgadyBQiQlLlmxL1nu+oE4RjhQdby12HpP2vA+jK4lPFLtroIm3dOGaMFGwXNpJkrGnpUrKFhaxClYC1hZ1oOTRZdiIVt1VExS65pxj2Q4CKm8GeAAThZxVzN8yR9jeRpMIf5y/AJj7DGxXvP/86jfpX/cvwAAAAA==[0m[Pipeline] {
[8mha:////4G93A90MnnohGMLPCKemxnPXnlqxfI0/NYYy6t7SLiHmAAAAoh+LCAAAAAAAAP9tjTEOAiEURD9rLGwtPQTbaoyVLaHxBMgiwpL/WWDdrTyRV/MOEjexcpJJ5k3zXm9Y5wQnSpZ7g73DrB2PYbR18YlSfws0cU9XrgkzBcOlmSR15rygpGJgCWtgJWBjUAfKDm2BrfDqodqg0LaXkup3FNC4boAnMFHNRaXyhTnB7j52mfDn+SuAORZg+9pD/AAeoCAqvAAAAA==[0m[Pipeline] checkout
Selected Git installation does not exist. Using Default
The recommended git tool is: NONE
using credential cc06d1e1-44a5-4361-9e9c-eadedc84103a
Fetching changes from the remote Git repository
Checking out Revision 305e1f9752108c3db6d8bc5c2123635a66ad9e21 (refs/remotes/origin/develop)
Commit message: "asds"
 > git rev-parse --resolve-git-dir /jenkins-agent/workspace/CICD-pipeline/.git # timeout=10
 > git config remote.origin.url https://github.com/nghiattr/flask-docker.git # timeout=10
Fetching upstream changes from https://github.com/nghiattr/flask-docker.git
 > git --version # timeout=10
 > git --version # 'git version 2.25.1'
using GIT_ASKPASS to set credentials github-acc-nghiattr
 > git fetch --tags --force --progress -- https://github.com/nghiattr/flask-docker.git +refs/heads/*:refs/remotes/origin/* # timeout=10
 > git rev-parse refs/remotes/origin/develop^{commit} # timeout=10
 > git config core.sparsecheckout # timeout=10
 > git checkout -f 305e1f9752108c3db6d8bc5c2123635a66ad9e21 # timeout=10
 > git rev-list --no-walk 305e1f9752108c3db6d8bc5c2123635a66ad9e21 # timeout=10
[8mha:////4IYUMR+AvW5OQYcIn0nLzon5D0VHYk+kHO9O28O17TjmAAAAph+LCAAAAAAAAP9tjTEOwjAQBM9BKWgpeYQDHRKiorXc8AITG+PEugv2haTiRXyNPxCIRMVWOyut5vmCMic4UPKycdgGzHWQXez91ORAqb1EGmRDZ1kTZopOajdosu44oyZ2MEcUsFCwdFhHygE9w0o15m6qaNBXJ07TtldQBHuDBwg1mdkk/sKYYH3tbSb8ef4KYOwYxI6h2G4+x/INcXYwW8EAAAA=[0m[Pipeline] withEnv
[8mha:////4GCXLqx/wb5vhYgCosonXXJTNRlHNZyj9c8Z1zYsi6mjAAAApR+LCAAAAAAAAP9tjTEOwjAUQ3+DOrAycoiUzoiJNerCCUITQtLo/zZJSSdOxNW4Ay2VmPBg2Zas93pDGQOcKBjuNHYWY2t570czJ54pdDdPmTu68pYwkte80bkhpc9rbShpWFUw2AjYamw9RYsmwU44+ZCVl2iqSwrzdhTArBrgCYWYyUmG9C1TgP19VJHwx/kLgKlPwOrDYvXyLD8BobDcwgAAAA==[0m[Pipeline] {
[8mha:////4HvxyKWAMllCGes4B9xahu9kJ2SdeGwNk54bfssvwD0uAAAAox+LCAAAAAAAAP9tjTESwiAURH/iWNhaeggysXWsbBkaT4AJIoT5nwCRVJ7Iq3kH0cxYucXOvm3e8wXrGOBIQTOrcDAYO8O8m3RZLFMYro4ys3RhHWEkp5hQWVCvTgsKSgqWVDWsOGwUdo6iQZ1gy628y8ZJ1M05hfIdONSmH+EBFS/mJEP6whxgd5v6SPjz/BXA7BPUbfupvX8DpQJrNb4AAAA=[0m[Pipeline] sh
+ pwd
/jenkins-agent/workspace/CICD-pipeline
[8mha:////4BSxGPh393zK7KiE4G5Fb4tg7tbKDVyDY/Hz0Id2vDA9AAAAox+LCAAAAAAAAP9tjTESwiAURH/iWNhaeggyGUvHypah8QSYIEKY/wkQSeWJvJp3EM2MlVvs7NvmPV+wjgGOFDSzCgeDsTPMu0mXxTKF4eooM0sX1hFGcooJlQX16rSgoKRgSVXDisNGYecoGtQJttzKu2ycRN2cUyjfgUNt+hEeUPFiTjKkL8wBdrepj4Q/z18BzD5B3baf2vs35DNwLL4AAAA=[0m[Pipeline] sh
+ docker run --rm --net host -e SONAR_HOST_URL=http://35.247.164.137:9000 -v /jenkins-agent/workspace/CICD-pipeline:/usr/src sonarsource/sonar-scanner-cli -Dsonar.verbose=true -Dsonar.host.url=http://35.247.164.137:9000 -Dsonar.projectName=sonarqube-test -Dsonar.projectKey=sonarqube-test -Dsonar.login=2aaca7485ae9a1b0eeec77e6a3a71c87cee7cfe8 -Dsonar.sources=.
INFO: Scanner configuration file: /opt/sonar-scanner/conf/sonar-scanner.properties
INFO: Project root configuration file: NONE
09:33:47.035 INFO: SonarScanner 4.6.2.2472
09:33:47.039 INFO: Java 11.0.12 Alpine (64-bit)
09:33:47.039 INFO: Linux 5.11.0-1023-gcp amd64
09:33:47.790 DEBUG: keyStore is : 
09:33:47.790 DEBUG: keyStore type is : pkcs12
09:33:47.790 DEBUG: keyStore provider is : 
09:33:47.791 DEBUG: init keystore
09:33:47.791 DEBUG: init keymanager of type SunX509
09:33:48.214 DEBUG: Create: /opt/sonar-scanner/.sonar/cache
09:33:48.217 INFO: User cache: /opt/sonar-scanner/.sonar/cache
09:33:48.218 DEBUG: Create: /opt/sonar-scanner/.sonar/cache/_tmp
09:33:48.227 DEBUG: Extract sonar-scanner-api-batch in temp...
09:33:48.239 DEBUG: Get bootstrap index...
09:33:48.240 DEBUG: Download: http://35.247.164.137:9000/batch/index
09:33:48.363 DEBUG: Get bootstrap completed
09:33:48.374 DEBUG: Download http://35.247.164.137:9000/batch/file?name=sonar-scanner-engine-shaded-9.2.4.50792-all.jar to /opt/sonar-scanner/.sonar/cache/_tmp/fileCache9423601667275215205.tmp
09:33:49.030 DEBUG: Create isolated classloader...
09:33:49.047 DEBUG: Start temp cleaning...
09:33:49.054 DEBUG: Temp cleaning done
09:33:49.055 INFO: Scanner configuration file: /opt/sonar-scanner/conf/sonar-scanner.properties
09:33:49.056 INFO: Project root configuration file: NONE
09:33:49.059 DEBUG: Execution getVersion
09:33:49.098 INFO: Analyzing on SonarQube server 9.2.4
09:33:49.100 INFO: Default locale: "en_US", source code encoding: "UTF-8" (analysis is platform dependent)
09:33:49.101 DEBUG: Work directory: /usr/src/.scannerwork
09:33:49.104 DEBUG: Execution execute
09:33:49.800 DEBUG: Community 9.2.4.50792
09:33:50.106 INFO: Load global settings
09:33:50.185 DEBUG: GET 200 http://35.247.164.137:9000/api/settings/values.protobuf | time=77ms
09:33:50.243 INFO: Load global settings (done) | time=137ms
09:33:50.246 INFO: Server id: BF41A1F2-AX4rm8QDNcwuSSX-5F4V
09:33:50.263 DEBUG: Create : /opt/sonar-scanner/.sonar/_tmp
09:33:50.264 INFO: User cache: /opt/sonar-scanner/.sonar/cache
09:33:50.272 INFO: Load/download plugins
09:33:50.272 INFO: Load plugins index
09:33:50.289 DEBUG: GET 200 http://35.247.164.137:9000/api/plugins/installed | time=17ms
09:33:50.362 INFO: Load plugins index (done) | time=89ms
09:33:50.370 DEBUG: Download plugin 'csharp' to '/opt/sonar-scanner/.sonar/_tmp/fileCache7939775721271505956.tmp'
09:33:50.389 DEBUG: GET 200 http://35.247.164.137:9000/api/plugins/download?plugin=csharp&acceptCompressions=pack200 | time=19ms
09:33:50.627 DEBUG: Download plugin 'config' to '/opt/sonar-scanner/.sonar/_tmp/fileCache11283458470012547031.tmp'
09:33:50.665 DEBUG: GET 200 http://35.247.164.137:9000/api/plugins/download?plugin=config&acceptCompressions=pack200 | time=37ms
09:33:50.671 DEBUG: Download plugin 'flex' to '/opt/sonar-scanner/.sonar/_tmp/fileCache1288498120992597973.tmp'
09:33:50.678 DEBUG: GET 200 http://35.247.164.137:9000/api/plugins/download?plugin=flex&acceptCompressions=pack200 | time=7ms
09:33:50.737 DEBUG: Download plugin 'go' to '/opt/sonar-scanner/.sonar/_tmp/fileCache10483079262737773784.tmp'
09:33:50.773 DEBUG: GET 200 http://35.247.164.137:9000/api/plugins/download?plugin=go&acceptCompressions=pack200 | time=36ms
09:33:50.929 DEBUG: Download plugin 'web' to '/opt/sonar-scanner/.sonar/_tmp/fileCache8189104471833529290.tmp'
09:33:50.947 DEBUG: GET 200 http://35.247.164.137:9000/api/plugins/download?plugin=web&acceptCompressions=pack200 | time=17ms
09:33:50.994 DEBUG: Download plugin 'iac' to '/opt/sonar-scanner/.sonar/_tmp/fileCache1496499727856746404.tmp'
09:33:51.002 DEBUG: GET 200 http://35.247.164.137:9000/api/plugins/download?plugin=iac&acceptCompressions=pack200 | time=8ms
09:33:51.037 DEBUG: Download plugin 'jacoco' to '/opt/sonar-scanner/.sonar/_tmp/fileCache17691319038391503067.tmp'
09:33:51.044 DEBUG: GET 200 http://35.247.164.137:9000/api/plugins/download?plugin=jacoco&acceptCompressions=pack200 | time=7ms
09:33:51.048 DEBUG: Download plugin 'java' to '/opt/sonar-scanner/.sonar/_tmp/fileCache7818496687842098779.tmp'
09:33:51.059 DEBUG: GET 200 http://35.247.164.137:9000/api/plugins/download?plugin=java&acceptCompressions=pack200 | time=9ms
09:33:51.407 DEBUG: Download plugin 'javascript' to '/opt/sonar-scanner/.sonar/_tmp/fileCache13116518861296138459.tmp'
09:33:51.416 DEBUG: GET 200 http://35.247.164.137:9000/api/plugins/download?plugin=javascript&acceptCompressions=pack200 | time=9ms
09:33:51.780 DEBUG: Download plugin 'kotlin' to '/opt/sonar-scanner/.sonar/_tmp/fileCache17517064841023020750.tmp'
09:33:51.788 DEBUG: GET 200 http://35.247.164.137:9000/api/plugins/download?plugin=kotlin&acceptCompressions=pack200 | time=8ms
09:33:53.088 DEBUG: Download plugin 'php' to '/opt/sonar-scanner/.sonar/_tmp/fileCache131858938473102630.tmp'
09:33:53.098 DEBUG: GET 200 http://35.247.164.137:9000/api/plugins/download?plugin=php&acceptCompressions=pack200 | time=9ms
09:33:53.239 DEBUG: Download plugin 'python' to '/opt/sonar-scanner/.sonar/_tmp/fileCache10415134402323228658.tmp'
09:33:53.267 DEBUG: GET 200 http://35.247.164.137:9000/api/plugins/download?plugin=python&acceptCompressions=pack200 | time=28ms
09:33:53.435 DEBUG: Download plugin 'ruby' to '/opt/sonar-scanner/.sonar/_tmp/fileCache6813147152436937334.tmp'
09:33:53.461 DEBUG: GET 200 http://35.247.164.137:9000/api/plugins/download?plugin=ruby&acceptCompressions=pack200 | time=25ms
09:33:53.766 DEBUG: Download plugin 'sonarscala' to '/opt/sonar-scanner/.sonar/_tmp/fileCache1821295108016013336.tmp'
09:33:53.777 DEBUG: GET 200 http://35.247.164.137:9000/api/plugins/download?plugin=sonarscala&acceptCompressions=pack200 | time=8ms
09:33:54.043 DEBUG: Download plugin 'vbnet' to '/opt/sonar-scanner/.sonar/_tmp/fileCache8957707602808689325.tmp'
09:33:54.052 DEBUG: GET 200 http://35.247.164.137:9000/api/plugins/download?plugin=vbnet&acceptCompressions=pack200 | time=8ms
09:33:54.115 DEBUG: Download plugin 'xml' to '/opt/sonar-scanner/.sonar/_tmp/fileCache9752242938921700139.tmp'
09:33:54.129 DEBUG: GET 200 http://35.247.164.137:9000/api/plugins/download?plugin=xml&acceptCompressions=pack200 | time=9ms
09:33:54.167 INFO: Load/download plugins (done) | time=3895ms
09:33:54.404 DEBUG: Plugins:
09:33:54.405 DEBUG:   * Python Code Quality and Security 3.8.0.8883 (python)
09:33:54.406 DEBUG:   * Go Code Quality and Security 1.8.3.2219 (go)
09:33:54.406 DEBUG:   * JaCoCo 1.1.1.1157 (jacoco)
09:33:54.407 DEBUG:   * Kotlin Code Quality and Security 2.7.0.948 (kotlin)
09:33:54.408 DEBUG:   * IaC Code Quality and Security 1.4.0.1294 (iac)
09:33:54.408 DEBUG:   * JavaScript/TypeScript Code Quality and Security 8.6.0.16913 (javascript)
09:33:54.409 DEBUG:   * Ruby Code Quality and Security 1.8.3.2219 (ruby)
09:33:54.409 DEBUG:   * Scala Code Quality and Security 1.8.3.2219 (sonarscala)
09:33:54.410 DEBUG:   * C# Code Quality and Security 8.32.0.39516 (csharp)
09:33:54.410 DEBUG:   * Java Code Quality and Security 7.5.0.28054 (java)
09:33:54.411 DEBUG:   * HTML Code Quality and Security 3.4.0.2754 (web)
09:33:54.411 DEBUG:   * Flex Code Quality and Security 2.6.2.2641 (flex)
09:33:54.412 DEBUG:   * XML Code Quality and Security 2.4.0.3273 (xml)
09:33:54.413 DEBUG:   * PHP Code Quality and Security 3.21.2.8292 (php)
09:33:54.413 DEBUG:   * VB.NET Code Quality and Security 8.32.0.39516 (vbnet)
09:33:54.414 DEBUG:   * Configuration detection fot Code Quality and Security 1.1.0.185 (config)
09:33:55.173 INFO: Process project properties
09:33:55.187 INFO: Process project properties (done) | time=14ms
09:33:55.188 INFO: Execute project builders
09:33:55.189 DEBUG: Execute project builder: org.sonar.plugins.csharp.CSharpGlobalProtobufFileProcessor
09:33:55.194 DEBUG: Execute project builder: org.sonar.plugins.vbnet.VbNetGlobalProtobufFileProcessor
09:33:55.195 INFO: Execute project builders (done) | time=7ms
09:33:55.201 INFO: Project key: sonarqube-test
09:33:55.202 INFO: Base dir: /usr/src
09:33:55.202 INFO: Working dir: /usr/src/.scannerwork
09:33:55.202 DEBUG: Project global encoding: UTF-8, default locale: en_US
09:33:55.204 DEBUG: Creating module hierarchy
09:33:55.205 DEBUG:   Init module 'sonarqube-test'
09:33:55.206 DEBUG:     Base dir: /usr/src
09:33:55.206 DEBUG:     Working dir: /usr/src/.scannerwork
09:33:55.206 DEBUG:     Module global encoding: UTF-8, default locale: en_US
09:33:55.334 INFO: Load project settings for component key: 'sonarqube-test'
09:33:55.360 DEBUG: GET 200 http://35.247.164.137:9000/api/settings/values.protobuf?component=sonarqube-test | time=26ms
09:33:55.363 INFO: Load project settings for component key: 'sonarqube-test' (done) | time=28ms
09:33:55.461 DEBUG: Available languages:
09:33:55.462 DEBUG:   * Python => "py"
09:33:55.462 DEBUG:   * Go => "go"
09:33:55.463 DEBUG:   * Kotlin => "kotlin"
09:33:55.463 DEBUG:   * Terraform => "terraform"
09:33:55.464 DEBUG:   * CloudFormation => "cloudformation"
09:33:55.464 DEBUG:   * JavaScript => "js"
09:33:55.465 DEBUG:   * TypeScript => "ts"
09:33:55.465 DEBUG:   * CSS => "css"
09:33:55.466 DEBUG:   * Ruby => "ruby"
09:33:55.466 DEBUG:   * Scala => "scala"
09:33:55.467 DEBUG:   * C# => "cs"
09:33:55.467 DEBUG:   * Java => "java"
09:33:55.468 DEBUG:   * HTML => "web"
09:33:55.468 DEBUG:   * JSP => "jsp"
09:33:55.469 DEBUG:   * Flex => "flex"
09:33:55.469 DEBUG:   * XML => "xml"
09:33:55.470 DEBUG:   * PHP => "php"
09:33:55.470 DEBUG:   * VB.NET => "vbnet"
09:33:55.471 DEBUG:   * YAML => "yaml"
09:33:55.472 DEBUG:   * JSON => "json"
09:33:55.513 INFO: Load quality profiles
09:33:55.663 DEBUG: GET 200 http://35.247.164.137:9000/api/qualityprofiles/search.protobuf?project=sonarqube-test | time=148ms
09:33:55.695 INFO: Load quality profiles (done) | time=182ms
09:33:55.713 INFO: Load active rules
09:33:55.907 DEBUG: GET 200 http://35.247.164.137:9000/api/rules/search.protobuf?f=repo,name,severity,lang,internalKey,templateKey,params,actives,createdAt,updatedAt,deprecatedKeys&activation=true&qprofile=AX4rnR8CNcwuSSX-5Jx2&ps=500&p=1 | time=192ms
09:33:56.088 DEBUG: GET 200 http://35.247.164.137:9000/api/rules/search.protobuf?f=repo,name,severity,lang,internalKey,templateKey,params,actives,createdAt,updatedAt,deprecatedKeys&activation=true&qprofile=AX4rnSMMNcwuSSX-5JzT&ps=500&p=1 | time=72ms
09:33:56.116 DEBUG: GET 200 http://35.247.164.137:9000/api/rules/search.protobuf?f=repo,name,severity,lang,internalKey,templateKey,params,actives,createdAt,updatedAt,deprecatedKeys&activation=true&qprofile=AX4rnSb9NcwuSSX-5Jzz&ps=500&p=1 | time=18ms
09:33:56.172 DEBUG: GET 200 http://35.247.164.137:9000/api/rules/search.protobuf?f=repo,name,severity,lang,internalKey,templateKey,params,actives,createdAt,updatedAt,deprecatedKeys&activation=true&qprofile=AX4rnSfRNcwuSSX-5J0u&ps=500&p=1 | time=55ms
09:33:56.308 DEBUG: GET 200 http://35.247.164.137:9000/api/rules/search.protobuf?f=repo,name,severity,lang,internalKey,templateKey,params,actives,createdAt,updatedAt,deprecatedKeys&activation=true&qprofile=AX4rnSu8NcwuSSX-5J36&ps=500&p=1 | time=129ms
09:33:56.561 DEBUG: GET 200 http://35.247.164.137:9000/api/rules/search.protobuf?f=repo,name,severity,lang,internalKey,templateKey,params,actives,createdAt,updatedAt,deprecatedKeys&activation=true&qprofile=AX4rnTKSNcwuSSX-5J_W&ps=500&p=1 | time=235ms
09:33:56.877 DEBUG: GET 200 http://35.247.164.137:9000/api/rules/search.protobuf?f=repo,name,severity,lang,internalKey,templateKey,params,actives,createdAt,updatedAt,deprecatedKeys&activation=true&qprofile=AX4rnTqGNcwuSSX-5KHN&ps=500&p=1 | time=280ms
09:33:56.990 DEBUG: GET 200 http://35.247.164.137:9000/api/rules/search.protobuf?f=repo,name,severity,lang,internalKey,templateKey,params,actives,createdAt,updatedAt,deprecatedKeys&activation=true&qprofile=AX4rnT5yNcwuSSX-5KKn&ps=500&p=1 | time=81ms
09:33:57.330 DEBUG: GET 200 http://35.247.164.137:9000/api/rules/search.protobuf?f=repo,name,severity,lang,internalKey,templateKey,params,actives,createdAt,updatedAt,deprecatedKeys&activation=true&qprofile=AX4rnUFaNcwuSSX-5KTQ&ps=500&p=1 | time=331ms
09:33:57.710 DEBUG: GET 200 http://35.247.164.137:9000/api/rules/search.protobuf?f=repo,name,severity,lang,internalKey,templateKey,params,actives,createdAt,updatedAt,deprecatedKeys&activation=true&qprofile=AX4rnUgNNcwuSSX-5KmS&ps=500&p=1 | time=342ms
09:33:57.836 DEBUG: GET 200 http://35.247.164.137:9000/api/rules/search.protobuf?f=repo,name,severity,lang,internalKey,templateKey,params,actives,createdAt,updatedAt,deprecatedKeys&activation=true&qprofile=AX4rnU3jNcwuSSX-5Kui&ps=500&p=1 | time=83ms
09:33:57.937 DEBUG: GET 200 http://35.247.164.137:9000/api/rules/search.protobuf?f=repo,name,severity,lang,internalKey,templateKey,params,actives,createdAt,updatedAt,deprecatedKeys&activation=true&qprofile=AX4rnU_wNcwuSSX-5Kwm&ps=500&p=1 | time=89ms
09:33:58.001 DEBUG: GET 200 http://35.247.164.137:9000/api/rules/search.protobuf?f=repo,name,severity,lang,internalKey,templateKey,params,actives,createdAt,updatedAt,deprecatedKeys&activation=true&qprofile=AX4rnVPSNcwuSSX-5Kx4&ps=500&p=1 | time=60ms
09:33:58.025 DEBUG: GET 200 http://35.247.164.137:9000/api/rules/search.protobuf?f=repo,name,severity,lang,internalKey,templateKey,params,actives,createdAt,updatedAt,deprecatedKeys&activation=true&qprofile=AX4rnVTbNcwuSSX-5KyK&ps=500&p=1 | time=22ms
09:33:58.162 DEBUG: GET 200 http://35.247.164.137:9000/api/rules/search.protobuf?f=repo,name,severity,lang,internalKey,templateKey,params,actives,createdAt,updatedAt,deprecatedKeys&activation=true&qprofile=AX4rnVXVNcwuSSX-5K3Q&ps=500&p=1 | time=135ms
09:33:58.229 DEBUG: GET 200 http://35.247.164.137:9000/api/rules/search.protobuf?f=repo,name,severity,lang,internalKey,templateKey,params,actives,createdAt,updatedAt,deprecatedKeys&activation=true&qprofile=AX4rnV6MNcwuSSX-5K9L&ps=500&p=1 | time=59ms
09:33:58.348 DEBUG: GET 200 http://35.247.164.137:9000/api/rules/search.protobuf?f=repo,name,severity,lang,internalKey,templateKey,params,actives,createdAt,updatedAt,deprecatedKeys&activation=true&qprofile=AX4rnWJwNcwuSSX-5LBW&ps=500&p=1 | time=117ms
09:33:58.398 DEBUG: GET 200 http://35.247.164.137:9000/api/rules/search.protobuf?f=repo,name,severity,lang,internalKey,templateKey,params,actives,createdAt,updatedAt,deprecatedKeys&activation=true&qprofile=AX4rnWZoNcwuSSX-5LD-&ps=500&p=1 | time=44ms
09:33:58.543 DEBUG: GET 200 http://35.247.164.137:9000/api/rules/search.protobuf?f=repo,name,severity,lang,internalKey,templateKey,params,actives,createdAt,updatedAt,deprecatedKeys&activation=true&qprofile=AX4rnWlYNcwuSSX-5LKO&ps=500&p=1 | time=143ms
09:33:58.572 DEBUG: GET 200 http://35.247.164.137:9000/api/rules/search.protobuf?f=repo,name,severity,lang,internalKey,templateKey,params,actives,createdAt,updatedAt,deprecatedKeys&activation=true&qprofile=AX4rnWhLNcwuSSX-5LEa&ps=500&p=1 | time=22ms
09:33:58.596 INFO: Load active rules (done) | time=2882ms
09:33:58.740 DEBUG: Declared extensions of language Python were converted to sonar.lang.patterns.py : **/*.py
09:33:58.740 DEBUG: Declared extensions of language Go were converted to sonar.lang.patterns.go : **/*.go
09:33:58.741 DEBUG: Declared extensions of language Kotlin were converted to sonar.lang.patterns.kotlin : **/*.kt
09:33:58.741 DEBUG: Declared extensions of language Terraform were converted to sonar.lang.patterns.terraform : **/*.tf
09:33:58.741 DEBUG: Declared extensions of language CloudFormation were converted to sonar.lang.patterns.cloudformation : 
09:33:58.742 DEBUG: Declared extensions of language JavaScript were converted to sonar.lang.patterns.js : **/*.js,**/*.jsx,**/*.mjs,**/*.vue
09:33:58.742 DEBUG: Declared extensions of language TypeScript were converted to sonar.lang.patterns.ts : **/*.ts,**/*.tsx
09:33:58.742 DEBUG: Declared extensions of language CSS were converted to sonar.lang.patterns.css : **/*.css,**/*.less,**/*.scss
09:33:58.743 DEBUG: Declared extensions of language Ruby were converted to sonar.lang.patterns.ruby : **/*.rb
09:33:58.743 DEBUG: Declared extensions of language Scala were converted to sonar.lang.patterns.scala : **/*.scala
09:33:58.743 DEBUG: Declared extensions of language C# were converted to sonar.lang.patterns.cs : **/*.cs
09:33:58.743 DEBUG: Declared extensions of language Java were converted to sonar.lang.patterns.java : **/*.java,**/*.jav
09:33:58.744 DEBUG: Declared extensions of language HTML were converted to sonar.lang.patterns.web : **/*.html,**/*.xhtml,**/*.cshtml,**/*.vbhtml,**/*.aspx,**/*.ascx,**/*.rhtml,**/*.erb,**/*.shtm,**/*.shtml
09:33:58.745 DEBUG: Declared extensions of language JSP were converted to sonar.lang.patterns.jsp : **/*.jsp,**/*.jspf,**/*.jspx
09:33:58.745 DEBUG: Declared extensions of language Flex were converted to sonar.lang.patterns.flex : **/*.as
09:33:58.746 DEBUG: Declared extensions of language XML were converted to sonar.lang.patterns.xml : **/*.xml,**/*.xsd,**/*.xsl
09:33:58.747 DEBUG: Declared extensions of language PHP were converted to sonar.lang.patterns.php : **/*.php,**/*.php3,**/*.php4,**/*.php5,**/*.phtml,**/*.inc
09:33:58.748 DEBUG: Declared extensions of language VB.NET were converted to sonar.lang.patterns.vbnet : **/*.vb
09:33:58.748 DEBUG: Declared extensions of language YAML were converted to sonar.lang.patterns.yaml : **/*.yaml,**/*.yml
09:33:58.749 DEBUG: Declared extensions of language JSON were converted to sonar.lang.patterns.json : **/*.json
09:33:58.757 DEBUG: Will ignore generated code
09:33:58.760 DEBUG: Will ignore generated code
09:33:58.762 INFO: Indexing files...
09:33:58.763 INFO: Project configuration:
09:33:58.787 DEBUG: loading config FileBasedConfig[/tmp/jgit/config]
09:33:58.789 DEBUG: readpipe [/usr/bin/git, --version],/usr/bin
09:33:58.957 DEBUG: readpipe may return 'git version 2.32.0'
09:33:58.958 DEBUG: remaining output:

09:33:58.964 DEBUG: readpipe [/usr/bin/git, config, --system, --edit],/usr/bin
09:33:59.000 DEBUG: readpipe may return '/etc/gitconfig'
09:33:59.000 DEBUG: remaining output:

09:33:59.003 DEBUG: loading config FileBasedConfig[/etc/gitconfig]
09:33:59.005 DEBUG: loading config FileBasedConfig[/root/.gitconfig]
09:33:59.032 DEBUG: Thread[JGit-FileStoreAttributeReader-1,5,main]: start measure timestamp resolution /usr/src (/dev/root) in /usr/src/.git
09:33:59.035 DEBUG: Thread[JGit-FileStoreAttributeReader-1,5,main]: end measure timestamp resolution /usr/src (/dev/root) in /usr/src/.git; got PT0.000007S
09:33:59.035 DEBUG: Thread[JGit-FileStoreAttributeReader-1,5,main]: start measure minimal racy interval in /usr/src/.git
09:33:59.131 DEBUG: Thread[main,5,main]: use fallback timestamp resolution for directory /usr/src/.git
09:33:59.326 DEBUG: 51 non excluded files in this Git repository
09:33:59.380 DEBUG: 'Flask-docker-service.yaml' indexed with language 'yaml'
09:33:59.413 DEBUG: 'Dockerfile' indexed with no language
09:33:59.417 DEBUG: 'LICENSE' indexed with no language
09:33:59.422 DEBUG: 'terraform/provider.tf' indexed with language 'terraform'
09:33:59.426 DEBUG: 'terraform/main.tf' indexed with language 'terraform'
09:33:59.429 DEBUG: 'pyproject.toml' indexed with no language
09:33:59.442 DEBUG: Average line length for server/templates/style.css is 12
09:33:59.444 DEBUG: 'server/templates/style.css' indexed with language 'css'
09:33:59.448 DEBUG: 'server/templates/nghia.html' indexed with language 'web'
09:33:59.451 DEBUG: 'server/templates/images/people/2.jpeg' indexed with no language
09:33:59.455 DEBUG: 'server/templates/images/people/3.jpeg' indexed with no language
09:33:59.458 DEBUG: 'server/templates/images/people/1.jpeg' indexed with no language
09:33:59.462 DEBUG: 'server/templates/images/2.jpeg' indexed with no language
09:33:59.465 DEBUG: 'server/templates/images/3.jpeg' indexed with no language
09:33:59.470 DEBUG: 'server/templates/images/cup/5.jpeg' indexed with no language
09:33:59.473 DEBUG: 'server/templates/images/cup/2.jpeg' indexed with no language
09:33:59.475 DEBUG: 'server/templates/images/cup/3.jpeg' indexed with no language
09:33:59.478 DEBUG: 'server/templates/images/cup/6.jpeg' indexed with no language
09:33:59.482 DEBUG: 'server/templates/images/cup/7.jpeg' indexed with no language
09:33:59.485 DEBUG: 'server/templates/images/cup/1.jpeg' indexed with no language
09:33:59.488 DEBUG: 'server/templates/images/cup/8.jpeg' indexed with no language
09:33:59.490 DEBUG: 'server/templates/images/cup/4.jpeg' indexed with no language
09:33:59.493 DEBUG: 'server/templates/images/1.jpeg' indexed with no language
09:33:59.495 DEBUG: 'server/templates/images/four.jpeg' indexed with no language
09:33:59.498 DEBUG: 'server/templates/images/letter.jpeg' indexed with no language
09:33:59.501 DEBUG: 'server/templates/images/main.jpg' indexed with no language
09:33:59.504 DEBUG: 'server/templates/haha.html' indexed with language 'web'
09:33:59.506 DEBUG: 'server/templates/index.html' indexed with language 'web'
09:33:59.509 DEBUG: 'server/__init__.py' indexed with language 'py'
09:33:59.511 DEBUG: 'server/app.py' indexed with language 'py'
09:33:59.515 DEBUG: 'helm-chart/templates/deployment.yaml' indexed with language 'yaml'
09:33:59.517 DEBUG: 'helm-chart/templates/_helpers.tpl' indexed with no language
09:33:59.521 DEBUG: 'helm-chart/templates/service.yaml' indexed with language 'yaml'
09:33:59.523 DEBUG: 'helm-chart/values.yaml' indexed with language 'yaml'
09:33:59.526 DEBUG: 'helm-chart/Chart.yaml' indexed with language 'yaml'
09:33:59.529 DEBUG: 'Flask-docker-deployment.yaml' indexed with language 'yaml'
09:33:59.531 DEBUG: 'kube.yaml' indexed with language 'yaml'
09:33:59.532 DEBUG: 'Jenkinsfile2' indexed with no language
09:33:59.533 DEBUG: 'Jenkinsfile' indexed with no language
09:33:59.535 DEBUG: 'tests/test_server.py' indexed with language 'py'
09:33:59.537 DEBUG: 'tests/test_dummy2.py' indexed with language 'py'
09:33:59.539 DEBUG: 'tests/__init__.py' indexed with language 'py'
09:33:59.541 DEBUG: 'README.md' indexed with no language
09:33:59.543 DEBUG: 'poetry.lock' indexed with no language
09:33:59.545 DEBUG: 'docker-compose.yaml' indexed with language 'yaml'
09:33:59.547 DEBUG: 'Test-jenkinsfile' indexed with no language
09:33:59.549 DEBUG: 'deploy.sh' indexed with no language
09:33:59.551 DEBUG: 'Jenkinsfile_first' indexed with no language
09:33:59.553 DEBUG: 'kubeconfig.yaml' indexed with language 'yaml'
09:33:59.574 INFO: 48 files indexed
09:33:59.577 INFO: 0 files ignored because of scm ignore settings
09:33:59.579 INFO: Quality profile for css: Sonar way
09:33:59.581 INFO: Quality profile for py: Sonar way
09:33:59.582 INFO: Quality profile for terraform: Sonar way
09:33:59.583 INFO: Quality profile for web: Sonar way
09:33:59.584 INFO: Quality profile for yaml: Sonar way
09:33:59.585 INFO: ------------- Run sensors on module sonarqube-test
09:33:59.830 INFO: Load metrics repository
09:33:59.858 DEBUG: GET 200 http://35.247.164.137:9000/api/metrics/search?ps=500&p=1 | time=19ms
09:33:59.911 INFO: Load metrics repository (done) | time=81ms
09:34:02.048 DEBUG: delta [ns] since modification FileSnapshot failed to detect
count, failures, racy limit [ns], delta min [ns], delta max [ns], delta avg [ns], delta stddev [ns]
1297, 35, 17500, 1255000.0, 4200000.0, 2624800.0, 949152.8358922775
09:34:02.050 DEBUG: FileStoreAttributes[fsTimestampResolution=7 Âµs, minimalRacyInterval=4,200 Âµs]
09:34:02.098 DEBUG: Thread[JGit-FileStoreAttributeReader-1,5,main]: start measure timestamp resolution / (overlay) in /tmp/jgit
09:34:02.099 DEBUG: Thread[JGit-FileStoreAttributeReader-1,5,main]: end measure timestamp resolution / (overlay) in /tmp/jgit; got PT0.000002S
09:34:02.100 DEBUG: Thread[JGit-FileStoreAttributeReader-1,5,main]: start measure minimal racy interval in /tmp/jgit
09:34:02.197 DEBUG: Thread[JGit-FileStoreAttributeWriter-2,5,main]: use fallback timestamp resolution for directory /tmp/jgit
09:34:02.503 DEBUG: 'JavaSensor' skipped because there is no related file in current project
09:34:02.508 DEBUG: 'Import external issues report' skipped because one of the required properties is missing
09:34:02.513 DEBUG: 'Import of Pylint issues' skipped because one of the required properties is missing
09:34:02.514 DEBUG: 'Import of Bandit issues' skipped because one of the required properties is missing
09:34:02.514 DEBUG: 'Import of Flake8 issues' skipped because one of the required properties is missing
09:34:02.515 DEBUG: 'Code Quality and Security for Go' skipped because there is no related file in current project
09:34:02.518 DEBUG: 'Go Unit Test Report' skipped because there is no related file in current project
09:34:02.519 DEBUG: 'Go Cover sensor for Go coverage' skipped because one of the required properties is missing
09:34:02.537 DEBUG: 'Import of go vet issues' skipped because there is no related file in current project
09:34:02.541 DEBUG: 'Import of Golint issues' skipped because there is no related file in current project
09:34:02.542 DEBUG: 'Import of GoMetaLinter issues' skipped because there is no related file in current project
09:34:02.542 DEBUG: 'Import of GolangCI-Lint issues' skipped because there is no related file in current project
09:34:02.542 DEBUG: 'Kotlin Sensor' skipped because there is no related file in current project
09:34:02.543 DEBUG: 'KotlinSurefireSensor' skipped because there is no related file in current project
09:34:02.544 DEBUG: 'Import of detekt issues' skipped because there is no related file in current project
09:34:02.545 DEBUG: 'Import of Android Lint issues' skipped because one of the required properties is missing
09:34:02.545 DEBUG: 'Import of ktlint issues' skipped because there is no related file in current project
09:34:02.567 DEBUG: 'JavaScript analysis' skipped because there is no related file in current project
09:34:02.567 DEBUG: 'TypeScript analysis' skipped because there is no related file in current project
09:34:02.569 DEBUG: 'JavaScript/TypeScript Coverage' skipped because there is no related file in current project
09:34:02.571 DEBUG: 'Import of ESLint issues' skipped because one of the required properties is missing
09:34:02.572 DEBUG: 'Import of TSLint issues' skipped because one of the required properties is missing
09:34:02.575 DEBUG: 'Import of stylelint issues' skipped because one of the required properties is missing
09:34:02.577 DEBUG: 'Ruby Sensor' skipped because there is no related file in current project
09:34:02.579 DEBUG: 'Import of RuboCop issues' skipped because there is no related file in current project
09:34:02.579 DEBUG: 'SimpleCov Sensor for Ruby coverage' skipped because there is no related file in current project
09:34:02.586 DEBUG: 'Scala Sensor' skipped because there is no related file in current project
09:34:02.591 DEBUG: 'Scoverage sensor for Scala coverage' skipped because there is no related file in current project
09:34:02.595 DEBUG: 'Import of Scalastyle issues' skipped because there is no related file in current project
09:34:02.595 DEBUG: 'Import of Scapegoat issues' skipped because there is no related file in current project
09:34:02.597 DEBUG: 'Import of Checkstyle issues' skipped because there is no related file in current project
09:34:02.599 DEBUG: 'Import of PMD issues' skipped because one of the required properties is missing
09:34:02.617 DEBUG: 'Import of SpotBugs issues' skipped because there is no related file in current project
09:34:02.617 DEBUG: 'SurefireSensor' skipped because there is no related file in current project
09:34:02.618 DEBUG: 'Removed properties sensor' skipped because there is no related file in current project
09:34:02.627 DEBUG: 'Flex' skipped because there is no related file in current project
09:34:02.627 DEBUG: 'Flex Cobertura' skipped because there is no related file in current project
09:34:02.627 DEBUG: 'XML Sensor' skipped because there is no related file in current project
09:34:02.629 DEBUG: 'PHP sensor' skipped because there is no related file in current project
09:34:02.630 DEBUG: 'Analyzer for "php.ini" files' skipped because there is no related file in current project
09:34:02.635 DEBUG: 'Import of PHPStan issues' skipped because there is no related file in current project
09:34:02.635 DEBUG: 'Import of Psalm issues' skipped because there is no related file in current project
09:34:02.649 DEBUG: 'Generic Test Executions Report' skipped because one of the required properties is missing
09:34:02.653 DEBUG: Sensors : Python Sensor -> Cobertura Sensor for Python coverage -> PythonXUnitSensor -> JaCoCo XML Report Importer -> IaC Terraform Sensor -> IaC CloudFormation Sensor -> CSS Metrics -> CSS Rules -> C# Project Type Information -> C# Analysis Log -> C# Properties -> JavaXmlSensor -> HTML -> VB.NET Project Type Information -> VB.NET Analysis Log -> VB.NET Properties
09:34:02.663 INFO: Sensor Python Sensor [python]
09:34:02.674 WARN: Your code is analyzed as compatible with python 2 and 3 by default. This will prevent the detection of issues specific to python 2 or python 3. You can get a more precise analysis by setting a python version in your configuration via the parameter "sonar.python.version"
09:34:02.690 DEBUG: Input files for indexing: [tests/test_dummy2.py, server/__init__.py, server/app.py, tests/test_server.py, tests/__init__.py]
09:34:02.692 INFO: Starting global symbols computation
09:34:02.703 INFO: 5 source files to be analyzed
09:34:02.706 INFO: Load project repositories
09:34:02.718 DEBUG: GET 200 http://35.247.164.137:9000/batch/project.protobuf?key=sonarqube-test | time=12ms
09:34:02.732 INFO: Load project repositories (done) | time=27ms
09:34:02.732 DEBUG: 'tests/test_dummy2.py' generated metadata with charset 'UTF-8'
09:34:03.367 DEBUG: 'server/__init__.py' generated metadata with charset 'UTF-8'
09:34:03.444 DEBUG: 'server/app.py' generated metadata with charset 'UTF-8'
09:34:05.117 DEBUG: delta [ns] since modification FileSnapshot failed to detect
count, failures, racy limit [ns], delta min [ns], delta max [ns], delta avg [ns], delta stddev [ns]
1060, 33, 5000, 1153000.0, 3791000.0, 2436454.545454545, 819932.775099165
09:34:05.117 DEBUG: FileStoreAttributes[fsTimestampResolution=2 Âµs, minimalRacyInterval=3,791 Âµs]
09:34:05.134 DEBUG: loading config FileBasedConfig[/tmp/jgit/config]
09:34:11.911 DEBUG: 'tests/test_server.py' generated metadata with charset 'UTF-8'
09:34:11.946 DEBUG: 'tests/__init__.py' generated metadata with charset 'UTF-8'
09:34:11.950 INFO: 5/5 source files have been analyzed
09:34:11.960 INFO: Starting rules execution
09:34:11.973 INFO: 5 source files to be analyzed
09:34:12.033 DEBUG: Not enough content in 'tests/test_dummy2.py' to have CPD blocks, it will not be part of the duplication detection
09:34:12.938 DEBUG: Not enough content in 'server/__init__.py' to have CPD blocks, it will not be part of the duplication detection
09:34:13.132 DEBUG: Not enough content in 'tests/__init__.py' to have CPD blocks, it will not be part of the duplication detection
09:34:13.135 INFO: 5/5 source files have been analyzed
09:34:13.136 INFO: Sensor Python Sensor [python] (done) | time=10474ms
09:34:13.136 INFO: Sensor Cobertura Sensor for Python coverage [python]
09:34:13.136 DEBUG: Using pattern 'coverage-reports/*coverage-*.xml' to find reports
09:34:13.191 DEBUG: No report was found for sonar.python.coverage.reportPaths using default pattern coverage-reports/*coverage-*.xml
09:34:13.192 INFO: Sensor Cobertura Sensor for Python coverage [python] (done) | time=55ms
09:34:13.192 INFO: Sensor PythonXUnitSensor [python]
09:34:13.192 DEBUG: Using pattern 'xunit-reports/xunit-result-*.xml' to find reports
09:34:13.196 DEBUG: No report was found for sonar.python.xunit.reportPath using default pattern xunit-reports/xunit-result-*.xml
09:34:13.197 INFO: Sensor PythonXUnitSensor [python] (done) | time=5ms
09:34:13.197 INFO: Sensor JaCoCo XML Report Importer [jacoco]
09:34:13.202 INFO: 'sonar.coverage.jacoco.xmlReportPaths' is not defined. Using default locations: target/site/jacoco/jacoco.xml,target/site/jacoco-it/jacoco.xml,build/reports/jacoco/test/jacocoTestReport.xml
09:34:13.204 INFO: No report imported, no coverage information will be imported by JaCoCo XML Report Importer
09:34:13.205 INFO: Sensor JaCoCo XML Report Importer [jacoco] (done) | time=8ms
09:34:13.205 INFO: Sensor IaC Terraform Sensor [iac]
09:34:13.223 INFO: 2 source files to be analyzed
09:34:13.362 DEBUG: 'terraform/main.tf' generated metadata with charset 'UTF-8'
09:34:13.528 DEBUG: 'terraform/provider.tf' generated metadata with charset 'UTF-8'
09:34:13.531 INFO: 2/2 source files have been analyzed
09:34:13.532 INFO: Sensor IaC Terraform Sensor [iac] (done) | time=327ms
09:34:13.532 INFO: Sensor IaC CloudFormation Sensor [iac]
09:34:13.537 DEBUG: 'docker-compose.yaml' generated metadata with charset 'UTF-8'
09:34:13.541 DEBUG: 'helm-chart/templates/deployment.yaml' generated metadata with charset 'UTF-8'
09:34:13.545 DEBUG: 'helm-chart/Chart.yaml' generated metadata with charset 'UTF-8'
09:34:13.552 DEBUG: 'kube.yaml' generated metadata with charset 'UTF-8'
09:34:13.559 DEBUG: 'Flask-docker-deployment.yaml' generated metadata with charset 'UTF-8'
09:34:13.563 DEBUG: 'helm-chart/templates/service.yaml' generated metadata with charset 'UTF-8'
09:34:13.567 DEBUG: 'helm-chart/values.yaml' generated metadata with charset 'UTF-8'
09:34:13.570 DEBUG: 'Flask-docker-service.yaml' generated metadata with charset 'UTF-8'
09:34:13.574 DEBUG: 'kubeconfig.yaml' generated metadata with charset 'UTF-8'
09:34:13.585 INFO: 0 source files to be analyzed
09:34:13.599 INFO: 0/0 source files have been analyzed
09:34:13.600 INFO: Sensor IaC CloudFormation Sensor [iac] (done) | time=68ms
09:34:13.600 INFO: Sensor CSS Metrics [javascript]
09:34:13.606 DEBUG: 'server/templates/style.css' generated metadata with charset 'UTF-8'
09:34:13.644 INFO: Sensor CSS Metrics [javascript] (done) | time=44ms
09:34:13.645 INFO: Sensor CSS Rules [javascript]
09:34:13.647 DEBUG: Deploying bundle
09:34:13.647 DEBUG: Deploying eslint-bridge into /usr/src/.scannerwork/.sonartmp/eslint-bridge-bundle
09:34:16.633 DEBUG: Deploying bundle (done) | time=2986ms
09:34:16.634 DEBUG: Starting server
09:34:16.638 DEBUG: Using default Node.js executable: 'node'.
09:34:16.638 DEBUG: Checking Node.js version
09:34:16.639 DEBUG: Launching command node -v
09:34:17.151 DEBUG: Using Node.js v14.18.1.
09:34:17.152 DEBUG: Starting Node.js process to start eslint-bridge server at port 37607
09:34:17.152 DEBUG: Launching command node /usr/src/.scannerwork/.sonartmp/eslint-bridge-bundle/package/bin/server 37607 127.0.0.1 /usr/src/.scannerwork true false 
09:34:20.355 DEBUG: starting eslint-bridge server at port 37607
09:34:20.368 DEBUG: eslint-bridge server is running at port 37607
09:34:20.504 DEBUG: Starting server (done) | time=3870ms
09:34:20.534 INFO: 4 source files to be analyzed
09:34:20.566 DEBUG: 'server/templates/nghia.html' generated metadata with charset 'UTF-8'
09:34:20.570 DEBUG: Analyzing /usr/src/server/templates/nghia.html
09:34:20.907 DEBUG: Found 0 issue(s)
09:34:20.942 DEBUG: 'server/templates/index.html' generated metadata with charset 'UTF-8'
09:34:20.943 DEBUG: Analyzing /usr/src/server/templates/index.html
09:34:21.027 DEBUG: Found 0 issue(s)
09:34:21.044 DEBUG: 'server/templates/haha.html' generated metadata with charset 'UTF-8'
09:34:21.045 DEBUG: Analyzing /usr/src/server/templates/haha.html
09:34:21.075 DEBUG: Found 0 issue(s)
09:34:21.080 DEBUG: Analyzing /usr/src/server/templates/style.css
09:34:21.142 DEBUG: Found 1 issue(s)
09:34:21.143 INFO: 4/4 source files have been analyzed
09:34:21.144 INFO: Sensor CSS Rules [javascript] (done) | time=7500ms
09:34:21.145 INFO: Sensor C# Project Type Information [csharp]
09:34:21.147 INFO: Sensor C# Project Type Information [csharp] (done) | time=2ms
09:34:21.148 INFO: Sensor C# Analysis Log [csharp]
09:34:21.169 DEBUG: Project 'sonarqube-test': Property missing: 'sonar.cs.analyzer.projectOutPaths'. No protobuf files will be loaded for this project.
09:34:21.170 INFO: Sensor C# Analysis Log [csharp] (done) | time=22ms
09:34:21.171 INFO: Sensor C# Properties [csharp]
09:34:21.171 DEBUG: Project 'sonarqube-test': Property missing: 'sonar.cs.analyzer.projectOutPaths'. No protobuf files will be loaded for this project.
09:34:21.172 DEBUG: Project 'sonarqube-test': No Roslyn issues reports have been found.
09:34:21.172 INFO: Sensor C# Properties [csharp] (done) | time=1ms
09:34:21.173 INFO: Sensor JavaXmlSensor [java]
09:34:21.174 INFO: Sensor JavaXmlSensor [java] (done) | time=1ms
09:34:21.175 INFO: Sensor HTML [web]
09:34:21.289 DEBUG: HtmlSensor: server/templates/nghia.html: 12,0,1
09:34:21.343 DEBUG: HtmlSensor: server/templates/index.html: 0,0,1
09:34:21.425 DEBUG: HtmlSensor: server/templates/haha.html: 0,0,1
09:34:21.455 INFO: Sensor HTML [web] (done) | time=279ms
09:34:21.455 INFO: Sensor VB.NET Project Type Information [vbnet]
09:34:21.458 INFO: Sensor VB.NET Project Type Information [vbnet] (done) | time=3ms
09:34:21.461 INFO: Sensor VB.NET Analysis Log [vbnet]
09:34:21.486 DEBUG: Project 'sonarqube-test': Property missing: 'sonar.vbnet.analyzer.projectOutPaths'. No protobuf files will be loaded for this project.
09:34:21.488 INFO: Sensor VB.NET Analysis Log [vbnet] (done) | time=27ms
09:34:21.489 INFO: Sensor VB.NET Properties [vbnet]
09:34:21.489 DEBUG: Project 'sonarqube-test': Property missing: 'sonar.vbnet.analyzer.projectOutPaths'. No protobuf files will be loaded for this project.
09:34:21.493 DEBUG: Project 'sonarqube-test': No Roslyn issues reports have been found.
09:34:21.494 INFO: Sensor VB.NET Properties [vbnet] (done) | time=5ms
09:34:21.503 INFO: ------------- Run sensors on project
09:34:21.522 DEBUG: 'Generic Coverage Report' skipped because one of the required properties is missing
09:34:21.523 DEBUG: 'C#' skipped because there is no related file in current project
09:34:21.524 DEBUG: 'C# Tests Coverage Report Import' skipped because there is no related file in current project
09:34:21.524 DEBUG: '[Deprecated] C# Integration Tests Coverage Report Import' skipped because there is no related file in current project
09:34:21.525 DEBUG: 'C# Unit Test Results Import' skipped because there is no related file in current project
09:34:21.526 DEBUG: 'VB.NET' skipped because there is no related file in current project
09:34:21.527 DEBUG: 'VB.NET Tests Coverage Report Import' skipped because there is no related file in current project
09:34:21.527 DEBUG: '[Deprecated] VB.NET Integration Tests Coverage Report Import' skipped because there is no related file in current project
09:34:21.528 DEBUG: 'VB.NET Unit Test Results Import' skipped because there is no related file in current project
09:34:21.529 DEBUG: 'Java CPD Block Indexer' skipped because there is no related file in current project
09:34:21.530 DEBUG: Sensors : Zero Coverage Sensor
09:34:21.531 INFO: Sensor Zero Coverage Sensor
09:34:21.561 INFO: Sensor Zero Coverage Sensor (done) | time=30ms
09:34:21.586 INFO: SCM Publisher SCM provider for this project is: git
09:34:21.600 INFO: SCM Publisher 1 source file to be analyzed
09:34:21.603 DEBUG: loading config FileBasedConfig[/tmp/jgit/config]
09:34:21.612 DEBUG: Blame file kube.yaml
09:34:21.678 DEBUG: Unable to blame file kube.yaml. It is probably a symlink.
09:34:21.750 INFO: SCM Publisher 0/1 source files have been analyzed (done) | time=125ms
09:34:21.751 WARN: Missing blame information for the following files:
09:34:21.753 WARN:   * kube.yaml
09:34:21.753 WARN: This may lead to missing/broken features in SonarQube
09:34:21.774 INFO: CPD Executor 3 files had no CPD blocks
09:34:21.775 INFO: CPD Executor Calculating CPD for 5 files
09:34:21.785 DEBUG: Detection of duplications for /usr/src/server/templates/index.html
09:34:21.817 DEBUG: Detection of duplications for /usr/src/server/templates/nghia.html
09:34:21.821 DEBUG: Detection of duplications for /usr/src/server/app.py
09:34:21.822 DEBUG: Detection of duplications for /usr/src/server/templates/haha.html
09:34:21.824 DEBUG: Detection of duplications for /usr/src/tests/test_server.py
09:34:21.826 INFO: CPD Executor CPD calculation finished (done) | time=41ms
09:34:21.857 DEBUG: SCM revision ID '305e1f9752108c3db6d8bc5c2123635a66ad9e21'
09:34:22.060 INFO: Analysis report generated in 230ms, dir size=168.2 kB
09:34:22.202 INFO: Analysis report compressed in 140ms, zip size=46.8 kB
09:34:22.205 INFO: Analysis report generated in /usr/src/.scannerwork/scanner-report
09:34:22.207 DEBUG: Upload report
09:34:22.323 DEBUG: POST 200 http://35.247.164.137:9000/api/ce/submit?projectKey=sonarqube-test&projectName=sonarqube-test | time=114ms
09:34:22.338 INFO: Analysis report uploaded in 122ms
09:34:22.345 DEBUG: Report metadata written to /usr/src/.scannerwork/report-task.txt
09:34:22.346 INFO: ANALYSIS SUCCESSFUL, you can browse http://35.247.164.137:9000/dashboard?id=sonarqube-test
09:34:22.347 INFO: Note that you will be able to access the updated dashboard once the server has processed the submitted analysis report
09:34:22.347 INFO: More about the report processing at http://35.247.164.137:9000/api/ce/task?id=AX4uvUI-KLvBOTN9MV5c
09:34:22.354 DEBUG: Post-jobs : 
09:34:22.360 DEBUG: eslint-bridge server will shutdown
09:34:28.021 INFO: Analysis total time: 33.558 s
09:34:28.026 INFO: ------------------------------------------------------------------------
09:34:28.027 INFO: EXECUTION SUCCESS
09:34:28.028 INFO: ------------------------------------------------------------------------
09:34:28.028 INFO: Total time: 41.278s
09:34:28.421 INFO: Final Memory: 102M/264M
09:34:28.431 INFO: ------------------------------------------------------------------------
[8mha:////4PY2ylSuOd8VFZMiuUjaL7BMc+jhhtCAnfMtRFZQDobvAAAApB+LCAAAAAAAAP9tjbEOwiAURV9rHFwd/QiaJm7GyZWw+AXYIkLJexSodPKL/DX/QbSJk3e4uecu5/mCdQxwpKCZVTgYjJ1h3k26LJYpDFdHmVm6sI4wklNMqCyoV6cFBSUFS6oaVhw2CjtH0aBOsOVW3mXjJOrmnEL5Dhxq04/wgIoXc5IhfWEOsLtNfST8ef4KYPY+Qd3uP9W+ATnVfPq+AAAA[0m[Pipeline] }
[8mha:////4G90YOhVE9ElXDLEUbeNsh9vcotYkaENjZCm88yZYD+GAAAApB+LCAAAAAAAAP9tjTEOwjAQBC9BFLSUPOICBRWiSmu54QUmNsaJdWdsh6TiRXyNPxCIRMUWq51t5vmCZYpw5GixNdQ5So3D4Hs7LRw4dhfPA7Z8xoYpsTcozSBZm3pGydnAnKKEhYCVocZzcmQzrEWr7qryimx1ynH6DgJKp2/wgEJM5qxi/sIYYXPtdWL6ef4KYAwhQ7nbf2r7Bgo2J0a+AAAA[0m[Pipeline] // withEnv
[8mha:////4InHiv49BaznE/9jmb4GlorGc68SSF75fCZwuwHX2BFAAAAApB+LCAAAAAAAAP9tjTEOwjAQBDdBFLSUPMIRDUJCVLRWGl5gEmOcWHfBvpBUvIiv8QciIlGx1c4083pjmSKOHJ1qLLWeUuVVF3o3PTVwbK+BB9XwRVVMiYNVpR1Kru1pxpLFYl6WY6GxslQFTp6cYK0b8zBFMOSKs8TJHTRyX9/xRKanspgoXxgjNre+Tky/zt8Axq4T5NudINt/AA6Ss1S9AAAA[0m[Pipeline] }
[8mha:////4HT781CSvcE0ZTUUJcQSLsxjjenxxByKGsNq1QqhahpgAAAAox+LCAAAAAAAAP9tjTESgjAQRT84FraWHiKMFYVjZZuh8QQRYgxkdjFZhMoTeTXvICMzVv7qv9e81xvrFHHk6FRrqfOUaq/6MLj5qZFjdw08qpYvqmZKHKyq7FhxY08LViwWy7IcK42NpTpw8uQEW92ahymCIVecJc7uoJH75o4nMj2XxUT5whSxuw1NYvp1/gYw9b0g35eCrPwAL6Zs+b0AAAA=[0m[Pipeline] // node
[8mha:////4KAikXtBBRQ3MnDUeqwi48GvCd8gTVp0XwJQdzQNeWmFAAAApB+LCAAAAAAAAP9tjTEOwjAQBDdBFLSUPMIRDUJCVLRWGl5gEmOcWHfBvpBUvIiv8QciIlGx1c4083pjmSKOHJ1qLLWeUuVVF3o3PTVwbK+BB9XwRVVMiYNVpR1Kru1pxpLFYl6WY6GxslQFTp6cYK0b8zBFMOSKs8TJHTRyX9/xRKanspgoXxgjNre+Tky/zt8Axq4T5Nu9INt9AGgBOwy9AAAA[0m[Pipeline] }
[8mha:////4P5nS0rbifIefR6LfS5PVWTshUvpbIkfSwbB/tcCTFWgAAAApB+LCAAAAAAAAP9tjTEOwjAQBDdBFLSUPMIRBQVCVLRWGl5gEmOcWHfBvpBUvIiv8QciIlGx1c4083pjmSKOHJ1qLLWeUuVVF3o3PTVwbK+BB9XwRVVMiYNVpR1Kru1pxpLFYl6WY6GxslQFTp6cYK0b8zBFMOSKs8TJHTRyX9/xRKanspgoXxgjNre+Tky/zt8Axq4T5Nu9INt9AGJ5Uqi9AAAA[0m[Pipeline] // stage
[8mha:////4EyRWlY8SQkeLEpldBk1Lc30dnPFYemlWsuqqxdK9xBcAAAAph+LCAAAAAAAAP9tjTEOwjAQBM9BKWgpeYSDEB2iorXc8AITG+PEugv2haTiRXyNPxCIRMVWOyut5vmCMic4UPKycdgGzHWQXez91ORAqb1EGmRDZ1kTZopOajdosu44oyZ2MEcUsFCwdFhHygE9w0o15m6qaNBXJ07TtldQBHuDBwg1mdkk/sKYYH3tbSb8ef4KYOwYxI6h2G4+x/INK/7CYMEAAAA=[0m[Pipeline] stage
[8mha:////4PHr1cY8mcvneRiJm9diAFb3QqCjRXyRTiIAnEBuEXTdAAAAph+LCAAAAAAAAP9tjTEOwjAUQ3+LOrAycogUWBFT1ygLJwhNCGmj/8tPSjtxIq7GHWipxIQHy7ZkvdcbishwInaisdh6jLUXXejdlMRA3F4DDaKhi6gJIwUrlB0UGVstVVGysCjLYSVhbbEOFD26BBvZ6Icug0ZXnhNP21FC7s0dnpDJiZw0p28ZGba33kTCH+cvAMYuQX7Yzbafn8UHbGnGmsIAAAA=[0m[Pipeline] { (Test)
[8mha:////4JGuQrV7/NDspgVt30s5Hso3D5vYqfIsbb7gxZa/vUH3AAAAph+LCAAAAAAAAP9tjTEOwjAUQ3+DOrAycohUdEVMrFEXThCaEJJG/7dJSjpxIq7GHWipxIQHy7ZkvdcbyhjgRMFwp7GzGFvLez+aOfFMobt5ytzRlbeEkbzmjc4NKX1ea0NJw6qCwUbAVmPrKVo0CXbCyYesvERTXVKYt6MAZtUATyjETE4ypG+ZAuzvo4qEP85fAEx9AlYfFquXZ/kBAsTc3cIAAAA=[0m[Pipeline] node
Running on [8mha:////4H8qy94SiiQreLqxOMt7rEcbO/xGHMEFKqHLW6flZkHZAAAAoR+LCAAAAAAAAP9b85aBtbiIQTGjNKU4P08vOT+vOD8nVc83PyU1x6OyILUoJzMv2y+/JJUBAhiZGBgqihhk0NSjKDWzXb3RdlLBUSYGJk8GtpzUvPSSDB8G5tKinBIGIZ+sxLJE/ZzEvHT94JKizLx0a6BxUmjGOUNodHsLgAz2EgZR/eT83ILSktQifY2k0sycEt3MPE19AHHxbH3KAAAA[0mJenkins in /var/jenkins_home/workspace/CICD-pipeline
[8mha:////4I8lj0sAbFZLU3bRe0piQdhy4de3aj1AGzRZLzyt3bEhAAAAph+LCAAAAAAAAP9tjTEOwjAUQ3+LOrAycohUKiNiYo2ycILQhJA0+r9NUtKJE3E17kBLJSY8WLYl673eUMUAJwqGOY2dxdha1vvRzIllCt3NU2aOrqwljOQ1EzoLUvq8VkFJw6qihA2HrcbWU7RoEuy4kw9Ze4mmvqQwb0cOpVUDPKHgMznJkL5lCrC/jyoS/jh/ATD1CcqmWeywPKsPpnFij8IAAAA=[0m[Pipeline] {
[8mha:////4JIOucRgv14WjXctjArLvTgFcA+vwg12Z3IvliSMhhmVAAAApB+LCAAAAAAAAP9tjTEOwjAQBC9BFLSUPOIiAR2iSmu54QUmNsaJdWdsh6TiRXyNPxCIRMUWq51t5vmCZYpw5GixNdQ5So3D4Hs7LRw4dhfPA7Z8xoYpsTcozSBZm3pGydnAnKKEhYCVocZzcmQzrEWr7qryimx1ynH6DgJKp2/wgEJM5qxi/sIYYXPtdWL6ef4KYAwZyu3uU/vwBrANZ3i+AAAA[0m[Pipeline] checkout
Selected Git installation does not exist. Using Default
The recommended git tool is: NONE
using credential cc06d1e1-44a5-4361-9e9c-eadedc84103a
 > git rev-parse --resolve-git-dir /var/jenkins_home/workspace/CICD-pipeline/.git # timeout=10
Fetching changes from the remote Git repository
 > git config remote.origin.url https://github.com/nghiattr/flask-docker.git # timeout=10
Fetching upstream changes from https://github.com/nghiattr/flask-docker.git
 > git --version # timeout=10
 > git --version # 'git version 2.30.2'
using GIT_ASKPASS to set credentials github-acc-nghiattr
 > git fetch --tags --force --progress -- https://github.com/nghiattr/flask-docker.git +refs/heads/*:refs/remotes/origin/* # timeout=10
 > git rev-parse refs/remotes/origin/develop^{commit} # timeout=10
Checking out Revision 305e1f9752108c3db6d8bc5c2123635a66ad9e21 (refs/remotes/origin/develop)
 > git config core.sparsecheckout # timeout=10
 > git checkout -f 305e1f9752108c3db6d8bc5c2123635a66ad9e21 # timeout=10
Commit message: "asds"
[8mha:////4J7FQqqRfQx0xvzuAjqG2xRVwyiC+DA6xVZF3nPPPDvmAAAApx+LCAAAAAAAAP9tjTEOwjAUQ3+LOrAycohUAjEhpq5RFk4QmhDSRv+Xn5R24kRcjTvQUokJD5ZtyXqvNxSR4UTsRGOx9RhrL7rQuymJgbi9BhpEQxdRE0YKVig7KDK2WqqiZGFRlsNKwtpiHSh6dAk2stEPXQaNrjwnnrajhNybOzwhkxM5aU7fMjJsb72JhD/OXwCMXYJ8t5/tMD+LD3tNtZjCAAAA[0m[Pipeline] withEnv
[8mha:////4I3NUhdtNlxDNHxJhCNuDap112vn0h3gv3uLmOzc9nNFAAAAqB+LCAAAAAAAAP9tjTEOwjAUQ3+LOrAycohUQoIFMXWNsnCC0ISQNvq//KS0EyfiatyBlkpMeLBsS9Z7vaGIDCdiJxqLrcdYe9GF3k1JDMTtNdAgGrqImjBSsELZQZGx1VIVJQuLshxWEtYW60DRo0uwkY1+6DJodOU58bQdJeTe3OEJmZzISXP6lpFhe+tNJPxx/gJg7BLku/1sh/lZfACW9ZT2wgAAAA==[0m[Pipeline] {
[8mha:////4AuiYkv/kldZwpE7gb5nF/YjQWSmd0HQjHcUsk0IxjUiAAAApR+LCAAAAAAAAP9tjTEOwjAQBC9BFLSUPOIiUUCBqNJabniBiY1xYt0Z2yGpeBFf4w8EIlGxxWpnm3m+YJkiHDlabA11jlLjMPjeTgsHjt3F84Atn7FhSuwNSjNI1qaeUXI2MKcoYSFgZajxnBzZDGvRqruqvCJbnXKcvoOA0ukbPKAQkzmrmL8wRthce52Yfp6/AhhDhnK7+9Q+vAHUcXIBvgAAAA==[0m[Pipeline] isUnix
[8mha:////4E2x0PpieO0MCnMSYa02mmV26OC4YR8PlxXe4dvydFG7AAAApR+LCAAAAAAAAP9tjTEOwjAQBC9BFLSUPOIiUSAkRJXWcsMLTGyME+vO2A5JxYv4Gn8gEImKLVY728zzBcsU4cjRYmuoc5Qah8H3dlo4cOwungds+YwNU2JvUJpBsjb1jJKzgTlFCQsBK0ON5+TIZliLVt1V5RXZ6pTj9B0ElE7f4AGFmMxZxfyFMcLm2uvE9PP8FcAYMpTb3af24Q0bbeqGvgAAAA==[0m[Pipeline] sh
+ docker inspect -f . python:3.8-slim-buster
.
[8mha:////4KR6BDwT9HMOBoktbtKIP/nuNeLjMIQwrj9eAt9jq0dQAAAAqB+LCAAAAAAAAP9tjTEOwjAUQ3+LOrAycohUYkBCiKlrlIUThCaEtNH/5SelnTgRV+MOtFRiwoNlW7Le6w1FZDgRO9FYbD3G2osu9G5KYiBur4EG0dBF1ISRghXKDoqMrZaqKFlYlOWwkrC2WAeKHl2CjWz0Q5dBoyvPiaftKCH35g5PyORETprTt4wM21tvIuGP8xcAY5cg3+1nO8zP4gNCISCewgAAAA==[0m[Pipeline] withDockerContainer
Jenkins seems to be running inside container 322f5210f9a2dbbec411b254074901afe720ea3420f95922585baa9fd9c00dbb
$ docker run -t -d -u 1002:998 -u 0:0 -v /tmp:/root/.cache -w /var/jenkins_home/workspace/CICD-pipeline --volumes-from 322f5210f9a2dbbec411b254074901afe720ea3420f95922585baa9fd9c00dbb -e ******** -e ******** -e ******** -e ******** -e ******** -e ******** -e ******** -e ******** -e ******** -e ******** -e ******** -e ******** -e ******** -e ******** -e ******** -e ******** -e ******** -e ******** -e ******** -e ******** -e ******** -e ******** -e ******** -e ******** -e ******** -e ******** -e ******** -e ******** -e ******** -e ******** -e ******** -e ******** -e ******** -e ******** -e ******** python:3.8-slim-buster cat
$ docker top 329e9270aa364667cdb531314293aa02c152982b4a0a8cbe74ed34319414e5b6 -eo pid,comm
[8mha:////4C25YT8ONKv2f4n/u+ADyGNQmZILodvYs7gl10665xEaAAAAqB+LCAAAAAAAAP9tjTEOwjAUQ3+LOrAycogUwYRQJ9aoCycITQhJo/9LkpJOnIircQcClZjwYNmWrPd8QRU8NOQ1swp7g6EzbHCjzokl8v3FUWKWzqwjDOQUa1VqSarjXFuKCmYVJSw4LBV2joJBHWHFrbiL2gnU9Sn6vB04lEbe4AEFz+QofPyWycP6OspA+OP8BcA0RCi3+2y7zedZvQH4j6CMwgAAAA==[0m[Pipeline] {
[8mha:////4KyP0fqL/CbZ+cPZ4ObTaFLqXjlaVFUIDx4n8MgOOyjCAAAAox+LCAAAAAAAAP9tjTEOwjAQBC9BFLSUPOICokRUaS03vMDExjix7oztkFS8iK/xBwKRqNhitbPNPF+wTBGOHC22hjpHqXEYfG+nhQPH7uJ5wJbP2DAl9galGSRrU88oORuYU5SwELAy1HhOjmyGtWjVXVVeka1OOU7fQUDp9A0eUIjJnFXMXxgjbK69Tkw/z18BjCFDud9+ahfewYmQ+b4AAAA=[0m[Pipeline] sh
+ pip install poetry
Collecting poetry
  Using cached poetry-1.1.12-py2.py3-none-any.whl (175 kB)
Collecting virtualenv<21.0.0,>=20.0.26
  Using cached virtualenv-20.13.0-py2.py3-none-any.whl (6.5 MB)
Collecting cachy<0.4.0,>=0.3.0
  Using cached cachy-0.3.0-py2.py3-none-any.whl (20 kB)
Collecting poetry-core<1.1.0,>=1.0.7
  Using cached poetry_core-1.0.7-py2.py3-none-any.whl (424 kB)
Collecting requests-toolbelt<0.10.0,>=0.9.1
  Using cached requests_toolbelt-0.9.1-py2.py3-none-any.whl (54 kB)
Collecting crashtest<0.4.0,>=0.3.0
  Using cached crashtest-0.3.1-py3-none-any.whl (7.0 kB)
Collecting clikit<0.7.0,>=0.6.2
  Using cached clikit-0.6.2-py2.py3-none-any.whl (91 kB)
Collecting keyring<22.0.0,>=21.2.0
  Using cached keyring-21.8.0-py3-none-any.whl (32 kB)
Collecting html5lib<2.0,>=1.0
  Using cached html5lib-1.1-py2.py3-none-any.whl (112 kB)
Collecting cachecontrol[filecache]<0.13.0,>=0.12.9
  Using cached CacheControl-0.12.10-py2.py3-none-any.whl (20 kB)
Collecting cleo<0.9.0,>=0.8.1
  Using cached cleo-0.8.1-py2.py3-none-any.whl (21 kB)
Collecting packaging<21.0,>=20.4
  Using cached packaging-20.9-py2.py3-none-any.whl (40 kB)
Collecting pkginfo<2.0,>=1.4
  Using cached pkginfo-1.8.2-py2.py3-none-any.whl (26 kB)
Collecting pexpect<5.0.0,>=4.7.0
  Using cached pexpect-4.8.0-py2.py3-none-any.whl (59 kB)
Collecting requests<3.0,>=2.18
  Using cached requests-2.27.1-py2.py3-none-any.whl (63 kB)
Collecting shellingham<2.0,>=1.1
  Using cached shellingham-1.4.0-py2.py3-none-any.whl (9.4 kB)
Collecting tomlkit<1.0.0,>=0.7.0
  Using cached tomlkit-0.8.0-py3-none-any.whl (33 kB)
Collecting msgpack>=0.5.2
  Using cached msgpack-1.0.3-cp38-cp38-manylinux_2_17_x86_64.manylinux2014_x86_64.whl (322 kB)
Collecting lockfile>=0.9
  Using cached lockfile-0.12.2-py2.py3-none-any.whl (13 kB)
Collecting pastel<0.3.0,>=0.2.0
  Using cached pastel-0.2.1-py2.py3-none-any.whl (6.0 kB)
Collecting pylev<2.0,>=1.3
  Using cached pylev-1.4.0-py2.py3-none-any.whl (6.1 kB)
Collecting six>=1.9
  Using cached six-1.16.0-py2.py3-none-any.whl (11 kB)
Collecting webencodings
  Using cached webencodings-0.5.1-py2.py3-none-any.whl (11 kB)
Collecting SecretStorage>=3.2
  Using cached SecretStorage-3.3.1-py3-none-any.whl (15 kB)
Collecting jeepney>=0.4.2
  Using cached jeepney-0.7.1-py3-none-any.whl (54 kB)
Collecting pyparsing>=2.0.2
  Using cached pyparsing-3.0.6-py3-none-any.whl (97 kB)
Collecting ptyprocess>=0.5
  Using cached ptyprocess-0.7.0-py2.py3-none-any.whl (13 kB)
Collecting charset-normalizer~=2.0.0
  Using cached charset_normalizer-2.0.10-py3-none-any.whl (39 kB)
Collecting certifi>=2017.4.17
  Using cached certifi-2021.10.8-py2.py3-none-any.whl (149 kB)
Collecting idna<4,>=2.5
  Using cached idna-3.3-py3-none-any.whl (61 kB)
Collecting urllib3<1.27,>=1.21.1
  Using cached urllib3-1.26.7-py2.py3-none-any.whl (138 kB)
Collecting cryptography>=2.0
  Using cached cryptography-36.0.1-cp36-abi3-manylinux_2_24_x86_64.whl (3.6 MB)
Collecting cffi>=1.12
  Using cached cffi-1.15.0-cp38-cp38-manylinux_2_12_x86_64.manylinux2010_x86_64.whl (446 kB)
Collecting pycparser
  Using cached pycparser-2.21-py2.py3-none-any.whl (118 kB)
Collecting filelock<4,>=3.2
  Using cached filelock-3.4.2-py3-none-any.whl (9.9 kB)
Collecting distlib<1,>=0.3.1
  Using cached distlib-0.3.4-py2.py3-none-any.whl (461 kB)
Collecting platformdirs<3,>=2
  Using cached platformdirs-2.4.1-py3-none-any.whl (14 kB)
Installing collected packages: pycparser, urllib3, idna, charset-normalizer, cffi, certifi, requests, pylev, pastel, msgpack, jeepney, cryptography, crashtest, webencodings, six, SecretStorage, pyparsing, ptyprocess, platformdirs, lockfile, filelock, distlib, clikit, cachecontrol, virtualenv, tomlkit, shellingham, requests-toolbelt, poetry-core, pkginfo, pexpect, packaging, keyring, html5lib, cleo, cachy, poetry
Successfully installed SecretStorage-3.3.1 cachecontrol-0.12.10 cachy-0.3.0 certifi-2021.10.8 cffi-1.15.0 charset-normalizer-2.0.10 cleo-0.8.1 clikit-0.6.2 crashtest-0.3.1 cryptography-36.0.1 distlib-0.3.4 filelock-3.4.2 html5lib-1.1 idna-3.3 jeepney-0.7.1 keyring-21.8.0 lockfile-0.12.2 msgpack-1.0.3 packaging-20.9 pastel-0.2.1 pexpect-4.8.0 pkginfo-1.8.2 platformdirs-2.4.1 poetry-1.1.12 poetry-core-1.0.7 ptyprocess-0.7.0 pycparser-2.21 pylev-1.4.0 pyparsing-3.0.6 requests-2.27.1 requests-toolbelt-0.9.1 shellingham-1.4.0 six-1.16.0 tomlkit-0.8.0 urllib3-1.26.7 virtualenv-20.13.0 webencodings-0.5.1
WARNING: Running pip as the 'root' user can result in broken permissions and conflicting behaviour with the system package manager. It is recommended to use a virtual environment instead: https://pip.pypa.io/warnings/venv
WARNING: You are using pip version 21.2.4; however, version 21.3.1 is available.
You should consider upgrading via the '/usr/local/bin/python -m pip install --upgrade pip' command.
[8mha:////4Ej3+q7kQbF9c9EopZCvU137BtGIwEN6T61FH8GuFH3mAAAAox+LCAAAAAAAAP9tjTEOwjAQBC9BFLSUPOKCoERUaS03vMDExjix7oztkFS8iK/xBwKRqNhitbPNPF+wTBGOHC22hjpHqXEYfG+nhQPH7uJ5wJbP2DAl9galGSRrU88oORuYU5SwELAy1HhOjmyGtWjVXVVeka1OOU7fQUDp9A0eUIjJnFXMXxgjbK69Tkw/z18BjCFDud9+ahfeAtq90r4AAAA=[0m[Pipeline] sh
+ poetry install
Installing dependencies from lock file

No dependencies to install or update
[8mha:////4G0U07rx1OmMdbNDgq0ntiEilKqQk6tVHI5CjRbmzjlNAAAAox+LCAAAAAAAAP9tjTEOwjAQBC9BFLSUPOKClBJR0VppeIFJjLFj3Tm2g1PxIr7GHwhEomKL1c4283zBOgY4ctBoFfWGYmvQu1HPCzOH/uo4o+ULtkyRncJG5YY7dVqw4aRgSVHCSsBGUes4GtIJtsLKu6ycJF2dU5i/g4DSdAM8oBCzOcmQvjAF2N3GLjL9PH8FMPkEZb3/VO3fQ+umy74AAAA=[0m[Pipeline] sh
+ poetry run pytest
============================= test session starts ==============================
platform linux -- Python 3.8.12, pytest-5.4.3, py-1.9.0, pluggy-0.13.1
rootdir: /var/jenkins_home/workspace/CICD-pipeline
collected 7 items

tests/test_dummy2.py ..                                                  [ 28%]
tests/test_server.py .....                                               [100%]

============================== 7 passed in 0.36s ===============================
[8mha:////4DhJabb13LlfXYQrmozANKowtcbxJERY0EwPNOQMZXL6AAAApB+LCAAAAAAAAP9tjTEOwjAQBC9BFLSUPOKCBB2iSmu54QUmNsaJdWdsh6TiRXyNPxCIRMUWq51t5vmCZYpw5GixNdQ5So3D4Hs7LRw4dhfPA7Z8xoYpsTcozSBZm3pGydnAnKKEhYCVocZzcmQzrEWr7qryimx1ynH6DgJKp2/wgEJM5qxi/sIYYXPtdWL6ef4KYAwhQ7nbf2r7BgSW0ii+AAAA[0m[Pipeline] }
$ docker stop --time=1 329e9270aa364667cdb531314293aa02c152982b4a0a8cbe74ed34319414e5b6
$ docker rm -f 329e9270aa364667cdb531314293aa02c152982b4a0a8cbe74ed34319414e5b6
[8mha:////4KFpFTH8RwkDI8tBAfjkm65H8ATBukfk/94XiGnmBbWiAAAAph+LCAAAAAAAAP9tjTEOwjAQBC9BFLSUPOIigSgQSkVrueEFJjHGiXUXbAen4kV8jT9gEYmKLVY728zrDcvgoWZvsNPUWwqNxcGNJi9M7Pur44QdX7BhCuw0Sp0kt/o0o+SoYU5RwkLASlPjOFgyEdaiUw9VOUWmOkefv6OA0rZ3eEIhsjkqH78wedjcxjYw/Tx/BTANQ4Ryt8+1PXwARMxJg74AAAA=[0m[Pipeline] // withDockerContainer
[8mha:////4AD6CljGcDgnuhuVRzCuZv7I72w1i7GM3MIP+BAsNopYAAAApR+LCAAAAAAAAP9tjTEOwjAQBC9BFLSUPOIigZQGUaW10vACExvjxLoztkNS8SK+xh+wiETFFqudbeb1hnUMcOJgsNc0WIqdRe9GkxdOHIar4wl7vmDHFNlpbPXUstLNgi0nDUuKElYCNpo6x9GSSbAVvXzIykky1TmF/B0FlFbd4QmFyOYkQ/rCHGB3G1Vk+nn+CmD2PkF5qHPt6w97o2KVvgAAAA==[0m[Pipeline] }
[8mha:////4LSUDnqVfIBhuAStQDvGtd5BSvJLomu8LcX4hkZERoDQAAAAph+LCAAAAAAAAP9tjTEOwjAQBC9BFLSUPOIigRAFSkVrueEFJjHGiXUXbAen4kV8jT9gEYmKLVY728zrDcvgoWZvsNPUWwqNxcGNJi9M7Pur44QdX7BhCuw0Sp0kt/o0o+SoYU5RwkLASlPjOFgyEdaiUw9VOUWmOkefv6OA0rZ3eEIhsjkqH78wedjcxjYw/Tx/BTANQ4Ryd8i13X8AZCE3x74AAAA=[0m[Pipeline] // withEnv
[8mha:////4O6RsV4M0sXUubaWZnEiR57jmx+elAKtVbOWF3fbNn4ZAAAApR+LCAAAAAAAAP9tjTEOwjAQBC9BFLSUPMKRSIOEqNJaaXiBiQ/jxLoztkNS8SK+xh+wiETFFqudbeb1hnUMcOJgRI80WIqdFd6NJi8xcRiujifR80V0TJEdihanljU2C7acEJYUJawkbJA6x9GSSbCVvXqoyiky1TmF/B0llFbf4QmFzOakQvrCHGB3G3Vk+nn+CmD2PkFZH3Lt6w+ENgLfvgAAAA==[0m[Pipeline] }
[8mha:////4P+JTR8jWqherR793LpGemJ5W2CdMinvnTeYGp+Zh5isAAAApR+LCAAAAAAAAP9tjTEOwjAQBC9BFLSUPOIihQohqrRWGl5gYmOcWHfGdkgqXsTX+AMWkajYYrWzzbzesI4BThwM9poGS7Gz6N1o8sKJw3B1PGHPF+yYIjuNrZ5aVrpZsOWkYUlRwkrARlPnOFoyCbailw9ZOUmmOqeQv6OA0qo7PKEQ2ZxkSF+YA+xuo4pMP89fAczeJyj3h1x1/QG31VljvgAAAA==[0m[Pipeline] // node
[8mha:////4DpR3TLIqU+s+pQsNc2OSe+QtLG8YlYKzoaU7/AD4Ve/AAAApB+LCAAAAAAAAP9tjTEOwjAQBC9BFLSUPOICiA6lorXc8AKTGOPEugu2g1PxIr7GH7CIRMUWq51t5vWGZfBQszfYaeothcbi4EaTFyb2/dVxwo4v2DAFdhqlTpJbfZpRctQwpyhhIWClqXEcLJkIa9Gph6qcIlOdo8/fUUBp2zs8oRDZHJWPX5g8bG5jG5h+nr8CmIYhQnnY5trvPkvr+Bi+AAAA[0m[Pipeline] }
[8mha:////4KkkXciBkqvCj3iFFNf1SZvc/6DDh9f7loxDUi+1607oAAAApB+LCAAAAAAAAP9tjTEOwjAQBC9BFLSUPOICiA6lorXc8AKTGOPEugu2g1PxIr7GH7CIRMUWq51t5vWGZfBQszfYaeothcbi4EaTFyb2/dVxwo4v2DAFdhqlTpJbfZpRctQwpyhhIWClqXEcLJkIa9Gph6qcIlOdo8/fUUBp2zs8oRDZHJWPX5g8bG5jG5h+nr8CmIYhQnnY5dpvP3gIo6S+AAAA[0m[Pipeline] // stage
[8mha:////4AAtR018ATGIga9Qm+Bs0KSPJAcWM/xx2ZE2jqt6dwH+AAAAph+LCAAAAAAAAP9tjTEOwjAQBM9BKWgpeYQjoXSIitZywwtMYowT6y7YF5KKF/E1/oAhEhVb7ay0mucLyhThQNHJzmLvMTVeDmF0ucmJYn8JNMmOzrIhTBSs1HbS1NrjgprYwhJRwErB2mITKHl0DBvVmbupgkFXnTjmba+g8O0NHiBUNrOJ/IU5wvY6tonw5/krgHlgEDVDUe8+x/INGmraTsEAAAA=[0m[Pipeline] stage
[8mha:////4LP5r8/58tnxad36FRHa86/B5pxGuzRqmkIFKejpryQKAAAApx+LCAAAAAAAAP9tjTEOwjAUQ3+LOrAycohUAjbE1DXKwglCE0La6P/yk9JOnIircQdaKjHhwbItWe/1hiIynIidaCy2HmPtRRd6NyUxELfXQINo6CJqwkjBCmUHRcZWS1WULCzKclhJWFusA0WPLsFGNvqhy6DRlefE03aUkHtzhydkciInzelbRobtrTeR8Mf5C4CxS5AfdrPt52fxAXzhjwPCAAAA[0m[Pipeline] { (Build)
[8mha:////4JKEJDtmjoCEkr/geLijiZ2/5dbVNHRhIyzrF6tbMDgAAAAAph+LCAAAAAAAAP9tjTEOwjAUQ3+DOrAycoh0oBtiYo26cILQhJA0+r9NUtKJE3E17kBLJSY8WLYl673eUMYAJwqGO42dxdha3vvRzIlnCt3NU+aOrrwljOQ1b3RuSOnzWhtKGlYVDDYCthpbT9GiSbATTj5k5SWa6pLCvB0FMKsGeEIhZnKSIX3LFGB/H1Uk/HH+AmDqE7D6sFi9PMsPBA4E38IAAAA=[0m[Pipeline] node
Running on [8mha:////4GcGUJYILzcXDUILh5IX5PSxj+2hDQ3DlKcvAXQn/vDZAAAAph+LCAAAAAAAAP9b85aBtbiIQTGjNKU4P08vOT+vOD8nVc83PyU1x6OyILUoJzMv2y+/JJUBAhiZGBgqihhk0NSjKDWzXb3RdlLBUSYGJk8GtpzUvPSSDB8G5tKinBIGIZ+sxLJE/ZzEvHT94JKizLx0a6BxUmjGOUNodHsLgAzeEgYp/eT83ILSktQi/azUvOzMvGJVI5fE9NS8En0A4Zrl388AAAA=[0mjenkins-agent in /jenkins-agent/workspace/CICD-pipeline
[8mha:////4H91oZ5ojkYcqrxyfB/2M4uSTr63XukuIaoKaCjTZDlqAAAAph+LCAAAAAAAAP9tjTEOwjAUQ3+LOrAycoh0KRNiYo2ycILQhJA0+r9NUtKJE3E17kBLJSY8WLYl673eUMUAJwqGOY2dxdha1vvRzIllCt3NU2aOrqwljOQ1EzoLUvq8VkFJw6qihA2HrcbWU7RoEuy4kw9Ze4mmvqQwb0cOpVUDPKHgMznJkL5lCrC/jyoS/jh/ATD1CcqmWeywPKsPIshjPcIAAAA=[0m[Pipeline] {
[8mha:////4D0EUArGF3o3vybe9mVyrwBcL6lA+jBtQ2EJv/BeWXYcAAAApB+LCAAAAAAAAP9tjTEOwjAQBC9BFLSUPOLSAA2iSmu54QUmNsaJdWdsh6TiRXyNPxCIRMUWq51t5vmCZYpw5GixNdQ5So3D4Hs7LRw4dhfPA7Z8xoYpsTcozSBZm3pGydnAnKKEhYCVocZzcmQzrEWr7qryimx1ynH6DgJKp2/wgEJM5qxi/sIYYXPtdWL6ef4KYAwZyu3uU/vwBj0vY+u+AAAA[0m[Pipeline] checkout
Selected Git installation does not exist. Using Default
The recommended git tool is: NONE
using credential cc06d1e1-44a5-4361-9e9c-eadedc84103a
Fetching changes from the remote Git repository
Checking out Revision 305e1f9752108c3db6d8bc5c2123635a66ad9e21 (refs/remotes/origin/develop)
Commit message: "asds"
[8mha:////4K9dibUACI+8x+m1EL/rOTRvxgt0aFZC9TB8O4R5wWLzAAAApx+LCAAAAAAAAP9tjTEOwjAUQ3+LOrAycoh0ATEgpq5RFk4QmhDSRv+Xn5R24kRcjTvQUokJD5ZtyXqvNxSR4UTsRGOx9RhrL7rQuymJgbi9BhpEQxdRE0YKVig7KDK2WqqiZGFRlsNKwtpiHSh6dAk2stEPXQaNrjwnnrajhNybOzwhkxM5aU7fMjJsb72JhD/OXwCMXYJ8t5/tMD+LD+m2JbHCAAAA[0m[Pipeline] withEnv
[8mha:////4LaDUU3dNvuE0p6JR0WrWLXH654VyGcF61/u3uBeD4FYAAAAqB+LCAAAAAAAAP9tjTEOwjAUQ3+LOrAycoh0QQIJMXWNsnCC0ISQNvq//KS0EyfiatyBlkpMeLBsS9Z7vaGIDCdiJxqLrcdYe9GF3k1JDMTtNdAgGrqImjBSsELZQZGx1VIVJQuLshxWEtYW60DRo0uwkY1+6DJodOU58bQdJeTe3OEJmZzISXP6lpFhe+tNJPxx/gJg7BLku/1sh/lZfAD9vR8YwgAAAA==[0m[Pipeline] {
[8mha:////4O/SgGzULAhKb7cAF96afsczpuZ40euAi7SnnPHcPbXXAAAApx+LCAAAAAAAAP9tjTEOwjAUQ3+LOrAycoh0YQAhpq5RFk4QmhDSRv+Xn5R24kRcjTvQUokJD5ZtyXqvNxSR4UTsRGOx9RhrL7rQuymJgbi9BhpEQxdRE0YKVig7KDK2WqqiZGFRlsNKwtpiHSh6dAk2stEPXQaNrjwnnrajhNybOzwhkxM5aU7fMjJsb72JhD/OXwCMXYJ8t5/tMD+LD56au0DCAAAA[0m[Pipeline] withEnv
[8mha:////4IYfepm4ow6ekc55g1m4VlNqhgFVCGWdmfo3B4r82jT/AAAAqB+LCAAAAAAAAP9tjTEOwjAUQ3+LOrAycoiUAQaEOrFGXThBaEJIGv1fkpR04kRcjTsQqMSEB8u2ZL3nC6rgoSGvmVXYGwydYYMbdU4ske8vjhKzdGYdYSCnWKtSS1Id59pSVDCrKGHBYamwcxQM6ggrbsVd1E6grk/R5+3AoTTyBg8oeCZH4eO3TB7W11EGwh/nLwCmIUK53WfbbT7P6g0iH00AwgAAAA==[0m[Pipeline] {
[8mha:////4NIH6HtqCyepW3S/+aEJhWnwV1vZDTpwfkU/0o/jQRq2AAAApx+LCAAAAAAAAP9tjTEOwjAUQ3+LOrAycogUBibE1DXKwglCE0La6P/yk9JOnIircQdaKjHhwbItWe/1hiIynIidaCy2HmPtRRd6NyUxELfXQINo6CJqwkjBCmUHRcZWS1WULCzKclhJWFusA0WPLsFGNvqhy6DRlefE03aUkHtzhydkciInzelbRobtrTeR8Mf5C4CxS5AfdrPt52fxAW2++SvCAAAA[0m[Pipeline] script
[8mha:////4JBPBxrBbES2zA5+bm4WWEQtstsZpTXGscth3igFEam1AAAApx+LCAAAAAAAAP9tjTEOwjAUQ3+LOrAycohUIDEhpq5RFk4QmhDSRv+Xn5R24kRcjTvQUokJD5ZtyXqvNxSR4UTsRGOx9RhrL7rQuymJgbi9BhpEQxdRE0YKVig7KDK2WqqiZGFRlsNKwtpiHSh6dAk2stEPXQaNrjwnnrajhNybOzwhkxM5aU7fMjJsb72JhD/OXwCMXYL8sJttPz+LDwMT42zCAAAA[0m[Pipeline] {
[8mha:////4IRGSTC4+Xbg+b9ouzOaLhYgYF6dADb8Wb7scWSuEYU8AAAApx+LCAAAAAAAAP9tjTEOwjAUQ3+LOrAycohUAjEhpq5RFk4QmhDSRv+Xn5R24kRcjTvQUokJD5ZtyXqvNxSR4UTsRGOx9RhrL7rQuymJgbi9BhpEQxdRE0YKVig7KDK2WqqiZGFRlsNKwtpiHSh6dAk2stEPXQaNrjwnnrajhNybOzwhkxM5aU7fMjJsb72JhD/OXwCMXYL8sJttPz+LD6emXT7CAAAA[0m[Pipeline] withEnv
[8mha:////4LAakj2jGvY77utcr2cSAO7X/X799RbJgVYEvCAMegKrAAAApx+LCAAAAAAAAP9tjTEOwjAUQ3+LOrAycoh0ACbE1DXKwglCE0La6P/yk9JOnIircQdaKjHhwbItWe/1hiIynIidaCy2HmPtRRd6NyUxELfXQINo6CJqwkjBCmUHRcZWS1WULCzKclhJWFusA0WPLsFGNvqhy6DRlefE03aUkHtzhydkciInzelbRobtrTeR8Mf5C4CxS5AfdrPt52fxAd9J1uLCAAAA[0m[Pipeline] {
[8mha:////4PDpdKNPs7qAAtJe63kByMs0reiE/ZDkEHtY9/uOmbZJAAAAph+LCAAAAAAAAP9tjTEOwjAUQ3+DOrAycoh0oRNiYo26cILQhJA0+r9NUtKJE3E17kBLJSY8WLYl673eUMYAJwqGO42dxdha3vvRzIlnCt3NU+aOrrwljOQ1b3RuSOnzWhtKGlYVDDYCthpbT9GiSbATTj5k5SWa6pLCvB0FMKsGeEIhZnKSIX3LFGB/H1Uk/HH+AmDqE7D6sFi9PMsP+Y+xAMIAAAA=[0m[Pipeline] withDockerRegistry
Using the existing docker config file.Removing blacklisted property: auths$ docker login -u admin -p ******** http://34.150.85.230:5000
 > git rev-parse --resolve-git-dir /jenkins-agent/workspace/CICD-pipeline/.git # timeout=10
 > git config remote.origin.url https://github.com/nghiattr/flask-docker.git # timeout=10
Fetching upstream changes from https://github.com/nghiattr/flask-docker.git
 > git --version # timeout=10
 > git --version # 'git version 2.25.1'
using GIT_ASKPASS to set credentials github-acc-nghiattr
 > git fetch --tags --force --progress -- https://github.com/nghiattr/flask-docker.git +refs/heads/*:refs/remotes/origin/* # timeout=10
 > git rev-parse refs/remotes/origin/develop^{commit} # timeout=10
 > git config core.sparsecheckout # timeout=10
 > git checkout -f 305e1f9752108c3db6d8bc5c2123635a66ad9e21 # timeout=10
WARNING! Using --password via the CLI is insecure. Use --password-stdin.
WARNING! Your password will be stored unencrypted in /jenkins-agent/workspace/CICD-pipeline@tmp/8b6333ed-dffc-47b5-9c17-29b6356b4703/config.json.
Configure a credential helper to remove this warning. See
https://docs.docker.com/engine/reference/commandline/login/#credentials-store

Login Succeeded
[8mha:////4P8J9E9UutAfwHkSqq3XEjOkUjNap8hTEqkjTqr+6B69AAAAph+LCAAAAAAAAP9tjTEOwjAUQ3+LOrAycoh0KgtiYo2ycILQhJA0+r9NUtKJE3E17kBLJSY8WLYl673eUMUAJwqGOY2dxdha1vvRzIllCt3NU2aOrqwljOQ1EzoLUvq8VkFJw6qihA2HrcbWU7RoEuy4kw9Ze4mmvqQwb0cOpVUDPKHgMznJkL5lCrC/jyoS/jh/ATD1CcqmWeywPKsPlyKrR8IAAAA=[0m[Pipeline] {
[8mha:////4Hl+HRUvsPl5749LRorS5nCuKCfM2GlrWp19wWUsQ08bAAAApB+LCAAAAAAAAP9tjTEOwjAQBC9BFLSUPOJSAQWiSmu54QUmNsaJdWdsh6TiRXyNPxCIRMUWq51t5vmCZYpw5GixNdQ5So3D4Hs7LRw4dhfPA7Z8xoYpsTcozSBZm3pGydnAnKKEhYCVocZzcmQzrEWr7qryimx1ynH6DgJKp2/wgEJM5qxi/sIYYXPtdWL6ef4KYAwZyu3uU/vwBkhu+A6+AAAA[0m[Pipeline] sh
+ docker build -t flask-docker:develop-305e1f9 .
Sending build context to Docker daemon  3.486MB
Step 1/7 : FROM python:3.8-slim-buster
 ---> 5cc8cb0c433a
Step 2/7 : RUN pip install poetry
 ---> Using cache
 ---> 4d903440b19b
Step 3/7 : WORKDIR /app
 ---> Using cache
 ---> 2745bca85f9f
Step 4/7 : COPY ./ /app
 ---> 22bc991b2dc1
Step 5/7 : RUN poetry install
 ---> Running in 0bfba8a96d0a
Creating virtualenv flask-docker-9TtSrW0h-py3.8 in /root/.cache/pypoetry/virtualenvs
Installing dependencies from lock file

Package operations: 16 installs, 0 updates, 0 removals

  â¢ Installing markupsafe (1.1.1)
  â¢ Installing pyparsing (2.4.7)
  â¢ Installing six (1.15.0)
  â¢ Installing attrs (19.3.0)
  â¢ Installing click (7.1.2)
  â¢ Installing itsdangerous (1.1.0)
  â¢ Installing jinja2 (2.11.2)
  â¢ Installing more-itertools (8.4.0)
  â¢ Installing packaging (20.4)
  â¢ Installing pluggy (0.13.1)
  â¢ Installing py (1.9.0)
  â¢ Installing wcwidth (0.2.5)
  â¢ Installing werkzeug (1.0.1)
  â¢ Installing flask (1.1.2)
  â¢ Installing gunicorn (20.0.4)
  â¢ Installing pytest (5.4.3)
Removing intermediate container 0bfba8a96d0a
 ---> 295e15959884
Step 6/7 : ENTRYPOINT ["poetry","run"]
 ---> Running in 7fb6ffd5613e
Removing intermediate container 7fb6ffd5613e
 ---> 5efd57d1735b
Step 7/7 : CMD ["gunicorn","-b","0.0.0.0:5000", "server:app"]
 ---> Running in f469c3dd2009
Removing intermediate container f469c3dd2009
 ---> 2bf83deac09d
Successfully built 2bf83deac09d
Successfully tagged flask-docker:develop-305e1f9
[8mha:////4BpNnYZ/NpOl9tJfmDB7aW+DeLvzXw/mEKIJpSnug9jLAAAApB+LCAAAAAAAAP9tjTEOwjAQBC9BFLSUPOJSgZAQVVrLDS8wsTFOrDtjOyQVL+Jr/IFAJCq2WO1sM88XLFOEI0eLraHOUWocBt/baeHAsbt4HrDlMzZMib1BaQbJ2tQzSs4G5hQlLASsDDWekyObYS1adVeVV2SrU47TdxBQOn2DBxRiMmcV8xfGCJtrrxPTz/NXAGPIUG53n9qHN4dyYIm+AAAA[0m[Pipeline] sh
+ docker tag flask-docker:develop-305e1f9 flask-docker:latest
[8mha:////4IZP3UBDvyDNi9BwB+3zFiBpeDRWPipDj7PaoSPrj5WQAAAApB+LCAAAAAAAAP9tjTEOwjAQBC9BFLSUPOJSgYQQVVrLDS8wsTFOrDtjOyQVL+Jr/IFAJCq2WO1sM88XLFOEI0eLraHOUWocBt/baeHAsbt4HrDlMzZMib1BaQbJ2tQzSs4G5hQlLASsDDWekyObYS1adVeVV2SrU47TdxBQOn2DBxRiMmcV8xfGCJtrrxPTz/NXAGPIUG53n9qHN8ZDe5C+AAAA[0m[Pipeline] sh
+ grep flask-docker
+ docker image ls
flask-docker                      develop-305e1f9   2bf83deac09d   Less than a second ago   202MB
flask-docker                      latest            2bf83deac09d   Less than a second ago   202MB
34.150.85.230:5000/flask-docker   develop-305e1f9   c265dcd99259   23 minutes ago           202MB
[8mha:////4GafqXRGKptQGPBR3YZbJAdPcPKYW9Sl5z2iJs3bmIpVAAAApB+LCAAAAAAAAP9tjTEOwjAQBC9BFLSUPOJCQxpEldZKwwtMbIwT687YDknFi/gaf8AiEhVbrHa2mdcb1jHAiYPBXtNgKXYWvRtNXjhxGK6OJ+z5gh1TZKex1VPLSjcLtpw0LClKWAnYaOocR0smwVb08iErJ8lU5xTydxRQWnWHJxQim5MM6QtzgN1tVJHp5/krgNknKA91rnrvP9ZG/0O+AAAA[0m[Pipeline] sh
+ docker tag flask-docker 34.150.85.230:5000/flask-docker:develop-305e1f9
[8mha:////4MuipJ1n3XHlub3ALv7V5spdgL+um/IdigOgefVTDQEaAAAApR+LCAAAAAAAAP9tjTEOwjAQBC9BFLSUPOIiCtIgqrRWGl5gYmOcWHfGdkgqXsTX+AMWkajYYrWzzbzesI4BThwM9poGS7Gz6N1o8sKJw3B1PGHPF+yYIjuNrZ5aVrpZsOWkYUlRwkrARlPnOFoyCbailw9ZOUmmOqeQv6OA0qo7PKEQ2ZxkSF+YA+xuo4pMP89fAcw+QXmoc9V7/wGXd+RavgAAAA==[0m[Pipeline] sh
+ docker push 34.150.85.230:5000/flask-docker:develop-305e1f9
The push refers to repository [34.150.85.230:5000/flask-docker]
bf445c5d5b94: Preparing
268d1ba4e335: Preparing
410a041a8ce4: Preparing
a2bbf82cd49c: Preparing
c0c176f8b748: Preparing
527dab09f1a0: Preparing
f2404ba18ea9: Preparing
c42229255bc9: Preparing
ad6b69b54919: Preparing
527dab09f1a0: Waiting
f2404ba18ea9: Waiting
c42229255bc9: Waiting
ad6b69b54919: Waiting
c0c176f8b748: Layer already exists
410a041a8ce4: Layer already exists
f2404ba18ea9: Layer already exists
527dab09f1a0: Layer already exists
c42229255bc9: Layer already exists
ad6b69b54919: Layer already exists
268d1ba4e335: Retrying in 5 seconds
268d1ba4e335: Retrying in 4 seconds
268d1ba4e335: Retrying in 3 seconds
bf445c5d5b94: Retrying in 5 seconds
268d1ba4e335: Retrying in 2 seconds
bf445c5d5b94: Retrying in 4 seconds
268d1ba4e335: Retrying in 1 second
bf445c5d5b94: Retrying in 3 seconds
a2bbf82cd49c: Retrying in 5 seconds
bf445c5d5b94: Retrying in 2 seconds
a2bbf82cd49c: Retrying in 4 seconds
268d1ba4e335: Retrying in 10 seconds
bf445c5d5b94: Retrying in 1 second
a2bbf82cd49c: Retrying in 3 seconds
268d1ba4e335: Retrying in 9 seconds
a2bbf82cd49c: Retrying in 2 seconds
268d1ba4e335: Retrying in 8 seconds
a2bbf82cd49c: Retrying in 1 second
268d1ba4e335: Retrying in 7 seconds
268d1ba4e335: Retrying in 6 seconds
bf445c5d5b94: Retrying in 10 seconds
268d1ba4e335: Retrying in 5 seconds
bf445c5d5b94: Retrying in 9 seconds
268d1ba4e335: Retrying in 4 seconds
bf445c5d5b94: Retrying in 8 seconds
268d1ba4e335: Retrying in 3 seconds
bf445c5d5b94: Retrying in 7 seconds
a2bbf82cd49c: Retrying in 10 seconds
268d1ba4e335: Retrying in 2 seconds
bf445c5d5b94: Retrying in 6 seconds
a2bbf82cd49c: Retrying in 9 seconds
268d1ba4e335: Retrying in 1 second
bf445c5d5b94: Retrying in 5 seconds
a2bbf82cd49c: Retrying in 8 seconds
bf445c5d5b94: Retrying in 4 seconds
268d1ba4e335: Retrying in 15 seconds
a2bbf82cd49c: Retrying in 7 seconds
bf445c5d5b94: Retrying in 3 seconds
268d1ba4e335: Retrying in 14 seconds
a2bbf82cd49c: Retrying in 6 seconds
bf445c5d5b94: Retrying in 2 seconds
268d1ba4e335: Retrying in 13 seconds
a2bbf82cd49c: Retrying in 5 seconds
bf445c5d5b94: Retrying in 1 second
268d1ba4e335: Retrying in 12 seconds
a2bbf82cd49c: Retrying in 4 seconds
268d1ba4e335: Retrying in 11 seconds
a2bbf82cd49c: Retrying in 3 seconds
268d1ba4e335: Retrying in 10 seconds
a2bbf82cd49c: Retrying in 2 seconds
268d1ba4e335: Retrying in 9 seconds
bf445c5d5b94: Retrying in 15 seconds
a2bbf82cd49c: Retrying in 1 second
268d1ba4e335: Retrying in 8 seconds
bf445c5d5b94: Retrying in 14 seconds
268d1ba4e335: Retrying in 7 seconds
bf445c5d5b94: Retrying in 13 seconds
268d1ba4e335: Retrying in 6 seconds
bf445c5d5b94: Retrying in 12 seconds
268d1ba4e335: Retrying in 5 seconds
bf445c5d5b94: Retrying in 11 seconds
268d1ba4e335: Retrying in 4 seconds
bf445c5d5b94: Retrying in 10 seconds
a2bbf82cd49c: Retrying in 15 seconds
268d1ba4e335: Retrying in 3 seconds
bf445c5d5b94: Retrying in 9 seconds
a2bbf82cd49c: Retrying in 14 seconds
268d1ba4e335: Retrying in 2 seconds
bf445c5d5b94: Retrying in 8 seconds
a2bbf82cd49c: Retrying in 13 seconds
268d1ba4e335: Retrying in 1 second
bf445c5d5b94: Retrying in 7 seconds
a2bbf82cd49c: Retrying in 12 seconds
bf445c5d5b94: Retrying in 6 seconds
a2bbf82cd49c: Retrying in 11 seconds
268d1ba4e335: Retrying in 20 seconds
bf445c5d5b94: Retrying in 5 seconds
a2bbf82cd49c: Retrying in 10 seconds
268d1ba4e335: Retrying in 19 seconds
bf445c5d5b94: Retrying in 4 seconds
a2bbf82cd49c: Retrying in 9 seconds
268d1ba4e335: Retrying in 18 seconds
bf445c5d5b94: Retrying in 3 seconds
a2bbf82cd49c: Retrying in 8 seconds
268d1ba4e335: Retrying in 17 seconds
bf445c5d5b94: Retrying in 2 seconds
a2bbf82cd49c: Retrying in 7 seconds
268d1ba4e335: Retrying in 16 seconds
bf445c5d5b94: Retrying in 1 second
a2bbf82cd49c: Retrying in 6 seconds
268d1ba4e335: Retrying in 15 seconds
a2bbf82cd49c: Retrying in 5 seconds
268d1ba4e335: Retrying in 14 seconds
a2bbf82cd49c: Retrying in 4 seconds
268d1ba4e335: Retrying in 13 seconds
a2bbf82cd49c: Retrying in 3 seconds
268d1ba4e335: Retrying in 12 seconds
bf445c5d5b94: Retrying in 20 seconds
a2bbf82cd49c: Retrying in 2 seconds
268d1ba4e335: Retrying in 11 seconds
bf445c5d5b94: Retrying in 19 seconds
a2bbf82cd49c: Retrying in 1 second
268d1ba4e335: Retrying in 10 seconds
bf445c5d5b94: Retrying in 18 seconds
268d1ba4e335: Retrying in 9 seconds
bf445c5d5b94: Retrying in 17 seconds
268d1ba4e335: Retrying in 8 seconds
bf445c5d5b94: Retrying in 16 seconds
268d1ba4e335: Retrying in 7 seconds
bf445c5d5b94: Retrying in 15 seconds
268d1ba4e335: Retrying in 6 seconds
bf445c5d5b94: Retrying in 14 seconds
268d1ba4e335: Retrying in 5 seconds
bf445c5d5b94: Retrying in 13 seconds
268d1ba4e335: Retrying in 4 seconds
bf445c5d5b94: Retrying in 12 seconds
268d1ba4e335: Retrying in 3 seconds
bf445c5d5b94: Retrying in 11 seconds
268d1ba4e335: Retrying in 2 seconds
bf445c5d5b94: Retrying in 10 seconds
268d1ba4e335: Retrying in 1 second
bf445c5d5b94: Retrying in 9 seconds
bf445c5d5b94: Retrying in 8 seconds
bf445c5d5b94: Retrying in 7 seconds
bf445c5d5b94: Retrying in 6 seconds
bf445c5d5b94: Retrying in 5 seconds
bf445c5d5b94: Retrying in 4 seconds
bf445c5d5b94: Retrying in 3 seconds
bf445c5d5b94: Retrying in 2 seconds
bf445c5d5b94: Retrying in 1 second
received unexpected HTTP status: 500 Server Error
[8mha:////4P4ecXLNRUBl09qq6lYBGxxc6T4x5KK/7F7k5DO+B/TTAAAApR+LCAAAAAAAAP9tjTEOwjAQBC9BFLSUPOIiIZEGUaW10vACExvjxLoztkNS8SK+xh+wiETFFqudbeb1hnUMcOJgsNc0WIqdRe9GkxdOHIar4wl7vmDHFNlpbPXUstLNgi0nDUuKElYCNpo6x9GSSbAVvXzIykky1TmF/B0FlFbd4QmFyOYkQ/rCHGB3G1Vk+nn+CmD2PkFZ73Md6g8NWIoTvgAAAA==[0m[Pipeline] }
[8mha:////4NtrpEM1gMzzQoBOlLR2AxUxvY2foio7cNOwZ36HJazPAAAApR+LCAAAAAAAAP9tjTEOwjAQBC9BFLSUPMIpUGgQVVorDS8w8WGcWHfGdkgqXsTX+AMWkajYYrWzzbzesI4BThyM6JEGS7GzwrvR5CUmDsPV8SR6voiOKbJD0eLUssZmwZYTwpKihJWEDVLnOFoyCbayVw9VOUWmOqeQv6OE0uo7PKGQ2ZxUSF+YA+xuo45MP89fAczeJygP+1x1/QES2t9BvgAAAA==[0m[Pipeline] // withDockerRegistry
[8mha:////4CcOcoTjsqGftZelNtmu0wbUCP3qEyDqTSilqINfW78CAAAApB+LCAAAAAAAAP9tjTEOwjAQBC9BFLSUPOLSBBpEldZKwwtMbIwT687YDknFi/gaf8AiEhVbrHa2mdcb1jHAiYPBXtNgKXYWvRtNXjhxGK6OJ+z5gh1TZKex1VPLSjcLtpw0LClKWAnYaOocR0smwVb08iErJ8lU5xTydxRQWnWHJxQim5MM6QtzgN1tVJHp5/krgNn7BOWhzrWvPzza3Su+AAAA[0m[Pipeline] }
[8mha:////4MpAvB22ZRMVcmPDprdaloTf3VRn82tEGl3eWATO8GR7AAAApR+LCAAAAAAAAP9tjTEOwjAQBC9BFLSUPMIpUGgQVVorDS8w8WGcWHfGdkgqXsTX+AMWkajYYrWzzbzesI4BThyM6JEGS7GzwrvR5CUmDsPV8SR6voiOKbJD0eLUssZmwZYTwpKihJWEDVLnOFoyCbayVw9VOUWmOqeQv6OE0uo7PKGQ2ZxUSF+YA+xuo45MP89fAczeJygPda56/wE6nOV+vgAAAA==[0m[Pipeline] // withEnv
[8mha:////4JaU/AV5Eaq4kqTsEmMhtAtBnt6fo3QBvbyxX8XmNC6EAAAApR+LCAAAAAAAAP9tjTEOwjAQBC9BFLSUPOIiIZEGUaW10vACExvjxLoztkNS8SK+xh+wiETFFqudbeb1hnUMcOJgsNc0WIqdRe9GkxdOHIar4wl7vmDHFNlpbPXUstLNgi0nDUuKElYCNpo6x9GSSbAVvXzIykky1TmF/B0FlFbd4QmFyOYkQ/rCHGB3G1Vk+nn+CmD2PkFZ17kO+w8C3naPvgAAAA==[0m[Pipeline] }
[8mha:////4Ch9xt9bSEf+HBGuIcNyYicsmYG4euSs7IIGjoYMZWEWAAAApR+LCAAAAAAAAP9tjTEOwjAQBC9BFLSUPOIiCqBAqWgtN7zAJMY4se6C7eBUvIiv8QcsIlGxxWpnm3m9YRk81OwNdpp6S6GxOLjR5IWJfX91nLDjCzZMgZ1GqZPkVp9mlBw1zClKWAhYaWocB0smwlp06qEqp8hU5+jzdxRQ2vYOTyhENkfl4xcmD5vb2Aamn+evAKZhiFDuD7l22w8dXCPdvgAAAA==[0m[Pipeline] // script
[8mha:////4EZnRz2OJXwaNw4Uu1dYcapWM3nx7cNd4GLOAtK3k31qAAAApR+LCAAAAAAAAP9tjTEOwjAQBC9BFLSUPOJCA0JCqWgtN7zAJMY4se6C7eBUvIiv8QcsIlGxxWpnm3m9YRk81OwNdpp6S6GxOLjR5IWJfX91nLDjCzZMgZ1GqZPkVp9mlBw1zClKWAhYaWocB0smwlp06qEqp8hU5+jzdxRQ2vYOTyhENkfl4xcmD5vb2Aamn+evAKZhiFDuD7l22w9e3nJbvgAAAA==[0m[Pipeline] }
[8mha:////4F5nrhH0nLNHpyryvbW8AOrtWCOK62WsVCc5CIep9ad2AAAApR+LCAAAAAAAAP9tjTEOwjAQBC9BFLSUPOLSIKQIUaW10vACExvjxLoztkNS8SK+xh+wiETFFqudbeb1hnUMcOJgsNc0WIqdRe9GkxdOHIar4wl7vmDHFNlpbPXUstLNgi0nDUuKElYCNpo6x9GSSbAVvXzIykky1TmF/B0FlFbd4QmFyOYkQ/rCHGB3G1Vk+nn+CmD2PkF5qHPt6w8ehOnwvgAAAA==[0m[Pipeline] // withEnv
[8mha:////4DixKN1BJ6ALY0RDyRAM4fiM4RL+lTIlzW9h19o5Ta0pAAAAph+LCAAAAAAAAP9tjTEOwjAQBC9BFLSUPOJCgQQSSkVrueEFJjHGiXUXbAen4kV8jT9gEYmKLVY728zrDcvgoWZvsNPUWwqNxcGNJi9M7Pur44QdX7BhCuw0Sp0kt/o0o+SoYU5RwkLASlPjOFgyEdaiUw9VOUWmOkefv6OA0rZ3eEIhsjkqH78wedjcxjYw/Tx/BTANQ4Ryv821O3wA9O6WBr4AAAA=[0m[Pipeline] }
[8mha:////4P8pELiUDT1prgGVd80Rlp0h67u3xYkCGeFWM0Y97920AAAAph+LCAAAAAAAAP9tjTEOwjAQBC9BFLSUPOIiJKQUiCqtlYYXmNgYJ9adsR2SihfxNf6ARSQqtljtbDOvN6xjgBMHg72mwVLsLHo3mrxw4jBcHU/Y8wU7pshOY6unlpVuFmw5aVhSlLASsNHUOY6WTIKt6OVDVk6Sqc4p5O8ooLTqDk8oRDYnGdIX5gC726gi08/zVwCz9wnKep/rUH8AwCB1Xb4AAAA=[0m[Pipeline] // withEnv
[8mha:////4OE+FTzfvouZH038aj6D/bxLitDVDCdstwrvj+y0lfPRAAAAph+LCAAAAAAAAP9tjTEOwjAQBC9BFLSUPOIiIRAFSkVrueEFJjHGiXUXbAen4kV8jT9gEYmKLVY728zrDcvgoWZvsNPUWwqNxcGNJi9M7Pur44QdX7BhCuw0Sp0kt/o0o+SoYU5RwkLASlPjOFgyEdaiUw9VOUWmOkefv6OA0rZ3eEIhsjkqH78wedjcxjYw/Tx/BTANQ4TysM21238AQjPvNb4AAAA=[0m[Pipeline] }
[8mha:////4AmDBvXlUd3jfaXzP+8mU/2h7ZAYWW8NLXRfm0bX1o7ZAAAApR+LCAAAAAAAAP9tjTEOwjAQBC9BFLSUPMIpiESBqNJaaXiBiQ/jxLoztkNS8SK+xh+wiETFFqudbeb1hnUMcOJgRI80WIqdFd6NJi8xcRiujifR80V0TJEdihanljU2C7acEJYUJawkbJA6x9GSSbCVvXqoyiky1TmF/B0llFbf4QmFzOakQvrCHGB3G3Vk+nn+CmD2PkF52Oeq6w9x0LSJvgAAAA==[0m[Pipeline] // node
[8mha:////4MB0SxcqA8m3DeYbQKrHtetYqVk+OT9W63W9aOf53aRAAAAApR+LCAAAAAAAAP9tjTEOwjAQBC9BFLSUPMIpiESBqNJaaXiBiQ/jxLoztkNS8SK+xh+wiETFFqudbeb1hnUMcOJgRI80WIqdFd6NJi8xcRiujifR80V0TJEdihanljU2C7acEJYUJawkbJA6x9GSSbCVvXqoyiky1TmF/B0llFbf4QmFzOakQvrCHGB3G3Vk+nn+CmD2PkF5qHPV+w9qddUKvgAAAA==[0m[Pipeline] }
[8mha:////4HeCfvhQhbIPKczcP9Sa39vdCKDODsda3KDyi4pgbSFnAAAAph+LCAAAAAAAAP9tjTEOwjAQBC9BFLSUPOIiIRAFSkVrueEFJjHGiXUXbAen4kV8jT9gEYmKLVY728zrDcvgoWZvsNPUWwqNxcGNJi9M7Pur44QdX7BhCuw0Sp0kt/o0o+SoYU5RwkLASlPjOFgyEdaiUw9VOUWmOkefv6OA0rZ3eEIhsjkqH78wedjcxjYw/Tx/BTANQ4TysM+1234AWZaOtr4AAAA=[0m[Pipeline] // stage
[8mha:////4DLMZ+U2//KqLNmG/+shtTrW2UcZqZHbcj3I+6K8XRQZAAAAph+LCAAAAAAAAP9tjTEOwjAQBM9BKWgpeYTTICgQFa3lhheY2Bgn1l2wLyQVL+Jr/IFAJCq22llpNc8XlDnBgZKXjcM2YK6D7GLvpyYHSu0l0iAbOsuaMFN0UrtBk3XHGTWxgzmigIWCpcM6Ug7oGVaqMXdTRYO+OnGatr2CItgbPECoycwm8RfGBOtrbzPhz/NXAGPHIDYMxW77OZZvkTKj5MEAAAA=[0m[Pipeline] stage
[8mha:////4DoW45pqSiVV9KEcG/jJ+YMgwWVyLEtR6F+gMNPUuIK+AAAAph+LCAAAAAAAAP9tjTEOwjAUQ3+DOrAycoh0owNiYo26cILQhJA0+r9NUtKJE3E17kBLJSY8WLYl673eUMYAJwqGO42dxdha3vvRzIlnCt3NU+aOrrwljOQ1b3RuSOnzWhtKGlYVDDYCthpbT9GiSbATTj5k5SWa6pLCvB0FMKsGeEIhZnKSIX3LFGB/H1Uk/HH+AmDqE7D6sFi9PMsPhRixbsIAAAA=[0m[Pipeline] { (Deploy)
Stage "Deploy" skipped due to earlier failure(s)
[8mha:////4LebWh72C9uepeWaLKfE98JIaQRvkz8nIgHTiXRYpzv4AAAAox+LCAAAAAAAAP9tjTESwiAURH/iWNhaeghSxhnHypah8QSYIEKY/wkQSeWJvJp3EM2MlVvs7NvmPV+wjgGOFDSzCgeDsTPMu0mXxTKF4eooM0sX1hFGcooJlQX16rSgoKRgSVXDisNGYecoGtQJttzKu2ycRN2cUyjfgUNt+hEeUPFiTjKkL8wBdrepj4Q/z18BzN4nqNv9p9o3yyJXUb4AAAA=[0m[Pipeline] }
[8mha:////4Ip/rgImxGZHsSZdoeNtXj3hYzHHCWaNpDNPzvvga9c1AAAApB+LCAAAAAAAAP9tjTEOwjAQBC9BFLSUPOLSgRCiSmu54QUmNsaJdWdsh6TiRXyNPxCIRMUWq51t5vmCZYpw5GixNdQ5So3D4Hs7LRw4dhfPA7Z8xoYpsTcozSBZm3pGydnAnKKEhYCVocZzcmQzrEWr7qryimx1ynH6DgJKp2/wgEJM5qxi/sIYYXPtdWL6ef4KYAwhQ7nbf2r7BvjBDO2+AAAA[0m[Pipeline] // stage
[8mha:////4E1HXK5XQZfEznAxb05t7wXJp7UyoREkGGqdodQMEsMOAAAApx+LCAAAAAAAAP9tjTEOwjAQBM9BKWgpeYRDQYGEqGgtN7zAxMY4se6CfSGpeBFf4w8EIlGx1c5Kq3m+oMwJDpS8bBy2AXMdZBd7PzU5UGovkQbZ0FnWhJmik9oNmqw7zqiJHcwRBSwULB3WkXJAz7BSjbmbKhr01YnTtO0VFMHe4AFCTWY2ib8wJlhfe5sJf56/Ahg7BrFlKHabz7F8A2WhssTBAAAA[0m[Pipeline] stage
[8mha:////4E7SP4mKj0uOmBuPaZdf0W2d2oC8OZAq0zKxW1Udie5WAAAApx+LCAAAAAAAAP9tjTEOwjAUQ3+LOrAycogUNiTE1DXKwglCE0La6P/yk9JOnIircQdaKjHhwbItWe/1hiIynIidaCy2HmPtRRd6NyUxELfXQINo6CJqwkjBCmUHRcZWS1WULCzKclhJWFusA0WPLsFGNvqhy6DRlefE03aUkHtzhydkciInzelbRobtrTeR8Mf5C4CxS5AfdrPt52fxAUPegdTCAAAA[0m[Pipeline] { (Declarative: Post Actions)
[8mha:////4KJOeeJfrP09jW981CwlzIl44EVBS3zUcTL2ttPXhjSTAAAApB+LCAAAAAAAAP9tjTEOwjAQBC9BFLSUPOIiqJAQVVrLDS8wsTFOrDtjOyQVL+Jr/IFAJCq2WO1sM88XLFOEI0eLraHOUWocBt/baeHAsbt4HrDlMzZMib1BaQbJ2tQzSs4G5hQlLASsDDWekyObYS1adVeVV2SrU47TdxBQOn2DBxRiMmcV8xfGCJtrrxPTz/NXAGPIUO63n9qFNwEi9SW+AAAA[0m[Pipeline] echo
FAILED
[8mha:////4DqVc1+lV0k1fqVQ2amhgmuQTSXxsrOfl7mRHQ5qPp6SAAAApR+LCAAAAAAAAP9tjTEOwjAQBC9BFLSUPOIiRIOEqNJabniBiY1xYt0Z2yGpeBFf4w8EIlGxxWpnm3m+YJkiHDlabA11jlLjMPjeTgsHjt3F84Atn7FhSuwNSjNI1qaeUXI2MKcoYSFgZajxnBzZDGvRqruqvCJbnXKcvoOA0ukbPKAQkzmrmL8wRthce52Yfp6/AhhDyFDud5/avgEbGyOjvgAAAA==[0m[Pipeline] }
[8mha:////4F3K3c/JTtPNE4wU0vgUU2hp1fUiT6vwVGEDL8cT1cjOAAAApR+LCAAAAAAAAP9tjTEOwjAQBC9BFLSUPOJCQYGEqNJabniBiY1xYt0Z2yGpeBFf4w8EIlGxxWpnm3m+YJkiHDlabA11jlLjMPjeTgsHjt3F84Atn7FhSuwNSjNI1qaeUXI2MKcoYSFgZajxnBzZDGvRqruqvCJbnXKcvoOA0ukbPKAQkzmrmL8wRthce52Yfp6/AhhDyFDud5/avgE1GyHJvgAAAA==[0m[Pipeline] // stage
[8mha:////4Cg/hobnSfZSMud+J2uGL53iLKkWHMAOUKQOKFtumKgDAAAApB+LCAAAAAAAAP9tjTEOwjAQBDdBFLSUPMJpQEJCVLRWGl5gEmOcWHfBvpBUvIiv8QciIlGx1c4083pjmSKOHJ1qLLWeUuVVF3o3PTVwbK+BB9XwRVVMiYNVpR1Kru1pxpLFYl6WY6GxslQFTp6cYK0b8zBFMOSKs8TJHTRyX9/xRKanspgoXxgjNre+Tky/zt8Axq4T5PudINt+AD31qj29AAAA[0m[Pipeline] }
[8mha:////4HsxmmpiYmlxa9TWtFnXcdoULFdmv+Fd54nbPPPuMUxzAAAApB+LCAAAAAAAAP9tjTEOwjAQBDdBFLSUPMIpkBASoqK10vACkxjjxLoL9oWk4kV8jT8QEYmKrXammdcbyxRx5OhUY6n1lCqvutC76amBY3sNPKiGL6piShysKu1Qcm1PM5YsFvOyHAuNlaUqcPLkBGvdmIcpgiFXnCVO7qCR+/qOJzI9lcVE+cIYsbn1dWL6df4GMHadIN/vBNn2A04abuS9AAAA[0m[Pipeline] // withEnv
[8mha:////4Lxg/eMZuBNj1l0hszHSZGSX8fMDrVKHK5vGi1QP727eAAAApB+LCAAAAAAAAP9tjTEOwjAQBDdBFLSUPMKRaEBCVLRWGl5gEmOcWHfBvpBUvIiv8QciIlGx1c4083pjmSKOHJ1qLLWeUuVVF3o3PTVwbK+BB9XwRVVMiYNVpR1Kru1pxpLFYl6WY6GxslQFTp6cYK0b8zBFMOSKs8TJHTRyX9/xRKanspgoXxgjNre+Tky/zt8Axq4T5PudINt+AGgDCa69AAAA[0m[Pipeline] End of Pipeline
ERROR: script returned exit code 1
Finished: FAILURE
