Started by GitHub push by nghiattr
Lightweight checkout support not available, falling back to full checkout.
Checking out git https://github.com/nghiattr/flask-docker.git into /var/jenkins_home/workspace/CICD-pipeline@script to read Jenkinsfile
The recommended git tool is: NONE
using credential cc06d1e1-44a5-4361-9e9c-eadedc84103a
 > git rev-parse --resolve-git-dir /var/jenkins_home/workspace/CICD-pipeline@script/.git # timeout=10
Fetching changes from the remote Git repository
 > git config remote.origin.url https://github.com/nghiattr/flask-docker.git # timeout=10
Fetching upstream changes from https://github.com/nghiattr/flask-docker.git
 > git --version # timeout=10
 > git --version # 'git version 2.30.2'
using GIT_ASKPASS to set credentials github-acc-nghiattr
 > git fetch --tags --force --progress -- https://github.com/nghiattr/flask-docker.git +refs/heads/*:refs/remotes/origin/* # timeout=10
Seen branch in repository origin/develop
Seen branch in repository origin/feature/testpullrq
Seen branch in repository origin/master
Seen 3 remote branches
 > git show-ref --tags -d # timeout=10
Checking out Revision de416a4f317d211fc9afbfaca66bffd2664d62c4 (origin/develop)
 > git config core.sparsecheckout # timeout=10
 > git checkout -f de416a4f317d211fc9afbfaca66bffd2664d62c4 # timeout=10
Commit message: "asdas"
 > git rev-list --no-walk 0f98895073497c8795b06daadc1c59aba6224701 # timeout=10
[8mha:////4HOQyhtRN6BYPCfZoaC4t6X005cLacOr/i0de2nNLleuAAAAoh+LCAAAAAAAAP9tjTEOwjAQBM8BClpKHuFItIiK1krDC0x8GCfWnbEdkooX8TX+gCESFVvtrLSa5wtWKcKBo5UdUu8otU4GP9jS5Mixv3geZcdn2TIl9igbHBs2eJyx4YwwR1SwULBGaj0nRzbDRnX6rmuvydanHMu2V1A5c4MHCFXMWcf8hSnC9jqYxPTz/BXAFEIGsfuclm8zQVqFvQAAAA==[0m[Pipeline] Start of Pipeline
[8mha:////4F/s7/NoWvjr0vCN9EAZthd1TuZQPg4JazwCDGuITzfqAAAApR+LCAAAAAAAAP9tjTEOwjAUQ3+KOrAycohUghExsUZZOEFIQkgb/d8mKe3EibgadyBQiQlLlmxL1nu+oE4RjhQdby12HpP2vA+jK4lPFLtroIm3dOGaMFGwXNpJkrGnpUrKFhaxClYC1hZ1oOTRZdiIVt1VExS65pxj2Q4CKm8GeAAThZxVzN8yR9jeRpMIf5y/AJj7DGxXvP/86jduZBmjwAAAAA==[0m[Pipeline] withEnv
[8mha:////4HEYXE9y1eFYyQUomacZgNwvs7xXyqhM+vSjcPSLvMgSAAAApR+LCAAAAAAAAP9tjTEOwjAUQ3+KOrAycoh0gA0xsUZZOEFIQkgb/d8mKe3EibgadyBQiQlLlmxL1nu+oE4RjhQdby12HpP2vA+jK4lPFLtroIm3dOGaMFGwXNpJkrGnpUrKFhaxClYC1hZ1oOTRZdiIVt1VExS65pxj2Q4CKm8GeAAThZxVzN8yR9jeRpMIf5y/AJj7DGxXvP/86jfoP95RwAAAAA==[0m[Pipeline] {
[8mha:////4CMUgZyjsrY4/QPwaLH9GgYOA9JZEyYm4bY/MOAiEMeIAAAApR+LCAAAAAAAAP9tjTEOwjAUQ3+KOrAycoh0gQkxsUZZOEFIQkgb/d8mKe3EibgadyBQiQlLlmxL1nu+oE4RjhQdby12HpP2vA+jK4lPFLtroIm3dOGaMFGwXNpJkrGnpUrKFhaxClYC1hZ1oOTRZdiIVt1VExS65pxj2Q4CKm8GeAAThZxVzN8yR9jeRpMIf5y/AJj7DGxXvP/86jc09154wAAAAA==[0m[Pipeline] stage
[8mha:////4HZiYjbHQ+7KG26siAhOg2dIUqwTviAqmxWiEmcL7l1GAAAApR+LCAAAAAAAAP9tjTEOwjAUQ3+KOrAycoh0ggUxsUZZOEFIQkgb/d8mKe3EibgadyBQiQlLlmxL1nu+oE4RjhQdby12HpP2vA+jK4lPFLtroIm3dOGaMFGwXNpJkrGnpUrKFhaxClYC1hZ1oOTRZdiIVt1VExS65pxj2Q4CKm8GeAAThZxVzN8yR9jeRpMIf5y/AJj7DGxXvP/86jek7ggRwAAAAA==[0m[Pipeline] { (SonarScanner)
[8mha:////4M9wuEAldvnHQTYqV8LrjvdXugEYYhEpBJ9rrbC4YlyVAAAApR+LCAAAAAAAAP9tjTEOwjAUQ3+KOrAycoh0gwExsUZZOEFIQkgb/d8mKe3EibgadyBQiQlLlmxL1nu+oE4RjhQdby12HpP2vA+jK4lPFLtroIm3dOGaMFGwXNpJkrGnpUrKFhaxClYC1hZ1oOTRZdiIVt1VExS65pxj2Q4CKm8GeAAThZxVzN8yR9jeRpMIf5y/AJj7DGxXvP/86jcChmMxwAAAAA==[0m[Pipeline] node
Running on [8mha:////4GcGUJYILzcXDUILh5IX5PSxj+2hDQ3DlKcvAXQn/vDZAAAAph+LCAAAAAAAAP9b85aBtbiIQTGjNKU4P08vOT+vOD8nVc83PyU1x6OyILUoJzMv2y+/JJUBAhiZGBgqihhk0NSjKDWzXb3RdlLBUSYGJk8GtpzUvPSSDB8G5tKinBIGIZ+sxLJE/ZzEvHT94JKizLx0a6BxUmjGOUNodHsLgAzeEgYp/eT83ILSktQi/azUvOzMvGJVI5fE9NS8En0A4Zrl388AAAA=[0mjenkins-agent in /jenkins-agent/workspace/CICD-pipeline
[8mha:////4B2Rt5yE6SJ+uuoI+Rf5/m3KFGpfQXwtYdNJC+o0ryBSAAAApR+LCAAAAAAAAP9tjTEOwjAUQ3+KOrAycoh0BAkxsUZZOEFIQkgb/d8mKe3EibgadyBQiQlLlmxL1nu+oE4RjhQdby12HpP2vA+jK4lPFLtroIm3dOGaMFGwXNpJkrGnpUrKFhaxClYC1hZ1oOTRZdiIVt1VExS65pxj2Q4CKm8GeAAThZxVzN8yR9jeRpMIf5y/AJj7DGxXvP/86jfpX/cvwAAAAA==[0m[Pipeline] {
[8mha:////4G93A90MnnohGMLPCKemxnPXnlqxfI0/NYYy6t7SLiHmAAAAoh+LCAAAAAAAAP9tjTEOAiEURD9rLGwtPQTbaoyVLaHxBMgiwpL/WWDdrTyRV/MOEjexcpJJ5k3zXm9Y5wQnSpZ7g73DrB2PYbR18YlSfws0cU9XrgkzBcOlmSR15rygpGJgCWtgJWBjUAfKDm2BrfDqodqg0LaXkup3FNC4boAnMFHNRaXyhTnB7j52mfDn+SuAORZg+9pD/AAeoCAqvAAAAA==[0m[Pipeline] checkout
The recommended git tool is: NONE
using credential cc06d1e1-44a5-4361-9e9c-eadedc84103a
Fetching changes from the remote Git repository
Checking out Revision de416a4f317d211fc9afbfaca66bffd2664d62c4 (origin/develop)
Commit message: "asdas"
[8mha:////4IYUMR+AvW5OQYcIn0nLzon5D0VHYk+kHO9O28O17TjmAAAAph+LCAAAAAAAAP9tjTEOwjAQBM9BKWgpeYQDHRKiorXc8AITG+PEugv2haTiRXyNPxCIRMVWOyut5vmCMic4UPKycdgGzHWQXez91ORAqb1EGmRDZ1kTZopOajdosu44oyZ2MEcUsFCwdFhHygE9w0o15m6qaNBXJ07TtldQBHuDBwg1mdkk/sKYYH3tbSb8ef4KYOwYxI6h2G4+x/INcXYwW8EAAAA=[0m[Pipeline] withEnv
[8mha:////4GCXLqx/wb5vhYgCosonXXJTNRlHNZyj9c8Z1zYsi6mjAAAApR+LCAAAAAAAAP9tjTEOwjAUQ3+DOrAycoiUzoiJNerCCUITQtLo/zZJSSdOxNW4Ay2VmPBg2Zas93pDGQOcKBjuNHYWY2t570czJ54pdDdPmTu68pYwkte80bkhpc9rbShpWFUw2AjYamw9RYsmwU44+ZCVl2iqSwrzdhTArBrgCYWYyUmG9C1TgP19VJHwx/kLgKlPwOrDYvXyLD8BobDcwgAAAA==[0m[Pipeline] {
[8mha:////4HvxyKWAMllCGes4B9xahu9kJ2SdeGwNk54bfssvwD0uAAAAox+LCAAAAAAAAP9tjTESwiAURH/iWNhaeggysXWsbBkaT4AJIoT5nwCRVJ7Iq3kH0cxYucXOvm3e8wXrGOBIQTOrcDAYO8O8m3RZLFMYro4ys3RhHWEkp5hQWVCvTgsKSgqWVDWsOGwUdo6iQZ1gy628y8ZJ1M05hfIdONSmH+EBFS/mJEP6whxgd5v6SPjz/BXA7BPUbfupvX8DpQJrNb4AAAA=[0m[Pipeline] sh
+ pwd
/jenkins-agent/workspace/CICD-pipeline
[8mha:////4BSxGPh393zK7KiE4G5Fb4tg7tbKDVyDY/Hz0Id2vDA9AAAAox+LCAAAAAAAAP9tjTESwiAURH/iWNhaeggyGUvHypah8QSYIEKY/wkQSeWJvJp3EM2MlVvs7NvmPV+wjgGOFDSzCgeDsTPMu0mXxTKF4eooM0sX1hFGcooJlQX16rSgoKRgSVXDisNGYecoGtQJttzKu2ycRN2cUyjfgUNt+hEeUPFiTjKkL8wBdrepj4Q/z18BzD5B3baf2vs35DNwLL4AAAA=[0m[Pipeline] sh
 > git rev-parse --resolve-git-dir /jenkins-agent/workspace/CICD-pipeline/.git # timeout=10
 > git config remote.origin.url https://github.com/nghiattr/flask-docker.git # timeout=10
Fetching upstream changes from https://github.com/nghiattr/flask-docker.git
 > git --version # timeout=10
 > git --version # 'git version 2.25.1'
using GIT_ASKPASS to set credentials github-acc-nghiattr
 > git fetch --tags --force --progress -- https://github.com/nghiattr/flask-docker.git +refs/heads/*:refs/remotes/origin/* # timeout=10
Seen branch in repository origin/develop
Seen branch in repository origin/feature/testpullrq
Seen branch in repository origin/master
Seen 3 remote branches
 > git show-ref --tags -d # timeout=10
 > git config core.sparsecheckout # timeout=10
 > git checkout -f de416a4f317d211fc9afbfaca66bffd2664d62c4 # timeout=10
+ docker run --rm --net host -e SONAR_HOST_URL=http://35.247.164.137:9000 -v /jenkins-agent/workspace/CICD-pipeline:/usr/src sonarsource/sonar-scanner-cli -Dsonar.verbose=true -Dsonar.host.url=http://35.247.164.137:9000 -Dsonar.projectName=sonarqube-test -Dsonar.projectKey=sonarqube-test -Dsonar.login=2aaca7485ae9a1b0eeec77e6a3a71c87cee7cfe8 -Dsonar.sources=.
INFO: Scanner configuration file: /opt/sonar-scanner/conf/sonar-scanner.properties
INFO: Project root configuration file: NONE
19:18:26.199 INFO: SonarScanner 4.6.2.2472
19:18:26.201 INFO: Java 11.0.12 Alpine (64-bit)
19:18:26.202 INFO: Linux 5.11.0-1023-gcp amd64
19:18:26.574 DEBUG: keyStore is : 
19:18:26.575 DEBUG: keyStore type is : pkcs12
19:18:26.575 DEBUG: keyStore provider is : 
19:18:26.576 DEBUG: init keystore
19:18:26.577 DEBUG: init keymanager of type SunX509
19:18:26.894 DEBUG: Create: /opt/sonar-scanner/.sonar/cache
19:18:26.897 INFO: User cache: /opt/sonar-scanner/.sonar/cache
19:18:26.898 DEBUG: Create: /opt/sonar-scanner/.sonar/cache/_tmp
19:18:26.903 DEBUG: Extract sonar-scanner-api-batch in temp...
19:18:26.912 DEBUG: Get bootstrap index...
19:18:26.912 DEBUG: Download: http://35.247.164.137:9000/batch/index
19:18:27.038 DEBUG: Get bootstrap completed
19:18:27.047 DEBUG: Download http://35.247.164.137:9000/batch/file?name=sonar-scanner-engine-shaded-9.2.4.50792-all.jar to /opt/sonar-scanner/.sonar/cache/_tmp/fileCache15816620298623282945.tmp
19:18:27.637 DEBUG: Create isolated classloader...
19:18:27.651 DEBUG: Start temp cleaning...
19:18:27.657 DEBUG: Temp cleaning done
19:18:27.658 INFO: Scanner configuration file: /opt/sonar-scanner/conf/sonar-scanner.properties
19:18:27.659 INFO: Project root configuration file: NONE
19:18:27.661 DEBUG: Execution getVersion
19:18:27.699 INFO: Analyzing on SonarQube server 9.2.4
19:18:27.699 INFO: Default locale: "en_US", source code encoding: "UTF-8" (analysis is platform dependent)
19:18:27.701 DEBUG: Work directory: /usr/src/.scannerwork
19:18:27.703 DEBUG: Execution execute
19:18:28.175 DEBUG: Community 9.2.4.50792
19:18:28.420 INFO: Load global settings
19:18:28.486 DEBUG: GET 200 http://35.247.164.137:9000/api/settings/values.protobuf | time=63ms
19:18:28.530 INFO: Load global settings (done) | time=110ms
19:18:28.533 INFO: Server id: BF41A1F2-AX4rm8QDNcwuSSX-5F4V
19:18:28.552 DEBUG: Create : /opt/sonar-scanner/.sonar/_tmp
19:18:28.554 INFO: User cache: /opt/sonar-scanner/.sonar/cache
19:18:28.559 INFO: Load/download plugins
19:18:28.560 INFO: Load plugins index
19:18:28.575 DEBUG: GET 200 http://35.247.164.137:9000/api/plugins/installed | time=14ms
19:18:28.652 INFO: Load plugins index (done) | time=92ms
19:18:28.655 DEBUG: Download plugin 'csharp' to '/opt/sonar-scanner/.sonar/_tmp/fileCache8014881782633259663.tmp'
19:18:28.678 DEBUG: GET 200 http://35.247.164.137:9000/api/plugins/download?plugin=csharp&acceptCompressions=pack200 | time=23ms
19:18:28.872 DEBUG: Download plugin 'config' to '/opt/sonar-scanner/.sonar/_tmp/fileCache12421910622112834740.tmp'
19:18:28.903 DEBUG: GET 200 http://35.247.164.137:9000/api/plugins/download?plugin=config&acceptCompressions=pack200 | time=31ms
19:18:28.909 DEBUG: Download plugin 'flex' to '/opt/sonar-scanner/.sonar/_tmp/fileCache12446203572459606147.tmp'
19:18:28.917 DEBUG: GET 200 http://35.247.164.137:9000/api/plugins/download?plugin=flex&acceptCompressions=pack200 | time=7ms
19:18:28.987 DEBUG: Download plugin 'go' to '/opt/sonar-scanner/.sonar/_tmp/fileCache9236169893037207071.tmp'
19:18:29.007 DEBUG: GET 200 http://35.247.164.137:9000/api/plugins/download?plugin=go&acceptCompressions=pack200 | time=20ms
19:18:29.192 DEBUG: Download plugin 'web' to '/opt/sonar-scanner/.sonar/_tmp/fileCache3220707637265707871.tmp'
19:18:29.200 DEBUG: GET 200 http://35.247.164.137:9000/api/plugins/download?plugin=web&acceptCompressions=pack200 | time=8ms
19:18:29.215 DEBUG: Download plugin 'iac' to '/opt/sonar-scanner/.sonar/_tmp/fileCache11899626729307407933.tmp'
19:18:29.223 DEBUG: GET 200 http://35.247.164.137:9000/api/plugins/download?plugin=iac&acceptCompressions=pack200 | time=7ms
19:18:29.240 DEBUG: Download plugin 'jacoco' to '/opt/sonar-scanner/.sonar/_tmp/fileCache14738014997329334716.tmp'
19:18:29.247 DEBUG: GET 200 http://35.247.164.137:9000/api/plugins/download?plugin=jacoco&acceptCompressions=pack200 | time=6ms
19:18:29.251 DEBUG: Download plugin 'java' to '/opt/sonar-scanner/.sonar/_tmp/fileCache11876608658864771762.tmp'
19:18:29.259 DEBUG: GET 200 http://35.247.164.137:9000/api/plugins/download?plugin=java&acceptCompressions=pack200 | time=8ms
19:18:29.678 DEBUG: Download plugin 'javascript' to '/opt/sonar-scanner/.sonar/_tmp/fileCache3614013833494793391.tmp'
19:18:29.688 DEBUG: GET 200 http://35.247.164.137:9000/api/plugins/download?plugin=javascript&acceptCompressions=pack200 | time=9ms
19:18:30.026 DEBUG: Download plugin 'kotlin' to '/opt/sonar-scanner/.sonar/_tmp/fileCache5457354091635727293.tmp'
19:18:30.043 DEBUG: GET 200 http://35.247.164.137:9000/api/plugins/download?plugin=kotlin&acceptCompressions=pack200 | time=17ms
19:18:31.226 DEBUG: Download plugin 'php' to '/opt/sonar-scanner/.sonar/_tmp/fileCache3538645845401075557.tmp'
19:18:31.236 DEBUG: GET 200 http://35.247.164.137:9000/api/plugins/download?plugin=php&acceptCompressions=pack200 | time=10ms
19:18:31.357 DEBUG: Download plugin 'python' to '/opt/sonar-scanner/.sonar/_tmp/fileCache4818083311417741866.tmp'
19:18:31.393 DEBUG: GET 200 http://35.247.164.137:9000/api/plugins/download?plugin=python&acceptCompressions=pack200 | time=35ms
19:18:31.586 DEBUG: Download plugin 'ruby' to '/opt/sonar-scanner/.sonar/_tmp/fileCache3543753389441077598.tmp'
19:18:31.595 DEBUG: GET 200 http://35.247.164.137:9000/api/plugins/download?plugin=ruby&acceptCompressions=pack200 | time=7ms
19:18:31.902 DEBUG: Download plugin 'sonarscala' to '/opt/sonar-scanner/.sonar/_tmp/fileCache1774967420521690035.tmp'
19:18:31.910 DEBUG: GET 200 http://35.247.164.137:9000/api/plugins/download?plugin=sonarscala&acceptCompressions=pack200 | time=7ms
19:18:32.160 DEBUG: Download plugin 'vbnet' to '/opt/sonar-scanner/.sonar/_tmp/fileCache2951499554358587131.tmp'
19:18:32.186 DEBUG: GET 200 http://35.247.164.137:9000/api/plugins/download?plugin=vbnet&acceptCompressions=pack200 | time=25ms
19:18:32.258 DEBUG: Download plugin 'xml' to '/opt/sonar-scanner/.sonar/_tmp/fileCache7109019521387123059.tmp'
19:18:32.284 DEBUG: GET 200 http://35.247.164.137:9000/api/plugins/download?plugin=xml&acceptCompressions=pack200 | time=25ms
19:18:32.324 INFO: Load/download plugins (done) | time=3764ms
19:18:32.526 DEBUG: Plugins:
19:18:32.527 DEBUG:   * Python Code Quality and Security 3.8.0.8883 (python)
19:18:32.527 DEBUG:   * Go Code Quality and Security 1.8.3.2219 (go)
19:18:32.527 DEBUG:   * JaCoCo 1.1.1.1157 (jacoco)
19:18:32.527 DEBUG:   * Kotlin Code Quality and Security 2.7.0.948 (kotlin)
19:18:32.527 DEBUG:   * IaC Code Quality and Security 1.4.0.1294 (iac)
19:18:32.527 DEBUG:   * JavaScript/TypeScript Code Quality and Security 8.6.0.16913 (javascript)
19:18:32.527 DEBUG:   * Ruby Code Quality and Security 1.8.3.2219 (ruby)
19:18:32.528 DEBUG:   * Scala Code Quality and Security 1.8.3.2219 (sonarscala)
19:18:32.528 DEBUG:   * C# Code Quality and Security 8.32.0.39516 (csharp)
19:18:32.528 DEBUG:   * Java Code Quality and Security 7.5.0.28054 (java)
19:18:32.528 DEBUG:   * HTML Code Quality and Security 3.4.0.2754 (web)
19:18:32.528 DEBUG:   * Flex Code Quality and Security 2.6.2.2641 (flex)
19:18:32.528 DEBUG:   * XML Code Quality and Security 2.4.0.3273 (xml)
19:18:32.528 DEBUG:   * PHP Code Quality and Security 3.21.2.8292 (php)
19:18:32.528 DEBUG:   * VB.NET Code Quality and Security 8.32.0.39516 (vbnet)
19:18:32.528 DEBUG:   * Configuration detection fot Code Quality and Security 1.1.0.185 (config)
19:18:33.298 INFO: Process project properties
19:18:33.312 INFO: Process project properties (done) | time=14ms
19:18:33.313 INFO: Execute project builders
19:18:33.314 DEBUG: Execute project builder: org.sonar.plugins.csharp.CSharpGlobalProtobufFileProcessor
19:18:33.316 DEBUG: Execute project builder: org.sonar.plugins.vbnet.VbNetGlobalProtobufFileProcessor
19:18:33.317 INFO: Execute project builders (done) | time=4ms
19:18:33.323 INFO: Project key: sonarqube-test
19:18:33.323 INFO: Base dir: /usr/src
19:18:33.324 INFO: Working dir: /usr/src/.scannerwork
19:18:33.324 DEBUG: Project global encoding: UTF-8, default locale: en_US
19:18:33.326 DEBUG: Creating module hierarchy
19:18:33.326 DEBUG:   Init module 'sonarqube-test'
19:18:33.327 DEBUG:     Base dir: /usr/src
19:18:33.328 DEBUG:     Working dir: /usr/src/.scannerwork
19:18:33.328 DEBUG:     Module global encoding: UTF-8, default locale: en_US
19:18:33.442 INFO: Load project settings for component key: 'sonarqube-test'
19:18:33.472 DEBUG: GET 200 http://35.247.164.137:9000/api/settings/values.protobuf?component=sonarqube-test | time=30ms
19:18:33.474 INFO: Load project settings for component key: 'sonarqube-test' (done) | time=32ms
19:18:33.538 DEBUG: Available languages:
19:18:33.538 DEBUG:   * Python => "py"
19:18:33.539 DEBUG:   * Go => "go"
19:18:33.539 DEBUG:   * Kotlin => "kotlin"
19:18:33.540 DEBUG:   * Terraform => "terraform"
19:18:33.540 DEBUG:   * CloudFormation => "cloudformation"
19:18:33.540 DEBUG:   * JavaScript => "js"
19:18:33.541 DEBUG:   * TypeScript => "ts"
19:18:33.541 DEBUG:   * CSS => "css"
19:18:33.542 DEBUG:   * Ruby => "ruby"
19:18:33.542 DEBUG:   * Scala => "scala"
19:18:33.542 DEBUG:   * C# => "cs"
19:18:33.543 DEBUG:   * Java => "java"
19:18:33.543 DEBUG:   * HTML => "web"
19:18:33.543 DEBUG:   * JSP => "jsp"
19:18:33.544 DEBUG:   * Flex => "flex"
19:18:33.544 DEBUG:   * XML => "xml"
19:18:33.544 DEBUG:   * PHP => "php"
19:18:33.545 DEBUG:   * VB.NET => "vbnet"
19:18:33.546 DEBUG:   * YAML => "yaml"
19:18:33.546 DEBUG:   * JSON => "json"
19:18:33.574 INFO: Load quality profiles
19:18:33.750 DEBUG: GET 200 http://35.247.164.137:9000/api/qualityprofiles/search.protobuf?project=sonarqube-test | time=174ms
19:18:33.795 INFO: Load quality profiles (done) | time=221ms
19:18:33.813 INFO: Load active rules
19:18:34.038 DEBUG: GET 200 http://35.247.164.137:9000/api/rules/search.protobuf?f=repo,name,severity,lang,internalKey,templateKey,params,actives,createdAt,updatedAt,deprecatedKeys&activation=true&qprofile=AX4rnR8CNcwuSSX-5Jx2&ps=500&p=1 | time=224ms
19:18:34.232 DEBUG: GET 200 http://35.247.164.137:9000/api/rules/search.protobuf?f=repo,name,severity,lang,internalKey,templateKey,params,actives,createdAt,updatedAt,deprecatedKeys&activation=true&qprofile=AX4rnSMMNcwuSSX-5JzT&ps=500&p=1 | time=85ms
19:18:34.274 DEBUG: GET 200 http://35.247.164.137:9000/api/rules/search.protobuf?f=repo,name,severity,lang,internalKey,templateKey,params,actives,createdAt,updatedAt,deprecatedKeys&activation=true&qprofile=AX4rnSb9NcwuSSX-5Jzz&ps=500&p=1 | time=34ms
19:18:34.351 DEBUG: GET 200 http://35.247.164.137:9000/api/rules/search.protobuf?f=repo,name,severity,lang,internalKey,templateKey,params,actives,createdAt,updatedAt,deprecatedKeys&activation=true&qprofile=AX4rnSfRNcwuSSX-5J0u&ps=500&p=1 | time=76ms
19:18:34.497 DEBUG: GET 200 http://35.247.164.137:9000/api/rules/search.protobuf?f=repo,name,severity,lang,internalKey,templateKey,params,actives,createdAt,updatedAt,deprecatedKeys&activation=true&qprofile=AX4rnSu8NcwuSSX-5J36&ps=500&p=1 | time=139ms
19:18:34.704 DEBUG: GET 200 http://35.247.164.137:9000/api/rules/search.protobuf?f=repo,name,severity,lang,internalKey,templateKey,params,actives,createdAt,updatedAt,deprecatedKeys&activation=true&qprofile=AX4rnTKSNcwuSSX-5J_W&ps=500&p=1 | time=190ms
19:18:34.976 DEBUG: GET 200 http://35.247.164.137:9000/api/rules/search.protobuf?f=repo,name,severity,lang,internalKey,templateKey,params,actives,createdAt,updatedAt,deprecatedKeys&activation=true&qprofile=AX4rnTqGNcwuSSX-5KHN&ps=500&p=1 | time=227ms
19:18:35.142 DEBUG: GET 200 http://35.247.164.137:9000/api/rules/search.protobuf?f=repo,name,severity,lang,internalKey,templateKey,params,actives,createdAt,updatedAt,deprecatedKeys&activation=true&qprofile=AX4rnT5yNcwuSSX-5KKn&ps=500&p=1 | time=120ms
19:18:35.359 DEBUG: GET 200 http://35.247.164.137:9000/api/rules/search.protobuf?f=repo,name,severity,lang,internalKey,templateKey,params,actives,createdAt,updatedAt,deprecatedKeys&activation=true&qprofile=AX4rnUFaNcwuSSX-5KTQ&ps=500&p=1 | time=212ms
19:18:35.799 DEBUG: GET 200 http://35.247.164.137:9000/api/rules/search.protobuf?f=repo,name,severity,lang,internalKey,templateKey,params,actives,createdAt,updatedAt,deprecatedKeys&activation=true&qprofile=AX4rnUgNNcwuSSX-5KmS&ps=500&p=1 | time=417ms
19:18:35.904 DEBUG: GET 200 http://35.247.164.137:9000/api/rules/search.protobuf?f=repo,name,severity,lang,internalKey,templateKey,params,actives,createdAt,updatedAt,deprecatedKeys&activation=true&qprofile=AX4rnU3jNcwuSSX-5Kui&ps=500&p=1 | time=68ms
19:18:35.981 DEBUG: GET 200 http://35.247.164.137:9000/api/rules/search.protobuf?f=repo,name,severity,lang,internalKey,templateKey,params,actives,createdAt,updatedAt,deprecatedKeys&activation=true&qprofile=AX4rnU_wNcwuSSX-5Kwm&ps=500&p=1 | time=74ms
19:18:36.073 DEBUG: GET 200 http://35.247.164.137:9000/api/rules/search.protobuf?f=repo,name,severity,lang,internalKey,templateKey,params,actives,createdAt,updatedAt,deprecatedKeys&activation=true&qprofile=AX4rnVPSNcwuSSX-5Kx4&ps=500&p=1 | time=88ms
19:18:36.096 DEBUG: GET 200 http://35.247.164.137:9000/api/rules/search.protobuf?f=repo,name,severity,lang,internalKey,templateKey,params,actives,createdAt,updatedAt,deprecatedKeys&activation=true&qprofile=AX4rnVTbNcwuSSX-5KyK&ps=500&p=1 | time=20ms
19:18:36.234 DEBUG: GET 200 http://35.247.164.137:9000/api/rules/search.protobuf?f=repo,name,severity,lang,internalKey,templateKey,params,actives,createdAt,updatedAt,deprecatedKeys&activation=true&qprofile=AX4rnVXVNcwuSSX-5K3Q&ps=500&p=1 | time=136ms
19:18:36.295 DEBUG: GET 200 http://35.247.164.137:9000/api/rules/search.protobuf?f=repo,name,severity,lang,internalKey,templateKey,params,actives,createdAt,updatedAt,deprecatedKeys&activation=true&qprofile=AX4rnV6MNcwuSSX-5K9L&ps=500&p=1 | time=54ms
19:18:36.495 DEBUG: GET 200 http://35.247.164.137:9000/api/rules/search.protobuf?f=repo,name,severity,lang,internalKey,templateKey,params,actives,createdAt,updatedAt,deprecatedKeys&activation=true&qprofile=AX4rnWJwNcwuSSX-5LBW&ps=500&p=1 | time=197ms
19:18:36.559 DEBUG: GET 200 http://35.247.164.137:9000/api/rules/search.protobuf?f=repo,name,severity,lang,internalKey,templateKey,params,actives,createdAt,updatedAt,deprecatedKeys&activation=true&qprofile=AX4rnWZoNcwuSSX-5LD-&ps=500&p=1 | time=59ms
19:18:36.771 DEBUG: GET 200 http://35.247.164.137:9000/api/rules/search.protobuf?f=repo,name,severity,lang,internalKey,templateKey,params,actives,createdAt,updatedAt,deprecatedKeys&activation=true&qprofile=AX4rnWlYNcwuSSX-5LKO&ps=500&p=1 | time=210ms
19:18:36.809 DEBUG: GET 200 http://35.247.164.137:9000/api/rules/search.protobuf?f=repo,name,severity,lang,internalKey,templateKey,params,actives,createdAt,updatedAt,deprecatedKeys&activation=true&qprofile=AX4rnWhLNcwuSSX-5LEa&ps=500&p=1 | time=32ms
19:18:36.833 INFO: Load active rules (done) | time=3020ms
19:18:36.938 DEBUG: Declared extensions of language Python were converted to sonar.lang.patterns.py : **/*.py
19:18:36.938 DEBUG: Declared extensions of language Go were converted to sonar.lang.patterns.go : **/*.go
19:18:36.939 DEBUG: Declared extensions of language Kotlin were converted to sonar.lang.patterns.kotlin : **/*.kt
19:18:36.939 DEBUG: Declared extensions of language Terraform were converted to sonar.lang.patterns.terraform : **/*.tf
19:18:36.940 DEBUG: Declared extensions of language CloudFormation were converted to sonar.lang.patterns.cloudformation : 
19:18:36.940 DEBUG: Declared extensions of language JavaScript were converted to sonar.lang.patterns.js : **/*.js,**/*.jsx,**/*.mjs,**/*.vue
19:18:36.941 DEBUG: Declared extensions of language TypeScript were converted to sonar.lang.patterns.ts : **/*.ts,**/*.tsx
19:18:36.941 DEBUG: Declared extensions of language CSS were converted to sonar.lang.patterns.css : **/*.css,**/*.less,**/*.scss
19:18:36.941 DEBUG: Declared extensions of language Ruby were converted to sonar.lang.patterns.ruby : **/*.rb
19:18:36.942 DEBUG: Declared extensions of language Scala were converted to sonar.lang.patterns.scala : **/*.scala
19:18:36.942 DEBUG: Declared extensions of language C# were converted to sonar.lang.patterns.cs : **/*.cs
19:18:36.943 DEBUG: Declared extensions of language Java were converted to sonar.lang.patterns.java : **/*.java,**/*.jav
19:18:36.944 DEBUG: Declared extensions of language HTML were converted to sonar.lang.patterns.web : **/*.html,**/*.xhtml,**/*.cshtml,**/*.vbhtml,**/*.aspx,**/*.ascx,**/*.rhtml,**/*.erb,**/*.shtm,**/*.shtml
19:18:36.944 DEBUG: Declared extensions of language JSP were converted to sonar.lang.patterns.jsp : **/*.jsp,**/*.jspf,**/*.jspx
19:18:36.944 DEBUG: Declared extensions of language Flex were converted to sonar.lang.patterns.flex : **/*.as
19:18:36.945 DEBUG: Declared extensions of language XML were converted to sonar.lang.patterns.xml : **/*.xml,**/*.xsd,**/*.xsl
19:18:36.946 DEBUG: Declared extensions of language PHP were converted to sonar.lang.patterns.php : **/*.php,**/*.php3,**/*.php4,**/*.php5,**/*.phtml,**/*.inc
19:18:36.946 DEBUG: Declared extensions of language VB.NET were converted to sonar.lang.patterns.vbnet : **/*.vb
19:18:36.947 DEBUG: Declared extensions of language YAML were converted to sonar.lang.patterns.yaml : **/*.yaml,**/*.yml
19:18:36.947 DEBUG: Declared extensions of language JSON were converted to sonar.lang.patterns.json : **/*.json
19:18:36.953 DEBUG: Will ignore generated code
19:18:36.956 DEBUG: Will ignore generated code
19:18:36.957 INFO: Indexing files...
19:18:36.957 INFO: Project configuration:
19:18:36.987 DEBUG: loading config FileBasedConfig[/tmp/jgit/config]
19:18:36.989 DEBUG: readpipe [/usr/bin/git, --version],/usr/bin
19:18:37.072 DEBUG: readpipe may return 'git version 2.32.0'
19:18:37.076 DEBUG: remaining output:

19:18:37.077 DEBUG: readpipe [/usr/bin/git, config, --system, --edit],/usr/bin
19:18:37.091 DEBUG: readpipe may return '/etc/gitconfig'
19:18:37.091 DEBUG: remaining output:

19:18:37.093 DEBUG: loading config FileBasedConfig[/etc/gitconfig]
19:18:37.095 DEBUG: loading config FileBasedConfig[/root/.gitconfig]
19:18:37.156 DEBUG: Thread[JGit-FileStoreAttributeReader-1,5,main]: start measure timestamp resolution /usr/src (/dev/root) in /usr/src/.git
19:18:37.158 DEBUG: Thread[JGit-FileStoreAttributeReader-1,5,main]: end measure timestamp resolution /usr/src (/dev/root) in /usr/src/.git; got PT0.000006S
19:18:37.158 DEBUG: Thread[JGit-FileStoreAttributeReader-1,5,main]: start measure minimal racy interval in /usr/src/.git
19:18:37.256 DEBUG: Thread[main,5,main]: use fallback timestamp resolution for directory /usr/src/.git
19:18:37.446 DEBUG: 50 non excluded files in this Git repository
19:18:37.490 DEBUG: 'Flask-docker-service.yaml' indexed with language 'yaml'
19:18:37.546 DEBUG: 'Dockerfile' indexed with no language
19:18:37.557 DEBUG: 'LICENSE' indexed with no language
19:18:37.566 DEBUG: 'terraform/provider.tf' indexed with language 'terraform'
19:18:37.573 DEBUG: 'terraform/main.tf' indexed with language 'terraform'
19:18:37.579 DEBUG: 'pyproject.toml' indexed with no language
19:18:37.593 DEBUG: Average line length for server/templates/style.css is 12
19:18:37.595 DEBUG: 'server/templates/style.css' indexed with language 'css'
19:18:37.598 DEBUG: 'server/templates/nghia.html' indexed with language 'web'
19:18:37.601 DEBUG: 'server/templates/images/people/2.jpeg' indexed with no language
19:18:37.605 DEBUG: 'server/templates/images/people/3.jpeg' indexed with no language
19:18:37.608 DEBUG: 'server/templates/images/people/1.jpeg' indexed with no language
19:18:37.612 DEBUG: 'server/templates/images/2.jpeg' indexed with no language
19:18:37.616 DEBUG: 'server/templates/images/3.jpeg' indexed with no language
19:18:37.619 DEBUG: 'server/templates/images/cup/5.jpeg' indexed with no language
19:18:37.622 DEBUG: 'server/templates/images/cup/2.jpeg' indexed with no language
19:18:37.625 DEBUG: 'server/templates/images/cup/3.jpeg' indexed with no language
19:18:37.634 DEBUG: 'server/templates/images/cup/6.jpeg' indexed with no language
19:18:37.639 DEBUG: 'server/templates/images/cup/7.jpeg' indexed with no language
19:18:37.646 DEBUG: 'server/templates/images/cup/1.jpeg' indexed with no language
19:18:37.650 DEBUG: 'server/templates/images/cup/8.jpeg' indexed with no language
19:18:37.655 DEBUG: 'server/templates/images/cup/4.jpeg' indexed with no language
19:18:37.658 DEBUG: 'server/templates/images/1.jpeg' indexed with no language
19:18:37.669 DEBUG: 'server/templates/images/four.jpeg' indexed with no language
19:18:37.674 DEBUG: 'server/templates/images/letter.jpeg' indexed with no language
19:18:37.684 DEBUG: 'server/templates/images/main.jpg' indexed with no language
19:18:37.692 DEBUG: 'server/templates/haha.html' indexed with language 'web'
19:18:37.697 DEBUG: 'server/templates/index.html' indexed with language 'web'
19:18:37.706 DEBUG: 'server/__init__.py' indexed with language 'py'
19:18:37.713 DEBUG: 'server/app.py' indexed with language 'py'
19:18:37.726 DEBUG: 'helm-chart/templates/deployment.yaml' indexed with language 'yaml'
19:18:37.737 DEBUG: 'helm-chart/templates/_helpers.tpl' indexed with no language
19:18:37.747 DEBUG: 'helm-chart/templates/service.yaml' indexed with language 'yaml'
19:18:37.753 DEBUG: 'helm-chart/values.yaml' indexed with language 'yaml'
19:18:37.760 DEBUG: 'helm-chart/Chart.yaml' indexed with language 'yaml'
19:18:37.771 DEBUG: 'Flask-docker-deployment.yaml' indexed with language 'yaml'
19:18:37.780 DEBUG: 'Jenkinsfile2' indexed with no language
19:18:37.788 DEBUG: 'Jenkinsfile' indexed with no language
19:18:37.806 DEBUG: 'tests/test_server.py' indexed with language 'py'
19:18:37.812 DEBUG: 'tests/test_dummy2.py' indexed with language 'py'
19:18:37.823 DEBUG: 'tests/__init__.py' indexed with language 'py'
19:18:37.832 DEBUG: 'README.md' indexed with no language
19:18:37.840 DEBUG: 'poetry.lock' indexed with no language
19:18:37.850 DEBUG: 'docker-compose.yaml' indexed with language 'yaml'
19:18:37.858 DEBUG: 'Test-jenkinsfile' indexed with no language
19:18:37.870 DEBUG: 'deploy.sh' indexed with no language
19:18:37.875 DEBUG: 'Jenkinsfile_first' indexed with no language
19:18:37.881 DEBUG: 'kubeconfig.yaml' indexed with language 'yaml'
19:18:37.978 INFO: 47 files indexed
19:18:37.980 INFO: 0 files ignored because of scm ignore settings
19:18:37.986 INFO: Quality profile for css: Sonar way
19:18:37.988 INFO: Quality profile for py: Sonar way
19:18:37.992 INFO: Quality profile for terraform: Sonar way
19:18:37.994 INFO: Quality profile for web: Sonar way
19:18:37.997 INFO: Quality profile for yaml: Sonar way
19:18:37.999 INFO: ------------- Run sensors on module sonarqube-test
19:18:38.624 INFO: Load metrics repository
19:18:38.654 DEBUG: GET 200 http://35.247.164.137:9000/api/metrics/search?ps=500&p=1 | time=16ms
19:18:38.766 INFO: Load metrics repository (done) | time=141ms
19:18:40.206 DEBUG: delta [ns] since modification FileSnapshot failed to detect
count, failures, racy limit [ns], delta min [ns], delta max [ns], delta avg [ns], delta stddev [ns]
870, 32, 15000, 3254000.0, 6079000.0, 4581656.250000001, 864679.0420532518
19:18:40.207 DEBUG: FileStoreAttributes[fsTimestampResolution=6 Âµs, minimalRacyInterval=6,079 Âµs]
19:18:40.233 DEBUG: Thread[JGit-FileStoreAttributeReader-1,5,main]: start measure timestamp resolution / (overlay) in /tmp/jgit
19:18:40.234 DEBUG: Thread[JGit-FileStoreAttributeReader-1,5,main]: end measure timestamp resolution / (overlay) in /tmp/jgit; got PT0.000002S
19:18:40.235 DEBUG: Thread[JGit-FileStoreAttributeReader-1,5,main]: start measure minimal racy interval in /tmp/jgit
19:18:40.337 DEBUG: Thread[JGit-FileStoreAttributeWriter-2,5,main]: use fallback timestamp resolution for directory /tmp/jgit
19:18:42.548 DEBUG: 'JavaSensor' skipped because there is no related file in current project
19:18:42.551 DEBUG: 'Import external issues report' skipped because one of the required properties is missing
19:18:42.557 DEBUG: 'Import of Pylint issues' skipped because one of the required properties is missing
19:18:42.558 DEBUG: 'Import of Bandit issues' skipped because one of the required properties is missing
19:18:42.559 DEBUG: 'Import of Flake8 issues' skipped because one of the required properties is missing
19:18:42.560 DEBUG: 'Code Quality and Security for Go' skipped because there is no related file in current project
19:18:42.563 DEBUG: 'Go Unit Test Report' skipped because there is no related file in current project
19:18:42.564 DEBUG: 'Go Cover sensor for Go coverage' skipped because one of the required properties is missing
19:18:42.567 DEBUG: 'Import of go vet issues' skipped because there is no related file in current project
19:18:42.568 DEBUG: 'Import of Golint issues' skipped because there is no related file in current project
19:18:42.569 DEBUG: 'Import of GoMetaLinter issues' skipped because there is no related file in current project
19:18:42.571 DEBUG: 'Import of GolangCI-Lint issues' skipped because there is no related file in current project
19:18:42.572 DEBUG: 'Kotlin Sensor' skipped because there is no related file in current project
19:18:42.573 DEBUG: 'KotlinSurefireSensor' skipped because there is no related file in current project
19:18:42.576 DEBUG: 'Import of detekt issues' skipped because there is no related file in current project
19:18:42.577 DEBUG: 'Import of Android Lint issues' skipped because one of the required properties is missing
19:18:42.578 DEBUG: 'Import of ktlint issues' skipped because there is no related file in current project
19:18:42.594 DEBUG: 'JavaScript analysis' skipped because there is no related file in current project
19:18:42.594 DEBUG: 'TypeScript analysis' skipped because there is no related file in current project
19:18:42.596 DEBUG: 'JavaScript/TypeScript Coverage' skipped because there is no related file in current project
19:18:42.597 DEBUG: 'Import of ESLint issues' skipped because one of the required properties is missing
19:18:42.597 DEBUG: 'Import of TSLint issues' skipped because one of the required properties is missing
19:18:42.598 DEBUG: 'Import of stylelint issues' skipped because one of the required properties is missing
19:18:42.599 DEBUG: 'Ruby Sensor' skipped because there is no related file in current project
19:18:42.600 DEBUG: 'Import of RuboCop issues' skipped because there is no related file in current project
19:18:42.600 DEBUG: 'SimpleCov Sensor for Ruby coverage' skipped because there is no related file in current project
19:18:42.601 DEBUG: 'Scala Sensor' skipped because there is no related file in current project
19:18:42.601 DEBUG: 'Scoverage sensor for Scala coverage' skipped because there is no related file in current project
19:18:42.603 DEBUG: 'Import of Scalastyle issues' skipped because there is no related file in current project
19:18:42.603 DEBUG: 'Import of Scapegoat issues' skipped because there is no related file in current project
19:18:42.604 DEBUG: 'Import of Checkstyle issues' skipped because there is no related file in current project
19:18:42.605 DEBUG: 'Import of PMD issues' skipped because one of the required properties is missing
19:18:42.606 DEBUG: 'Import of SpotBugs issues' skipped because there is no related file in current project
19:18:42.606 DEBUG: 'SurefireSensor' skipped because there is no related file in current project
19:18:42.607 DEBUG: 'Removed properties sensor' skipped because there is no related file in current project
19:18:42.609 DEBUG: 'Flex' skipped because there is no related file in current project
19:18:42.610 DEBUG: 'Flex Cobertura' skipped because there is no related file in current project
19:18:42.610 DEBUG: 'XML Sensor' skipped because there is no related file in current project
19:18:42.611 DEBUG: 'PHP sensor' skipped because there is no related file in current project
19:18:42.612 DEBUG: 'Analyzer for "php.ini" files' skipped because there is no related file in current project
19:18:42.613 DEBUG: 'Import of PHPStan issues' skipped because there is no related file in current project
19:18:42.613 DEBUG: 'Import of Psalm issues' skipped because there is no related file in current project
19:18:42.620 DEBUG: 'Generic Test Executions Report' skipped because one of the required properties is missing
19:18:42.622 DEBUG: Sensors : Python Sensor -> Cobertura Sensor for Python coverage -> PythonXUnitSensor -> JaCoCo XML Report Importer -> IaC Terraform Sensor -> IaC CloudFormation Sensor -> CSS Metrics -> CSS Rules -> C# Project Type Information -> C# Analysis Log -> C# Properties -> JavaXmlSensor -> HTML -> VB.NET Project Type Information -> VB.NET Analysis Log -> VB.NET Properties
19:18:42.631 INFO: Sensor Python Sensor [python]
19:18:42.641 WARN: Your code is analyzed as compatible with python 2 and 3 by default. This will prevent the detection of issues specific to python 2 or python 3. You can get a more precise analysis by setting a python version in your configuration via the parameter "sonar.python.version"
19:18:42.652 DEBUG: Input files for indexing: [tests/test_dummy2.py, server/__init__.py, server/app.py, tests/test_server.py, tests/__init__.py]
19:18:42.655 INFO: Starting global symbols computation
19:18:42.658 INFO: 5 source files to be analyzed
19:18:42.668 INFO: Load project repositories
19:18:42.681 DEBUG: GET 200 http://35.247.164.137:9000/batch/project.protobuf?key=sonarqube-test | time=12ms
19:18:42.706 INFO: Load project repositories (done) | time=38ms
19:18:42.707 DEBUG: 'tests/test_dummy2.py' generated metadata with charset 'UTF-8'
19:18:43.239 DEBUG: delta [ns] since modification FileSnapshot failed to detect
count, failures, racy limit [ns], delta min [ns], delta max [ns], delta avg [ns], delta stddev [ns]
1662, 49, 5000, 2903000.0, 6023000.0, 4464816.326530613, 930713.8764023514
19:18:43.239 DEBUG: FileStoreAttributes[fsTimestampResolution=2 Âµs, minimalRacyInterval=6,023 Âµs]
19:18:43.256 DEBUG: 'server/__init__.py' generated metadata with charset 'UTF-8'
19:18:43.257 DEBUG: loading config FileBasedConfig[/tmp/jgit/config]
19:18:43.293 DEBUG: 'server/app.py' generated metadata with charset 'UTF-8'
19:18:48.753 DEBUG: 'tests/test_server.py' generated metadata with charset 'UTF-8'
19:18:48.795 DEBUG: 'tests/__init__.py' generated metadata with charset 'UTF-8'
19:18:48.799 INFO: 5/5 source files have been analyzed
19:18:48.801 INFO: Starting rules execution
19:18:48.813 INFO: 5 source files to be analyzed
19:18:48.853 DEBUG: Not enough content in 'tests/test_dummy2.py' to have CPD blocks, it will not be part of the duplication detection
19:18:49.775 DEBUG: Not enough content in 'server/__init__.py' to have CPD blocks, it will not be part of the duplication detection
19:18:49.920 DEBUG: Not enough content in 'tests/__init__.py' to have CPD blocks, it will not be part of the duplication detection
19:18:49.925 INFO: 5/5 source files have been analyzed
19:18:49.926 INFO: Sensor Python Sensor [python] (done) | time=7296ms
19:18:49.927 INFO: Sensor Cobertura Sensor for Python coverage [python]
19:18:49.928 DEBUG: Using pattern 'coverage-reports/*coverage-*.xml' to find reports
19:18:49.944 DEBUG: No report was found for sonar.python.coverage.reportPaths using default pattern coverage-reports/*coverage-*.xml
19:18:49.945 INFO: Sensor Cobertura Sensor for Python coverage [python] (done) | time=18ms
19:18:49.946 INFO: Sensor PythonXUnitSensor [python]
19:18:49.947 DEBUG: Using pattern 'xunit-reports/xunit-result-*.xml' to find reports
19:18:49.950 DEBUG: No report was found for sonar.python.xunit.reportPath using default pattern xunit-reports/xunit-result-*.xml
19:18:49.951 INFO: Sensor PythonXUnitSensor [python] (done) | time=5ms
19:18:49.951 INFO: Sensor JaCoCo XML Report Importer [jacoco]
19:18:49.955 INFO: 'sonar.coverage.jacoco.xmlReportPaths' is not defined. Using default locations: target/site/jacoco/jacoco.xml,target/site/jacoco-it/jacoco.xml,build/reports/jacoco/test/jacocoTestReport.xml
19:18:49.957 INFO: No report imported, no coverage information will be imported by JaCoCo XML Report Importer
19:18:49.957 INFO: Sensor JaCoCo XML Report Importer [jacoco] (done) | time=6ms
19:18:49.958 INFO: Sensor IaC Terraform Sensor [iac]
19:18:50.024 INFO: 2 source files to be analyzed
19:18:50.193 DEBUG: 'terraform/main.tf' generated metadata with charset 'UTF-8'
19:18:50.335 DEBUG: 'terraform/provider.tf' generated metadata with charset 'UTF-8'
19:18:50.339 INFO: 2/2 source files have been analyzed
19:18:50.339 INFO: Sensor IaC Terraform Sensor [iac] (done) | time=381ms
19:18:50.340 INFO: Sensor IaC CloudFormation Sensor [iac]
19:18:50.345 DEBUG: 'docker-compose.yaml' generated metadata with charset 'UTF-8'
19:18:50.350 DEBUG: 'helm-chart/templates/deployment.yaml' generated metadata with charset 'UTF-8'
19:18:50.354 DEBUG: 'helm-chart/Chart.yaml' generated metadata with charset 'UTF-8'
19:18:50.357 DEBUG: 'Flask-docker-deployment.yaml' generated metadata with charset 'UTF-8'
19:18:50.360 DEBUG: 'helm-chart/templates/service.yaml' generated metadata with charset 'UTF-8'
19:18:50.362 DEBUG: 'helm-chart/values.yaml' generated metadata with charset 'UTF-8'
19:18:50.367 DEBUG: 'Flask-docker-service.yaml' generated metadata with charset 'UTF-8'
19:18:50.372 DEBUG: 'kubeconfig.yaml' generated metadata with charset 'UTF-8'
19:18:50.382 INFO: 0 source files to be analyzed
19:18:50.394 INFO: 0/0 source files have been analyzed
19:18:50.396 INFO: Sensor IaC CloudFormation Sensor [iac] (done) | time=56ms
19:18:50.396 INFO: Sensor CSS Metrics [javascript]
19:18:50.403 DEBUG: 'server/templates/style.css' generated metadata with charset 'UTF-8'
19:18:50.456 INFO: Sensor CSS Metrics [javascript] (done) | time=59ms
19:18:50.457 INFO: Sensor CSS Rules [javascript]
19:18:50.461 DEBUG: Deploying bundle
19:18:50.461 DEBUG: Deploying eslint-bridge into /usr/src/.scannerwork/.sonartmp/eslint-bridge-bundle
19:18:53.586 DEBUG: Deploying bundle (done) | time=3125ms
19:18:53.588 DEBUG: Starting server
19:18:53.594 DEBUG: Using default Node.js executable: 'node'.
19:18:53.594 DEBUG: Checking Node.js version
19:18:53.595 DEBUG: Launching command node -v
19:18:53.767 DEBUG: Using Node.js v14.18.1.
19:18:53.768 DEBUG: Starting Node.js process to start eslint-bridge server at port 44695
19:18:53.769 DEBUG: Launching command node /usr/src/.scannerwork/.sonartmp/eslint-bridge-bundle/package/bin/server 44695 127.0.0.1 /usr/src/.scannerwork true false 
19:18:56.595 DEBUG: starting eslint-bridge server at port 44695
19:18:56.609 DEBUG: eslint-bridge server is running at port 44695
19:18:56.708 DEBUG: Starting server (done) | time=3121ms
19:18:56.781 DEBUG: 'server/templates/nghia.html' generated metadata with charset 'UTF-8'
19:18:56.782 DEBUG: Analyzing /usr/src/server/templates/nghia.html
19:18:56.784 INFO: 4 source files to be analyzed
19:18:56.994 DEBUG: Found 0 issue(s)
19:18:56.999 DEBUG: 'server/templates/index.html' generated metadata with charset 'UTF-8'
19:18:57.000 DEBUG: Analyzing /usr/src/server/templates/index.html
19:18:57.086 DEBUG: Found 0 issue(s)
19:18:57.096 DEBUG: 'server/templates/haha.html' generated metadata with charset 'UTF-8'
19:18:57.099 DEBUG: Analyzing /usr/src/server/templates/haha.html
19:18:57.136 DEBUG: Found 0 issue(s)
19:18:57.139 DEBUG: Analyzing /usr/src/server/templates/style.css
19:18:57.204 DEBUG: Found 1 issue(s)
19:18:57.206 INFO: 4/4 source files have been analyzed
19:18:57.208 INFO: Sensor CSS Rules [javascript] (done) | time=6751ms
19:18:57.208 INFO: Sensor C# Project Type Information [csharp]
19:18:57.255 INFO: Sensor C# Project Type Information [csharp] (done) | time=47ms
19:18:57.256 INFO: Sensor C# Analysis Log [csharp]
19:18:57.353 DEBUG: Project 'sonarqube-test': Property missing: 'sonar.cs.analyzer.projectOutPaths'. No protobuf files will be loaded for this project.
19:18:57.355 INFO: Sensor C# Analysis Log [csharp] (done) | time=99ms
19:18:57.355 INFO: Sensor C# Properties [csharp]
19:18:57.355 DEBUG: Project 'sonarqube-test': Property missing: 'sonar.cs.analyzer.projectOutPaths'. No protobuf files will be loaded for this project.
19:18:57.355 DEBUG: Project 'sonarqube-test': No Roslyn issues reports have been found.
19:18:57.356 INFO: Sensor C# Properties [csharp] (done) | time=1ms
19:18:57.356 INFO: Sensor JavaXmlSensor [java]
19:18:57.361 INFO: Sensor JavaXmlSensor [java] (done) | time=5ms
19:18:57.362 INFO: Sensor HTML [web]
19:18:57.477 DEBUG: HtmlSensor: server/templates/nghia.html: 12,0,1
19:18:57.504 DEBUG: HtmlSensor: server/templates/index.html: 0,0,1
19:18:57.563 DEBUG: HtmlSensor: server/templates/haha.html: 0,0,1
19:18:57.612 INFO: Sensor HTML [web] (done) | time=251ms
19:18:57.612 INFO: Sensor VB.NET Project Type Information [vbnet]
19:18:57.614 INFO: Sensor VB.NET Project Type Information [vbnet] (done) | time=2ms
19:18:57.614 INFO: Sensor VB.NET Analysis Log [vbnet]
19:18:57.634 DEBUG: Project 'sonarqube-test': Property missing: 'sonar.vbnet.analyzer.projectOutPaths'. No protobuf files will be loaded for this project.
19:18:57.635 INFO: Sensor VB.NET Analysis Log [vbnet] (done) | time=21ms
19:18:57.635 INFO: Sensor VB.NET Properties [vbnet]
19:18:57.635 DEBUG: Project 'sonarqube-test': Property missing: 'sonar.vbnet.analyzer.projectOutPaths'. No protobuf files will be loaded for this project.
19:18:57.636 DEBUG: Project 'sonarqube-test': No Roslyn issues reports have been found.
19:18:57.636 INFO: Sensor VB.NET Properties [vbnet] (done) | time=1ms
19:18:57.645 INFO: ------------- Run sensors on project
19:18:57.675 DEBUG: 'Generic Coverage Report' skipped because one of the required properties is missing
19:18:57.677 DEBUG: 'C#' skipped because there is no related file in current project
19:18:57.681 DEBUG: 'C# Tests Coverage Report Import' skipped because there is no related file in current project
19:18:57.683 DEBUG: '[Deprecated] C# Integration Tests Coverage Report Import' skipped because there is no related file in current project
19:18:57.684 DEBUG: 'C# Unit Test Results Import' skipped because there is no related file in current project
19:18:57.685 DEBUG: 'VB.NET' skipped because there is no related file in current project
19:18:57.686 DEBUG: 'VB.NET Tests Coverage Report Import' skipped because there is no related file in current project
19:18:57.687 DEBUG: '[Deprecated] VB.NET Integration Tests Coverage Report Import' skipped because there is no related file in current project
19:18:57.688 DEBUG: 'VB.NET Unit Test Results Import' skipped because there is no related file in current project
19:18:57.688 DEBUG: 'Java CPD Block Indexer' skipped because there is no related file in current project
19:18:57.689 DEBUG: Sensors : Zero Coverage Sensor
19:18:57.690 INFO: Sensor Zero Coverage Sensor
19:18:57.744 INFO: Sensor Zero Coverage Sensor (done) | time=54ms
19:18:57.834 INFO: CPD Executor 3 files had no CPD blocks
19:18:57.835 INFO: CPD Executor Calculating CPD for 5 files
19:18:57.836 DEBUG: Detection of duplications for /usr/src/server/templates/index.html
19:18:57.867 DEBUG: Detection of duplications for /usr/src/server/templates/nghia.html
19:18:57.870 DEBUG: Detection of duplications for /usr/src/server/app.py
19:18:57.871 DEBUG: Detection of duplications for /usr/src/server/templates/haha.html
19:18:57.873 DEBUG: Detection of duplications for /usr/src/tests/test_server.py
19:18:57.892 INFO: CPD Executor CPD calculation finished (done) | time=38ms
19:18:57.906 DEBUG: loading config FileBasedConfig[/tmp/jgit/config]
19:18:57.920 DEBUG: SCM revision ID 'de416a4f317d211fc9afbfaca66bffd2664d62c4'
19:18:58.117 INFO: Analysis report generated in 218ms, dir size=164.8 kB
19:18:58.205 INFO: Analysis report compressed in 87ms, zip size=44.4 kB
19:18:58.207 INFO: Analysis report generated in /usr/src/.scannerwork/scanner-report
19:18:58.207 DEBUG: Upload report
19:18:58.297 DEBUG: POST 200 http://35.247.164.137:9000/api/ce/submit?projectKey=sonarqube-test&projectName=sonarqube-test | time=89ms
19:18:58.319 INFO: Analysis report uploaded in 107ms
19:18:58.321 DEBUG: Report metadata written to /usr/src/.scannerwork/report-task.txt
19:18:58.322 INFO: ANALYSIS SUCCESSFUL, you can browse http://35.247.164.137:9000/dashboard?id=sonarqube-test
19:18:58.322 INFO: Note that you will be able to access the updated dashboard once the server has processed the submitted analysis report
19:18:58.323 INFO: More about the report processing at http://35.247.164.137:9000/api/ce/task?id=AX4rrh3mNcwuSSX-5LNs
19:18:58.326 DEBUG: Post-jobs : 
19:18:58.331 DEBUG: eslint-bridge server will shutdown
19:19:03.929 INFO: Analysis total time: 31.323 s
19:19:03.933 INFO: ------------------------------------------------------------------------
19:19:03.934 INFO: EXECUTION SUCCESS
19:19:03.934 INFO: ------------------------------------------------------------------------
19:19:03.935 INFO: Total time: 37.802s
19:19:04.273 INFO: Final Memory: 102M/322M
19:19:04.274 INFO: ------------------------------------------------------------------------
[8mha:////4PY2ylSuOd8VFZMiuUjaL7BMc+jhhtCAnfMtRFZQDobvAAAApB+LCAAAAAAAAP9tjbEOwiAURV9rHFwd/QiaJm7GyZWw+AXYIkLJexSodPKL/DX/QbSJk3e4uecu5/mCdQxwpKCZVTgYjJ1h3k26LJYpDFdHmVm6sI4wklNMqCyoV6cFBSUFS6oaVhw2CjtH0aBOsOVW3mXjJOrmnEL5Dhxq04/wgIoXc5IhfWEOsLtNfST8ef4KYPY+Qd3uP9W+ATnVfPq+AAAA[0m[Pipeline] }
[8mha:////4G90YOhVE9ElXDLEUbeNsh9vcotYkaENjZCm88yZYD+GAAAApB+LCAAAAAAAAP9tjTEOwjAQBC9BFLSUPOICBRWiSmu54QUmNsaJdWdsh6TiRXyNPxCIRMUWq51t5vmCZYpw5GixNdQ5So3D4Hs7LRw4dhfPA7Z8xoYpsTcozSBZm3pGydnAnKKEhYCVocZzcmQzrEWr7qryimx1ynH6DgJKp2/wgEJM5qxi/sIYYXPtdWL6ef4KYAwhQ7nbf2r7Bgo2J0a+AAAA[0m[Pipeline] // withEnv
[8mha:////4InHiv49BaznE/9jmb4GlorGc68SSF75fCZwuwHX2BFAAAAApB+LCAAAAAAAAP9tjTEOwjAQBDdBFLSUPMIRDUJCVLRWGl5gEmOcWHfBvpBUvIiv8QciIlGx1c4083pjmSKOHJ1qLLWeUuVVF3o3PTVwbK+BB9XwRVVMiYNVpR1Kru1pxpLFYl6WY6GxslQFTp6cYK0b8zBFMOSKs8TJHTRyX9/xRKanspgoXxgjNre+Tky/zt8Axq4T5NudINt/AA6Ss1S9AAAA[0m[Pipeline] }
[8mha:////4HT781CSvcE0ZTUUJcQSLsxjjenxxByKGsNq1QqhahpgAAAAox+LCAAAAAAAAP9tjTESgjAQRT84FraWHiKMFYVjZZuh8QQRYgxkdjFZhMoTeTXvICMzVv7qv9e81xvrFHHk6FRrqfOUaq/6MLj5qZFjdw08qpYvqmZKHKyq7FhxY08LViwWy7IcK42NpTpw8uQEW92ahymCIVecJc7uoJH75o4nMj2XxUT5whSxuw1NYvp1/gYw9b0g35eCrPwAL6Zs+b0AAAA=[0m[Pipeline] // node
[8mha:////4KAikXtBBRQ3MnDUeqwi48GvCd8gTVp0XwJQdzQNeWmFAAAApB+LCAAAAAAAAP9tjTEOwjAQBDdBFLSUPMIRDUJCVLRWGl5gEmOcWHfBvpBUvIiv8QciIlGx1c4083pjmSKOHJ1qLLWeUuVVF3o3PTVwbK+BB9XwRVVMiYNVpR1Kru1pxpLFYl6WY6GxslQFTp6cYK0b8zBFMOSKs8TJHTRyX9/xRKanspgoXxgjNre+Tky/zt8Axq4T5Nu9INt9AGgBOwy9AAAA[0m[Pipeline] }
[8mha:////4P5nS0rbifIefR6LfS5PVWTshUvpbIkfSwbB/tcCTFWgAAAApB+LCAAAAAAAAP9tjTEOwjAQBDdBFLSUPMIRBQVCVLRWGl5gEmOcWHfBvpBUvIiv8QciIlGx1c4083pjmSKOHJ1qLLWeUuVVF3o3PTVwbK+BB9XwRVVMiYNVpR1Kru1pxpLFYl6WY6GxslQFTp6cYK0b8zBFMOSKs8TJHTRyX9/xRKanspgoXxgjNre+Tky/zt8Axq4T5Nu9INt9AGJ5Uqi9AAAA[0m[Pipeline] // stage
[8mha:////4EyRWlY8SQkeLEpldBk1Lc30dnPFYemlWsuqqxdK9xBcAAAAph+LCAAAAAAAAP9tjTEOwjAQBM9BKWgpeYSDEB2iorXc8AITG+PEugv2haTiRXyNPxCIRMVWOyut5vmCMic4UPKycdgGzHWQXez91ORAqb1EGmRDZ1kTZopOajdosu44oyZ2MEcUsFCwdFhHygE9w0o15m6qaNBXJ07TtldQBHuDBwg1mdkk/sKYYH3tbSb8ef4KYOwYxI6h2G4+x/INK/7CYMEAAAA=[0m[Pipeline] stage
[8mha:////4PHr1cY8mcvneRiJm9diAFb3QqCjRXyRTiIAnEBuEXTdAAAAph+LCAAAAAAAAP9tjTEOwjAUQ3+LOrAycogUWBFT1ygLJwhNCGmj/8tPSjtxIq7GHWipxIQHy7ZkvdcbishwInaisdh6jLUXXejdlMRA3F4DDaKhi6gJIwUrlB0UGVstVVGysCjLYSVhbbEOFD26BBvZ6Icug0ZXnhNP21FC7s0dnpDJiZw0p28ZGba33kTCH+cvAMYuQX7Yzbafn8UHbGnGmsIAAAA=[0m[Pipeline] { (Test)
[8mha:////4JGuQrV7/NDspgVt30s5Hso3D5vYqfIsbb7gxZa/vUH3AAAAph+LCAAAAAAAAP9tjTEOwjAUQ3+DOrAycohUdEVMrFEXThCaEJJG/7dJSjpxIq7GHWipxIQHy7ZkvdcbyhjgRMFwp7GzGFvLez+aOfFMobt5ytzRlbeEkbzmjc4NKX1ea0NJw6qCwUbAVmPrKVo0CXbCyYesvERTXVKYt6MAZtUATyjETE4ypG+ZAuzvo4qEP85fAEx9AlYfFquXZ/kBAsTc3cIAAAA=[0m[Pipeline] node
Running on [8mha:////4H8qy94SiiQreLqxOMt7rEcbO/xGHMEFKqHLW6flZkHZAAAAoR+LCAAAAAAAAP9b85aBtbiIQTGjNKU4P08vOT+vOD8nVc83PyU1x6OyILUoJzMv2y+/JJUBAhiZGBgqihhk0NSjKDWzXb3RdlLBUSYGJk8GtpzUvPSSDB8G5tKinBIGIZ+sxLJE/ZzEvHT94JKizLx0a6BxUmjGOUNodHsLgAz2EgZR/eT83ILSktQifY2k0sycEt3MPE19AHHxbH3KAAAA[0mJenkins in /var/jenkins_home/workspace/CICD-pipeline
[8mha:////4I8lj0sAbFZLU3bRe0piQdhy4de3aj1AGzRZLzyt3bEhAAAAph+LCAAAAAAAAP9tjTEOwjAUQ3+LOrAycohUKiNiYo2ycILQhJA0+r9NUtKJE3E17kBLJSY8WLYl673eUMUAJwqGOY2dxdha1vvRzIllCt3NU2aOrqwljOQ1EzoLUvq8VkFJw6qihA2HrcbWU7RoEuy4kw9Ze4mmvqQwb0cOpVUDPKHgMznJkL5lCrC/jyoS/jh/ATD1CcqmWeywPKsPpnFij8IAAAA=[0m[Pipeline] {
[8mha:////4JIOucRgv14WjXctjArLvTgFcA+vwg12Z3IvliSMhhmVAAAApB+LCAAAAAAAAP9tjTEOwjAQBC9BFLSUPOIiAR2iSmu54QUmNsaJdWdsh6TiRXyNPxCIRMUWq51t5vmCZYpw5GixNdQ5So3D4Hs7LRw4dhfPA7Z8xoYpsTcozSBZm3pGydnAnKKEhYCVocZzcmQzrEWr7qryimx1ynH6DgJKp2/wgEJM5qxi/sIYYXPtdWL6ef4KYAwZyu3uU/vwBrANZ3i+AAAA[0m[Pipeline] checkout
The recommended git tool is: NONE
using credential cc06d1e1-44a5-4361-9e9c-eadedc84103a
 > git rev-parse --resolve-git-dir /var/jenkins_home/workspace/CICD-pipeline/.git # timeout=10
Fetching changes from the remote Git repository
 > git config remote.origin.url https://github.com/nghiattr/flask-docker.git # timeout=10
Fetching upstream changes from https://github.com/nghiattr/flask-docker.git
 > git --version # timeout=10
 > git --version # 'git version 2.30.2'
using GIT_ASKPASS to set credentials github-acc-nghiattr
 > git fetch --tags --force --progress -- https://github.com/nghiattr/flask-docker.git +refs/heads/*:refs/remotes/origin/* # timeout=10
Seen branch in repository origin/develop
Seen branch in repository origin/feature/testpullrq
Seen branch in repository origin/master
Seen 3 remote branches
 > git show-ref --tags -d # timeout=10
Checking out Revision de416a4f317d211fc9afbfaca66bffd2664d62c4 (origin/develop)
 > git config core.sparsecheckout # timeout=10
 > git checkout -f de416a4f317d211fc9afbfaca66bffd2664d62c4 # timeout=10
Commit message: "asdas"
[8mha:////4J7FQqqRfQx0xvzuAjqG2xRVwyiC+DA6xVZF3nPPPDvmAAAApx+LCAAAAAAAAP9tjTEOwjAUQ3+LOrAycohUAjEhpq5RFk4QmhDSRv+Xn5R24kRcjTvQUokJD5ZtyXqvNxSR4UTsRGOx9RhrL7rQuymJgbi9BhpEQxdRE0YKVig7KDK2WqqiZGFRlsNKwtpiHSh6dAk2stEPXQaNrjwnnrajhNybOzwhkxM5aU7fMjJsb72JhD/OXwCMXYJ8t5/tMD+LD3tNtZjCAAAA[0m[Pipeline] withEnv
[8mha:////4I3NUhdtNlxDNHxJhCNuDap112vn0h3gv3uLmOzc9nNFAAAAqB+LCAAAAAAAAP9tjTEOwjAUQ3+LOrAycohUQoIFMXWNsnCC0ISQNvq//KS0EyfiatyBlkpMeLBsS9Z7vaGIDCdiJxqLrcdYe9GF3k1JDMTtNdAgGrqImjBSsELZQZGx1VIVJQuLshxWEtYW60DRo0uwkY1+6DJodOU58bQdJeTe3OEJmZzISXP6lpFhe+tNJPxx/gJg7BLku/1sh/lZfACW9ZT2wgAAAA==[0m[Pipeline] {
[8mha:////4AuiYkv/kldZwpE7gb5nF/YjQWSmd0HQjHcUsk0IxjUiAAAApR+LCAAAAAAAAP9tjTEOwjAQBC9BFLSUPOIiUUCBqNJabniBiY1xYt0Z2yGpeBFf4w8EIlGxxWpnm3m+YJkiHDlabA11jlLjMPjeTgsHjt3F84Atn7FhSuwNSjNI1qaeUXI2MKcoYSFgZajxnBzZDGvRqruqvCJbnXKcvoOA0ukbPKAQkzmrmL8wRthce52Yfp6/AhhDhnK7+9Q+vAHUcXIBvgAAAA==[0m[Pipeline] isUnix
[8mha:////4E2x0PpieO0MCnMSYa02mmV26OC4YR8PlxXe4dvydFG7AAAApR+LCAAAAAAAAP9tjTEOwjAQBC9BFLSUPOIiUSAkRJXWcsMLTGyME+vO2A5JxYv4Gn8gEImKLVY728zzBcsU4cjRYmuoc5Qah8H3dlo4cOwungds+YwNU2JvUJpBsjb1jJKzgTlFCQsBK0ON5+TIZliLVt1V5RXZ6pTj9B0ElE7f4AGFmMxZxfyFMcLm2uvE9PP8FcAYMpTb3af24Q0bbeqGvgAAAA==[0m[Pipeline] sh
+ docker inspect -f . python:3.8-slim-buster
.
[8mha:////4KR6BDwT9HMOBoktbtKIP/nuNeLjMIQwrj9eAt9jq0dQAAAAqB+LCAAAAAAAAP9tjTEOwjAUQ3+LOrAycohUYkBCiKlrlIUThCaEtNH/5SelnTgRV+MOtFRiwoNlW7Le6w1FZDgRO9FYbD3G2osu9G5KYiBur4EG0dBF1ISRghXKDoqMrZaqKFlYlOWwkrC2WAeKHl2CjWz0Q5dBoyvPiaftKCH35g5PyORETprTt4wM21tvIuGP8xcAY5cg3+1nO8zP4gNCISCewgAAAA==[0m[Pipeline] withDockerContainer
Jenkins seems to be running inside container 322f5210f9a2dbbec411b254074901afe720ea3420f95922585baa9fd9c00dbb
$ docker run -t -d -u 1002:998 -u 0:0 -v /tmp:/root/.cache -w /var/jenkins_home/workspace/CICD-pipeline --volumes-from 322f5210f9a2dbbec411b254074901afe720ea3420f95922585baa9fd9c00dbb -e ******** -e ******** -e ******** -e ******** -e ******** -e ******** -e ******** -e ******** -e ******** -e ******** -e ******** -e ******** -e ******** -e ******** -e ******** -e ******** -e ******** -e ******** -e ******** -e ******** -e ******** -e ******** -e ******** -e ******** -e ******** -e ******** -e ******** -e ******** -e ******** -e ******** -e ******** -e ******** -e ******** -e ******** -e ******** python:3.8-slim-buster cat
$ docker top ff156a9795f36d55ab18b440f82cf820022f51a8b4060c138edeff0e8113d9c1 -eo pid,comm
[8mha:////4C25YT8ONKv2f4n/u+ADyGNQmZILodvYs7gl10665xEaAAAAqB+LCAAAAAAAAP9tjTEOwjAUQ3+LOrAycogUwYRQJ9aoCycITQhJo/9LkpJOnIircQcClZjwYNmWrPd8QRU8NOQ1swp7g6EzbHCjzokl8v3FUWKWzqwjDOQUa1VqSarjXFuKCmYVJSw4LBV2joJBHWHFrbiL2gnU9Sn6vB04lEbe4AEFz+QofPyWycP6OspA+OP8BcA0RCi3+2y7zedZvQH4j6CMwgAAAA==[0m[Pipeline] {
[8mha:////4KyP0fqL/CbZ+cPZ4ObTaFLqXjlaVFUIDx4n8MgOOyjCAAAAox+LCAAAAAAAAP9tjTEOwjAQBC9BFLSUPOICokRUaS03vMDExjix7oztkFS8iK/xBwKRqNhitbPNPF+wTBGOHC22hjpHqXEYfG+nhQPH7uJ5wJbP2DAl9galGSRrU88oORuYU5SwELAy1HhOjmyGtWjVXVVeka1OOU7fQUDp9A0eUIjJnFXMXxgjbK69Tkw/z18BjCFDud9+ahfewYmQ+b4AAAA=[0m[Pipeline] sh
+ pip install poetry
Collecting poetry
  Using cached poetry-1.1.12-py2.py3-none-any.whl (175 kB)
Collecting packaging<21.0,>=20.4
  Using cached packaging-20.9-py2.py3-none-any.whl (40 kB)
Collecting cachecontrol[filecache]<0.13.0,>=0.12.9
  Using cached CacheControl-0.12.10-py2.py3-none-any.whl (20 kB)
Collecting poetry-core<1.1.0,>=1.0.7
  Using cached poetry_core-1.0.7-py2.py3-none-any.whl (424 kB)
Collecting requests-toolbelt<0.10.0,>=0.9.1
  Using cached requests_toolbelt-0.9.1-py2.py3-none-any.whl (54 kB)
Collecting pkginfo<2.0,>=1.4
  Using cached pkginfo-1.8.2-py2.py3-none-any.whl (26 kB)
Collecting tomlkit<1.0.0,>=0.7.0
  Using cached tomlkit-0.8.0-py3-none-any.whl (33 kB)
Collecting cachy<0.4.0,>=0.3.0
  Using cached cachy-0.3.0-py2.py3-none-any.whl (20 kB)
Collecting keyring<22.0.0,>=21.2.0
  Using cached keyring-21.8.0-py3-none-any.whl (32 kB)
Collecting virtualenv<21.0.0,>=20.0.26
  Using cached virtualenv-20.13.0-py2.py3-none-any.whl (6.5 MB)
Collecting requests<3.0,>=2.18
  Using cached requests-2.27.1-py2.py3-none-any.whl (63 kB)
Collecting shellingham<2.0,>=1.1
  Using cached shellingham-1.4.0-py2.py3-none-any.whl (9.4 kB)
Collecting crashtest<0.4.0,>=0.3.0
  Using cached crashtest-0.3.1-py3-none-any.whl (7.0 kB)
Collecting html5lib<2.0,>=1.0
  Using cached html5lib-1.1-py2.py3-none-any.whl (112 kB)
Collecting cleo<0.9.0,>=0.8.1
  Using cached cleo-0.8.1-py2.py3-none-any.whl (21 kB)
Collecting pexpect<5.0.0,>=4.7.0
  Using cached pexpect-4.8.0-py2.py3-none-any.whl (59 kB)
Collecting clikit<0.7.0,>=0.6.2
  Using cached clikit-0.6.2-py2.py3-none-any.whl (91 kB)
Collecting msgpack>=0.5.2
  Using cached msgpack-1.0.3-cp38-cp38-manylinux_2_17_x86_64.manylinux2014_x86_64.whl (322 kB)
Collecting lockfile>=0.9
  Using cached lockfile-0.12.2-py2.py3-none-any.whl (13 kB)
Collecting pylev<2.0,>=1.3
  Using cached pylev-1.4.0-py2.py3-none-any.whl (6.1 kB)
Collecting pastel<0.3.0,>=0.2.0
  Using cached pastel-0.2.1-py2.py3-none-any.whl (6.0 kB)
Collecting six>=1.9
  Using cached six-1.16.0-py2.py3-none-any.whl (11 kB)
Collecting webencodings
  Using cached webencodings-0.5.1-py2.py3-none-any.whl (11 kB)
Collecting jeepney>=0.4.2
  Using cached jeepney-0.7.1-py3-none-any.whl (54 kB)
Collecting SecretStorage>=3.2
  Using cached SecretStorage-3.3.1-py3-none-any.whl (15 kB)
Collecting pyparsing>=2.0.2
  Using cached pyparsing-3.0.6-py3-none-any.whl (97 kB)
Collecting ptyprocess>=0.5
  Using cached ptyprocess-0.7.0-py2.py3-none-any.whl (13 kB)
Collecting charset-normalizer~=2.0.0
  Using cached charset_normalizer-2.0.10-py3-none-any.whl (39 kB)
Collecting urllib3<1.27,>=1.21.1
  Using cached urllib3-1.26.7-py2.py3-none-any.whl (138 kB)
Collecting idna<4,>=2.5
  Using cached idna-3.3-py3-none-any.whl (61 kB)
Collecting certifi>=2017.4.17
  Using cached certifi-2021.10.8-py2.py3-none-any.whl (149 kB)
Collecting cryptography>=2.0
  Using cached cryptography-36.0.1-cp36-abi3-manylinux_2_24_x86_64.whl (3.6 MB)
Collecting cffi>=1.12
  Using cached cffi-1.15.0-cp38-cp38-manylinux_2_12_x86_64.manylinux2010_x86_64.whl (446 kB)
Collecting pycparser
  Using cached pycparser-2.21-py2.py3-none-any.whl (118 kB)
Collecting platformdirs<3,>=2
  Using cached platformdirs-2.4.1-py3-none-any.whl (14 kB)
Collecting filelock<4,>=3.2
  Using cached filelock-3.4.2-py3-none-any.whl (9.9 kB)
Collecting distlib<1,>=0.3.1
  Using cached distlib-0.3.4-py2.py3-none-any.whl (461 kB)
Installing collected packages: pycparser, urllib3, idna, charset-normalizer, cffi, certifi, requests, pylev, pastel, msgpack, jeepney, cryptography, crashtest, webencodings, six, SecretStorage, pyparsing, ptyprocess, platformdirs, lockfile, filelock, distlib, clikit, cachecontrol, virtualenv, tomlkit, shellingham, requests-toolbelt, poetry-core, pkginfo, pexpect, packaging, keyring, html5lib, cleo, cachy, poetry
Successfully installed SecretStorage-3.3.1 cachecontrol-0.12.10 cachy-0.3.0 certifi-2021.10.8 cffi-1.15.0 charset-normalizer-2.0.10 cleo-0.8.1 clikit-0.6.2 crashtest-0.3.1 cryptography-36.0.1 distlib-0.3.4 filelock-3.4.2 html5lib-1.1 idna-3.3 jeepney-0.7.1 keyring-21.8.0 lockfile-0.12.2 msgpack-1.0.3 packaging-20.9 pastel-0.2.1 pexpect-4.8.0 pkginfo-1.8.2 platformdirs-2.4.1 poetry-1.1.12 poetry-core-1.0.7 ptyprocess-0.7.0 pycparser-2.21 pylev-1.4.0 pyparsing-3.0.6 requests-2.27.1 requests-toolbelt-0.9.1 shellingham-1.4.0 six-1.16.0 tomlkit-0.8.0 urllib3-1.26.7 virtualenv-20.13.0 webencodings-0.5.1
WARNING: Running pip as the 'root' user can result in broken permissions and conflicting behaviour with the system package manager. It is recommended to use a virtual environment instead: https://pip.pypa.io/warnings/venv
WARNING: You are using pip version 21.2.4; however, version 21.3.1 is available.
You should consider upgrading via the '/usr/local/bin/python -m pip install --upgrade pip' command.
[8mha:////4Ej3+q7kQbF9c9EopZCvU137BtGIwEN6T61FH8GuFH3mAAAAox+LCAAAAAAAAP9tjTEOwjAQBC9BFLSUPOKCoERUaS03vMDExjix7oztkFS8iK/xBwKRqNhitbPNPF+wTBGOHC22hjpHqXEYfG+nhQPH7uJ5wJbP2DAl9galGSRrU88oORuYU5SwELAy1HhOjmyGtWjVXVVeka1OOU7fQUDp9A0eUIjJnFXMXxgjbK69Tkw/z18BjCFDud9+ahfeAtq90r4AAAA=[0m[Pipeline] sh
+ poetry install
Installing dependencies from lock file

No dependencies to install or update
[8mha:////4G0U07rx1OmMdbNDgq0ntiEilKqQk6tVHI5CjRbmzjlNAAAAox+LCAAAAAAAAP9tjTEOwjAQBC9BFLSUPOKClBJR0VppeIFJjLFj3Tm2g1PxIr7GHwhEomKL1c4283zBOgY4ctBoFfWGYmvQu1HPCzOH/uo4o+ULtkyRncJG5YY7dVqw4aRgSVHCSsBGUes4GtIJtsLKu6ycJF2dU5i/g4DSdAM8oBCzOcmQvjAF2N3GLjL9PH8FMPkEZb3/VO3fQ+umy74AAAA=[0m[Pipeline] sh
+ poetry run pytest
============================= test session starts ==============================
platform linux -- Python 3.8.12, pytest-5.4.3, py-1.9.0, pluggy-0.13.1
rootdir: /var/jenkins_home/workspace/CICD-pipeline
collected 7 items

tests/test_dummy2.py ..                                                  [ 28%]
tests/test_server.py .....                                               [100%]

============================== 7 passed in 0.22s ===============================
[8mha:////4DhJabb13LlfXYQrmozANKowtcbxJERY0EwPNOQMZXL6AAAApB+LCAAAAAAAAP9tjTEOwjAQBC9BFLSUPOKCBB2iSmu54QUmNsaJdWdsh6TiRXyNPxCIRMUWq51t5vmCZYpw5GixNdQ5So3D4Hs7LRw4dhfPA7Z8xoYpsTcozSBZm3pGydnAnKKEhYCVocZzcmQzrEWr7qryimx1ynH6DgJKp2/wgEJM5qxi/sIYYXPtdWL6ef4KYAwhQ7nbf2r7BgSW0ii+AAAA[0m[Pipeline] }
$ docker stop --time=1 ff156a9795f36d55ab18b440f82cf820022f51a8b4060c138edeff0e8113d9c1
$ docker rm -f ff156a9795f36d55ab18b440f82cf820022f51a8b4060c138edeff0e8113d9c1
[8mha:////4KFpFTH8RwkDI8tBAfjkm65H8ATBukfk/94XiGnmBbWiAAAAph+LCAAAAAAAAP9tjTEOwjAQBC9BFLSUPOIigSgQSkVrueEFJjHGiXUXbAen4kV8jT9gEYmKLVY728zrDcvgoWZvsNPUWwqNxcGNJi9M7Pur44QdX7BhCuw0Sp0kt/o0o+SoYU5RwkLASlPjOFgyEdaiUw9VOUWmOkefv6OA0rZ3eEIhsjkqH78wedjcxjYw/Tx/BTANQ4Ryt8+1PXwARMxJg74AAAA=[0m[Pipeline] // withDockerContainer
[8mha:////4AD6CljGcDgnuhuVRzCuZv7I72w1i7GM3MIP+BAsNopYAAAApR+LCAAAAAAAAP9tjTEOwjAQBC9BFLSUPOIigZQGUaW10vACExvjxLoztkNS8SK+xh+wiETFFqudbeb1hnUMcOJgsNc0WIqdRe9GkxdOHIar4wl7vmDHFNlpbPXUstLNgi0nDUuKElYCNpo6x9GSSbAVvXzIykky1TmF/B0FlFbd4QmFyOYkQ/rCHGB3G1Vk+nn+CmD2PkF5qHPt6w97o2KVvgAAAA==[0m[Pipeline] }
[8mha:////4LSUDnqVfIBhuAStQDvGtd5BSvJLomu8LcX4hkZERoDQAAAAph+LCAAAAAAAAP9tjTEOwjAQBC9BFLSUPOIigRAFSkVrueEFJjHGiXUXbAen4kV8jT9gEYmKLVY728zrDcvgoWZvsNPUWwqNxcGNJi9M7Pur44QdX7BhCuw0Sp0kt/o0o+SoYU5RwkLASlPjOFgyEdaiUw9VOUWmOkefv6OA0rZ3eEIhsjkqH78wedjcxjYw/Tx/BTANQ4Ryd8i13X8AZCE3x74AAAA=[0m[Pipeline] // withEnv
[8mha:////4O6RsV4M0sXUubaWZnEiR57jmx+elAKtVbOWF3fbNn4ZAAAApR+LCAAAAAAAAP9tjTEOwjAQBC9BFLSUPMKRSIOEqNJaaXiBiQ/jxLoztkNS8SK+xh+wiETFFqudbeb1hnUMcOJgRI80WIqdFd6NJi8xcRiujifR80V0TJEdihanljU2C7acEJYUJawkbJA6x9GSSbCVvXqoyiky1TmF/B0llFbf4QmFzOakQvrCHGB3G3Vk+nn+CmD2PkFZH3Lt6w+ENgLfvgAAAA==[0m[Pipeline] }
[8mha:////4P+JTR8jWqherR793LpGemJ5W2CdMinvnTeYGp+Zh5isAAAApR+LCAAAAAAAAP9tjTEOwjAQBC9BFLSUPOIihQohqrRWGl5gYmOcWHfGdkgqXsTX+AMWkajYYrWzzbzesI4BThwM9poGS7Gz6N1o8sKJw3B1PGHPF+yYIjuNrZ5aVrpZsOWkYUlRwkrARlPnOFoyCbailw9ZOUmmOqeQv6OA0qo7PKEQ2ZxkSF+YA+xuo4pMP89fAczeJyj3h1x1/QG31VljvgAAAA==[0m[Pipeline] // node
[8mha:////4DpR3TLIqU+s+pQsNc2OSe+QtLG8YlYKzoaU7/AD4Ve/AAAApB+LCAAAAAAAAP9tjTEOwjAQBC9BFLSUPOICiA6lorXc8AKTGOPEugu2g1PxIr7GH7CIRMUWq51t5vWGZfBQszfYaeothcbi4EaTFyb2/dVxwo4v2DAFdhqlTpJbfZpRctQwpyhhIWClqXEcLJkIa9Gph6qcIlOdo8/fUUBp2zs8oRDZHJWPX5g8bG5jG5h+nr8CmIYhQnnY5trvPkvr+Bi+AAAA[0m[Pipeline] }
[8mha:////4KkkXciBkqvCj3iFFNf1SZvc/6DDh9f7loxDUi+1607oAAAApB+LCAAAAAAAAP9tjTEOwjAQBC9BFLSUPOICiA6lorXc8AKTGOPEugu2g1PxIr7GH7CIRMUWq51t5vWGZfBQszfYaeothcbi4EaTFyb2/dVxwo4v2DAFdhqlTpJbfZpRctQwpyhhIWClqXEcLJkIa9Gph6qcIlOdo8/fUUBp2zs8oRDZHJWPX5g8bG5jG5h+nr8CmIYhQnnY5dpvP3gIo6S+AAAA[0m[Pipeline] // stage
[8mha:////4AAtR018ATGIga9Qm+Bs0KSPJAcWM/xx2ZE2jqt6dwH+AAAAph+LCAAAAAAAAP9tjTEOwjAQBM9BKWgpeYQjoXSIitZywwtMYowT6y7YF5KKF/E1/oAhEhVb7ay0mucLyhThQNHJzmLvMTVeDmF0ucmJYn8JNMmOzrIhTBSs1HbS1NrjgprYwhJRwErB2mITKHl0DBvVmbupgkFXnTjmba+g8O0NHiBUNrOJ/IU5wvY6tonw5/krgHlgEDVDUe8+x/INGmraTsEAAAA=[0m[Pipeline] stage
[8mha:////4LP5r8/58tnxad36FRHa86/B5pxGuzRqmkIFKejpryQKAAAApx+LCAAAAAAAAP9tjTEOwjAUQ3+LOrAycohUAjbE1DXKwglCE0La6P/yk9JOnIircQdaKjHhwbItWe/1hiIynIidaCy2HmPtRRd6NyUxELfXQINo6CJqwkjBCmUHRcZWS1WULCzKclhJWFusA0WPLsFGNvqhy6DRlefE03aUkHtzhydkciInzelbRobtrTeR8Mf5C4CxS5AfdrPt52fxAXzhjwPCAAAA[0m[Pipeline] { (Build)
[8mha:////4JKEJDtmjoCEkr/geLijiZ2/5dbVNHRhIyzrF6tbMDgAAAAAph+LCAAAAAAAAP9tjTEOwjAUQ3+DOrAycoh0oBtiYo26cILQhJA0+r9NUtKJE3E17kBLJSY8WLYl673eUMYAJwqGO42dxdha3vvRzIlnCt3NU+aOrrwljOQ1b3RuSOnzWhtKGlYVDDYCthpbT9GiSbATTj5k5SWa6pLCvB0FMKsGeEIhZnKSIX3LFGB/H1Uk/HH+AmDqE7D6sFi9PMsPBA4E38IAAAA=[0m[Pipeline] node
Running on [8mha:////4GcGUJYILzcXDUILh5IX5PSxj+2hDQ3DlKcvAXQn/vDZAAAAph+LCAAAAAAAAP9b85aBtbiIQTGjNKU4P08vOT+vOD8nVc83PyU1x6OyILUoJzMv2y+/JJUBAhiZGBgqihhk0NSjKDWzXb3RdlLBUSYGJk8GtpzUvPSSDB8G5tKinBIGIZ+sxLJE/ZzEvHT94JKizLx0a6BxUmjGOUNodHsLgAzeEgYp/eT83ILSktQi/azUvOzMvGJVI5fE9NS8En0A4Zrl388AAAA=[0mjenkins-agent in /jenkins-agent/workspace/CICD-pipeline
[8mha:////4H91oZ5ojkYcqrxyfB/2M4uSTr63XukuIaoKaCjTZDlqAAAAph+LCAAAAAAAAP9tjTEOwjAUQ3+LOrAycoh0KRNiYo2ycILQhJA0+r9NUtKJE3E17kBLJSY8WLYl673eUMUAJwqGOY2dxdha1vvRzIllCt3NU2aOrqwljOQ1EzoLUvq8VkFJw6qihA2HrcbWU7RoEuy4kw9Ze4mmvqQwb0cOpVUDPKHgMznJkL5lCrC/jyoS/jh/ATD1CcqmWeywPKsPIshjPcIAAAA=[0m[Pipeline] {
[8mha:////4D0EUArGF3o3vybe9mVyrwBcL6lA+jBtQ2EJv/BeWXYcAAAApB+LCAAAAAAAAP9tjTEOwjAQBC9BFLSUPOLSAA2iSmu54QUmNsaJdWdsh6TiRXyNPxCIRMUWq51t5vmCZYpw5GixNdQ5So3D4Hs7LRw4dhfPA7Z8xoYpsTcozSBZm3pGydnAnKKEhYCVocZzcmQzrEWr7qryimx1ynH6DgJKp2/wgEJM5qxi/sIYYXPtdWL6ef4KYAwZyu3uU/vwBj0vY+u+AAAA[0m[Pipeline] checkout
The recommended git tool is: NONE
using credential cc06d1e1-44a5-4361-9e9c-eadedc84103a
Fetching changes from the remote Git repository
Checking out Revision de416a4f317d211fc9afbfaca66bffd2664d62c4 (origin/develop)
Commit message: "asdas"
[8mha:////4K9dibUACI+8x+m1EL/rOTRvxgt0aFZC9TB8O4R5wWLzAAAApx+LCAAAAAAAAP9tjTEOwjAUQ3+LOrAycoh0ATEgpq5RFk4QmhDSRv+Xn5R24kRcjTvQUokJD5ZtyXqvNxSR4UTsRGOx9RhrL7rQuymJgbi9BhpEQxdRE0YKVig7KDK2WqqiZGFRlsNKwtpiHSh6dAk2stEPXQaNrjwnnrajhNybOzwhkxM5aU7fMjJsb72JhD/OXwCMXYJ8t5/tMD+LD+m2JbHCAAAA[0m[Pipeline] withEnv
[8mha:////4LaDUU3dNvuE0p6JR0WrWLXH654VyGcF61/u3uBeD4FYAAAAqB+LCAAAAAAAAP9tjTEOwjAUQ3+LOrAycoh0QQIJMXWNsnCC0ISQNvq//KS0EyfiatyBlkpMeLBsS9Z7vaGIDCdiJxqLrcdYe9GF3k1JDMTtNdAgGrqImjBSsELZQZGx1VIVJQuLshxWEtYW60DRo0uwkY1+6DJodOU58bQdJeTe3OEJmZzISXP6lpFhe+tNJPxx/gJg7BLku/1sh/lZfAD9vR8YwgAAAA==[0m[Pipeline] {
[8mha:////4O/SgGzULAhKb7cAF96afsczpuZ40euAi7SnnPHcPbXXAAAApx+LCAAAAAAAAP9tjTEOwjAUQ3+LOrAycoh0YQAhpq5RFk4QmhDSRv+Xn5R24kRcjTvQUokJD5ZtyXqvNxSR4UTsRGOx9RhrL7rQuymJgbi9BhpEQxdRE0YKVig7KDK2WqqiZGFRlsNKwtpiHSh6dAk2stEPXQaNrjwnnrajhNybOzwhkxM5aU7fMjJsb72JhD/OXwCMXYJ8t5/tMD+LD56au0DCAAAA[0m[Pipeline] withEnv
[8mha:////4IYfepm4ow6ekc55g1m4VlNqhgFVCGWdmfo3B4r82jT/AAAAqB+LCAAAAAAAAP9tjTEOwjAUQ3+LOrAycoiUAQaEOrFGXThBaEJIGv1fkpR04kRcjTsQqMSEB8u2ZL3nC6rgoSGvmVXYGwydYYMbdU4ske8vjhKzdGYdYSCnWKtSS1Id59pSVDCrKGHBYamwcxQM6ggrbsVd1E6grk/R5+3AoTTyBg8oeCZH4eO3TB7W11EGwh/nLwCmIUK53WfbbT7P6g0iH00AwgAAAA==[0m[Pipeline] {
[8mha:////4NIH6HtqCyepW3S/+aEJhWnwV1vZDTpwfkU/0o/jQRq2AAAApx+LCAAAAAAAAP9tjTEOwjAUQ3+LOrAycogUBibE1DXKwglCE0La6P/yk9JOnIircQdaKjHhwbItWe/1hiIynIidaCy2HmPtRRd6NyUxELfXQINo6CJqwkjBCmUHRcZWS1WULCzKclhJWFusA0WPLsFGNvqhy6DRlefE03aUkHtzhydkciInzelbRobtrTeR8Mf5C4CxS5AfdrPt52fxAW2++SvCAAAA[0m[Pipeline] script
[8mha:////4JBPBxrBbES2zA5+bm4WWEQtstsZpTXGscth3igFEam1AAAApx+LCAAAAAAAAP9tjTEOwjAUQ3+LOrAycohUIDEhpq5RFk4QmhDSRv+Xn5R24kRcjTvQUokJD5ZtyXqvNxSR4UTsRGOx9RhrL7rQuymJgbi9BhpEQxdRE0YKVig7KDK2WqqiZGFRlsNKwtpiHSh6dAk2stEPXQaNrjwnnrajhNybOzwhkxM5aU7fMjJsb72JhD/OXwCMXYL8sJttPz+LDwMT42zCAAAA[0m[Pipeline] {
[8mha:////4IRGSTC4+Xbg+b9ouzOaLhYgYF6dADb8Wb7scWSuEYU8AAAApx+LCAAAAAAAAP9tjTEOwjAUQ3+LOrAycohUAjEhpq5RFk4QmhDSRv+Xn5R24kRcjTvQUokJD5ZtyXqvNxSR4UTsRGOx9RhrL7rQuymJgbi9BhpEQxdRE0YKVig7KDK2WqqiZGFRlsNKwtpiHSh6dAk2stEPXQaNrjwnnrajhNybOzwhkxM5aU7fMjJsb72JhD/OXwCMXYL8sJttPz+LD6emXT7CAAAA[0m[Pipeline] withEnv
[8mha:////4LAakj2jGvY77utcr2cSAO7X/X799RbJgVYEvCAMegKrAAAApx+LCAAAAAAAAP9tjTEOwjAUQ3+LOrAycoh0ACbE1DXKwglCE0La6P/yk9JOnIircQdaKjHhwbItWe/1hiIynIidaCy2HmPtRRd6NyUxELfXQINo6CJqwkjBCmUHRcZWS1WULCzKclhJWFusA0WPLsFGNvqhy6DRlefE03aUkHtzhydkciInzelbRobtrTeR8Mf5C4CxS5AfdrPt52fxAd9J1uLCAAAA[0m[Pipeline] {
[8mha:////4PDpdKNPs7qAAtJe63kByMs0reiE/ZDkEHtY9/uOmbZJAAAAph+LCAAAAAAAAP9tjTEOwjAUQ3+DOrAycoh0oRNiYo26cILQhJA0+r9NUtKJE3E17kBLJSY8WLYl673eUMYAJwqGO42dxdha3vvRzIlnCt3NU+aOrrwljOQ1b3RuSOnzWhtKGlYVDDYCthpbT9GiSbATTj5k5SWa6pLCvB0FMKsGeEIhZnKSIX3LFGB/H1Uk/HH+AmDqE7D6sFi9PMsP+Y+xAMIAAAA=[0m[Pipeline] withDockerRegistry
Using the existing docker config file.Removing blacklisted property: auths$ docker login -u admin -p ******** http://34.150.85.230:5000
 > git rev-parse --resolve-git-dir /jenkins-agent/workspace/CICD-pipeline/.git # timeout=10
 > git config remote.origin.url https://github.com/nghiattr/flask-docker.git # timeout=10
Fetching upstream changes from https://github.com/nghiattr/flask-docker.git
 > git --version # timeout=10
 > git --version # 'git version 2.25.1'
using GIT_ASKPASS to set credentials github-acc-nghiattr
 > git fetch --tags --force --progress -- https://github.com/nghiattr/flask-docker.git +refs/heads/*:refs/remotes/origin/* # timeout=10
Seen branch in repository origin/develop
Seen branch in repository origin/feature/testpullrq
Seen branch in repository origin/master
Seen 3 remote branches
 > git show-ref --tags -d # timeout=10
 > git config core.sparsecheckout # timeout=10
 > git checkout -f de416a4f317d211fc9afbfaca66bffd2664d62c4 # timeout=10
WARNING! Using --password via the CLI is insecure. Use --password-stdin.
Error response from daemon: Get "http://34.150.85.230:5000/v2/": unauthorized: authentication required
[8mha:////4C09ogBQaUMdl3iJob3NRoJmQ/608AMamB2iQ3IctKxiAAAAox+LCAAAAAAAAP9tjTESwiAURH/iWNhaeghSxcaxsmVoPAEmiBDmfwJEUnkir+YdRDNj5RY7+7Z5zxesY4AjBc2swsFg7AzzbtJlsUxhuDrKzNKFdYSRnGJCZUG9Oi0oKClYUtWw4rBR2DmKBnWCLbfyLhsnUTfnFMp34FCbfoQHVLyYkwzpC3OA3W3qI+HP81cAs/cJ6nb/qfYNPFH6IL4AAAA=[0m[Pipeline] // withDockerRegistry
[8mha:////4L+K2DGJi6CBK1DmqWRzSz27/9yv/211lR2mlL1izOHNAAAApB+LCAAAAAAAAP9tjTEOwjAQBC9BFLSUPOLSgCgQVVrLDS8wsTFOrDtjOyQVL+Jr/IFAJCq2WO1sM88XLFOEI0eLraHOUWocBt/baeHAsbt4HrDlMzZMib1BaQbJ2tQzSs4G5hQlLASsDDWekyObYS1adVeVV2SrU47TdxBQOn2DBxRiMmcV8xfGCJtrrxPTz/NXAGMIGcrd/lPbNw+yoZy+AAAA[0m[Pipeline] }
[8mha:////4JsBDd7+S+b6sblqp23v2RVoq+76INd4FDVd/qS0UbaKAAAApR+LCAAAAAAAAP9tjTEOwjAQBC9BFLSUPOJSICQkRJXWcsMLTGyME+vO2A5JxYv4Gn8gEImKLVY728zzBcsU4cjRYmuoc5Qah8H3dlo4cOwungds+YwNU2JvUJpBsjb1jJKzgTlFCQsBK0ON5+TIZliLVt1V5RXZ6pTj9B0ElE7f4AGFmMxZxfyFMcLm2uvE9PP8FcAYQoZyt//U9g15lZPzvgAAAA==[0m[Pipeline] // withEnv
[8mha:////4PWB5osTd3/AP183FNYVS/YIXptT8hwhExxQ2xcSVsXJAAAApR+LCAAAAAAAAP9tjTEOwjAQBC9BFLSUPOIiIVEgRJXWcsMLTGyME+vO2A5JxYv4Gn8gEImKLVY728zzBcsU4cjRYmuoc5Qah8H3dlo4cOwungds+YwNU2JvUJpBsjb1jJKzgTlFCQsBK0ON5+TIZliLVt1V5RXZ6pTj9B0ElE7f4AGFmMxZxfyFMcLm2uvE9PP8FcAYQoZyt//U9g1KdshPvgAAAA==[0m[Pipeline] }
[8mha:////4GpCy4C+44zmUfm1Vh/jDtgoVNFkAIZhT+U5pxt8O7pOAAAApR+LCAAAAAAAAP9tjTEOwjAQBC9BFLSUPOICBTQoFa3lhheYxBgn1l2wHZyKF/E1/oBFJCq2WO1sM683LIOHmr3BTlNvKTQWBzeavDCx76+OE3Z8wYYpsNModZLc6tOMkqOGOUUJCwErTY3jYMlEWItOPVTlFJnqHH3+jgJK297hCYXI5qh8/MLkYXMb28D08/wVwDQMEcrDNtd+9wGlbCbAvgAAAA==[0m[Pipeline] // script
[8mha:////4DKOqsLletZ09dKT/A6ez0ehAjqdVPuQgdEGB2kzyVniAAAApR+LCAAAAAAAAP9tjTEOwjAQBC9BFLSUPOICBTQoFa3lhheYxBgn1l2wHZyKF/E1/oBFJCq2WO1sM683LIOHmr3BTlNvKTQWBzeavDCx76+OE3Z8wYYpsNModZLc6tOMkqOGOUUJCwErTY3jYMlEWItOPVTlFJnqHH3+jgJK297hCYXI5qh8/MLkYXMb28D08/wVwDQMEcrDLtd++wGWj318vgAAAA==[0m[Pipeline] }
[8mha:////4JNV1f3ckSu3VkrnFBDAiQaPJwFDI/QF40rj1vnbhpjnAAAAph+LCAAAAAAAAP9tjTEOwjAQBC9BFLSUPOIiIYSEUCpayw0vMIkxTqy7YDs4FS/ia/wBi0hUbLHa2WZeb1gGDzV7g52m3lJoLA5uNHlhYt9fHSfs+IINU2CnUeokudWnGSVHDXOKEhYCVpoax8GSibAWnXqoyiky1Tn6/B0FlLa9wxMKkc1R+fiFycPmNraB6ef5K4BpGCKU+22u3eED3XQumr4AAAA=[0m[Pipeline] // withEnv
[8mha:////4Mz0ptUOqIm8uRGQc4PJq1KZ0WWpTxJ1njnBMGKE8MuMAAAAph+LCAAAAAAAAP9tjTEOwjAQBC9BFLSUPOJSgBASSkVrueEFJjHGiXUXbAen4kV8jT9gEYmKLVY728zrDcvgoWZvsNPUWwqNxcGNJi9M7Pur44QdX7BhCuw0Sp0kt/o0o+SoYU5RwkLASlPjOFgyEdaiUw9VOUWmOkefv6OA0rZ3eEIhsjkqH78wedjcxjYw/Tx/BTANQ4Ryv821O3wA7pd1Jr4AAAA=[0m[Pipeline] }
[8mha:////4PJE6qqAQjZqWjMTLWyDgpF28++y7RVfMOqTT8kcMwl7AAAApR+LCAAAAAAAAP9tjTEOwjAQBC9BFLSUPOLSRFAgqrRWGl5gYmOcWHfGdkgqXsTX+AMWkajYYrWzzbzesI4BThwM9poGS7Gz6N1o8sKJw3B1PGHPF+yYIjuNrZ5aVrpZsOWkYUlRwkrARlPnOFoyCbailw9ZOUmmOqeQv6OA0qo7PKEQ2ZxkSF+YA+xuo4pMP89fAczeJyj3da768AHHus+rvgAAAA==[0m[Pipeline] // withEnv
[8mha:////4EXj3AS64hXaM87bh43ylnSobTgqGD5h5ajJBotuWBA1AAAApB+LCAAAAAAAAP9tjTEOwjAQBC9BFLSUPMJpCA2iSmul4QUmPowT687YDknFi/gaf8AiEhVbrHa2mdcb1jHAiYMRPdJgKXZWeDeavMTEYbg6nkTPF9ExRXYoWpxa1tgs2HJCWFKUsJKwQeocR0smwVb26qEqp8hU5xTyd5RQWn2HJxQym5MK6QtzgN1t1JHp5/krgNn7BOWhzrWvP04InY6+AAAA[0m[Pipeline] }
[8mha:////4Ace9hSWMPtcRYAOjuUCyNrgulxgKVsvvYPBDZqjONNJAAAApB+LCAAAAAAAAP9tjTEOwjAQBC9BFLSUPMJpojSIitZKwwtMbIwT686xLyQVL+Jr/AGLSFRssdrZZl5v2KYIJ4pW9AYHh6lzIvjJ5iVmisPN0yx6uoqOMJE3ojVzS9qcV2yJDawpSthI2BnsPCWHlmEve/VQlVdoqwvH/B0llE6P8IRCZjOryF9YIhzuk06EP89fASwhMJRNk6uuP3ZKDn++AAAA[0m[Pipeline] // node
[8mha:////4IQdYEC6JQiHBOiF/PSb7NUUCh3mmdXkvv4k8NN3bZMsAAAApR+LCAAAAAAAAP9tjTEOwjAQBC9BFLSUPOJSgKBAqWgtN7zAJMY4se6C7eBUvIiv8QcsIlGxxWpnm3m9YRk81OwNdpp6S6GxOLjR5IWJfX91nLDjCzZMgZ1GqZPkVp9mlBw1zClKWAhYaWocB0smwlp06qEqp8hU5+jzdxRQ2vYOTyhENkfl4xcmD5vb2Aamn+evAKZhiFDuD7l22w9wDDYqvgAAAA==[0m[Pipeline] }
[8mha:////4MJYlgEYLCjo/5DDqSn43m4XAkqNWaR1AWBXU3WkpJzWAAAAph+LCAAAAAAAAP9tjTEOwjAQBC9BFLSUPOIiIYSQUCpayw0vMIkxTqy7YDs4FS/ia/wBi0hUbLHa2WZeb1gGDzV7g52m3lJoLA5uNHlhYt9fHSfs+IINU2CnUeokudWnGSVHDXOKEhYCVpoax8GSibAWnXqoyiky1Tn6/B0FlLa9wxMKkc1R+fiFycPmNraB6ef5K4BpGCKU+0Ou3fYDM45nrL4AAAA=[0m[Pipeline] // stage
[8mha:////4ATGRZh68jrNhO8hdLmApHc051SdQ9f2sOxmKnU1gF9LAAAApx+LCAAAAAAAAP9tjTEOwjAQBM9BKWgpeYTTICSEqGgtN7zAxMY4se6CfSGpeBFf4w8EIlGx1c5Kq3m+oMwJDpS8bBy2AXMdZBd7PzU5UGovkQbZ0FnWhJmik9oNmqw7zqiJHcwRBSwULB3WkXJAz7BSjbmbKhr01YnTtO0VFMHe4AFCTWY2ib8wJlhfe5sJf56/Ahg7BrFhKLa7z7F8A/CLgrPBAAAA[0m[Pipeline] stage
[8mha:////4CFfnPw9nmtot6EGkzfRL4QFxNZhW6MhZZPLaufQJgyJAAAAqB+LCAAAAAAAAP9tjTEOwjAUQ3+LOrAycoiUCYRQJ9aoCycITQhJo/9LkpJOnIircQcClZjwYNmWrPd8QRU8NOQ1swp7g6EzbHCjzokl8v3FUWKWzqwjDOQUa1VqSarjXFuKCmYVJSw4LBV2joJBHWHFrbiL2gnU9Sn6vB04lEbe4AEFz+QofPyWycP6OspA+OP8BcA0RCi3+2y7zedZvQGUkOl7wgAAAA==[0m[Pipeline] { (Deploy)
Stage "Deploy" skipped due to earlier failure(s)
[8mha:////4NG2SWnk2yKFRQyWJod5IQU/9Sw+FZQ1UeSiKobIRqA+AAAApB+LCAAAAAAAAP9tjTEOwjAQBC9BFLSUPOICFQWiSmu54QUmNsaJdWdsh6TiRXyNPxCIRMUWq51t5vmCZYpw5GixNdQ5So3D4Hs7LRw4dhfPA7Z8xoYpsTcozSBZm3pGydnAnKKEhYCVocZzcmQzrEWr7qryimx1ynH6DgJKp2/wgEJM5qxi/sIYYXPtdWL6ef4KYAwhQ7nffWr7BqDmPOi+AAAA[0m[Pipeline] }
[8mha:////4OvWy0XxcyCounbm9+A1wt84HyCMQLIAC3r4cbtmIbC2AAAAph+LCAAAAAAAAP9tjTEOwjAQBC9BFLSUPOIiUYAQSkVrueEFJjHGiXUXbAen4kV8jT9gEYmKLVY728zrDcvgoWZvsNPUWwqNxcGNJi9M7Pur44QdX7BhCuw0Sp0kt/o0o+SoYU5RwkLASlPjOFgyEdaiUw9VOUWmOkefv6OA0rZ3eEIhsjkqH78wedjcxjYw/Tx/BTANQ4Ryv821O3wA6x1vDr4AAAA=[0m[Pipeline] // stage
[8mha:////4FejMJk9EKNfxe15QV7tyTPRDJ7viVDjIQ6PjIJKmixcAAAApx+LCAAAAAAAAP9tjTEOwjAQBM9BKWgpeYRTgESBqGgtN7zAxMY4se6CfSGpeBFf4w8EIlGx1c5Kq3m+oMwJDpS8bBy2AXMdZBd7PzU5UGovkQbZ0FnWhJmik9oNmqw7zqiJHcwRBSwULB3WkXJAz7BSjbmbKhr01YnTtO0VFMHe4AFCTWY2ib8wJlhfe5sJf56/Ahg7BrFlKHabz7F8AyKjbrTBAAAA[0m[Pipeline] stage
[8mha:////4MP4GonakxKMLDfAPCA8eqcyFBhkFm9R1fNBX/yir7sFAAAAqB+LCAAAAAAAAP9tjTEOwjAUQ3+LOrAycoh0AIkBMXWNsnCC0ISQNvq//KS0EyfiatyBlkpMeLBsS9Z7vaGIDCdiJxqLrcdYe9GF3k1JDMTtNdAgGrqImjBSsELZQZGx1VIVJQuLshxWEtYW60DRo0uwkY1+6DJodOU58bQdJeTe3OEJmZzISXP6lpFhe+tNJPxx/gJg7BLkh91s+/lZfABpxnKZwgAAAA==[0m[Pipeline] { (Declarative: Post Actions)
[8mha:////4JdB+JozE/bENcgPP5xwKZPWlrWHqvjlPPmJEei2N2fLAAAApB+LCAAAAAAAAP9tjTEOwjAQBC9BFLSUPOLSgCgQVVrLDS8wsTFOrDtjOyQVL+Jr/IFAJCq2WO1sM88XLFOEI0eLraHOUWocBt/baeHAsbt4HrDlMzZMib1BaQbJ2tQzSs4G5hQlLASsDDWekyObYS1adVeVV2SrU47TdxBQOn2DBxRiMmcV8xfGCJtrrxPTz/NXAGPIUO63n9qFN/DO8Oq+AAAA[0m[Pipeline] echo
FAILED
[8mha:////4K23r2O0nN0Yc59DRKsFS2Bai7DNVO83nxaKAOIN9lTVAAAApB+LCAAAAAAAAP9tjTEOwjAQBC9BFLSUPOLSICgQVVrLDS8wsTFOrDtjOyQVL+Jr/IFAJCq2WO1sM88XLFOEI0eLraHOUWocBt/baeHAsbt4HrDlMzZMib1BaQbJ2tQzSs4G5hQlLASsDDWekyObYS1adVeVV2SrU47TdxBQOn2DBxRiMmcV8xfGCJtrrxPTz/NXAGMIGcr97lPbNwESVPK+AAAA[0m[Pipeline] }
[8mha:////4J4ipbkzmfDjQ1zjFoe6u4D3qOvaD0RP63dzjsi/GmfZAAAApB+LCAAAAAAAAP9tjTEOwjAQBC9BFLSUPOJSUKRAVLRWGl5gEmPsWHeO7eBUvIiv8QcCkajYYrWzzTxfsI4Bjhw0WkW9odga9G7U88LMob86zmj5gi1TZKewUbnhTp0WbDgpWFKUsBKwUdQ6joZ0gq2w8i4rJ0lX5xTm7yCgNN0ADyjEbE4ypC9MAXa3sYtMP89fAUzeJyjr+lP7NwdUbKe+AAAA[0m[Pipeline] // stage
[8mha:////4CuhSIz6WmKhQQXmmjYdRHDAMhfjhQ0yNGZyIDzuIzUeAAAApB+LCAAAAAAAAP9tjTEOwjAQBDdBFLSUPMJpkEBCVLRWGl5gEmOcWHfBvpBUvIiv8QciIlGx1c4083pjmSKOHJ1qLLWeUuVVF3o3PTVwbK+BB9XwRVVMiYNVpR1Kru1pxpLFYl6WY6GxslQFTp6cYK0b8zBFMOSKs8TJHTRyX9/xRKanspgoXxgjNre+Tky/zt8Axq4T5Lu9INt+AFmDbDS9AAAA[0m[Pipeline] }
[8mha:////4GJJXCZO/I3NyCXWieT1YyHX/ziNmxpYQlCUSfv+6okIAAAApB+LCAAAAAAAAP9tjTEOwjAQBDdBFLSUPMIpKBBCVLRWGl5gEmOcWHfBvpBUvIiv8QciIlGx1c4083pjmSKOHJ1qLLWeUuVVF3o3PTVwbK+BB9XwRVVMiYNVpR1Kru1pxpLFYl6WY6GxslQFTp6cYK0b8zBFMOSKs8TJHTRyX9/xRKanspgoXxgjNre+Tky/zt8Axq4T5Lu9INt+AEo/aJe9AAAA[0m[Pipeline] // withEnv
[8mha:////4PlBpqryzaSQGlV0/VJRmjK8GafmKeYvtCk8jlXOIeepAAAAox+LCAAAAAAAAP9tjTEOwjAQBDdBFLSUPMJBVEiIitZKwwtMYowT6y7YF5KKF/E1/kBEJCq22plmXm8sU8SRo1ONpdZTqrzqQu+mpwaO7TXwoBq+qIopcbCqtEPJtT3NWLJYzMtyLDRWlqrAyZMTrHVjHqYIhlxxlji5g0bu6zueyPRUFhPlC2PE5tbXienX+RvA2HWCfL8VZLsPeN8pHL0AAAA=[0m[Pipeline] End of Pipeline
ERROR: docker login failed
Finished: FAILURE
